<?xml version="1.0" encoding="UTF-8"?>
<!-- Generated by org.testng.reporters.JUnitXMLReporter -->
<testsuite ignored="0" hostname="DESKTOP-VQLLA2K" failures="0" tests="28" name="Default test" time="226.087" errors="0" timestamp="2024-01-16T10:45:32 IST">
  <testcase classname="webAuto.AddVitalWeb" name="numberField" time="0.424"/>
  <testcase classname="webAuto.AddVitalWeb" name="sendOTP" time="12.342"/>
  <testcase classname="webAuto.AddVitalWeb" name="verifyButton" time="10.174"/>
  <testcase classname="webAuto.AddVitalWeb" name="createPatient" time="3.853"/>
  <testcase classname="webAuto.AddVitalWeb" name="Number1" time="0.791"/>
  <testcase classname="webAuto.AddVitalWeb" name="confirm" time="2.874"/>
  <testcase classname="webAuto.AddVitalWeb" name="number2" time="1.045"/>
  <testcase classname="webAuto.AddVitalWeb" name="firstName" time="0.656"/>
  <testcase classname="webAuto.AddVitalWeb" name="middleName" time="0.451"/>
  <testcase classname="webAuto.AddVitalWeb" name="lastName" time="0.452"/>
  <testcase classname="webAuto.AddVitalWeb" name="birthDate" time="0.98"/>
  <testcase classname="webAuto.AddVitalWeb" name="genFemale" time="0.268"/>
  <testcase classname="webAuto.AddVitalWeb" name="address" time="0.614"/>
  <testcase classname="webAuto.AddVitalWeb" name="locality" time="0.511"/>
  <testcase classname="webAuto.AddVitalWeb" name="city" time="0.454"/>
  <testcase classname="webAuto.AddVitalWeb" name="pinCode" time="0.522"/>
  <testcase classname="webAuto.AddVitalWeb" name="proceedWithSameRMN" time="0.431"/>
  <testcase classname="webAuto.AddVitalWeb" name="nextButton" time="15.322"/>
  <testcase classname="webAuto.AddVitalWeb" name="clickClose" time="1.548"/>
  <testcase classname="webAuto.AddVitalWeb" name="fillVitalForm" time="20.579"/>
  <testcase classname="webAuto.AddVitalWeb" name="fillHealthProfile" time="19.496"/>
  <testcase classname="webAuto.AddVitalWeb" name="fillFamilyProfile" time="24.471"/>
  <testcase classname="webAuto.AddVitalWeb" name="GoHome" time="1.226"/>
  <testcase classname="webAuto.AddVitalWeb" name="searchBar2" time="24.433"/>
  <testcase classname="webAuto.AddVitalWeb" name="AdVitals" time="13.975"/>
  <testcase classname="webAuto.AddVitalWeb" name="AdBpandHeartOption" time="18.088"/>
  <testcase classname="webAuto.AddVitalWeb" name="AdBloodAndAnalysis" time="18.467"/>
  <testcase classname="webAuto.AddVitalWeb" name="AdLipidProfile" time="20.374"/>
</testsuite> <!-- Default test -->
