<?xml version="1.0" encoding="UTF-8"?>
<!-- Generated by org.testng.reporters.JUnitXMLReporter -->
<testsuite ignored="0" hostname="CopiousCare" failures="0" tests="50" name="Default test" time="630.43" errors="0" timestamp="2024-05-28T15:23:54 IST">
  <testcase classname="webAuto.DummyWf" name="numberField" time="0.211"/>
  <testcase classname="webAuto.DummyWf" name="sendOTP" time="11.843"/>
  <testcase classname="webAuto.DummyWf" name="verifyButton" time="10.107"/>
  <testcase classname="webAuto.DummyWf" name="createPatient" time="0.732"/>
  <testcase classname="webAuto.DummyWf" name="Number1" time="0.311"/>
  <testcase classname="webAuto.DummyWf" name="confirm" time="2.115"/>
  <testcase classname="webAuto.DummyWf" name="number2" time="0.252"/>
  <testcase classname="webAuto.DummyWf" name="firstName" time="0.217"/>
  <testcase classname="webAuto.DummyWf" name="middleName" time="0.168"/>
  <testcase classname="webAuto.DummyWf" name="lastName" time="0.173"/>
  <testcase classname="webAuto.DummyWf" name="birthDate" time="0.358"/>
  <testcase classname="webAuto.DummyWf" name="genFemale" time="0.085"/>
  <testcase classname="webAuto.DummyWf" name="address" time="0.205"/>
  <testcase classname="webAuto.DummyWf" name="locality" time="0.174"/>
  <testcase classname="webAuto.DummyWf" name="city" time="0.153"/>
  <testcase classname="webAuto.DummyWf" name="pinCode" time="0.191"/>
  <testcase classname="webAuto.DummyWf" name="proceedWithSameRMN" time="0.171"/>
  <testcase classname="webAuto.DummyWf" name="nextButton" time="15.11"/>
  <testcase classname="webAuto.DummyWf" name="clickClose" time="1.065"/>
  <testcase classname="webAuto.DummyWf" name="fillVitalForm" time="16.117"/>
  <testcase classname="webAuto.DummyWf" name="fillHealthProfile" time="11.463"/>
  <testcase classname="webAuto.DummyWf" name="fillFamilyProfile" time="16.871"/>
  <testcase classname="webAuto.DummyWf" name="GoHome" time="0.229"/>
  <testcase classname="webAuto.DummyWf" name="AddNewAppointment" time="25.506"/>
  <testcase classname="webAuto.DummyWf" name="AddPrescription" time="15.483"/>
  <testcase classname="webAuto.DummyWf" name="Complaints" time="3.307"/>
  <testcase classname="webAuto.DummyWf" name="VitalsOption" time="4.37"/>
  <testcase classname="webAuto.DummyWf" name="BpandHeartOption" time="15.86"/>
  <testcase classname="webAuto.DummyWf" name="BloodAndAnalysis" time="15.987"/>
  <testcase classname="webAuto.DummyWf" name="LipidProfile" time="15.865"/>
  <testcase classname="webAuto.DummyWf" name="OnExamination" time="15.665"/>
  <testcase classname="webAuto.DummyWf" name="Diagnosis" time="15.311"/>
  <testcase classname="webAuto.DummyWf" name="Medicine1" time="47.094"/>
  <testcase classname="webAuto.DummyWf" name="DietaryAdvice" time="15.285"/>
  <testcase classname="webAuto.DummyWf" name="GeneralInstruction" time="15.275"/>
  <testcase classname="webAuto.DummyWf" name="SaveandProceed" time="0.16"/>
  <testcase classname="webAuto.DummyWf" name="ConfirmPrescription" time="56.044"/>
  <testcase classname="webAuto.DummyWf" name="Investigation" time="37.265"/>
  <testcase classname="webAuto.DummyWf" name="Investigation1" time="34.25"/>
  <testcase classname="webAuto.DummyWf" name="HealthProfile" time="14.651"/>
  <testcase classname="webAuto.DummyWf" name="Document1" time="0.089"/>
  <testcase classname="webAuto.DummyWf" name="ReceiptOption" time="15.004"/>
  <testcase classname="webAuto.DummyWf" name="previewReceipt" time="30.583"/>
  <testcase classname="webAuto.DummyWf" name="cirtificateOption1" time="20.219"/>
  <testcase classname="webAuto.DummyWf" name="AllDocuments" time="16.16"/>
  <testcase classname="webAuto.DummyWf" name="Document2" time="0.066"/>
  <testcase classname="webAuto.DummyWf" name="cirtificateOption" time="32.466"/>
  <testcase classname="webAuto.DummyWf" name="cirtificateOption3" time="20.287"/>
  <testcase classname="webAuto.DummyWf" name="AllDocuments1" time="11.288"/>
  <testcase classname="webAuto.DummyWf" name="ReferralOption3" time="44.295"/>
</testsuite> <!-- Default test -->
