<?xml version="1.0" encoding="UTF-8"?>
<!-- Generated by org.testng.reporters.JUnitXMLReporter -->
<testsuite ignored="8" hostname="DESKTOP-VQLLA2K" failures="0" tests="272" name="Test" time="2109.448" errors="0" timestamp="2024-01-08T11:31:11 IST">
  <testcase classname="pivotalApplication.AppiumServerStart" name="BfSuite" time="3.333"/>
  <testcase classname="pivotalApplication.PivoFin1" name="NumberField" time="1.259"/>
  <testcase classname="pivotalApplication.PivoFin1" name="IAgree" time="2.158"/>
  <testcase classname="pivotalApplication.PivoFin1" name="proceedButton" time="2.399"/>
  <testcase classname="pivotalApplication.PivoFin1" name="OTP" time="11.152"/>
  <testcase classname="pivotalApplication.PivoFin1" name="submit" time="8.215"/>
  <testcase classname="pivotalApplication.PivoFin1" name="Createptient" time="4.559"/>
  <testcase classname="pivotalApplication.PivoFin1" name="Neweptient" time="12.334"/>
  <testcase classname="pivotalApplication.PivoFin1" name="Close" time="5.195"/>
  <testcase classname="pivotalApplication.PivoFin1" name="MobileNumber1" time="3.091"/>
  <testcase classname="pivotalApplication.PivoFin1" name="confirm" time="4.609"/>
  <testcase classname="pivotalApplication.PivoFin1" name="confirmPopup" time="4.815"/>
  <testcase classname="pivotalApplication.PivoFin1" name="AdditionalNumber1" time="3.106"/>
  <testcase classname="pivotalApplication.PivoFin1" name="FirstName" time="4.527"/>
  <testcase classname="pivotalApplication.PivoFin1" name="MiddleName" time="4.551"/>
  <testcase classname="pivotalApplication.PivoFin1" name="LastName" time="4.985"/>
  <testcase classname="pivotalApplication.PivoFin1" name="BirthCalender" time="5.158"/>
  <testcase classname="pivotalApplication.PivoFin1" name="Birthok" time="4.355"/>
  <testcase classname="pivotalApplication.PivoFin1" name="GenFemale" time="4.506"/>
  <testcase classname="pivotalApplication.PivoFin1" name="Address" time="3.392"/>
  <testcase classname="pivotalApplication.PivoFin1" name="Area" time="2.984"/>
  <testcase classname="pivotalApplication.PivoFin1" name="City" time="2.982"/>
  <testcase classname="pivotalApplication.PivoFin1" name="PinCode" time="2.935"/>
  <testcase classname="pivotalApplication.PivoFin1" name="Next" time="15.466"/>
  <testcase classname="pivotalApplication.PivoFin1" name="ContinueProfile" time="10.371"/>
  <testcase classname="pivotalApplication.PivoFin1" name="TypeOfDelivery" time="2.486"/>
  <testcase classname="pivotalApplication.PivoFin1" name="TypeOfDeliveryNormal" time="2.291"/>
  <testcase classname="pivotalApplication.PivoFin1" name="weightl" time="2.423"/>
  <testcase classname="pivotalApplication.PivoFin1" name="Heightl" time="2.371"/>
  <testcase classname="pivotalApplication.PivoFin1" name="HC" time="2.702"/>
  <testcase classname="pivotalApplication.PivoFin1" name="CC" time="2.413"/>
  <testcase classname="pivotalApplication.PivoFin1" name="BPSYS" time="2.402"/>
  <testcase classname="pivotalApplication.PivoFin1" name="BPDia" time="2.411"/>
  <testcase classname="pivotalApplication.PivoFin1" name="BloodGroup" time="2.459"/>
  <testcase classname="pivotalApplication.PivoFin1" name="BloodGroupA" time="2.3"/>
  <testcase classname="pivotalApplication.PivoFin1" name="BirthHistoryNext" time="7.493"/>
  <testcase classname="pivotalApplication.PivoFin1" name="MedicalConditionAdd" time="2.3"/>
  <testcase classname="pivotalApplication.PivoFin1" name="MedicalConditionSelect" time="3.657"/>
  <testcase classname="pivotalApplication.PivoFin1" name="AddMedicalCondition" time="2.416"/>
  <testcase classname="pivotalApplication.PivoFin1" name="Allergies" time="2.832"/>
  <testcase classname="pivotalApplication.PivoFin1" name="Reactions" time="2.357"/>
  <testcase classname="pivotalApplication.PivoFin1" name="RecurringComplaints" time="2.366"/>
  <testcase classname="pivotalApplication.PivoFin1" name="HospitalizationHistory" time="2.869"/>
  <testcase classname="pivotalApplication.PivoFin1" name="HealthHistory" time="2.838"/>
  <testcase classname="pivotalApplication.PivoFin1" name="GeneticdisoredrAdd" time="4.142"/>
  <testcase classname="pivotalApplication.PivoFin1" name="GeneticdisoredrSelect" time="12.88"/>
  <testcase classname="pivotalApplication.PivoFin1" name="AddGeneticdisoredr" time="2.539"/>
  <testcase classname="pivotalApplication.PivoFin1" name="OtherEmailId" time="2.88"/>
  <testcase classname="pivotalApplication.PivoFin1" name="helathNext" time="2.352"/>
  <testcase classname="pivotalApplication.PivoFin1" name="FathersName" time="2.862"/>
  <testcase classname="pivotalApplication.PivoFin1" name="MothersName" time="2.778"/>
  <testcase classname="pivotalApplication.PivoFin1" name="Fatherheight" time="7.58"/>
  <testcase classname="pivotalApplication.PivoFin1" name="Mothersheight" time="5.209"/>
  <testcase classname="pivotalApplication.PivoFin1" name="FamailyMedicalHistory" time="8.288"/>
  <testcase classname="pivotalApplication.PivoFin1" name="EnterDisorders" time="15.571"/>
  <testcase classname="pivotalApplication.PivoFin1" name="AddVital" time="5.35"/>
  <testcase classname="pivotalApplication.PivoFin1" name="weight" time="0.277"/>
  <testcase classname="pivotalApplication.PivoFin1" name="Height" time="5.993"/>
  <testcase classname="pivotalApplication.PivoFin1" name="HC1" time="5.34"/>
  <testcase classname="pivotalApplication.PivoFin1" name="CC1" time="5.287"/>
  <testcase classname="pivotalApplication.PivoFin1" name="Temperature" time="5.913"/>
  <testcase classname="pivotalApplication.PivoFin1" name="SPO2" time="11.646"/>
  <testcase classname="pivotalApplication.PivoFin1" name="UpArrow" time="10.671"/>
  <testcase classname="pivotalApplication.PivoFin1" name="BPSYS1" time="5.734"/>
  <testcase classname="pivotalApplication.PivoFin1" name="BPDIA" time="5.754"/>
  <testcase classname="pivotalApplication.PivoFin1" name="HeartRate" time="6.602"/>
  <testcase classname="pivotalApplication.PivoFin1" name="Pulse" time="11.41"/>
  <testcase classname="pivotalApplication.PivoFin1" name="BloodSugar" time="10.799"/>
  <testcase classname="pivotalApplication.PivoFin1" name="BloodSugarf" time="5.722"/>
  <testcase classname="pivotalApplication.PivoFin1" name="BloodSugarPP" time="5.724"/>
  <testcase classname="pivotalApplication.PivoFin1" name="BloodSugarHB" time="16.28"/>
  <testcase classname="pivotalApplication.PivoFin1" name="CholesterolHDL" time="5.231"/>
  <testcase classname="pivotalApplication.PivoFin1" name="CholesterolLDL" time="5.785"/>
  <testcase classname="pivotalApplication.PivoFin1" name="TotalCholesterol" time="5.727"/>
  <testcase classname="pivotalApplication.PivoFin1" name="Triglycerides" time="5.74"/>
  <testcase classname="pivotalApplication.PivoFin1" name="Save" time="5.353"/>
  <testcase classname="pivotalApplication.PivoFin1" name="Appointment" time="21.142"/>
  <testcase classname="pivotalApplication.PivoFin1" name="SlotTime" time="42.202"/>
  <testcase classname="pivotalApplication.PivoFin1" name="VideoCheckBox" time="2.216"/>
  <testcase classname="pivotalApplication.PivoFin1" name="Book" time="7.793"/>
  <testcase classname="pivotalApplication.PivoFin1" name="AppointmentBookedPopup" time="15.285"/>
  <testcase classname="pivotalApplication.PivoFin1" name="ClickPatient" time="3.027"/>
  <testcase classname="pivotalApplication.PivoFin1" name="prescription" time="2.994"/>
  <testcase classname="pivotalApplication.PivoFin1" name="ComplaintAndDiagnosis" time="2.594"/>
  <testcase classname="pivotalApplication.PivoFin1" name="AddChiefComplaints" time="2.351"/>
  <testcase classname="pivotalApplication.PivoFin1" name="Fever" time="4.072"/>
  <testcase classname="pivotalApplication.PivoFin1" name="Details" time="2.431"/>
  <testcase classname="pivotalApplication.PivoFin1" name="mild" time="2.365"/>
  <testcase classname="pivotalApplication.PivoFin1" name="moreSymptoms" time="2.325"/>
  <testcase classname="pivotalApplication.PivoFin1" name="Since2Days" time="2.373"/>
  <testcase classname="pivotalApplication.PivoFin1" name="AddComplaint" time="2.757"/>
  <testcase classname="pivotalApplication.PivoFin1" name="AddWorkingDiagnosis" time="2.384"/>
  <testcase classname="pivotalApplication.PivoFin1" name="AcuteUrti" time="5.212"/>
  <testcase classname="pivotalApplication.PivoFin1" name="AddDiagnosis" time="2.37"/>
  <testcase classname="pivotalApplication.PivoFin1" name="Medicine" time="2.434"/>
  <testcase classname="pivotalApplication.PivoFin1" name="TapToAddMedicine" time="2.415"/>
  <testcase classname="pivotalApplication.PivoFin1" name="SearchMedDolo" time="6.723"/>
  <testcase classname="pivotalApplication.PivoFin1" name="AddToPrescription" time="2.346"/>
  <testcase classname="pivotalApplication.PivoFin1" name="ClickFavourite" time="2.398"/>
  <testcase classname="pivotalApplication.PivoFin1" name="ClickFavoutiteDropdown" time="2.166"/>
  <testcase classname="pivotalApplication.PivoFin1" name="ClickFavoutiteMedDrp" time="2.191"/>
  <testcase classname="pivotalApplication.PivoFin1" name="ClickFavoutiteMedicine" time="2.252"/>
  <testcase classname="pivotalApplication.PivoFin1" name="CopyMedicine" time="2.237"/>
  <testcase classname="pivotalApplication.PivoFin1" name="popularClick" time="2.463"/>
  <testcase classname="pivotalApplication.PivoFin1" name="popularMedicineClick" time="3.927"/>
  <testcase classname="pivotalApplication.PivoFin1" name="popularCopyMedicine" time="3.032"/>
  <testcase classname="pivotalApplication.PivoFin1" name="DietAndNutrition" time="2.426"/>
  <testcase classname="pivotalApplication.PivoFin1" name="DietAndNutritionAdd" time="2.363"/>
  <testcase classname="pivotalApplication.PivoFin1" name="DietAdvice" time="2.351"/>
  <testcase classname="pivotalApplication.PivoFin1" name="AddDietAdvice" time="2.331"/>
  <testcase classname="pivotalApplication.PivoFin1" name="GeneralInstructions" time="2.434"/>
  <testcase classname="pivotalApplication.PivoFin1" name="GeneralInstructionsAdd" time="2.413"/>
  <testcase classname="pivotalApplication.PivoFin1" name="InstructionsAdd" time="2.394"/>
  <testcase classname="pivotalApplication.PivoFin1" name="Instructions" time="2.348"/>
  <testcase classname="pivotalApplication.PivoFin1" name="NextFollowup" time="4.414"/>
  <testcase classname="pivotalApplication.PivoFin1" name="NextFollowupCln7der" time="2.339"/>
  <testcase classname="pivotalApplication.PivoFin1" name="NextOk" time="2.284"/>
  <testcase classname="pivotalApplication.PivoFin1" name="NextVistTab" time="2.417"/>
  <testcase classname="pivotalApplication.PivoFin1" name="PreviewPrescription" time="2.395"/>
  <testcase classname="pivotalApplication.PivoFin1" name="SaveAndShare" time="10.189"/>
  <testcase classname="pivotalApplication.PivoFin1" name="DownloadBack" time="20.902"/>
  <testcase classname="pivotalApplication.PivoFin1" name="ImmunizationClick" time="2.509"/>
  <testcase classname="pivotalApplication.PivoFin1" name="AtBirth" time="2.587"/>
  <testcase classname="pivotalApplication.PivoFin1" name="AddVaccine" time="2.551"/>
  <testcase classname="pivotalApplication.PivoFin1" name="SelectBrand" time="2.621"/>
  <testcase classname="pivotalApplication.PivoFin1" name="SelectDate" time="7.633"/>
  <testcase classname="pivotalApplication.PivoFin1" name="VaccineLabel" time="27.6"/>
  <testcase classname="pivotalApplication.PivoFin1" name="BulkUpdate" time="7.61"/>
  <testcase classname="pivotalApplication.PivoFin1" name="PCV" time="4.43"/>
  <testcase classname="pivotalApplication.PivoFin1" name="IPV" time="4.452"/>
  <testcase classname="pivotalApplication.PivoFin1" name="Rotavirus" time="4.443"/>
  <testcase classname="pivotalApplication.PivoFin1" name="AddToSchedule" time="4.467"/>
  <testcase classname="pivotalApplication.PivoFin1" name="BulkUpdate1" time="10.439"/>
  <testcase classname="pivotalApplication.PivoFin1" name="TransScript" time="5.491"/>
  <testcase classname="pivotalApplication.PivoFin1" name="CreatedBy" time="15.766"/>
  <testcase classname="pivotalApplication.PivoFin1" name="DocumentOn" time="7.249"/>
  <testcase classname="pivotalApplication.PivoFin1" name="popoupOk" time="4.282"/>
  <testcase classname="pivotalApplication.PivoFin1" name="Gallaries" time="2.246"/>
  <testcase classname="pivotalApplication.PivoFin1" name="GallariesPhoto" time="10.294"/>
  <testcase classname="pivotalApplication.PivoFin1" name="Upload" time="7.323"/>
  <testcase classname="pivotalApplication.PivoFin1" name="UploadOk" time="7.226"/>
  <testcase classname="pivotalApplication.PivoFin1" name="TransScript1" time="60.298"/>
  <testcase classname="pivotalApplication.PivoFin1" name="ImmunizationGovClick" time="2.515"/>
  <testcase classname="pivotalApplication.PivoFin1" name="BulkCancel" time="5.212"/>
  <testcase classname="pivotalApplication.PivoFin1" name="opvO" time="3.095"/>
  <testcase classname="pivotalApplication.PivoFin1" name="SaveVaccine" time="4.876"/>
  <testcase classname="pivotalApplication.PivoFin1" name="IPV1" time="2.588"/>
  <testcase classname="pivotalApplication.PivoFin1" name="SaveVaccine1" time="2.304"/>
  <testcase classname="pivotalApplication.PivoFin1" name="HepB" time="3.334"/>
  <testcase classname="pivotalApplication.PivoFin1" name="SaveVaccine2" time="2.293"/>
  <testcase classname="pivotalApplication.PivoFin1" name="Transscript" time="3.245"/>
  <testcase classname="pivotalApplication.PivoFin1" name="CreatedBy2" time="2.888"/>
  <testcase classname="pivotalApplication.PivoFin1" name="DocumentOn2" time="2.21"/>
  <testcase classname="pivotalApplication.PivoFin1" name="popUpOk" time="2.243"/>
  <testcase classname="pivotalApplication.PivoFin1" name="Camera" time="12.776"/>
  <testcase classname="pivotalApplication.PivoFin1" name="UploadCam" time="2.265"/>
  <testcase classname="pivotalApplication.PivoFin1" name="UploadCamOk" time="3.132"/>
  <testcase classname="pivotalApplication.PivoFin1" name="Transscript1" time="2.548"/>
  <testcase classname="pivotalApplication.PivoFin1" name="CreatedBy1" time="2.887"/>
  <testcase classname="pivotalApplication.PivoFin1" name="DocumentOn1" time="2.221"/>
  <testcase classname="pivotalApplication.PivoFin1" name="popUpOk1" time="2.254"/>
  <testcase classname="pivotalApplication.PivoFin1" name="Gallery" time="2.263"/>
  <testcase classname="pivotalApplication.PivoFin1" name="photo" time="10.304"/>
  <testcase classname="pivotalApplication.PivoFin1" name="Upload1" time="2.27"/>
  <testcase classname="pivotalApplication.PivoFin1" name="UploadOk1" time="8.802"/>
  <testcase classname="pivotalApplication.PivoFin1" name="ImmunizationClick1" time="2.452"/>
  <testcase classname="pivotalApplication.PivoFin1" name="Records" time="5.442"/>
  <testcase classname="pivotalApplication.PivoFin1" name="Certificates" time="5.914"/>
  <testcase classname="pivotalApplication.PivoFin1" name="SelectVaciines" time="5.235"/>
  <testcase classname="pivotalApplication.PivoFin1" name="Proceed" time="5.486"/>
  <testcase classname="pivotalApplication.PivoFin1" name="SpecialityDropdown" time="5.304"/>
  <testcase classname="pivotalApplication.PivoFin1" name="DefaultV3" time="5.194"/>
  <testcase classname="pivotalApplication.PivoFin1" name="Preview" time="5.267"/>
  <testcase classname="pivotalApplication.PivoFin1" name="Print" time="26.259"/>
  <testcase classname="pivotalApplication.PivoFin2" name="InvestigationClick" time="3.175"/>
  <testcase classname="pivotalApplication.PivoFin2" name="NewRequisition" time="2.338"/>
  <testcase classname="pivotalApplication.PivoFin2" name="Covid19" time="5.908"/>
  <testcase classname="pivotalApplication.PivoFin2" name="packages" time="2.608"/>
  <testcase classname="pivotalApplication.PivoFin2" name="Feverpanel" time="2.402"/>
  <testcase classname="pivotalApplication.PivoFin2" name="SelectTests" time="2.485"/>
  <testcase classname="pivotalApplication.PivoFin2" name="CreateRquisition" time="2.387"/>
  <testcase classname="pivotalApplication.PivoFin2" name="RquisitionDownloadclose" time="2.354"/>
  <testcase classname="pivotalApplication.PivoFin2" name="ReportClick" time="2.314"/>
  <testcase classname="pivotalApplication.PivoFin2" name="UploadReport" time="2.285"/>
  <testcase classname="pivotalApplication.PivoFin2" name="CreatedBy2" time="2.298"/>
  <testcase classname="pivotalApplication.PivoFin2" name="DocumentOn2" time="2.24"/>
  <testcase classname="pivotalApplication.PivoFin2" name="popUpOk2" time="2.315"/>
  <testcase classname="pivotalApplication.PivoFin2" name="Camera2" time="19.979"/>
  <testcase classname="pivotalApplication.PivoFin2" name="UploadCam2" time="2.349"/>
  <testcase classname="pivotalApplication.PivoFin2" name="UploadCamOk2" time="2.813"/>
  <testcase classname="pivotalApplication.PivoFin2" name="Transscript1" time="5.319"/>
  <testcase classname="pivotalApplication.PivoFin2" name="CreatedBy3" time="2.295"/>
  <testcase classname="pivotalApplication.PivoFin2" name="DocumentOn3" time="2.3"/>
  <testcase classname="pivotalApplication.PivoFin2" name="popUpOk3" time="2.329"/>
  <testcase classname="pivotalApplication.PivoFin2" name="Gallery3" time="2.318"/>
  <testcase classname="pivotalApplication.PivoFin2" name="photo3" time="10.558"/>
  <testcase classname="pivotalApplication.PivoFin2" name="Upload3" time="2.392"/>
  <testcase classname="pivotalApplication.PivoFin2" name="UploadOk3" time="9.603"/>
  <testcase classname="pivotalApplication.PivoFin2" name="RffralCreation" time="2.594"/>
  <testcase classname="pivotalApplication.PivoFin2" name="DrName" time="2.845"/>
  <testcase classname="pivotalApplication.PivoFin2" name="DrEmail" time="2.764"/>
  <testcase classname="pivotalApplication.PivoFin2" name="DrMobNumber" time="2.763"/>
  <testcase classname="pivotalApplication.PivoFin2" name="HealthCondition" time="2.795"/>
  <testcase classname="pivotalApplication.PivoFin2" name="Duration" time="2.789"/>
  <testcase classname="pivotalApplication.PivoFin2" name="Speciality" time="7.586"/>
  <testcase classname="pivotalApplication.PivoFin2" name="preview" time="2.343"/>
  <testcase classname="pivotalApplication.PivoFin2" name="Save" time="15.252"/>
  <testcase classname="pivotalApplication.PivoFin2" name="UploadDocuments" time="54.877"/>
  <testcase classname="pivotalApplication.PivoFin2" name="DocumentsDropDown" time="5.224"/>
  <testcase classname="pivotalApplication.PivoFin2" name="DischargeSummary" time="2.259"/>
  <testcase classname="pivotalApplication.PivoFin2" name="CreatedBy" time="2.79"/>
  <testcase classname="pivotalApplication.PivoFin2" name="DocumentOn" time="2.307"/>
  <testcase classname="pivotalApplication.PivoFin2" name="popUpOk" time="2.283"/>
  <testcase classname="pivotalApplication.PivoFin2" name="Camera" time="13.228"/>
  <testcase classname="pivotalApplication.PivoFin2" name="UploadCam" time="2.366"/>
  <testcase classname="pivotalApplication.PivoFin2" name="UploadCamOk" time="10.2"/>
  <testcase classname="pivotalApplication.PivoFin2" name="UploadDocuments1" time="5.428"/>
  <testcase classname="pivotalApplication.PivoFin2" name="DocumentsDropDown1" time="5.264"/>
  <testcase classname="pivotalApplication.PivoFin2" name="DischargeSummary1" time="2.253"/>
  <testcase classname="pivotalApplication.PivoFin2" name="CreatedBy1" time="2.769"/>
  <testcase classname="pivotalApplication.PivoFin2" name="DocumentOn1" time="2.27"/>
  <testcase classname="pivotalApplication.PivoFin2" name="popUpOk1" time="2.31"/>
  <testcase classname="pivotalApplication.PivoFin2" name="Gallery" time="2.332"/>
  <testcase classname="pivotalApplication.PivoFin2" name="photo" time="10.299"/>
  <testcase classname="pivotalApplication.PivoFin2" name="Upload" time="2.346"/>
  <testcase classname="pivotalApplication.PivoFin2" name="UploadOk" time="2.762"/>
  <testcase classname="pivotalApplication.PivoFin2" name="SpecialVaccine" time="17.668"/>
  <testcase classname="pivotalApplication.PivoFin2" name="AdministeredDate" time="5.224"/>
  <testcase classname="pivotalApplication.PivoFin2" name="PopUpOk" time="2.7"/>
  <testcase classname="pivotalApplication.PivoFin2" name="VaccineDropdown" time="2.255"/>
  <testcase classname="pivotalApplication.PivoFin2" name="CholeraVaccine" time="2.239"/>
  <testcase classname="pivotalApplication.PivoFin2" name="Submit" time="2.226"/>
  <testcase classname="pivotalApplication.PivoFin2" name="VaccinationOk" time="2.728"/>
  <testcase classname="pivotalApplication.PivoFin2" name="LinkPatient" time="17.691"/>
  <testcase classname="pivotalApplication.PivoFin2" name="DrMobileNumber" time="10.681"/>
  <testcase classname="pivotalApplication.PivoFin2" name="SearchDr" time="17.192"/>
  <testcase classname="pivotalApplication.PivoFin2" name="Link" time="15.224"/>
  <testcase classname="pivotalApplication.PivoFin2" name="Reciept" time="17.654"/>
  <testcase classname="pivotalApplication.PivoFin2" name="AddNewReceipt" time="10.27"/>
  <testcase classname="pivotalApplication.PivoFin2" name="ReceiptNo" time="7.945"/>
  <testcase classname="pivotalApplication.PivoFin2" name="Consultation" time="4.354"/>
  <testcase classname="pivotalApplication.PivoFin2" name="Vaccination" time="4.367"/>
  <testcase classname="pivotalApplication.PivoFin2" name="OtherReasons" time="4.846"/>
  <testcase classname="pivotalApplication.PivoFin2" name="Addmore" time="4.402"/>
  <testcase classname="pivotalApplication.PivoFin2" name="Preview" time="35.401"/>
  <testcase classname="pivotalApplication.PivoFin2" name="PayerName" time="2.707"/>
  <testcase classname="pivotalApplication.PivoFin2" name="CreateReceipt" time="27.092"/>
  <testcase classname="pivotalApplication.PivoFin2" name="Certificate" time="41.259"/>
  <testcase classname="pivotalApplication.PivoFin2" name="CertificateDropdown" time="22.227"/>
  <testcase classname="pivotalApplication.PivoFin2" name="CertificateType" time="22.271"/>
  <testcase classname="pivotalApplication.PivoFin2" name="Speciality1" time="32.334"/>
  <testcase classname="pivotalApplication.PivoFin2" name="SpecialitySelect" time="37.206"/>
  <testcase classname="pivotalApplication.PivoFin2" name="Preview1" time="12.293"/>
  <testcase classname="pivotalApplication.PivoFin2" name="Printclose" time="18.073"/>
  <testcase classname="pivotalApplication.PivoFin2" name="ClickHistory" time="6.8"/>
  <testcase classname="pivotalApplication.PivoFin2" name="ViewDocument" time="2.451"/>
  <testcase classname="pivotalApplication.PivoFin2" name="close1" time="10.211"/>
  <testcase classname="pivotalApplication.PivoFin2" name="ViewReceipts" time="12.637"/>
  <testcase classname="pivotalApplication.PivoFin2" name="close2" time="12.204"/>
  <testcase classname="pivotalApplication.PivoFin2" name="ViewReferal" time="11.048"/>
  <testcase classname="pivotalApplication.PivoFin2" name="close4" time="55.446"/>
  <testcase classname="pivotalApplication.PivoFin2" name="PatientList" time="34.676"/>
  <testcase classname="pivotalApplication.PivoFin2" name="Appointments" time="10.503"/>
  <testcase classname="pivotalApplication.PivoFin2" name="Prescription" time="42.198"/>
  <testcase classname="pivotalApplication.PivoFin2" name="Reports" time="47.458"/>
  <testcase classname="pivotalApplication.PivoFin2" name="Referrals" time="45.81"/>
  <testcase classname="pivotalApplication.PivoFin2" name="VaccineInStore" time="21.948"/>
  <testcase classname="pivotalApplication.PivoFin2" name="ViewReports" time="47.586"/>
  <testcase classname="pivotalApplication.PivoFin2" name="MyNotes" time="25.757"/>
  <testcase classname="pivotalApplication.PivoFin2" name="ShareHealth" time="11.572"/>
  <testcase classname="pivotalApplication.PivoFin2" name="WhatsNew" time="10.485"/>
  <testcase classname="pivotalApplication.PivoFin2" name="DashboardData" time="6.819"/>
  <testcase classname="pivotalApplication.PivoFin2" name="ClickPatient1" time="0.0">
    <ignored/>
  </testcase> <!-- ClickPatient1 -->
  <testcase classname="pivotalApplication.PivoFin2" name="NumberField" time="0.0">
    <ignored/>
  </testcase> <!-- NumberField -->
  <testcase classname="pivotalApplication.PivoFin2" name="Search" time="0.0">
    <ignored/>
  </testcase> <!-- Search -->
  <testcase classname="pivotalApplication.PivoFin2" name="IAgree" time="0.0">
    <ignored/>
  </testcase> <!-- IAgree -->
  <testcase classname="pivotalApplication.PivoFin2" name="submit" time="0.0">
    <ignored/>
  </testcase> <!-- submit -->
  <testcase classname="pivotalApplication.PivoFin2" name="HealthApp" time="0.0">
    <ignored/>
  </testcase> <!-- HealthApp -->
  <testcase classname="pivotalApplication.PivoFin2" name="OTP" time="0.0">
    <ignored/>
  </testcase> <!-- OTP -->
  <testcase classname="pivotalApplication.PivoFin2" name="proceedButton" time="0.0">
    <ignored/>
  </testcase> <!-- proceedButton -->
</testsuite> <!-- Test -->
