<?xml version="1.0" encoding="UTF-8"?>
<!-- Generated by org.testng.reporters.JUnitXMLReporter -->
<testsuite ignored="0" hostname="DESKTOP-VQLLA2K" failures="0" tests="56" name="Test" time="715.548" errors="0" timestamp="2024-01-16T10:34:20 IST">
  <testcase classname="webAuto.OpdEndToEndWorkFlow1" name="numberField" time="0.324"/>
  <testcase classname="webAuto.OpdEndToEndWorkFlow1" name="sendOTP" time="12.634"/>
  <testcase classname="webAuto.OpdEndToEndWorkFlow1" name="verifyButton" time="10.201"/>
  <testcase classname="webAuto.OpdEndToEndWorkFlow1" name="createPatient" time="5.096"/>
  <testcase classname="webAuto.OpdEndToEndWorkFlow1" name="Number1" time="0.575"/>
  <testcase classname="webAuto.OpdEndToEndWorkFlow1" name="confirm" time="2.708"/>
  <testcase classname="webAuto.OpdEndToEndWorkFlow1" name="number2" time="0.766"/>
  <testcase classname="webAuto.OpdEndToEndWorkFlow1" name="firstName" time="0.488"/>
  <testcase classname="webAuto.OpdEndToEndWorkFlow1" name="middleName" time="0.419"/>
  <testcase classname="webAuto.OpdEndToEndWorkFlow1" name="lastName" time="0.411"/>
  <testcase classname="webAuto.OpdEndToEndWorkFlow1" name="birthDate" time="0.758"/>
  <testcase classname="webAuto.OpdEndToEndWorkFlow1" name="genFemale" time="0.211"/>
  <testcase classname="webAuto.OpdEndToEndWorkFlow1" name="address" time="0.616"/>
  <testcase classname="webAuto.OpdEndToEndWorkFlow1" name="locality" time="0.445"/>
  <testcase classname="webAuto.OpdEndToEndWorkFlow1" name="city" time="0.438"/>
  <testcase classname="webAuto.OpdEndToEndWorkFlow1" name="pinCode" time="0.429"/>
  <testcase classname="webAuto.OpdEndToEndWorkFlow1" name="proceedWithSameRMN" time="0.581"/>
  <testcase classname="webAuto.OpdEndToEndWorkFlow1" name="nextButton" time="15.141"/>
  <testcase classname="webAuto.OpdEndToEndWorkFlow1" name="clickClose" time="1.282"/>
  <testcase classname="webAuto.OpdEndToEndWorkFlow1" name="fillVitalForm" time="18.174"/>
  <testcase classname="webAuto.OpdEndToEndWorkFlow1" name="fillHealthProfile" time="13.201"/>
  <testcase classname="webAuto.OpdEndToEndWorkFlow1" name="fillFamilyProfile" time="18.268"/>
  <testcase classname="webAuto.OpdEndToEndWorkFlow1" name="GoHome" time="0.663"/>
  <testcase classname="webAuto.OpdEndToEndWorkFlow1" name="AddNewAppointment" time="26.148"/>
  <testcase classname="webAuto.OpdEndToEndWorkFlow1" name="AddPrescription" time="15.894"/>
  <testcase classname="webAuto.OpdEndToEndWorkFlow1" name="Complaints" time="4.732"/>
  <testcase classname="webAuto.OpdEndToEndWorkFlow1" name="VitalsOption" time="5.462"/>
  <testcase classname="webAuto.OpdEndToEndWorkFlow1" name="BpandHeartOption" time="16.583"/>
  <testcase classname="webAuto.OpdEndToEndWorkFlow1" name="BloodAndAnalysis" time="17.183"/>
  <testcase classname="webAuto.OpdEndToEndWorkFlow1" name="LipidProfile" time="16.585"/>
  <testcase classname="webAuto.OpdEndToEndWorkFlow1" name="OnExamination" time="15.635"/>
  <testcase classname="webAuto.OpdEndToEndWorkFlow1" name="Diagnosis" time="15.403"/>
  <testcase classname="webAuto.OpdEndToEndWorkFlow1" name="Medicine1" time="48.665"/>
  <testcase classname="webAuto.OpdEndToEndWorkFlow1" name="DietaryAdvice" time="15.496"/>
  <testcase classname="webAuto.OpdEndToEndWorkFlow1" name="GeneralInstruction" time="15.416"/>
  <testcase classname="webAuto.OpdEndToEndWorkFlow1" name="SaveandProceed" time="0.283"/>
  <testcase classname="webAuto.OpdEndToEndWorkFlow1" name="ConfirmPrescription" time="56.864"/>
  <testcase classname="webAuto.OPDEndToEndWorkFlow2" name="numberField" time="0.439"/>
  <testcase classname="webAuto.OPDEndToEndWorkFlow2" name="sendOTP" time="12.141"/>
  <testcase classname="webAuto.OPDEndToEndWorkFlow2" name="verifyButton" time="10.173"/>
  <testcase classname="webAuto.OPDEndToEndWorkFlow2" name="searchBar1" time="3.166"/>
  <testcase classname="webAuto.OPDEndToEndWorkFlow2" name="searchOpt" time="3.148"/>
  <testcase classname="webAuto.OPDEndToEndWorkFlow2" name="searchBar2" time="15.475"/>
  <testcase classname="webAuto.OPDEndToEndWorkFlow2" name="Investigation" time="27.497"/>
  <testcase classname="webAuto.OPDEndToEndWorkFlow2" name="Investigation1" time="36.099"/>
  <testcase classname="webAuto.OPDEndToEndWorkFlow2" name="HealthProfile" time="19.558"/>
  <testcase classname="webAuto.OPDEndToEndWorkFlow2" name="Document1" time="0.218"/>
  <testcase classname="webAuto.OPDEndToEndWorkFlow2" name="ReceiptOption" time="15.986"/>
  <testcase classname="webAuto.OPDEndToEndWorkFlow2" name="previewReceipt" time="31.468"/>
  <testcase classname="webAuto.OPDEndToEndWorkFlow2" name="cirtificateOption1" time="20.394"/>
  <testcase classname="webAuto.OPDEndToEndWorkFlow2" name="AllDocuments" time="16.674"/>
  <testcase classname="webAuto.OPDEndToEndWorkFlow2" name="Document2" time="0.195"/>
  <testcase classname="webAuto.OPDEndToEndWorkFlow2" name="cirtificateOption" time="33.304"/>
  <testcase classname="webAuto.OPDEndToEndWorkFlow2" name="cirtificateOption3" time="20.429"/>
  <testcase classname="webAuto.OPDEndToEndWorkFlow2" name="AllDocuments1" time="11.644"/>
  <testcase classname="webAuto.OPDEndToEndWorkFlow2" name="ReferralOption3" time="45.95"/>
</testsuite> <!-- Test -->
