<?xml version="1.0" encoding="UTF-8"?>
<testng-results ignored="0" total="28" passed="28" failed="0" skipped="0">
  <reporter-output>
  </reporter-output>
  <suite started-at="2024-01-16T10:41:46 IST" name="Default suite" finished-at="2024-01-16T10:45:32 IST" duration-ms="226087">
    <groups>
      <group name="Regression">
        <method signature="AddVitalWeb.numberField()[pri:1, instance:webAuto.AddVitalWeb@72035809]" name="numberField" class="webAuto.AddVitalWeb"/>
        <method signature="AddVitalWeb.sendOTP()[pri:2, instance:webAuto.AddVitalWeb@72035809]" name="sendOTP" class="webAuto.AddVitalWeb"/>
        <method signature="AddVitalWeb.createPatient()[pri:4, instance:webAuto.AddVitalWeb@72035809]" name="createPatient" class="webAuto.AddVitalWeb"/>
        <method signature="AddVitalWeb.Number1()[pri:5, instance:webAuto.AddVitalWeb@72035809]" name="Number1" class="webAuto.AddVitalWeb"/>
        <method signature="AddVitalWeb.confirm()[pri:6, instance:webAuto.AddVitalWeb@72035809]" name="confirm" class="webAuto.AddVitalWeb"/>
        <method signature="AddVitalWeb.number2()[pri:7, instance:webAuto.AddVitalWeb@72035809]" name="number2" class="webAuto.AddVitalWeb"/>
        <method signature="AddVitalWeb.firstName()[pri:8, instance:webAuto.AddVitalWeb@72035809]" name="firstName" class="webAuto.AddVitalWeb"/>
        <method signature="AddVitalWeb.middleName()[pri:9, instance:webAuto.AddVitalWeb@72035809]" name="middleName" class="webAuto.AddVitalWeb"/>
        <method signature="AddVitalWeb.lastName()[pri:10, instance:webAuto.AddVitalWeb@72035809]" name="lastName" class="webAuto.AddVitalWeb"/>
        <method signature="AddVitalWeb.birthDate()[pri:11, instance:webAuto.AddVitalWeb@72035809]" name="birthDate" class="webAuto.AddVitalWeb"/>
        <method signature="AddVitalWeb.genFemale()[pri:12, instance:webAuto.AddVitalWeb@72035809]" name="genFemale" class="webAuto.AddVitalWeb"/>
        <method signature="AddVitalWeb.address()[pri:13, instance:webAuto.AddVitalWeb@72035809]" name="address" class="webAuto.AddVitalWeb"/>
        <method signature="AddVitalWeb.locality()[pri:14, instance:webAuto.AddVitalWeb@72035809]" name="locality" class="webAuto.AddVitalWeb"/>
        <method signature="AddVitalWeb.city()[pri:15, instance:webAuto.AddVitalWeb@72035809]" name="city" class="webAuto.AddVitalWeb"/>
        <method signature="AddVitalWeb.pinCode()[pri:16, instance:webAuto.AddVitalWeb@72035809]" name="pinCode" class="webAuto.AddVitalWeb"/>
        <method signature="AddVitalWeb.proceedWithSameRMN()[pri:17, instance:webAuto.AddVitalWeb@72035809]" name="proceedWithSameRMN" class="webAuto.AddVitalWeb"/>
        <method signature="AddVitalWeb.nextButton()[pri:18, instance:webAuto.AddVitalWeb@72035809]" name="nextButton" class="webAuto.AddVitalWeb"/>
        <method signature="AddVitalWeb.clickClose()[pri:19, instance:webAuto.AddVitalWeb@72035809]" name="clickClose" class="webAuto.AddVitalWeb"/>
        <method signature="AddVitalWeb.searchBar2()[pri:24, instance:webAuto.AddVitalWeb@72035809]" name="searchBar2" class="webAuto.AddVitalWeb"/>
      </group> <!-- Regression -->
    </groups>
    <test started-at="2024-01-16T10:41:46 IST" name="Default test" finished-at="2024-01-16T10:45:32 IST" duration-ms="226087">
      <class name="webAuto.AddVitalWeb">
        <test-method is-config="true" signature="setUp()[pri:0, instance:webAuto.AddVitalWeb@72035809]" started-at="2024-01-16T10:41:46 IST" name="setUp" finished-at="2024-01-16T10:41:56 IST" duration-ms="10595" status="PASS">
          <reporter-output>
          </reporter-output>
        </test-method> <!-- setUp -->
        <test-method signature="numberField()[pri:1, instance:webAuto.AddVitalWeb@72035809]" started-at="2024-01-16T10:41:57 IST" name="numberField" finished-at="2024-01-16T10:41:57 IST" duration-ms="424" status="PASS">
          <reporter-output>
          </reporter-output>
        </test-method> <!-- numberField -->
        <test-method signature="sendOTP()[pri:2, instance:webAuto.AddVitalWeb@72035809]" started-at="2024-01-16T10:41:57 IST" name="sendOTP" finished-at="2024-01-16T10:42:09 IST" duration-ms="12342" status="PASS">
          <reporter-output>
          </reporter-output>
        </test-method> <!-- sendOTP -->
        <test-method signature="verifyButton()[pri:3, instance:webAuto.AddVitalWeb@72035809]" started-at="2024-01-16T10:42:09 IST" name="verifyButton" finished-at="2024-01-16T10:42:19 IST" duration-ms="10174" status="PASS">
          <reporter-output>
          </reporter-output>
        </test-method> <!-- verifyButton -->
        <test-method signature="createPatient()[pri:4, instance:webAuto.AddVitalWeb@72035809]" started-at="2024-01-16T10:42:20 IST" name="createPatient" finished-at="2024-01-16T10:42:23 IST" duration-ms="3853" status="PASS">
          <reporter-output>
          </reporter-output>
        </test-method> <!-- createPatient -->
        <test-method signature="Number1()[pri:5, instance:webAuto.AddVitalWeb@72035809]" started-at="2024-01-16T10:42:23 IST" name="Number1" finished-at="2024-01-16T10:42:24 IST" duration-ms="791" status="PASS">
          <reporter-output>
          </reporter-output>
        </test-method> <!-- Number1 -->
        <test-method signature="confirm()[pri:6, instance:webAuto.AddVitalWeb@72035809]" started-at="2024-01-16T10:42:24 IST" name="confirm" finished-at="2024-01-16T10:42:27 IST" duration-ms="2874" status="PASS">
          <reporter-output>
          </reporter-output>
        </test-method> <!-- confirm -->
        <test-method signature="number2()[pri:7, instance:webAuto.AddVitalWeb@72035809]" started-at="2024-01-16T10:42:27 IST" name="number2" finished-at="2024-01-16T10:42:28 IST" duration-ms="1045" status="PASS">
          <reporter-output>
          </reporter-output>
        </test-method> <!-- number2 -->
        <test-method signature="firstName()[pri:8, instance:webAuto.AddVitalWeb@72035809]" started-at="2024-01-16T10:42:28 IST" name="firstName" finished-at="2024-01-16T10:42:29 IST" duration-ms="656" status="PASS">
          <reporter-output>
          </reporter-output>
        </test-method> <!-- firstName -->
        <test-method signature="middleName()[pri:9, instance:webAuto.AddVitalWeb@72035809]" started-at="2024-01-16T10:42:29 IST" name="middleName" finished-at="2024-01-16T10:42:29 IST" duration-ms="451" status="PASS">
          <reporter-output>
          </reporter-output>
        </test-method> <!-- middleName -->
        <test-method signature="lastName()[pri:10, instance:webAuto.AddVitalWeb@72035809]" started-at="2024-01-16T10:42:29 IST" name="lastName" finished-at="2024-01-16T10:42:30 IST" duration-ms="452" status="PASS">
          <reporter-output>
          </reporter-output>
        </test-method> <!-- lastName -->
        <test-method signature="birthDate()[pri:11, instance:webAuto.AddVitalWeb@72035809]" started-at="2024-01-16T10:42:30 IST" name="birthDate" finished-at="2024-01-16T10:42:31 IST" duration-ms="980" status="PASS">
          <reporter-output>
          </reporter-output>
        </test-method> <!-- birthDate -->
        <test-method signature="genFemale()[pri:12, instance:webAuto.AddVitalWeb@72035809]" started-at="2024-01-16T10:42:31 IST" name="genFemale" finished-at="2024-01-16T10:42:31 IST" duration-ms="268" status="PASS">
          <reporter-output>
          </reporter-output>
        </test-method> <!-- genFemale -->
        <test-method signature="address()[pri:13, instance:webAuto.AddVitalWeb@72035809]" started-at="2024-01-16T10:42:31 IST" name="address" finished-at="2024-01-16T10:42:32 IST" duration-ms="614" status="PASS">
          <reporter-output>
          </reporter-output>
        </test-method> <!-- address -->
        <test-method signature="locality()[pri:14, instance:webAuto.AddVitalWeb@72035809]" started-at="2024-01-16T10:42:32 IST" name="locality" finished-at="2024-01-16T10:42:32 IST" duration-ms="511" status="PASS">
          <reporter-output>
          </reporter-output>
        </test-method> <!-- locality -->
        <test-method signature="city()[pri:15, instance:webAuto.AddVitalWeb@72035809]" started-at="2024-01-16T10:42:32 IST" name="city" finished-at="2024-01-16T10:42:33 IST" duration-ms="454" status="PASS">
          <reporter-output>
          </reporter-output>
        </test-method> <!-- city -->
        <test-method signature="pinCode()[pri:16, instance:webAuto.AddVitalWeb@72035809]" started-at="2024-01-16T10:42:33 IST" name="pinCode" finished-at="2024-01-16T10:42:33 IST" duration-ms="522" status="PASS">
          <reporter-output>
          </reporter-output>
        </test-method> <!-- pinCode -->
        <test-method signature="proceedWithSameRMN()[pri:17, instance:webAuto.AddVitalWeb@72035809]" started-at="2024-01-16T10:42:33 IST" name="proceedWithSameRMN" finished-at="2024-01-16T10:42:34 IST" duration-ms="431" status="PASS">
          <reporter-output>
          </reporter-output>
        </test-method> <!-- proceedWithSameRMN -->
        <test-method signature="nextButton()[pri:18, instance:webAuto.AddVitalWeb@72035809]" started-at="2024-01-16T10:42:34 IST" name="nextButton" finished-at="2024-01-16T10:42:49 IST" duration-ms="15322" status="PASS">
          <reporter-output>
          </reporter-output>
        </test-method> <!-- nextButton -->
        <test-method signature="clickClose()[pri:19, instance:webAuto.AddVitalWeb@72035809]" started-at="2024-01-16T10:42:49 IST" name="clickClose" finished-at="2024-01-16T10:42:51 IST" duration-ms="1548" status="PASS">
          <reporter-output>
          </reporter-output>
        </test-method> <!-- clickClose -->
        <test-method signature="fillVitalForm()[pri:20, instance:webAuto.AddVitalWeb@72035809]" started-at="2024-01-16T10:42:51 IST" name="fillVitalForm" finished-at="2024-01-16T10:43:11 IST" duration-ms="20579" status="PASS">
          <reporter-output>
          </reporter-output>
        </test-method> <!-- fillVitalForm -->
        <test-method signature="fillHealthProfile()[pri:21, instance:webAuto.AddVitalWeb@72035809]" started-at="2024-01-16T10:43:11 IST" name="fillHealthProfile" finished-at="2024-01-16T10:43:31 IST" duration-ms="19496" status="PASS">
          <reporter-output>
          </reporter-output>
        </test-method> <!-- fillHealthProfile -->
        <test-method signature="fillFamilyProfile()[pri:22, instance:webAuto.AddVitalWeb@72035809]" started-at="2024-01-16T10:43:31 IST" name="fillFamilyProfile" finished-at="2024-01-16T10:43:55 IST" duration-ms="24471" status="PASS">
          <reporter-output>
          </reporter-output>
        </test-method> <!-- fillFamilyProfile -->
        <test-method signature="GoHome()[pri:23, instance:webAuto.AddVitalWeb@72035809]" started-at="2024-01-16T10:43:55 IST" name="GoHome" finished-at="2024-01-16T10:43:56 IST" duration-ms="1226" status="PASS">
          <reporter-output>
          </reporter-output>
        </test-method> <!-- GoHome -->
        <test-method signature="searchBar2()[pri:24, instance:webAuto.AddVitalWeb@72035809]" started-at="2024-01-16T10:43:56 IST" name="searchBar2" finished-at="2024-01-16T10:44:21 IST" duration-ms="24433" status="PASS">
          <reporter-output>
          </reporter-output>
        </test-method> <!-- searchBar2 -->
        <test-method signature="AdVitals()[pri:25, instance:webAuto.AddVitalWeb@72035809]" started-at="2024-01-16T10:44:21 IST" name="AdVitals" finished-at="2024-01-16T10:44:35 IST" duration-ms="13975" status="PASS">
          <reporter-output>
          </reporter-output>
        </test-method> <!-- AdVitals -->
        <test-method signature="AdBpandHeartOption()[pri:26, instance:webAuto.AddVitalWeb@72035809]" started-at="2024-01-16T10:44:35 IST" name="AdBpandHeartOption" finished-at="2024-01-16T10:44:53 IST" duration-ms="18088" status="PASS">
          <reporter-output>
          </reporter-output>
        </test-method> <!-- AdBpandHeartOption -->
        <test-method signature="AdBloodAndAnalysis()[pri:27, instance:webAuto.AddVitalWeb@72035809]" started-at="2024-01-16T10:44:53 IST" name="AdBloodAndAnalysis" finished-at="2024-01-16T10:45:11 IST" duration-ms="18467" status="PASS">
          <reporter-output>
          </reporter-output>
        </test-method> <!-- AdBloodAndAnalysis -->
        <test-method signature="AdLipidProfile()[pri:28, instance:webAuto.AddVitalWeb@72035809]" started-at="2024-01-16T10:45:11 IST" name="AdLipidProfile" finished-at="2024-01-16T10:45:32 IST" duration-ms="20374" status="PASS">
          <reporter-output>
          </reporter-output>
        </test-method> <!-- AdLipidProfile -->
      </class> <!-- webAuto.AddVitalWeb -->
    </test> <!-- Default test -->
  </suite> <!-- Default suite -->
</testng-results>
