<?xml version="1.0" encoding="UTF-8"?>
<testng-results ignored="0" total="1" passed="1" failed="0" skipped="0">
  <reporter-output>
  </reporter-output>
  <suite started-at="2023-12-22T14:41:12 IST" name="Default suite" finished-at="2023-12-22T14:41:37 IST" duration-ms="25526">
    <groups>
    </groups>
    <test started-at="2023-12-22T14:41:12 IST" name="Default test" finished-at="2023-12-22T14:41:37 IST" duration-ms="25526">
      <class name="pivotalApplication.AppiumServerStart">
        <test-method is-config="true" signature="BfSuite()[pri:0, instance:pivotalApplication.AppiumServerStart@4b29d1d2]" started-at="2023-12-22T14:40:53 IST" name="BfSuite" finished-at="2023-12-22T14:41:12 IST" duration-ms="18994" status="PASS">
          <reporter-output>
          </reporter-output>
        </test-method> <!-- BfSuite -->
        <test-method is-config="true" signature="setup()[pri:0, instance:pivotalApplication.AppiumServerStart@4b29d1d2]" started-at="2023-12-22T14:41:12 IST" name="setup" finished-at="2023-12-22T14:41:34 IST" duration-ms="22133" status="PASS">
          <reporter-output>
          </reporter-output>
        </test-method> <!-- setup -->
        <test-method signature="BfSuite()[pri:0, instance:pivotalApplication.AppiumServerStart@4b29d1d2]" started-at="2023-12-22T14:41:34 IST" name="BfSuite" finished-at="2023-12-22T14:41:37 IST" duration-ms="3314" status="PASS">
          <reporter-output>
          </reporter-output>
        </test-method> <!-- BfSuite -->
        <test-method is-config="true" signature="AfterSuite()[pri:0, instance:pivotalApplication.AppiumServerStart@4b29d1d2]" started-at="2023-12-22T14:41:37 IST" name="AfterSuite" finished-at="2023-12-22T14:41:37 IST" duration-ms="61" status="PASS">
          <reporter-output>
          </reporter-output>
        </test-method> <!-- AfterSuite -->
      </class> <!-- pivotalApplication.AppiumServerStart -->
    </test> <!-- Default test -->
  </suite> <!-- Default suite -->
</testng-results>
