<?xml version="1.0" encoding="UTF-8"?>
<testng-results ignored="0" total="266" passed="266" failed="0" skipped="0">
  <reporter-output>
  </reporter-output>
  <suite started-at="2024-07-16T12:38:06 IST" name="Suite" finished-at="2024-07-16T13:14:28 IST" duration-ms="2182398">
    <groups>
    </groups>
    <test started-at="2024-07-16T12:38:06 IST" name="Test" finished-at="2024-07-16T13:14:28 IST" duration-ms="2182398">
      <class name="pivotalApplication.PivoFin1">
        <test-method is-config="true" signature="BfSuite()[pri:0, instance:pivotalApplication.PivoFin1@6cb107fd]" started-at="2024-07-16T12:38:05 IST" name="BfSuite" finished-at="2024-07-16T12:38:06 IST" duration-ms="1166" status="PASS">
          <reporter-output>
          </reporter-output>
        </test-method> <!-- BfSuite -->
        <test-method is-config="true" signature="setup1()[pri:0, instance:pivotalApplication.PivoFin1@6cb107fd]" started-at="2024-07-16T12:38:06 IST" name="setup1" finished-at="2024-07-16T12:38:22 IST" duration-ms="16131" status="PASS">
          <reporter-output>
          </reporter-output>
        </test-method> <!-- setup1 -->
        <test-method signature="BfSuite()[pri:0, instance:pivotalApplication.PivoFin1@6cb107fd]" started-at="2024-07-16T12:38:22 IST" name="BfSuite" finished-at="2024-07-16T12:38:23 IST" duration-ms="1317" status="PASS">
          <reporter-output>
          </reporter-output>
        </test-method> <!-- BfSuite -->
        <test-method is-config="true" signature="screenShot(org.testng.ITestResult)[pri:0, instance:pivotalApplication.PivoFin1@6cb107fd]" started-at="2024-07-16T12:38:23 IST" name="screenShot" finished-at="2024-07-16T12:38:23 IST" duration-ms="4" status="PASS">
          <params>
            <param index="0">
              <value>
                <![CDATA[[TestResult name=BfSuite status=SUCCESS method=AppiumServerStart.BfSuite()[pri:0, instance:pivotalApplication.PivoFin1@6cb107fd] output={null}]]]>
              </value>
            </param>
          </params>
          <reporter-output>
          </reporter-output>
        </test-method> <!-- screenShot -->
        <test-method signature="NumberField()[pri:0, instance:pivotalApplication.PivoFin1@6cb107fd]" started-at="2024-07-16T12:38:23 IST" name="NumberField" finished-at="2024-07-16T12:38:24 IST" duration-ms="1258" status="PASS">
          <reporter-output>
          </reporter-output>
        </test-method> <!-- NumberField -->
        <test-method is-config="true" signature="screenShot(org.testng.ITestResult)[pri:0, instance:pivotalApplication.PivoFin1@6cb107fd]" started-at="2024-07-16T12:38:24 IST" name="screenShot" finished-at="2024-07-16T12:38:24 IST" duration-ms="1" status="PASS">
          <params>
            <param index="0">
              <value>
                <![CDATA[[TestResult name=NumberField status=SUCCESS method=PivoFin1.NumberField()[pri:0, instance:pivotalApplication.PivoFin1@6cb107fd] output={null}]]]>
              </value>
            </param>
          </params>
          <reporter-output>
          </reporter-output>
        </test-method> <!-- screenShot -->
        <test-method signature="IAgree()[pri:1, instance:pivotalApplication.PivoFin1@6cb107fd]" started-at="2024-07-16T12:38:24 IST" name="IAgree" finished-at="2024-07-16T12:38:27 IST" duration-ms="2169" status="PASS">
          <reporter-output>
          </reporter-output>
        </test-method> <!-- IAgree -->
        <test-method is-config="true" signature="screenShot(org.testng.ITestResult)[pri:0, instance:pivotalApplication.PivoFin1@6cb107fd]" started-at="2024-07-16T12:38:27 IST" name="screenShot" finished-at="2024-07-16T12:38:27 IST" duration-ms="0" status="PASS">
          <params>
            <param index="0">
              <value>
                <![CDATA[[TestResult name=IAgree status=SUCCESS method=PivoFin1.IAgree()[pri:1, instance:pivotalApplication.PivoFin1@6cb107fd] output={null}]]]>
              </value>
            </param>
          </params>
          <reporter-output>
          </reporter-output>
        </test-method> <!-- screenShot -->
        <test-method signature="proceedButton()[pri:2, instance:pivotalApplication.PivoFin1@6cb107fd]" started-at="2024-07-16T12:38:27 IST" name="proceedButton" finished-at="2024-07-16T12:38:29 IST" duration-ms="2385" status="PASS">
          <reporter-output>
          </reporter-output>
        </test-method> <!-- proceedButton -->
        <test-method is-config="true" signature="screenShot(org.testng.ITestResult)[pri:0, instance:pivotalApplication.PivoFin1@6cb107fd]" started-at="2024-07-16T12:38:29 IST" name="screenShot" finished-at="2024-07-16T12:38:29 IST" duration-ms="0" status="PASS">
          <params>
            <param index="0">
              <value>
                <![CDATA[[TestResult name=proceedButton status=SUCCESS method=PivoFin1.proceedButton()[pri:2, instance:pivotalApplication.PivoFin1@6cb107fd] output={null}]]]>
              </value>
            </param>
          </params>
          <reporter-output>
          </reporter-output>
        </test-method> <!-- screenShot -->
        <test-method signature="OTP()[pri:3, instance:pivotalApplication.PivoFin1@6cb107fd]" started-at="2024-07-16T12:38:29 IST" name="OTP" finished-at="2024-07-16T12:38:40 IST" duration-ms="11023" status="PASS">
          <reporter-output>
          </reporter-output>
        </test-method> <!-- OTP -->
        <test-method is-config="true" signature="screenShot(org.testng.ITestResult)[pri:0, instance:pivotalApplication.PivoFin1@6cb107fd]" started-at="2024-07-16T12:38:40 IST" name="screenShot" finished-at="2024-07-16T12:38:40 IST" duration-ms="0" status="PASS">
          <params>
            <param index="0">
              <value>
                <![CDATA[[TestResult name=OTP status=SUCCESS method=PivoFin1.OTP()[pri:3, instance:pivotalApplication.PivoFin1@6cb107fd] output={null}]]]>
              </value>
            </param>
          </params>
          <reporter-output>
          </reporter-output>
        </test-method> <!-- screenShot -->
        <test-method signature="submit()[pri:4, instance:pivotalApplication.PivoFin1@6cb107fd]" started-at="2024-07-16T12:38:40 IST" name="submit" finished-at="2024-07-16T12:38:48 IST" duration-ms="8191" status="PASS">
          <reporter-output>
          </reporter-output>
        </test-method> <!-- submit -->
        <test-method is-config="true" signature="screenShot(org.testng.ITestResult)[pri:0, instance:pivotalApplication.PivoFin1@6cb107fd]" started-at="2024-07-16T12:38:48 IST" name="screenShot" finished-at="2024-07-16T12:38:48 IST" duration-ms="0" status="PASS">
          <params>
            <param index="0">
              <value>
                <![CDATA[[TestResult name=submit status=SUCCESS method=PivoFin1.submit()[pri:4, instance:pivotalApplication.PivoFin1@6cb107fd] output={null}]]]>
              </value>
            </param>
          </params>
          <reporter-output>
          </reporter-output>
        </test-method> <!-- screenShot -->
        <test-method signature="Createptient()[pri:5, instance:pivotalApplication.PivoFin1@6cb107fd]" started-at="2024-07-16T12:38:48 IST" name="Createptient" finished-at="2024-07-16T12:38:53 IST" duration-ms="4492" status="PASS">
          <reporter-output>
          </reporter-output>
        </test-method> <!-- Createptient -->
        <test-method is-config="true" signature="screenShot(org.testng.ITestResult)[pri:0, instance:pivotalApplication.PivoFin1@6cb107fd]" started-at="2024-07-16T12:38:53 IST" name="screenShot" finished-at="2024-07-16T12:38:53 IST" duration-ms="0" status="PASS">
          <params>
            <param index="0">
              <value>
                <![CDATA[[TestResult name=Createptient status=SUCCESS method=PivoFin1.Createptient()[pri:5, instance:pivotalApplication.PivoFin1@6cb107fd] output={null}]]]>
              </value>
            </param>
          </params>
          <reporter-output>
          </reporter-output>
        </test-method> <!-- screenShot -->
        <test-method signature="Neweptient()[pri:7, instance:pivotalApplication.PivoFin1@6cb107fd]" started-at="2024-07-16T12:38:53 IST" name="Neweptient" finished-at="2024-07-16T12:39:05 IST" duration-ms="12329" status="PASS">
          <reporter-output>
          </reporter-output>
        </test-method> <!-- Neweptient -->
        <test-method is-config="true" signature="screenShot(org.testng.ITestResult)[pri:0, instance:pivotalApplication.PivoFin1@6cb107fd]" started-at="2024-07-16T12:39:05 IST" name="screenShot" finished-at="2024-07-16T12:39:05 IST" duration-ms="0" status="PASS">
          <params>
            <param index="0">
              <value>
                <![CDATA[[TestResult name=Neweptient status=SUCCESS method=PivoFin1.Neweptient()[pri:7, instance:pivotalApplication.PivoFin1@6cb107fd] output={null}]]]>
              </value>
            </param>
          </params>
          <reporter-output>
          </reporter-output>
        </test-method> <!-- screenShot -->
        <test-method signature="Close()[pri:8, instance:pivotalApplication.PivoFin1@6cb107fd]" started-at="2024-07-16T12:39:05 IST" name="Close" finished-at="2024-07-16T12:39:10 IST" duration-ms="5063" status="PASS">
          <reporter-output>
          </reporter-output>
        </test-method> <!-- Close -->
        <test-method is-config="true" signature="screenShot(org.testng.ITestResult)[pri:0, instance:pivotalApplication.PivoFin1@6cb107fd]" started-at="2024-07-16T12:39:10 IST" name="screenShot" finished-at="2024-07-16T12:39:10 IST" duration-ms="0" status="PASS">
          <params>
            <param index="0">
              <value>
                <![CDATA[[TestResult name=Close status=SUCCESS method=PivoFin1.Close()[pri:8, instance:pivotalApplication.PivoFin1@6cb107fd] output={null}]]]>
              </value>
            </param>
          </params>
          <reporter-output>
          </reporter-output>
        </test-method> <!-- screenShot -->
        <test-method signature="MobileNumber1()[pri:9, instance:pivotalApplication.PivoFin1@6cb107fd]" started-at="2024-07-16T12:39:10 IST" name="MobileNumber1" finished-at="2024-07-16T12:39:13 IST" duration-ms="3049" status="PASS">
          <reporter-output>
          </reporter-output>
        </test-method> <!-- MobileNumber1 -->
        <test-method is-config="true" signature="screenShot(org.testng.ITestResult)[pri:0, instance:pivotalApplication.PivoFin1@6cb107fd]" started-at="2024-07-16T12:39:13 IST" name="screenShot" finished-at="2024-07-16T12:39:13 IST" duration-ms="1" status="PASS">
          <params>
            <param index="0">
              <value>
                <![CDATA[[TestResult name=MobileNumber1 status=SUCCESS method=PivoFin1.MobileNumber1()[pri:9, instance:pivotalApplication.PivoFin1@6cb107fd] output={null}]]]>
              </value>
            </param>
          </params>
          <reporter-output>
          </reporter-output>
        </test-method> <!-- screenShot -->
        <test-method signature="confirm()[pri:10, instance:pivotalApplication.PivoFin1@6cb107fd]" started-at="2024-07-16T12:39:13 IST" name="confirm" finished-at="2024-07-16T12:39:18 IST" duration-ms="4575" status="PASS">
          <reporter-output>
          </reporter-output>
        </test-method> <!-- confirm -->
        <test-method is-config="true" signature="screenShot(org.testng.ITestResult)[pri:0, instance:pivotalApplication.PivoFin1@6cb107fd]" started-at="2024-07-16T12:39:18 IST" name="screenShot" finished-at="2024-07-16T12:39:18 IST" duration-ms="0" status="PASS">
          <params>
            <param index="0">
              <value>
                <![CDATA[[TestResult name=confirm status=SUCCESS method=PivoFin1.confirm()[pri:10, instance:pivotalApplication.PivoFin1@6cb107fd] output={null}]]]>
              </value>
            </param>
          </params>
          <reporter-output>
          </reporter-output>
        </test-method> <!-- screenShot -->
        <test-method signature="confirmPopup()[pri:11, instance:pivotalApplication.PivoFin1@6cb107fd]" started-at="2024-07-16T12:39:18 IST" name="confirmPopup" finished-at="2024-07-16T12:39:31 IST" duration-ms="12766" status="PASS">
          <reporter-output>
          </reporter-output>
        </test-method> <!-- confirmPopup -->
        <test-method is-config="true" signature="screenShot(org.testng.ITestResult)[pri:0, instance:pivotalApplication.PivoFin1@6cb107fd]" started-at="2024-07-16T12:39:31 IST" name="screenShot" finished-at="2024-07-16T12:39:31 IST" duration-ms="1" status="PASS">
          <params>
            <param index="0">
              <value>
                <![CDATA[[TestResult name=confirmPopup status=SUCCESS method=PivoFin1.confirmPopup()[pri:11, instance:pivotalApplication.PivoFin1@6cb107fd] output={null}]]]>
              </value>
            </param>
          </params>
          <reporter-output>
          </reporter-output>
        </test-method> <!-- screenShot -->
        <test-method signature="AdditionalNumber1()[pri:12, instance:pivotalApplication.PivoFin1@6cb107fd]" started-at="2024-07-16T12:39:31 IST" name="AdditionalNumber1" finished-at="2024-07-16T12:39:34 IST" duration-ms="3084" status="PASS">
          <reporter-output>
          </reporter-output>
        </test-method> <!-- AdditionalNumber1 -->
        <test-method is-config="true" signature="screenShot(org.testng.ITestResult)[pri:0, instance:pivotalApplication.PivoFin1@6cb107fd]" started-at="2024-07-16T12:39:34 IST" name="screenShot" finished-at="2024-07-16T12:39:34 IST" duration-ms="2" status="PASS">
          <params>
            <param index="0">
              <value>
                <![CDATA[[TestResult name=AdditionalNumber1 status=SUCCESS method=PivoFin1.AdditionalNumber1()[pri:12, instance:pivotalApplication.PivoFin1@6cb107fd] output={null}]]]>
              </value>
            </param>
          </params>
          <reporter-output>
          </reporter-output>
        </test-method> <!-- screenShot -->
        <test-method signature="FirstName()[pri:13, instance:pivotalApplication.PivoFin1@6cb107fd]" started-at="2024-07-16T12:39:34 IST" name="FirstName" finished-at="2024-07-16T12:39:39 IST" duration-ms="4982" status="PASS">
          <reporter-output>
          </reporter-output>
        </test-method> <!-- FirstName -->
        <test-method is-config="true" signature="screenShot(org.testng.ITestResult)[pri:0, instance:pivotalApplication.PivoFin1@6cb107fd]" started-at="2024-07-16T12:39:39 IST" name="screenShot" finished-at="2024-07-16T12:39:39 IST" duration-ms="1" status="PASS">
          <params>
            <param index="0">
              <value>
                <![CDATA[[TestResult name=FirstName status=SUCCESS method=PivoFin1.FirstName()[pri:13, instance:pivotalApplication.PivoFin1@6cb107fd] output={null}]]]>
              </value>
            </param>
          </params>
          <reporter-output>
          </reporter-output>
        </test-method> <!-- screenShot -->
        <test-method signature="MiddleName()[pri:14, instance:pivotalApplication.PivoFin1@6cb107fd]" started-at="2024-07-16T12:39:39 IST" name="MiddleName" finished-at="2024-07-16T12:39:44 IST" duration-ms="4987" status="PASS">
          <reporter-output>
          </reporter-output>
        </test-method> <!-- MiddleName -->
        <test-method is-config="true" signature="screenShot(org.testng.ITestResult)[pri:0, instance:pivotalApplication.PivoFin1@6cb107fd]" started-at="2024-07-16T12:39:44 IST" name="screenShot" finished-at="2024-07-16T12:39:44 IST" duration-ms="1" status="PASS">
          <params>
            <param index="0">
              <value>
                <![CDATA[[TestResult name=MiddleName status=SUCCESS method=PivoFin1.MiddleName()[pri:14, instance:pivotalApplication.PivoFin1@6cb107fd] output={null}]]]>
              </value>
            </param>
          </params>
          <reporter-output>
          </reporter-output>
        </test-method> <!-- screenShot -->
        <test-method signature="LastName()[pri:15, instance:pivotalApplication.PivoFin1@6cb107fd]" started-at="2024-07-16T12:39:44 IST" name="LastName" finished-at="2024-07-16T12:39:49 IST" duration-ms="4961" status="PASS">
          <reporter-output>
          </reporter-output>
        </test-method> <!-- LastName -->
        <test-method is-config="true" signature="screenShot(org.testng.ITestResult)[pri:0, instance:pivotalApplication.PivoFin1@6cb107fd]" started-at="2024-07-16T12:39:49 IST" name="screenShot" finished-at="2024-07-16T12:39:49 IST" duration-ms="2" status="PASS">
          <params>
            <param index="0">
              <value>
                <![CDATA[[TestResult name=LastName status=SUCCESS method=PivoFin1.LastName()[pri:15, instance:pivotalApplication.PivoFin1@6cb107fd] output={null}]]]>
              </value>
            </param>
          </params>
          <reporter-output>
          </reporter-output>
        </test-method> <!-- screenShot -->
        <test-method signature="BirthCalender()[pri:16, instance:pivotalApplication.PivoFin1@6cb107fd]" started-at="2024-07-16T12:39:49 IST" name="BirthCalender" finished-at="2024-07-16T12:39:54 IST" duration-ms="5471" status="PASS">
          <reporter-output>
          </reporter-output>
        </test-method> <!-- BirthCalender -->
        <test-method is-config="true" signature="screenShot(org.testng.ITestResult)[pri:0, instance:pivotalApplication.PivoFin1@6cb107fd]" started-at="2024-07-16T12:39:54 IST" name="screenShot" finished-at="2024-07-16T12:39:54 IST" duration-ms="1" status="PASS">
          <params>
            <param index="0">
              <value>
                <![CDATA[[TestResult name=BirthCalender status=SUCCESS method=PivoFin1.BirthCalender()[pri:16, instance:pivotalApplication.PivoFin1@6cb107fd] output={null}]]]>
              </value>
            </param>
          </params>
          <reporter-output>
          </reporter-output>
        </test-method> <!-- screenShot -->
        <test-method signature="Birthok()[pri:17, instance:pivotalApplication.PivoFin1@6cb107fd]" started-at="2024-07-16T12:39:54 IST" name="Birthok" finished-at="2024-07-16T12:39:58 IST" duration-ms="4388" status="PASS">
          <reporter-output>
          </reporter-output>
        </test-method> <!-- Birthok -->
        <test-method is-config="true" signature="screenShot(org.testng.ITestResult)[pri:0, instance:pivotalApplication.PivoFin1@6cb107fd]" started-at="2024-07-16T12:39:58 IST" name="screenShot" finished-at="2024-07-16T12:39:58 IST" duration-ms="0" status="PASS">
          <params>
            <param index="0">
              <value>
                <![CDATA[[TestResult name=Birthok status=SUCCESS method=PivoFin1.Birthok()[pri:17, instance:pivotalApplication.PivoFin1@6cb107fd] output={null}]]]>
              </value>
            </param>
          </params>
          <reporter-output>
          </reporter-output>
        </test-method> <!-- screenShot -->
        <test-method signature="GenFemale()[pri:18, instance:pivotalApplication.PivoFin1@6cb107fd]" started-at="2024-07-16T12:39:58 IST" name="GenFemale" finished-at="2024-07-16T12:40:03 IST" duration-ms="4486" status="PASS">
          <reporter-output>
          </reporter-output>
        </test-method> <!-- GenFemale -->
        <test-method is-config="true" signature="screenShot(org.testng.ITestResult)[pri:0, instance:pivotalApplication.PivoFin1@6cb107fd]" started-at="2024-07-16T12:40:03 IST" name="screenShot" finished-at="2024-07-16T12:40:03 IST" duration-ms="1" status="PASS">
          <params>
            <param index="0">
              <value>
                <![CDATA[[TestResult name=GenFemale status=SUCCESS method=PivoFin1.GenFemale()[pri:18, instance:pivotalApplication.PivoFin1@6cb107fd] output={null}]]]>
              </value>
            </param>
          </params>
          <reporter-output>
          </reporter-output>
        </test-method> <!-- screenShot -->
        <test-method signature="Address()[pri:19, instance:pivotalApplication.PivoFin1@6cb107fd]" started-at="2024-07-16T12:40:03 IST" name="Address" finished-at="2024-07-16T12:40:06 IST" duration-ms="2982" status="PASS">
          <reporter-output>
          </reporter-output>
        </test-method> <!-- Address -->
        <test-method is-config="true" signature="screenShot(org.testng.ITestResult)[pri:0, instance:pivotalApplication.PivoFin1@6cb107fd]" started-at="2024-07-16T12:40:06 IST" name="screenShot" finished-at="2024-07-16T12:40:06 IST" duration-ms="1" status="PASS">
          <params>
            <param index="0">
              <value>
                <![CDATA[[TestResult name=Address status=SUCCESS method=PivoFin1.Address()[pri:19, instance:pivotalApplication.PivoFin1@6cb107fd] output={null}]]]>
              </value>
            </param>
          </params>
          <reporter-output>
          </reporter-output>
        </test-method> <!-- screenShot -->
        <test-method signature="Area()[pri:20, instance:pivotalApplication.PivoFin1@6cb107fd]" started-at="2024-07-16T12:40:06 IST" name="Area" finished-at="2024-07-16T12:40:09 IST" duration-ms="2920" status="PASS">
          <reporter-output>
          </reporter-output>
        </test-method> <!-- Area -->
        <test-method is-config="true" signature="screenShot(org.testng.ITestResult)[pri:0, instance:pivotalApplication.PivoFin1@6cb107fd]" started-at="2024-07-16T12:40:09 IST" name="screenShot" finished-at="2024-07-16T12:40:09 IST" duration-ms="1" status="PASS">
          <params>
            <param index="0">
              <value>
                <![CDATA[[TestResult name=Area status=SUCCESS method=PivoFin1.Area()[pri:20, instance:pivotalApplication.PivoFin1@6cb107fd] output={null}]]]>
              </value>
            </param>
          </params>
          <reporter-output>
          </reporter-output>
        </test-method> <!-- screenShot -->
        <test-method signature="City()[pri:21, instance:pivotalApplication.PivoFin1@6cb107fd]" started-at="2024-07-16T12:40:09 IST" name="City" finished-at="2024-07-16T12:40:12 IST" duration-ms="2952" status="PASS">
          <reporter-output>
          </reporter-output>
        </test-method> <!-- City -->
        <test-method is-config="true" signature="screenShot(org.testng.ITestResult)[pri:0, instance:pivotalApplication.PivoFin1@6cb107fd]" started-at="2024-07-16T12:40:12 IST" name="screenShot" finished-at="2024-07-16T12:40:12 IST" duration-ms="2" status="PASS">
          <params>
            <param index="0">
              <value>
                <![CDATA[[TestResult name=City status=SUCCESS method=PivoFin1.City()[pri:21, instance:pivotalApplication.PivoFin1@6cb107fd] output={null}]]]>
              </value>
            </param>
          </params>
          <reporter-output>
          </reporter-output>
        </test-method> <!-- screenShot -->
        <test-method signature="PinCode()[pri:22, instance:pivotalApplication.PivoFin1@6cb107fd]" started-at="2024-07-16T12:40:12 IST" name="PinCode" finished-at="2024-07-16T12:40:15 IST" duration-ms="2928" status="PASS">
          <reporter-output>
          </reporter-output>
        </test-method> <!-- PinCode -->
        <test-method is-config="true" signature="screenShot(org.testng.ITestResult)[pri:0, instance:pivotalApplication.PivoFin1@6cb107fd]" started-at="2024-07-16T12:40:15 IST" name="screenShot" finished-at="2024-07-16T12:40:15 IST" duration-ms="0" status="PASS">
          <params>
            <param index="0">
              <value>
                <![CDATA[[TestResult name=PinCode status=SUCCESS method=PivoFin1.PinCode()[pri:22, instance:pivotalApplication.PivoFin1@6cb107fd] output={null}]]]>
              </value>
            </param>
          </params>
          <reporter-output>
          </reporter-output>
        </test-method> <!-- screenShot -->
        <test-method signature="Next()[pri:23, instance:pivotalApplication.PivoFin1@6cb107fd]" started-at="2024-07-16T12:40:15 IST" name="Next" finished-at="2024-07-16T12:40:30 IST" duration-ms="15410" status="PASS">
          <reporter-output>
          </reporter-output>
        </test-method> <!-- Next -->
        <test-method is-config="true" signature="screenShot(org.testng.ITestResult)[pri:0, instance:pivotalApplication.PivoFin1@6cb107fd]" started-at="2024-07-16T12:40:30 IST" name="screenShot" finished-at="2024-07-16T12:40:30 IST" duration-ms="0" status="PASS">
          <params>
            <param index="0">
              <value>
                <![CDATA[[TestResult name=Next status=SUCCESS method=PivoFin1.Next()[pri:23, instance:pivotalApplication.PivoFin1@6cb107fd] output={null}]]]>
              </value>
            </param>
          </params>
          <reporter-output>
          </reporter-output>
        </test-method> <!-- screenShot -->
        <test-method signature="ContinueProfile()[pri:25, instance:pivotalApplication.PivoFin1@6cb107fd]" started-at="2024-07-16T12:40:30 IST" name="ContinueProfile" finished-at="2024-07-16T12:40:41 IST" duration-ms="10369" status="PASS">
          <reporter-output>
          </reporter-output>
        </test-method> <!-- ContinueProfile -->
        <test-method is-config="true" signature="screenShot(org.testng.ITestResult)[pri:0, instance:pivotalApplication.PivoFin1@6cb107fd]" started-at="2024-07-16T12:40:41 IST" name="screenShot" finished-at="2024-07-16T12:40:41 IST" duration-ms="2" status="PASS">
          <params>
            <param index="0">
              <value>
                <![CDATA[[TestResult name=ContinueProfile status=SUCCESS method=PivoFin1.ContinueProfile()[pri:25, instance:pivotalApplication.PivoFin1@6cb107fd] output={null}]]]>
              </value>
            </param>
          </params>
          <reporter-output>
          </reporter-output>
        </test-method> <!-- screenShot -->
        <test-method signature="TypeOfDelivery()[pri:26, instance:pivotalApplication.PivoFin1@6cb107fd]" started-at="2024-07-16T12:40:41 IST" name="TypeOfDelivery" finished-at="2024-07-16T12:40:43 IST" duration-ms="2406" status="PASS">
          <reporter-output>
          </reporter-output>
        </test-method> <!-- TypeOfDelivery -->
        <test-method is-config="true" signature="screenShot(org.testng.ITestResult)[pri:0, instance:pivotalApplication.PivoFin1@6cb107fd]" started-at="2024-07-16T12:40:43 IST" name="screenShot" finished-at="2024-07-16T12:40:43 IST" duration-ms="3" status="PASS">
          <params>
            <param index="0">
              <value>
                <![CDATA[[TestResult name=TypeOfDelivery status=SUCCESS method=PivoFin1.TypeOfDelivery()[pri:26, instance:pivotalApplication.PivoFin1@6cb107fd] output={null}]]]>
              </value>
            </param>
          </params>
          <reporter-output>
          </reporter-output>
        </test-method> <!-- screenShot -->
        <test-method signature="TypeOfDeliveryNormal()[pri:27, instance:pivotalApplication.PivoFin1@6cb107fd]" started-at="2024-07-16T12:40:43 IST" name="TypeOfDeliveryNormal" finished-at="2024-07-16T12:40:46 IST" duration-ms="3482" status="PASS">
          <reporter-output>
          </reporter-output>
        </test-method> <!-- TypeOfDeliveryNormal -->
        <test-method is-config="true" signature="screenShot(org.testng.ITestResult)[pri:0, instance:pivotalApplication.PivoFin1@6cb107fd]" started-at="2024-07-16T12:40:46 IST" name="screenShot" finished-at="2024-07-16T12:40:46 IST" duration-ms="1" status="PASS">
          <params>
            <param index="0">
              <value>
                <![CDATA[[TestResult name=TypeOfDeliveryNormal status=SUCCESS method=PivoFin1.TypeOfDeliveryNormal()[pri:27, instance:pivotalApplication.PivoFin1@6cb107fd] output={null}]]]>
              </value>
            </param>
          </params>
          <reporter-output>
          </reporter-output>
        </test-method> <!-- screenShot -->
        <test-method signature="weightl()[pri:28, instance:pivotalApplication.PivoFin1@6cb107fd]" started-at="2024-07-16T12:40:46 IST" name="weightl" finished-at="2024-07-16T12:40:49 IST" duration-ms="2376" status="PASS">
          <reporter-output>
          </reporter-output>
        </test-method> <!-- weightl -->
        <test-method is-config="true" signature="screenShot(org.testng.ITestResult)[pri:0, instance:pivotalApplication.PivoFin1@6cb107fd]" started-at="2024-07-16T12:40:49 IST" name="screenShot" finished-at="2024-07-16T12:40:49 IST" duration-ms="1" status="PASS">
          <params>
            <param index="0">
              <value>
                <![CDATA[[TestResult name=weightl status=SUCCESS method=PivoFin1.weightl()[pri:28, instance:pivotalApplication.PivoFin1@6cb107fd] output={null}]]]>
              </value>
            </param>
          </params>
          <reporter-output>
          </reporter-output>
        </test-method> <!-- screenShot -->
        <test-method signature="Heightl()[pri:29, instance:pivotalApplication.PivoFin1@6cb107fd]" started-at="2024-07-16T12:40:49 IST" name="Heightl" finished-at="2024-07-16T12:40:51 IST" duration-ms="2355" status="PASS">
          <reporter-output>
          </reporter-output>
        </test-method> <!-- Heightl -->
        <test-method is-config="true" signature="screenShot(org.testng.ITestResult)[pri:0, instance:pivotalApplication.PivoFin1@6cb107fd]" started-at="2024-07-16T12:40:51 IST" name="screenShot" finished-at="2024-07-16T12:40:51 IST" duration-ms="0" status="PASS">
          <params>
            <param index="0">
              <value>
                <![CDATA[[TestResult name=Heightl status=SUCCESS method=PivoFin1.Heightl()[pri:29, instance:pivotalApplication.PivoFin1@6cb107fd] output={null}]]]>
              </value>
            </param>
          </params>
          <reporter-output>
          </reporter-output>
        </test-method> <!-- screenShot -->
        <test-method signature="HC()[pri:30, instance:pivotalApplication.PivoFin1@6cb107fd]" started-at="2024-07-16T12:40:51 IST" name="HC" finished-at="2024-07-16T12:40:54 IST" duration-ms="2547" status="PASS">
          <reporter-output>
          </reporter-output>
        </test-method> <!-- HC -->
        <test-method is-config="true" signature="screenShot(org.testng.ITestResult)[pri:0, instance:pivotalApplication.PivoFin1@6cb107fd]" started-at="2024-07-16T12:40:54 IST" name="screenShot" finished-at="2024-07-16T12:40:54 IST" duration-ms="0" status="PASS">
          <params>
            <param index="0">
              <value>
                <![CDATA[[TestResult name=HC status=SUCCESS method=PivoFin1.HC()[pri:30, instance:pivotalApplication.PivoFin1@6cb107fd] output={null}]]]>
              </value>
            </param>
          </params>
          <reporter-output>
          </reporter-output>
        </test-method> <!-- screenShot -->
        <test-method signature="CC()[pri:31, instance:pivotalApplication.PivoFin1@6cb107fd]" started-at="2024-07-16T12:40:54 IST" name="CC" finished-at="2024-07-16T12:40:56 IST" duration-ms="2344" status="PASS">
          <reporter-output>
          </reporter-output>
        </test-method> <!-- CC -->
        <test-method is-config="true" signature="screenShot(org.testng.ITestResult)[pri:0, instance:pivotalApplication.PivoFin1@6cb107fd]" started-at="2024-07-16T12:40:56 IST" name="screenShot" finished-at="2024-07-16T12:40:56 IST" duration-ms="0" status="PASS">
          <params>
            <param index="0">
              <value>
                <![CDATA[[TestResult name=CC status=SUCCESS method=PivoFin1.CC()[pri:31, instance:pivotalApplication.PivoFin1@6cb107fd] output={null}]]]>
              </value>
            </param>
          </params>
          <reporter-output>
          </reporter-output>
        </test-method> <!-- screenShot -->
        <test-method signature="BPSYS()[pri:32, instance:pivotalApplication.PivoFin1@6cb107fd]" started-at="2024-07-16T12:40:56 IST" name="BPSYS" finished-at="2024-07-16T12:40:59 IST" duration-ms="2886" status="PASS">
          <reporter-output>
          </reporter-output>
        </test-method> <!-- BPSYS -->
        <test-method is-config="true" signature="screenShot(org.testng.ITestResult)[pri:0, instance:pivotalApplication.PivoFin1@6cb107fd]" started-at="2024-07-16T12:40:59 IST" name="screenShot" finished-at="2024-07-16T12:40:59 IST" duration-ms="0" status="PASS">
          <params>
            <param index="0">
              <value>
                <![CDATA[[TestResult name=BPSYS status=SUCCESS method=PivoFin1.BPSYS()[pri:32, instance:pivotalApplication.PivoFin1@6cb107fd] output={null}]]]>
              </value>
            </param>
          </params>
          <reporter-output>
          </reporter-output>
        </test-method> <!-- screenShot -->
        <test-method signature="BPDia()[pri:33, instance:pivotalApplication.PivoFin1@6cb107fd]" started-at="2024-07-16T12:40:59 IST" name="BPDia" finished-at="2024-07-16T12:41:01 IST" duration-ms="2325" status="PASS">
          <reporter-output>
          </reporter-output>
        </test-method> <!-- BPDia -->
        <test-method is-config="true" signature="screenShot(org.testng.ITestResult)[pri:0, instance:pivotalApplication.PivoFin1@6cb107fd]" started-at="2024-07-16T12:41:01 IST" name="screenShot" finished-at="2024-07-16T12:41:01 IST" duration-ms="0" status="PASS">
          <params>
            <param index="0">
              <value>
                <![CDATA[[TestResult name=BPDia status=SUCCESS method=PivoFin1.BPDia()[pri:33, instance:pivotalApplication.PivoFin1@6cb107fd] output={null}]]]>
              </value>
            </param>
          </params>
          <reporter-output>
          </reporter-output>
        </test-method> <!-- screenShot -->
        <test-method signature="BloodGroup()[pri:34, instance:pivotalApplication.PivoFin1@6cb107fd]" started-at="2024-07-16T12:41:01 IST" name="BloodGroup" finished-at="2024-07-16T12:41:04 IST" duration-ms="2421" status="PASS">
          <reporter-output>
          </reporter-output>
        </test-method> <!-- BloodGroup -->
        <test-method is-config="true" signature="screenShot(org.testng.ITestResult)[pri:0, instance:pivotalApplication.PivoFin1@6cb107fd]" started-at="2024-07-16T12:41:04 IST" name="screenShot" finished-at="2024-07-16T12:41:04 IST" duration-ms="2" status="PASS">
          <params>
            <param index="0">
              <value>
                <![CDATA[[TestResult name=BloodGroup status=SUCCESS method=PivoFin1.BloodGroup()[pri:34, instance:pivotalApplication.PivoFin1@6cb107fd] output={null}]]]>
              </value>
            </param>
          </params>
          <reporter-output>
          </reporter-output>
        </test-method> <!-- screenShot -->
        <test-method signature="BloodGroupA()[pri:35, instance:pivotalApplication.PivoFin1@6cb107fd]" started-at="2024-07-16T12:41:04 IST" name="BloodGroupA" finished-at="2024-07-16T12:41:06 IST" duration-ms="2257" status="PASS">
          <reporter-output>
          </reporter-output>
        </test-method> <!-- BloodGroupA -->
        <test-method is-config="true" signature="screenShot(org.testng.ITestResult)[pri:0, instance:pivotalApplication.PivoFin1@6cb107fd]" started-at="2024-07-16T12:41:06 IST" name="screenShot" finished-at="2024-07-16T12:41:06 IST" duration-ms="0" status="PASS">
          <params>
            <param index="0">
              <value>
                <![CDATA[[TestResult name=BloodGroupA status=SUCCESS method=PivoFin1.BloodGroupA()[pri:35, instance:pivotalApplication.PivoFin1@6cb107fd] output={null}]]]>
              </value>
            </param>
          </params>
          <reporter-output>
          </reporter-output>
        </test-method> <!-- screenShot -->
        <test-method signature="BirthHistoryNext()[pri:36, instance:pivotalApplication.PivoFin1@6cb107fd]" started-at="2024-07-16T12:41:06 IST" name="BirthHistoryNext" finished-at="2024-07-16T12:41:13 IST" duration-ms="7464" status="PASS">
          <reporter-output>
          </reporter-output>
        </test-method> <!-- BirthHistoryNext -->
        <test-method is-config="true" signature="screenShot(org.testng.ITestResult)[pri:0, instance:pivotalApplication.PivoFin1@6cb107fd]" started-at="2024-07-16T12:41:13 IST" name="screenShot" finished-at="2024-07-16T12:41:14 IST" duration-ms="1" status="PASS">
          <params>
            <param index="0">
              <value>
                <![CDATA[[TestResult name=BirthHistoryNext status=SUCCESS method=PivoFin1.BirthHistoryNext()[pri:36, instance:pivotalApplication.PivoFin1@6cb107fd] output={null}]]]>
              </value>
            </param>
          </params>
          <reporter-output>
          </reporter-output>
        </test-method> <!-- screenShot -->
        <test-method signature="MedicalConditionAdd()[pri:37, instance:pivotalApplication.PivoFin1@6cb107fd]" started-at="2024-07-16T12:41:14 IST" name="MedicalConditionAdd" finished-at="2024-07-16T12:41:17 IST" duration-ms="3867" status="PASS">
          <reporter-output>
          </reporter-output>
        </test-method> <!-- MedicalConditionAdd -->
        <test-method is-config="true" signature="screenShot(org.testng.ITestResult)[pri:0, instance:pivotalApplication.PivoFin1@6cb107fd]" started-at="2024-07-16T12:41:17 IST" name="screenShot" finished-at="2024-07-16T12:41:17 IST" duration-ms="1" status="PASS">
          <params>
            <param index="0">
              <value>
                <![CDATA[[TestResult name=MedicalConditionAdd status=SUCCESS method=PivoFin1.MedicalConditionAdd()[pri:37, instance:pivotalApplication.PivoFin1@6cb107fd] output={null}]]]>
              </value>
            </param>
          </params>
          <reporter-output>
          </reporter-output>
        </test-method> <!-- screenShot -->
        <test-method signature="MedicalConditionSelect()[pri:38, instance:pivotalApplication.PivoFin1@6cb107fd]" started-at="2024-07-16T12:41:17 IST" name="MedicalConditionSelect" finished-at="2024-07-16T12:41:21 IST" duration-ms="3621" status="PASS">
          <reporter-output>
          </reporter-output>
        </test-method> <!-- MedicalConditionSelect -->
        <test-method is-config="true" signature="screenShot(org.testng.ITestResult)[pri:0, instance:pivotalApplication.PivoFin1@6cb107fd]" started-at="2024-07-16T12:41:21 IST" name="screenShot" finished-at="2024-07-16T12:41:21 IST" duration-ms="0" status="PASS">
          <params>
            <param index="0">
              <value>
                <![CDATA[[TestResult name=MedicalConditionSelect status=SUCCESS method=PivoFin1.MedicalConditionSelect()[pri:38, instance:pivotalApplication.PivoFin1@6cb107fd] output={null}]]]>
              </value>
            </param>
          </params>
          <reporter-output>
          </reporter-output>
        </test-method> <!-- screenShot -->
        <test-method signature="AddMedicalCondition()[pri:39, instance:pivotalApplication.PivoFin1@6cb107fd]" started-at="2024-07-16T12:41:21 IST" name="AddMedicalCondition" finished-at="2024-07-16T12:41:23 IST" duration-ms="2440" status="PASS">
          <reporter-output>
          </reporter-output>
        </test-method> <!-- AddMedicalCondition -->
        <test-method is-config="true" signature="screenShot(org.testng.ITestResult)[pri:0, instance:pivotalApplication.PivoFin1@6cb107fd]" started-at="2024-07-16T12:41:23 IST" name="screenShot" finished-at="2024-07-16T12:41:23 IST" duration-ms="0" status="PASS">
          <params>
            <param index="0">
              <value>
                <![CDATA[[TestResult name=AddMedicalCondition status=SUCCESS method=PivoFin1.AddMedicalCondition()[pri:39, instance:pivotalApplication.PivoFin1@6cb107fd] output={null}]]]>
              </value>
            </param>
          </params>
          <reporter-output>
          </reporter-output>
        </test-method> <!-- screenShot -->
        <test-method signature="Allergies()[pri:40, instance:pivotalApplication.PivoFin1@6cb107fd]" started-at="2024-07-16T12:41:23 IST" name="Allergies" finished-at="2024-07-16T12:41:26 IST" duration-ms="2875" status="PASS">
          <reporter-output>
          </reporter-output>
        </test-method> <!-- Allergies -->
        <test-method is-config="true" signature="screenShot(org.testng.ITestResult)[pri:0, instance:pivotalApplication.PivoFin1@6cb107fd]" started-at="2024-07-16T12:41:26 IST" name="screenShot" finished-at="2024-07-16T12:41:26 IST" duration-ms="2" status="PASS">
          <params>
            <param index="0">
              <value>
                <![CDATA[[TestResult name=Allergies status=SUCCESS method=PivoFin1.Allergies()[pri:40, instance:pivotalApplication.PivoFin1@6cb107fd] output={null}]]]>
              </value>
            </param>
          </params>
          <reporter-output>
          </reporter-output>
        </test-method> <!-- screenShot -->
        <test-method signature="Reactions()[pri:41, instance:pivotalApplication.PivoFin1@6cb107fd]" started-at="2024-07-16T12:41:26 IST" name="Reactions" finished-at="2024-07-16T12:41:29 IST" duration-ms="2865" status="PASS">
          <reporter-output>
          </reporter-output>
        </test-method> <!-- Reactions -->
        <test-method is-config="true" signature="screenShot(org.testng.ITestResult)[pri:0, instance:pivotalApplication.PivoFin1@6cb107fd]" started-at="2024-07-16T12:41:29 IST" name="screenShot" finished-at="2024-07-16T12:41:29 IST" duration-ms="0" status="PASS">
          <params>
            <param index="0">
              <value>
                <![CDATA[[TestResult name=Reactions status=SUCCESS method=PivoFin1.Reactions()[pri:41, instance:pivotalApplication.PivoFin1@6cb107fd] output={null}]]]>
              </value>
            </param>
          </params>
          <reporter-output>
          </reporter-output>
        </test-method> <!-- screenShot -->
        <test-method signature="RecurringComplaints()[pri:42, instance:pivotalApplication.PivoFin1@6cb107fd]" started-at="2024-07-16T12:41:29 IST" name="RecurringComplaints" finished-at="2024-07-16T12:41:32 IST" duration-ms="2839" status="PASS">
          <reporter-output>
          </reporter-output>
        </test-method> <!-- RecurringComplaints -->
        <test-method is-config="true" signature="screenShot(org.testng.ITestResult)[pri:0, instance:pivotalApplication.PivoFin1@6cb107fd]" started-at="2024-07-16T12:41:32 IST" name="screenShot" finished-at="2024-07-16T12:41:32 IST" duration-ms="1" status="PASS">
          <params>
            <param index="0">
              <value>
                <![CDATA[[TestResult name=RecurringComplaints status=SUCCESS method=PivoFin1.RecurringComplaints()[pri:42, instance:pivotalApplication.PivoFin1@6cb107fd] output={null}]]]>
              </value>
            </param>
          </params>
          <reporter-output>
          </reporter-output>
        </test-method> <!-- screenShot -->
        <test-method signature="HospitalizationHistory()[pri:43, instance:pivotalApplication.PivoFin1@6cb107fd]" started-at="2024-07-16T12:41:32 IST" name="HospitalizationHistory" finished-at="2024-07-16T12:41:35 IST" duration-ms="2868" status="PASS">
          <reporter-output>
          </reporter-output>
        </test-method> <!-- HospitalizationHistory -->
        <test-method is-config="true" signature="screenShot(org.testng.ITestResult)[pri:0, instance:pivotalApplication.PivoFin1@6cb107fd]" started-at="2024-07-16T12:41:35 IST" name="screenShot" finished-at="2024-07-16T12:41:35 IST" duration-ms="0" status="PASS">
          <params>
            <param index="0">
              <value>
                <![CDATA[[TestResult name=HospitalizationHistory status=SUCCESS method=PivoFin1.HospitalizationHistory()[pri:43, instance:pivotalApplication.PivoFin1@6cb107fd] output={null}]]]>
              </value>
            </param>
          </params>
          <reporter-output>
          </reporter-output>
        </test-method> <!-- screenShot -->
        <test-method signature="HealthHistory()[pri:44, instance:pivotalApplication.PivoFin1@6cb107fd]" started-at="2024-07-16T12:41:35 IST" name="HealthHistory" finished-at="2024-07-16T12:41:38 IST" duration-ms="2855" status="PASS">
          <reporter-output>
          </reporter-output>
        </test-method> <!-- HealthHistory -->
        <test-method is-config="true" signature="screenShot(org.testng.ITestResult)[pri:0, instance:pivotalApplication.PivoFin1@6cb107fd]" started-at="2024-07-16T12:41:38 IST" name="screenShot" finished-at="2024-07-16T12:41:38 IST" duration-ms="0" status="PASS">
          <params>
            <param index="0">
              <value>
                <![CDATA[[TestResult name=HealthHistory status=SUCCESS method=PivoFin1.HealthHistory()[pri:44, instance:pivotalApplication.PivoFin1@6cb107fd] output={null}]]]>
              </value>
            </param>
          </params>
          <reporter-output>
          </reporter-output>
        </test-method> <!-- screenShot -->
        <test-method signature="GeneticdisoredrAdd()[pri:45, instance:pivotalApplication.PivoFin1@6cb107fd]" started-at="2024-07-16T12:41:38 IST" name="GeneticdisoredrAdd" finished-at="2024-07-16T12:41:42 IST" duration-ms="4012" status="PASS">
          <reporter-output>
          </reporter-output>
        </test-method> <!-- GeneticdisoredrAdd -->
        <test-method is-config="true" signature="screenShot(org.testng.ITestResult)[pri:0, instance:pivotalApplication.PivoFin1@6cb107fd]" started-at="2024-07-16T12:41:42 IST" name="screenShot" finished-at="2024-07-16T12:41:42 IST" duration-ms="1" status="PASS">
          <params>
            <param index="0">
              <value>
                <![CDATA[[TestResult name=GeneticdisoredrAdd status=SUCCESS method=PivoFin1.GeneticdisoredrAdd()[pri:45, instance:pivotalApplication.PivoFin1@6cb107fd] output={null}]]]>
              </value>
            </param>
          </params>
          <reporter-output>
          </reporter-output>
        </test-method> <!-- screenShot -->
        <test-method signature="GeneticdisoredrSelect()[pri:46, instance:pivotalApplication.PivoFin1@6cb107fd]" started-at="2024-07-16T12:41:42 IST" name="GeneticdisoredrSelect" finished-at="2024-07-16T12:41:55 IST" duration-ms="13041" status="PASS">
          <reporter-output>
          </reporter-output>
        </test-method> <!-- GeneticdisoredrSelect -->
        <test-method is-config="true" signature="screenShot(org.testng.ITestResult)[pri:0, instance:pivotalApplication.PivoFin1@6cb107fd]" started-at="2024-07-16T12:41:55 IST" name="screenShot" finished-at="2024-07-16T12:41:55 IST" duration-ms="0" status="PASS">
          <params>
            <param index="0">
              <value>
                <![CDATA[[TestResult name=GeneticdisoredrSelect status=SUCCESS method=PivoFin1.GeneticdisoredrSelect()[pri:46, instance:pivotalApplication.PivoFin1@6cb107fd] output={null}]]]>
              </value>
            </param>
          </params>
          <reporter-output>
          </reporter-output>
        </test-method> <!-- screenShot -->
        <test-method signature="AddGeneticdisoredr()[pri:47, instance:pivotalApplication.PivoFin1@6cb107fd]" started-at="2024-07-16T12:41:55 IST" name="AddGeneticdisoredr" finished-at="2024-07-16T12:41:57 IST" duration-ms="2542" status="PASS">
          <reporter-output>
          </reporter-output>
        </test-method> <!-- AddGeneticdisoredr -->
        <test-method is-config="true" signature="screenShot(org.testng.ITestResult)[pri:0, instance:pivotalApplication.PivoFin1@6cb107fd]" started-at="2024-07-16T12:41:57 IST" name="screenShot" finished-at="2024-07-16T12:41:57 IST" duration-ms="0" status="PASS">
          <params>
            <param index="0">
              <value>
                <![CDATA[[TestResult name=AddGeneticdisoredr status=SUCCESS method=PivoFin1.AddGeneticdisoredr()[pri:47, instance:pivotalApplication.PivoFin1@6cb107fd] output={null}]]]>
              </value>
            </param>
          </params>
          <reporter-output>
          </reporter-output>
        </test-method> <!-- screenShot -->
        <test-method signature="OtherEmailId()[pri:48, instance:pivotalApplication.PivoFin1@6cb107fd]" started-at="2024-07-16T12:41:57 IST" name="OtherEmailId" finished-at="2024-07-16T12:42:00 IST" duration-ms="2852" status="PASS">
          <reporter-output>
          </reporter-output>
        </test-method> <!-- OtherEmailId -->
        <test-method is-config="true" signature="screenShot(org.testng.ITestResult)[pri:0, instance:pivotalApplication.PivoFin1@6cb107fd]" started-at="2024-07-16T12:42:00 IST" name="screenShot" finished-at="2024-07-16T12:42:00 IST" duration-ms="0" status="PASS">
          <params>
            <param index="0">
              <value>
                <![CDATA[[TestResult name=OtherEmailId status=SUCCESS method=PivoFin1.OtherEmailId()[pri:48, instance:pivotalApplication.PivoFin1@6cb107fd] output={null}]]]>
              </value>
            </param>
          </params>
          <reporter-output>
          </reporter-output>
        </test-method> <!-- screenShot -->
        <test-method signature="helathNext()[pri:49, instance:pivotalApplication.PivoFin1@6cb107fd]" started-at="2024-07-16T12:42:00 IST" name="helathNext" finished-at="2024-07-16T12:42:03 IST" duration-ms="2374" status="PASS">
          <reporter-output>
          </reporter-output>
        </test-method> <!-- helathNext -->
        <test-method is-config="true" signature="screenShot(org.testng.ITestResult)[pri:0, instance:pivotalApplication.PivoFin1@6cb107fd]" started-at="2024-07-16T12:42:03 IST" name="screenShot" finished-at="2024-07-16T12:42:03 IST" duration-ms="1" status="PASS">
          <params>
            <param index="0">
              <value>
                <![CDATA[[TestResult name=helathNext status=SUCCESS method=PivoFin1.helathNext()[pri:49, instance:pivotalApplication.PivoFin1@6cb107fd] output={null}]]]>
              </value>
            </param>
          </params>
          <reporter-output>
          </reporter-output>
        </test-method> <!-- screenShot -->
        <test-method signature="FathersName()[pri:50, instance:pivotalApplication.PivoFin1@6cb107fd]" started-at="2024-07-16T12:42:03 IST" name="FathersName" finished-at="2024-07-16T12:42:06 IST" duration-ms="2876" status="PASS">
          <reporter-output>
          </reporter-output>
        </test-method> <!-- FathersName -->
        <test-method is-config="true" signature="screenShot(org.testng.ITestResult)[pri:0, instance:pivotalApplication.PivoFin1@6cb107fd]" started-at="2024-07-16T12:42:06 IST" name="screenShot" finished-at="2024-07-16T12:42:06 IST" duration-ms="1" status="PASS">
          <params>
            <param index="0">
              <value>
                <![CDATA[[TestResult name=FathersName status=SUCCESS method=PivoFin1.FathersName()[pri:50, instance:pivotalApplication.PivoFin1@6cb107fd] output={null}]]]>
              </value>
            </param>
          </params>
          <reporter-output>
          </reporter-output>
        </test-method> <!-- screenShot -->
        <test-method signature="MothersName()[pri:51, instance:pivotalApplication.PivoFin1@6cb107fd]" started-at="2024-07-16T12:42:06 IST" name="MothersName" finished-at="2024-07-16T12:42:08 IST" duration-ms="2797" status="PASS">
          <reporter-output>
          </reporter-output>
        </test-method> <!-- MothersName -->
        <test-method is-config="true" signature="screenShot(org.testng.ITestResult)[pri:0, instance:pivotalApplication.PivoFin1@6cb107fd]" started-at="2024-07-16T12:42:08 IST" name="screenShot" finished-at="2024-07-16T12:42:08 IST" duration-ms="0" status="PASS">
          <params>
            <param index="0">
              <value>
                <![CDATA[[TestResult name=MothersName status=SUCCESS method=PivoFin1.MothersName()[pri:51, instance:pivotalApplication.PivoFin1@6cb107fd] output={null}]]]>
              </value>
            </param>
          </params>
          <reporter-output>
          </reporter-output>
        </test-method> <!-- screenShot -->
        <test-method signature="Fatherheight()[pri:52, instance:pivotalApplication.PivoFin1@6cb107fd]" started-at="2024-07-16T12:42:08 IST" name="Fatherheight" finished-at="2024-07-16T12:42:16 IST" duration-ms="7662" status="PASS">
          <reporter-output>
          </reporter-output>
        </test-method> <!-- Fatherheight -->
        <test-method is-config="true" signature="screenShot(org.testng.ITestResult)[pri:0, instance:pivotalApplication.PivoFin1@6cb107fd]" started-at="2024-07-16T12:42:16 IST" name="screenShot" finished-at="2024-07-16T12:42:16 IST" duration-ms="0" status="PASS">
          <params>
            <param index="0">
              <value>
                <![CDATA[[TestResult name=Fatherheight status=SUCCESS method=PivoFin1.Fatherheight()[pri:52, instance:pivotalApplication.PivoFin1@6cb107fd] output={null}]]]>
              </value>
            </param>
          </params>
          <reporter-output>
          </reporter-output>
        </test-method> <!-- screenShot -->
        <test-method signature="Mothersheight()[pri:53, instance:pivotalApplication.PivoFin1@6cb107fd]" started-at="2024-07-16T12:42:16 IST" name="Mothersheight" finished-at="2024-07-16T12:42:22 IST" duration-ms="5635" status="PASS">
          <reporter-output>
          </reporter-output>
        </test-method> <!-- Mothersheight -->
        <test-method is-config="true" signature="screenShot(org.testng.ITestResult)[pri:0, instance:pivotalApplication.PivoFin1@6cb107fd]" started-at="2024-07-16T12:42:22 IST" name="screenShot" finished-at="2024-07-16T12:42:22 IST" duration-ms="1" status="PASS">
          <params>
            <param index="0">
              <value>
                <![CDATA[[TestResult name=Mothersheight status=SUCCESS method=PivoFin1.Mothersheight()[pri:53, instance:pivotalApplication.PivoFin1@6cb107fd] output={null}]]]>
              </value>
            </param>
          </params>
          <reporter-output>
          </reporter-output>
        </test-method> <!-- screenShot -->
        <test-method signature="FamailyMedicalHistory()[pri:54, instance:pivotalApplication.PivoFin1@6cb107fd]" started-at="2024-07-16T12:42:22 IST" name="FamailyMedicalHistory" finished-at="2024-07-16T12:42:30 IST" duration-ms="8382" status="PASS">
          <reporter-output>
          </reporter-output>
        </test-method> <!-- FamailyMedicalHistory -->
        <test-method is-config="true" signature="screenShot(org.testng.ITestResult)[pri:0, instance:pivotalApplication.PivoFin1@6cb107fd]" started-at="2024-07-16T12:42:30 IST" name="screenShot" finished-at="2024-07-16T12:42:30 IST" duration-ms="1" status="PASS">
          <params>
            <param index="0">
              <value>
                <![CDATA[[TestResult name=FamailyMedicalHistory status=SUCCESS method=PivoFin1.FamailyMedicalHistory()[pri:54, instance:pivotalApplication.PivoFin1@6cb107fd] output={null}]]]>
              </value>
            </param>
          </params>
          <reporter-output>
          </reporter-output>
        </test-method> <!-- screenShot -->
        <test-method signature="EnterDisorders()[pri:55, instance:pivotalApplication.PivoFin1@6cb107fd]" started-at="2024-07-16T12:42:30 IST" name="EnterDisorders" finished-at="2024-07-16T12:42:46 IST" duration-ms="15760" status="PASS">
          <reporter-output>
          </reporter-output>
        </test-method> <!-- EnterDisorders -->
        <test-method is-config="true" signature="screenShot(org.testng.ITestResult)[pri:0, instance:pivotalApplication.PivoFin1@6cb107fd]" started-at="2024-07-16T12:42:46 IST" name="screenShot" finished-at="2024-07-16T12:42:46 IST" duration-ms="1" status="PASS">
          <params>
            <param index="0">
              <value>
                <![CDATA[[TestResult name=EnterDisorders status=SUCCESS method=PivoFin1.EnterDisorders()[pri:55, instance:pivotalApplication.PivoFin1@6cb107fd] output={null}]]]>
              </value>
            </param>
          </params>
          <reporter-output>
          </reporter-output>
        </test-method> <!-- screenShot -->
        <test-method signature="AddVital()[pri:56, instance:pivotalApplication.PivoFin1@6cb107fd]" started-at="2024-07-16T12:42:46 IST" name="AddVital" finished-at="2024-07-16T12:42:51 IST" duration-ms="5356" status="PASS">
          <reporter-output>
          </reporter-output>
        </test-method> <!-- AddVital -->
        <test-method is-config="true" signature="screenShot(org.testng.ITestResult)[pri:0, instance:pivotalApplication.PivoFin1@6cb107fd]" started-at="2024-07-16T12:42:51 IST" name="screenShot" finished-at="2024-07-16T12:42:51 IST" duration-ms="0" status="PASS">
          <params>
            <param index="0">
              <value>
                <![CDATA[[TestResult name=AddVital status=SUCCESS method=PivoFin1.AddVital()[pri:56, instance:pivotalApplication.PivoFin1@6cb107fd] output={null}]]]>
              </value>
            </param>
          </params>
          <reporter-output>
          </reporter-output>
        </test-method> <!-- screenShot -->
        <test-method signature="weight()[pri:58, instance:pivotalApplication.PivoFin1@6cb107fd]" started-at="2024-07-16T12:42:51 IST" name="weight" finished-at="2024-07-16T12:42:52 IST" duration-ms="337" status="PASS">
          <reporter-output>
          </reporter-output>
        </test-method> <!-- weight -->
        <test-method is-config="true" signature="screenShot(org.testng.ITestResult)[pri:0, instance:pivotalApplication.PivoFin1@6cb107fd]" started-at="2024-07-16T12:42:52 IST" name="screenShot" finished-at="2024-07-16T12:42:52 IST" duration-ms="1" status="PASS">
          <params>
            <param index="0">
              <value>
                <![CDATA[[TestResult name=weight status=SUCCESS method=PivoFin1.weight()[pri:58, instance:pivotalApplication.PivoFin1@6cb107fd] output={null}]]]>
              </value>
            </param>
          </params>
          <reporter-output>
          </reporter-output>
        </test-method> <!-- screenShot -->
        <test-method signature="Height()[pri:59, instance:pivotalApplication.PivoFin1@6cb107fd]" started-at="2024-07-16T12:42:52 IST" name="Height" finished-at="2024-07-16T12:42:57 IST" duration-ms="5982" status="PASS">
          <reporter-output>
          </reporter-output>
        </test-method> <!-- Height -->
        <test-method is-config="true" signature="screenShot(org.testng.ITestResult)[pri:0, instance:pivotalApplication.PivoFin1@6cb107fd]" started-at="2024-07-16T12:42:57 IST" name="screenShot" finished-at="2024-07-16T12:42:57 IST" duration-ms="1" status="PASS">
          <params>
            <param index="0">
              <value>
                <![CDATA[[TestResult name=Height status=SUCCESS method=PivoFin1.Height()[pri:59, instance:pivotalApplication.PivoFin1@6cb107fd] output={null}]]]>
              </value>
            </param>
          </params>
          <reporter-output>
          </reporter-output>
        </test-method> <!-- screenShot -->
        <test-method signature="HC1()[pri:60, instance:pivotalApplication.PivoFin1@6cb107fd]" started-at="2024-07-16T12:42:57 IST" name="HC1" finished-at="2024-07-16T12:43:03 IST" duration-ms="5324" status="PASS">
          <reporter-output>
          </reporter-output>
        </test-method> <!-- HC1 -->
        <test-method is-config="true" signature="screenShot(org.testng.ITestResult)[pri:0, instance:pivotalApplication.PivoFin1@6cb107fd]" started-at="2024-07-16T12:43:03 IST" name="screenShot" finished-at="2024-07-16T12:43:03 IST" duration-ms="1" status="PASS">
          <params>
            <param index="0">
              <value>
                <![CDATA[[TestResult name=HC1 status=SUCCESS method=PivoFin1.HC1()[pri:60, instance:pivotalApplication.PivoFin1@6cb107fd] output={null}]]]>
              </value>
            </param>
          </params>
          <reporter-output>
          </reporter-output>
        </test-method> <!-- screenShot -->
        <test-method signature="Temperature()[pri:62, instance:pivotalApplication.PivoFin1@6cb107fd]" started-at="2024-07-16T12:43:03 IST" name="Temperature" finished-at="2024-07-16T12:43:09 IST" duration-ms="5854" status="PASS">
          <reporter-output>
          </reporter-output>
        </test-method> <!-- Temperature -->
        <test-method is-config="true" signature="screenShot(org.testng.ITestResult)[pri:0, instance:pivotalApplication.PivoFin1@6cb107fd]" started-at="2024-07-16T12:43:09 IST" name="screenShot" finished-at="2024-07-16T12:43:09 IST" duration-ms="1" status="PASS">
          <params>
            <param index="0">
              <value>
                <![CDATA[[TestResult name=Temperature status=SUCCESS method=PivoFin1.Temperature()[pri:62, instance:pivotalApplication.PivoFin1@6cb107fd] output={null}]]]>
              </value>
            </param>
          </params>
          <reporter-output>
          </reporter-output>
        </test-method> <!-- screenShot -->
        <test-method signature="SPO2()[pri:63, instance:pivotalApplication.PivoFin1@6cb107fd]" started-at="2024-07-16T12:43:09 IST" name="SPO2" finished-at="2024-07-16T12:43:20 IST" duration-ms="11722" status="PASS">
          <reporter-output>
          </reporter-output>
        </test-method> <!-- SPO2 -->
        <test-method is-config="true" signature="screenShot(org.testng.ITestResult)[pri:0, instance:pivotalApplication.PivoFin1@6cb107fd]" started-at="2024-07-16T12:43:20 IST" name="screenShot" finished-at="2024-07-16T12:43:20 IST" duration-ms="10" status="PASS">
          <params>
            <param index="0">
              <value>
                <![CDATA[[TestResult name=SPO2 status=SUCCESS method=PivoFin1.SPO2()[pri:63, instance:pivotalApplication.PivoFin1@6cb107fd] output={null}]]]>
              </value>
            </param>
          </params>
          <reporter-output>
          </reporter-output>
        </test-method> <!-- screenShot -->
        <test-method signature="UpArrow()[pri:64, instance:pivotalApplication.PivoFin1@6cb107fd]" started-at="2024-07-16T12:43:20 IST" name="UpArrow" finished-at="2024-07-16T12:43:31 IST" duration-ms="10713" status="PASS">
          <reporter-output>
          </reporter-output>
        </test-method> <!-- UpArrow -->
        <test-method is-config="true" signature="screenShot(org.testng.ITestResult)[pri:0, instance:pivotalApplication.PivoFin1@6cb107fd]" started-at="2024-07-16T12:43:31 IST" name="screenShot" finished-at="2024-07-16T12:43:31 IST" duration-ms="5" status="PASS">
          <params>
            <param index="0">
              <value>
                <![CDATA[[TestResult name=UpArrow status=SUCCESS method=PivoFin1.UpArrow()[pri:64, instance:pivotalApplication.PivoFin1@6cb107fd] output={null}]]]>
              </value>
            </param>
          </params>
          <reporter-output>
          </reporter-output>
        </test-method> <!-- screenShot -->
        <test-method signature="BPSYS1()[pri:65, instance:pivotalApplication.PivoFin1@6cb107fd]" started-at="2024-07-16T12:43:31 IST" name="BPSYS1" finished-at="2024-07-16T12:43:37 IST" duration-ms="5781" status="PASS">
          <reporter-output>
          </reporter-output>
        </test-method> <!-- BPSYS1 -->
        <test-method is-config="true" signature="screenShot(org.testng.ITestResult)[pri:0, instance:pivotalApplication.PivoFin1@6cb107fd]" started-at="2024-07-16T12:43:37 IST" name="screenShot" finished-at="2024-07-16T12:43:37 IST" duration-ms="3" status="PASS">
          <params>
            <param index="0">
              <value>
                <![CDATA[[TestResult name=BPSYS1 status=SUCCESS method=PivoFin1.BPSYS1()[pri:65, instance:pivotalApplication.PivoFin1@6cb107fd] output={null}]]]>
              </value>
            </param>
          </params>
          <reporter-output>
          </reporter-output>
        </test-method> <!-- screenShot -->
        <test-method signature="BPDIA()[pri:66, instance:pivotalApplication.PivoFin1@6cb107fd]" started-at="2024-07-16T12:43:37 IST" name="BPDIA" finished-at="2024-07-16T12:43:43 IST" duration-ms="5814" status="PASS">
          <reporter-output>
          </reporter-output>
        </test-method> <!-- BPDIA -->
        <test-method is-config="true" signature="screenShot(org.testng.ITestResult)[pri:0, instance:pivotalApplication.PivoFin1@6cb107fd]" started-at="2024-07-16T12:43:43 IST" name="screenShot" finished-at="2024-07-16T12:43:43 IST" duration-ms="2" status="PASS">
          <params>
            <param index="0">
              <value>
                <![CDATA[[TestResult name=BPDIA status=SUCCESS method=PivoFin1.BPDIA()[pri:66, instance:pivotalApplication.PivoFin1@6cb107fd] output={null}]]]>
              </value>
            </param>
          </params>
          <reporter-output>
          </reporter-output>
        </test-method> <!-- screenShot -->
        <test-method signature="HeartRate()[pri:67, instance:pivotalApplication.PivoFin1@6cb107fd]" started-at="2024-07-16T12:43:43 IST" name="HeartRate" finished-at="2024-07-16T12:43:50 IST" duration-ms="6790" status="PASS">
          <reporter-output>
          </reporter-output>
        </test-method> <!-- HeartRate -->
        <test-method is-config="true" signature="screenShot(org.testng.ITestResult)[pri:0, instance:pivotalApplication.PivoFin1@6cb107fd]" started-at="2024-07-16T12:43:50 IST" name="screenShot" finished-at="2024-07-16T12:43:50 IST" duration-ms="1" status="PASS">
          <params>
            <param index="0">
              <value>
                <![CDATA[[TestResult name=HeartRate status=SUCCESS method=PivoFin1.HeartRate()[pri:67, instance:pivotalApplication.PivoFin1@6cb107fd] output={null}]]]>
              </value>
            </param>
          </params>
          <reporter-output>
          </reporter-output>
        </test-method> <!-- screenShot -->
        <test-method signature="Pulse()[pri:68, instance:pivotalApplication.PivoFin1@6cb107fd]" started-at="2024-07-16T12:43:50 IST" name="Pulse" finished-at="2024-07-16T12:44:01 IST" duration-ms="11464" status="PASS">
          <reporter-output>
          </reporter-output>
        </test-method> <!-- Pulse -->
        <test-method is-config="true" signature="screenShot(org.testng.ITestResult)[pri:0, instance:pivotalApplication.PivoFin1@6cb107fd]" started-at="2024-07-16T12:44:01 IST" name="screenShot" finished-at="2024-07-16T12:44:01 IST" duration-ms="0" status="PASS">
          <params>
            <param index="0">
              <value>
                <![CDATA[[TestResult name=Pulse status=SUCCESS method=PivoFin1.Pulse()[pri:68, instance:pivotalApplication.PivoFin1@6cb107fd] output={null}]]]>
              </value>
            </param>
          </params>
          <reporter-output>
          </reporter-output>
        </test-method> <!-- screenShot -->
        <test-method signature="BloodSugar()[pri:70, instance:pivotalApplication.PivoFin1@6cb107fd]" started-at="2024-07-16T12:44:01 IST" name="BloodSugar" finished-at="2024-07-16T12:44:12 IST" duration-ms="10809" status="PASS">
          <reporter-output>
          </reporter-output>
        </test-method> <!-- BloodSugar -->
        <test-method is-config="true" signature="screenShot(org.testng.ITestResult)[pri:0, instance:pivotalApplication.PivoFin1@6cb107fd]" started-at="2024-07-16T12:44:12 IST" name="screenShot" finished-at="2024-07-16T12:44:12 IST" duration-ms="1" status="PASS">
          <params>
            <param index="0">
              <value>
                <![CDATA[[TestResult name=BloodSugar status=SUCCESS method=PivoFin1.BloodSugar()[pri:70, instance:pivotalApplication.PivoFin1@6cb107fd] output={null}]]]>
              </value>
            </param>
          </params>
          <reporter-output>
          </reporter-output>
        </test-method> <!-- screenShot -->
        <test-method signature="BloodSugarf()[pri:71, instance:pivotalApplication.PivoFin1@6cb107fd]" started-at="2024-07-16T12:44:12 IST" name="BloodSugarf" finished-at="2024-07-16T12:44:18 IST" duration-ms="5804" status="PASS">
          <reporter-output>
          </reporter-output>
        </test-method> <!-- BloodSugarf -->
        <test-method is-config="true" signature="screenShot(org.testng.ITestResult)[pri:0, instance:pivotalApplication.PivoFin1@6cb107fd]" started-at="2024-07-16T12:44:18 IST" name="screenShot" finished-at="2024-07-16T12:44:18 IST" duration-ms="1" status="PASS">
          <params>
            <param index="0">
              <value>
                <![CDATA[[TestResult name=BloodSugarf status=SUCCESS method=PivoFin1.BloodSugarf()[pri:71, instance:pivotalApplication.PivoFin1@6cb107fd] output={null}]]]>
              </value>
            </param>
          </params>
          <reporter-output>
          </reporter-output>
        </test-method> <!-- screenShot -->
        <test-method signature="BloodSugarPP()[pri:72, instance:pivotalApplication.PivoFin1@6cb107fd]" started-at="2024-07-16T12:44:18 IST" name="BloodSugarPP" finished-at="2024-07-16T12:44:23 IST" duration-ms="5770" status="PASS">
          <reporter-output>
          </reporter-output>
        </test-method> <!-- BloodSugarPP -->
        <test-method is-config="true" signature="screenShot(org.testng.ITestResult)[pri:0, instance:pivotalApplication.PivoFin1@6cb107fd]" started-at="2024-07-16T12:44:23 IST" name="screenShot" finished-at="2024-07-16T12:44:23 IST" duration-ms="1" status="PASS">
          <params>
            <param index="0">
              <value>
                <![CDATA[[TestResult name=BloodSugarPP status=SUCCESS method=PivoFin1.BloodSugarPP()[pri:72, instance:pivotalApplication.PivoFin1@6cb107fd] output={null}]]]>
              </value>
            </param>
          </params>
          <reporter-output>
          </reporter-output>
        </test-method> <!-- screenShot -->
        <test-method signature="BloodSugarHB()[pri:73, instance:pivotalApplication.PivoFin1@6cb107fd]" started-at="2024-07-16T12:44:23 IST" name="BloodSugarHB" finished-at="2024-07-16T12:44:40 IST" duration-ms="16466" status="PASS">
          <reporter-output>
          </reporter-output>
        </test-method> <!-- BloodSugarHB -->
        <test-method is-config="true" signature="screenShot(org.testng.ITestResult)[pri:0, instance:pivotalApplication.PivoFin1@6cb107fd]" started-at="2024-07-16T12:44:40 IST" name="screenShot" finished-at="2024-07-16T12:44:40 IST" duration-ms="0" status="PASS">
          <params>
            <param index="0">
              <value>
                <![CDATA[[TestResult name=BloodSugarHB status=SUCCESS method=PivoFin1.BloodSugarHB()[pri:73, instance:pivotalApplication.PivoFin1@6cb107fd] output={null}]]]>
              </value>
            </param>
          </params>
          <reporter-output>
          </reporter-output>
        </test-method> <!-- screenShot -->
        <test-method signature="CholesterolHDL()[pri:74, instance:pivotalApplication.PivoFin1@6cb107fd]" started-at="2024-07-16T12:44:40 IST" name="CholesterolHDL" finished-at="2024-07-16T12:44:46 IST" duration-ms="5856" status="PASS">
          <reporter-output>
          </reporter-output>
        </test-method> <!-- CholesterolHDL -->
        <test-method is-config="true" signature="screenShot(org.testng.ITestResult)[pri:0, instance:pivotalApplication.PivoFin1@6cb107fd]" started-at="2024-07-16T12:44:46 IST" name="screenShot" finished-at="2024-07-16T12:44:46 IST" duration-ms="1" status="PASS">
          <params>
            <param index="0">
              <value>
                <![CDATA[[TestResult name=CholesterolHDL status=SUCCESS method=PivoFin1.CholesterolHDL()[pri:74, instance:pivotalApplication.PivoFin1@6cb107fd] output={null}]]]>
              </value>
            </param>
          </params>
          <reporter-output>
          </reporter-output>
        </test-method> <!-- screenShot -->
        <test-method signature="CholesterolLDL()[pri:75, instance:pivotalApplication.PivoFin1@6cb107fd]" started-at="2024-07-16T12:44:46 IST" name="CholesterolLDL" finished-at="2024-07-16T12:44:52 IST" duration-ms="5830" status="PASS">
          <reporter-output>
          </reporter-output>
        </test-method> <!-- CholesterolLDL -->
        <test-method is-config="true" signature="screenShot(org.testng.ITestResult)[pri:0, instance:pivotalApplication.PivoFin1@6cb107fd]" started-at="2024-07-16T12:44:52 IST" name="screenShot" finished-at="2024-07-16T12:44:52 IST" duration-ms="2" status="PASS">
          <params>
            <param index="0">
              <value>
                <![CDATA[[TestResult name=CholesterolLDL status=SUCCESS method=PivoFin1.CholesterolLDL()[pri:75, instance:pivotalApplication.PivoFin1@6cb107fd] output={null}]]]>
              </value>
            </param>
          </params>
          <reporter-output>
          </reporter-output>
        </test-method> <!-- screenShot -->
        <test-method signature="TotalCholesterol()[pri:76, instance:pivotalApplication.PivoFin1@6cb107fd]" started-at="2024-07-16T12:44:52 IST" name="TotalCholesterol" finished-at="2024-07-16T12:44:57 IST" duration-ms="5278" status="PASS">
          <reporter-output>
          </reporter-output>
        </test-method> <!-- TotalCholesterol -->
        <test-method is-config="true" signature="screenShot(org.testng.ITestResult)[pri:0, instance:pivotalApplication.PivoFin1@6cb107fd]" started-at="2024-07-16T12:44:57 IST" name="screenShot" finished-at="2024-07-16T12:44:57 IST" duration-ms="0" status="PASS">
          <params>
            <param index="0">
              <value>
                <![CDATA[[TestResult name=TotalCholesterol status=SUCCESS method=PivoFin1.TotalCholesterol()[pri:76, instance:pivotalApplication.PivoFin1@6cb107fd] output={null}]]]>
              </value>
            </param>
          </params>
          <reporter-output>
          </reporter-output>
        </test-method> <!-- screenShot -->
        <test-method signature="Triglycerides()[pri:77, instance:pivotalApplication.PivoFin1@6cb107fd]" started-at="2024-07-16T12:44:57 IST" name="Triglycerides" finished-at="2024-07-16T12:45:03 IST" duration-ms="5808" status="PASS">
          <reporter-output>
          </reporter-output>
        </test-method> <!-- Triglycerides -->
        <test-method is-config="true" signature="screenShot(org.testng.ITestResult)[pri:0, instance:pivotalApplication.PivoFin1@6cb107fd]" started-at="2024-07-16T12:45:03 IST" name="screenShot" finished-at="2024-07-16T12:45:03 IST" duration-ms="1" status="PASS">
          <params>
            <param index="0">
              <value>
                <![CDATA[[TestResult name=Triglycerides status=SUCCESS method=PivoFin1.Triglycerides()[pri:77, instance:pivotalApplication.PivoFin1@6cb107fd] output={null}]]]>
              </value>
            </param>
          </params>
          <reporter-output>
          </reporter-output>
        </test-method> <!-- screenShot -->
        <test-method signature="Save()[pri:78, instance:pivotalApplication.PivoFin1@6cb107fd]" started-at="2024-07-16T12:45:03 IST" name="Save" finished-at="2024-07-16T12:45:13 IST" duration-ms="10415" status="PASS">
          <reporter-output>
          </reporter-output>
        </test-method> <!-- Save -->
        <test-method is-config="true" signature="screenShot(org.testng.ITestResult)[pri:0, instance:pivotalApplication.PivoFin1@6cb107fd]" started-at="2024-07-16T12:45:13 IST" name="screenShot" finished-at="2024-07-16T12:45:13 IST" duration-ms="1" status="PASS">
          <params>
            <param index="0">
              <value>
                <![CDATA[[TestResult name=Save status=SUCCESS method=PivoFin1.Save()[pri:78, instance:pivotalApplication.PivoFin1@6cb107fd] output={null}]]]>
              </value>
            </param>
          </params>
          <reporter-output>
          </reporter-output>
        </test-method> <!-- screenShot -->
        <test-method signature="Appointment()[pri:79, instance:pivotalApplication.PivoFin1@6cb107fd]" started-at="2024-07-16T12:45:13 IST" name="Appointment" finished-at="2024-07-16T12:45:34 IST" duration-ms="21315" status="PASS">
          <reporter-output>
          </reporter-output>
        </test-method> <!-- Appointment -->
        <test-method is-config="true" signature="screenShot(org.testng.ITestResult)[pri:0, instance:pivotalApplication.PivoFin1@6cb107fd]" started-at="2024-07-16T12:45:34 IST" name="screenShot" finished-at="2024-07-16T12:45:34 IST" duration-ms="0" status="PASS">
          <params>
            <param index="0">
              <value>
                <![CDATA[[TestResult name=Appointment status=SUCCESS method=PivoFin1.Appointment()[pri:79, instance:pivotalApplication.PivoFin1@6cb107fd] output={null}]]]>
              </value>
            </param>
          </params>
          <reporter-output>
          </reporter-output>
        </test-method> <!-- screenShot -->
        <test-method signature="SlotTime()[pri:80, instance:pivotalApplication.PivoFin1@6cb107fd]" started-at="2024-07-16T12:45:34 IST" name="SlotTime" finished-at="2024-07-16T12:46:17 IST" duration-ms="42834" status="PASS">
          <reporter-output>
          </reporter-output>
        </test-method> <!-- SlotTime -->
        <test-method is-config="true" signature="screenShot(org.testng.ITestResult)[pri:0, instance:pivotalApplication.PivoFin1@6cb107fd]" started-at="2024-07-16T12:46:17 IST" name="screenShot" finished-at="2024-07-16T12:46:17 IST" duration-ms="1" status="PASS">
          <params>
            <param index="0">
              <value>
                <![CDATA[[TestResult name=SlotTime status=SUCCESS method=PivoFin1.SlotTime()[pri:80, instance:pivotalApplication.PivoFin1@6cb107fd] output={null}]]]>
              </value>
            </param>
          </params>
          <reporter-output>
          </reporter-output>
        </test-method> <!-- screenShot -->
        <test-method signature="VideoCheckBox()[pri:83, instance:pivotalApplication.PivoFin1@6cb107fd]" started-at="2024-07-16T12:46:17 IST" name="VideoCheckBox" finished-at="2024-07-16T12:46:20 IST" duration-ms="2336" status="PASS">
          <reporter-output>
          </reporter-output>
        </test-method> <!-- VideoCheckBox -->
        <test-method is-config="true" signature="screenShot(org.testng.ITestResult)[pri:0, instance:pivotalApplication.PivoFin1@6cb107fd]" started-at="2024-07-16T12:46:20 IST" name="screenShot" finished-at="2024-07-16T12:46:20 IST" duration-ms="1" status="PASS">
          <params>
            <param index="0">
              <value>
                <![CDATA[[TestResult name=VideoCheckBox status=SUCCESS method=PivoFin1.VideoCheckBox()[pri:83, instance:pivotalApplication.PivoFin1@6cb107fd] output={null}]]]>
              </value>
            </param>
          </params>
          <reporter-output>
          </reporter-output>
        </test-method> <!-- screenShot -->
        <test-method signature="Book()[pri:84, instance:pivotalApplication.PivoFin1@6cb107fd]" started-at="2024-07-16T12:46:20 IST" name="Book" finished-at="2024-07-16T12:46:28 IST" duration-ms="8385" status="PASS">
          <reporter-output>
          </reporter-output>
        </test-method> <!-- Book -->
        <test-method is-config="true" signature="screenShot(org.testng.ITestResult)[pri:0, instance:pivotalApplication.PivoFin1@6cb107fd]" started-at="2024-07-16T12:46:28 IST" name="screenShot" finished-at="2024-07-16T12:46:28 IST" duration-ms="1" status="PASS">
          <params>
            <param index="0">
              <value>
                <![CDATA[[TestResult name=Book status=SUCCESS method=PivoFin1.Book()[pri:84, instance:pivotalApplication.PivoFin1@6cb107fd] output={null}]]]>
              </value>
            </param>
          </params>
          <reporter-output>
          </reporter-output>
        </test-method> <!-- screenShot -->
[...]
              </value>
            </param>
          </params>
          <reporter-output>
          </reporter-output>
        </test-method> <!-- screenShot -->
        <test-method signature="Printclose()[pri:90, instance:pivotalApplication.PivoFin2@5745ca0e]" started-at="2024-07-16T13:06:59 IST" name="Printclose" finished-at="2024-07-16T13:07:16 IST" duration-ms="17677" status="PASS">
          <reporter-output>
          </reporter-output>
        </test-method> <!-- Printclose -->
        <test-method is-config="true" signature="screenShot(org.testng.ITestResult)[pri:0, instance:pivotalApplication.PivoFin2@5745ca0e]" started-at="2024-07-16T13:06:59 IST" name="screenShot" finished-at="2024-07-16T13:06:59 IST" duration-ms="0" status="PASS">
          <params>
            <param index="0">
              <value>
                <![CDATA[[TestResult name=Preview1 status=SUCCESS method=PivoFin2.Preview1()[pri:89, instance:pivotalApplication.PivoFin2@5745ca0e] output={null}]]]>
              </value>
            </param>
          </params>
          <reporter-output>
          </reporter-output>
        </test-method> <!-- screenShot -->
        <test-method signature="ClickHistory()[pri:91, instance:pivotalApplication.PivoFin2@5745ca0e]" started-at="2024-07-16T13:07:16 IST" name="ClickHistory" finished-at="2024-07-16T13:07:23 IST" duration-ms="6664" status="PASS">
          <reporter-output>
          </reporter-output>
        </test-method> <!-- ClickHistory -->
        <test-method is-config="true" signature="screenShot(org.testng.ITestResult)[pri:0, instance:pivotalApplication.PivoFin2@5745ca0e]" started-at="2024-07-16T13:07:16 IST" name="screenShot" finished-at="2024-07-16T13:07:16 IST" duration-ms="0" status="PASS">
          <params>
            <param index="0">
              <value>
                <![CDATA[[TestResult name=Printclose status=SUCCESS method=PivoFin2.Printclose()[pri:90, instance:pivotalApplication.PivoFin2@5745ca0e] output={null}]]]>
              </value>
            </param>
          </params>
          <reporter-output>
          </reporter-output>
        </test-method> <!-- screenShot -->
        <test-method signature="ViewDocument()[pri:92, instance:pivotalApplication.PivoFin2@5745ca0e]" started-at="2024-07-16T13:07:23 IST" name="ViewDocument" finished-at="2024-07-16T13:07:25 IST" duration-ms="2435" status="PASS">
          <reporter-output>
          </reporter-output>
        </test-method> <!-- ViewDocument -->
        <test-method is-config="true" signature="screenShot(org.testng.ITestResult)[pri:0, instance:pivotalApplication.PivoFin2@5745ca0e]" started-at="2024-07-16T13:07:23 IST" name="screenShot" finished-at="2024-07-16T13:07:23 IST" duration-ms="0" status="PASS">
          <params>
            <param index="0">
              <value>
                <![CDATA[[TestResult name=ClickHistory status=SUCCESS method=PivoFin2.ClickHistory()[pri:91, instance:pivotalApplication.PivoFin2@5745ca0e] output={null}]]]>
              </value>
            </param>
          </params>
          <reporter-output>
          </reporter-output>
        </test-method> <!-- screenShot -->
        <test-method is-config="true" signature="screenShot(org.testng.ITestResult)[pri:0, instance:pivotalApplication.PivoFin2@5745ca0e]" started-at="2024-07-16T13:07:25 IST" name="screenShot" finished-at="2024-07-16T13:07:25 IST" duration-ms="0" status="PASS">
          <params>
            <param index="0">
              <value>
                <![CDATA[[TestResult name=ViewDocument status=SUCCESS method=PivoFin2.ViewDocument()[pri:92, instance:pivotalApplication.PivoFin2@5745ca0e] output={null}]]]>
              </value>
            </param>
          </params>
          <reporter-output>
          </reporter-output>
        </test-method> <!-- screenShot -->
        <test-method signature="close1()[pri:93, instance:pivotalApplication.PivoFin2@5745ca0e]" started-at="2024-07-16T13:07:25 IST" name="close1" finished-at="2024-07-16T13:07:36 IST" duration-ms="10261" status="PASS">
          <reporter-output>
          </reporter-output>
        </test-method> <!-- close1 -->
        <test-method signature="ViewReceipts()[pri:94, instance:pivotalApplication.PivoFin2@5745ca0e]" started-at="2024-07-16T13:07:36 IST" name="ViewReceipts" finished-at="2024-07-16T13:07:53 IST" duration-ms="17546" status="PASS">
          <reporter-output>
          </reporter-output>
        </test-method> <!-- ViewReceipts -->
        <test-method is-config="true" signature="screenShot(org.testng.ITestResult)[pri:0, instance:pivotalApplication.PivoFin2@5745ca0e]" started-at="2024-07-16T13:07:36 IST" name="screenShot" finished-at="2024-07-16T13:07:36 IST" duration-ms="0" status="PASS">
          <params>
            <param index="0">
              <value>
                <![CDATA[[TestResult name=close1 status=SUCCESS method=PivoFin2.close1()[pri:93, instance:pivotalApplication.PivoFin2@5745ca0e] output={null}]]]>
              </value>
            </param>
          </params>
          <reporter-output>
          </reporter-output>
        </test-method> <!-- screenShot -->
        <test-method is-config="true" signature="screenShot(org.testng.ITestResult)[pri:0, instance:pivotalApplication.PivoFin2@5745ca0e]" started-at="2024-07-16T13:07:53 IST" name="screenShot" finished-at="2024-07-16T13:07:53 IST" duration-ms="2" status="PASS">
          <params>
            <param index="0">
              <value>
                <![CDATA[[TestResult name=ViewReceipts status=SUCCESS method=PivoFin2.ViewReceipts()[pri:94, instance:pivotalApplication.PivoFin2@5745ca0e] output={null}]]]>
              </value>
            </param>
          </params>
          <reporter-output>
          </reporter-output>
        </test-method> <!-- screenShot -->
        <test-method signature="close2()[pri:95, instance:pivotalApplication.PivoFin2@5745ca0e]" started-at="2024-07-16T13:07:53 IST" name="close2" finished-at="2024-07-16T13:08:05 IST" duration-ms="12210" status="PASS">
          <reporter-output>
          </reporter-output>
        </test-method> <!-- close2 -->
        <test-method is-config="true" signature="screenShot(org.testng.ITestResult)[pri:0, instance:pivotalApplication.PivoFin2@5745ca0e]" started-at="2024-07-16T13:08:05 IST" name="screenShot" finished-at="2024-07-16T13:08:05 IST" duration-ms="9" status="PASS">
          <params>
            <param index="0">
              <value>
                <![CDATA[[TestResult name=close2 status=SUCCESS method=PivoFin2.close2()[pri:95, instance:pivotalApplication.PivoFin2@5745ca0e] output={null}]]]>
              </value>
            </param>
          </params>
          <reporter-output>
          </reporter-output>
        </test-method> <!-- screenShot -->
        <test-method signature="ViewReferal()[pri:96, instance:pivotalApplication.PivoFin2@5745ca0e]" started-at="2024-07-16T13:08:05 IST" name="ViewReferal" finished-at="2024-07-16T13:08:16 IST" duration-ms="10670" status="PASS">
          <reporter-output>
          </reporter-output>
        </test-method> <!-- ViewReferal -->
        <test-method is-config="true" signature="screenShot(org.testng.ITestResult)[pri:0, instance:pivotalApplication.PivoFin2@5745ca0e]" started-at="2024-07-16T13:08:16 IST" name="screenShot" finished-at="2024-07-16T13:08:16 IST" duration-ms="0" status="PASS">
          <params>
            <param index="0">
              <value>
                <![CDATA[[TestResult name=ViewReferal status=SUCCESS method=PivoFin2.ViewReferal()[pri:96, instance:pivotalApplication.PivoFin2@5745ca0e] output={null}]]]>
              </value>
            </param>
          </params>
          <reporter-output>
          </reporter-output>
        </test-method> <!-- screenShot -->
        <test-method signature="close4()[pri:97, instance:pivotalApplication.PivoFin2@5745ca0e]" started-at="2024-07-16T13:08:16 IST" name="close4" finished-at="2024-07-16T13:09:12 IST" duration-ms="55676" status="PASS">
          <reporter-output>
          </reporter-output>
        </test-method> <!-- close4 -->
        <test-method is-config="true" signature="screenShot(org.testng.ITestResult)[pri:0, instance:pivotalApplication.PivoFin2@5745ca0e]" started-at="2024-07-16T13:09:12 IST" name="screenShot" finished-at="2024-07-16T13:09:12 IST" duration-ms="0" status="PASS">
          <params>
            <param index="0">
              <value>
                <![CDATA[[TestResult name=close4 status=SUCCESS method=PivoFin2.close4()[pri:97, instance:pivotalApplication.PivoFin2@5745ca0e] output={null}]]]>
              </value>
            </param>
          </params>
          <reporter-output>
          </reporter-output>
        </test-method> <!-- screenShot -->
        <test-method signature="PatientList()[pri:98, instance:pivotalApplication.PivoFin2@5745ca0e]" started-at="2024-07-16T13:09:12 IST" name="PatientList" finished-at="2024-07-16T13:09:48 IST" duration-ms="35786" status="PASS">
          <reporter-output>
          </reporter-output>
        </test-method> <!-- PatientList -->
        <test-method is-config="true" signature="screenShot(org.testng.ITestResult)[pri:0, instance:pivotalApplication.PivoFin2@5745ca0e]" started-at="2024-07-16T13:09:48 IST" name="screenShot" finished-at="2024-07-16T13:09:48 IST" duration-ms="0" status="PASS">
          <params>
            <param index="0">
              <value>
                <![CDATA[[TestResult name=PatientList status=SUCCESS method=PivoFin2.PatientList()[pri:98, instance:pivotalApplication.PivoFin2@5745ca0e] output={null}]]]>
              </value>
            </param>
          </params>
          <reporter-output>
          </reporter-output>
        </test-method> <!-- screenShot -->
        <test-method signature="Appointments()[pri:99, instance:pivotalApplication.PivoFin2@5745ca0e]" started-at="2024-07-16T13:09:48 IST" name="Appointments" finished-at="2024-07-16T13:09:58 IST" duration-ms="10690" status="PASS">
          <reporter-output>
          </reporter-output>
        </test-method> <!-- Appointments -->
        <test-method signature="Prescription()[pri:100, instance:pivotalApplication.PivoFin2@5745ca0e]" started-at="2024-07-16T13:09:58 IST" name="Prescription" finished-at="2024-07-16T13:10:42 IST" duration-ms="44042" status="PASS">
          <reporter-output>
          </reporter-output>
        </test-method> <!-- Prescription -->
        <test-method is-config="true" signature="screenShot(org.testng.ITestResult)[pri:0, instance:pivotalApplication.PivoFin2@5745ca0e]" started-at="2024-07-16T13:09:58 IST" name="screenShot" finished-at="2024-07-16T13:09:58 IST" duration-ms="0" status="PASS">
          <params>
            <param index="0">
              <value>
                <![CDATA[[TestResult name=Appointments status=SUCCESS method=PivoFin2.Appointments()[pri:99, instance:pivotalApplication.PivoFin2@5745ca0e] output={null}]]]>
              </value>
            </param>
          </params>
          <reporter-output>
          </reporter-output>
        </test-method> <!-- screenShot -->
        <test-method is-config="true" signature="screenShot(org.testng.ITestResult)[pri:0, instance:pivotalApplication.PivoFin2@5745ca0e]" started-at="2024-07-16T13:10:42 IST" name="screenShot" finished-at="2024-07-16T13:10:42 IST" duration-ms="1" status="PASS">
          <params>
            <param index="0">
              <value>
                <![CDATA[[TestResult name=Prescription status=SUCCESS method=PivoFin2.Prescription()[pri:100, instance:pivotalApplication.PivoFin2@5745ca0e] output={null}]]]>
              </value>
            </param>
          </params>
          <reporter-output>
          </reporter-output>
        </test-method> <!-- screenShot -->
        <test-method signature="Reports()[pri:101, instance:pivotalApplication.PivoFin2@5745ca0e]" started-at="2024-07-16T13:10:42 IST" name="Reports" finished-at="2024-07-16T13:11:31 IST" duration-ms="48984" status="PASS">
          <reporter-output>
          </reporter-output>
        </test-method> <!-- Reports -->
        <test-method is-config="true" signature="screenShot(org.testng.ITestResult)[pri:0, instance:pivotalApplication.PivoFin2@5745ca0e]" started-at="2024-07-16T13:11:31 IST" name="screenShot" finished-at="2024-07-16T13:11:31 IST" duration-ms="0" status="PASS">
          <params>
            <param index="0">
              <value>
                <![CDATA[[TestResult name=Reports status=SUCCESS method=PivoFin2.Reports()[pri:101, instance:pivotalApplication.PivoFin2@5745ca0e] output={null}]]]>
              </value>
            </param>
          </params>
          <reporter-output>
          </reporter-output>
        </test-method> <!-- screenShot -->
        <test-method signature="Referrals()[pri:103, instance:pivotalApplication.PivoFin2@5745ca0e]" started-at="2024-07-16T13:11:31 IST" name="Referrals" finished-at="2024-07-16T13:12:18 IST" duration-ms="46430" status="PASS">
          <reporter-output>
          </reporter-output>
        </test-method> <!-- Referrals -->
        <test-method is-config="true" signature="screenShot(org.testng.ITestResult)[pri:0, instance:pivotalApplication.PivoFin2@5745ca0e]" started-at="2024-07-16T13:12:18 IST" name="screenShot" finished-at="2024-07-16T13:12:18 IST" duration-ms="0" status="PASS">
          <params>
            <param index="0">
              <value>
                <![CDATA[[TestResult name=Referrals status=SUCCESS method=PivoFin2.Referrals()[pri:103, instance:pivotalApplication.PivoFin2@5745ca0e] output={null}]]]>
              </value>
            </param>
          </params>
          <reporter-output>
          </reporter-output>
        </test-method> <!-- screenShot -->
        <test-method signature="VaccineInStore()[pri:104, instance:pivotalApplication.PivoFin2@5745ca0e]" started-at="2024-07-16T13:12:18 IST" name="VaccineInStore" finished-at="2024-07-16T13:12:41 IST" duration-ms="22807" status="PASS">
          <reporter-output>
          </reporter-output>
        </test-method> <!-- VaccineInStore -->
        <test-method is-config="true" signature="screenShot(org.testng.ITestResult)[pri:0, instance:pivotalApplication.PivoFin2@5745ca0e]" started-at="2024-07-16T13:12:41 IST" name="screenShot" finished-at="2024-07-16T13:12:41 IST" duration-ms="45" status="PASS">
          <params>
            <param index="0">
              <value>
                <![CDATA[[TestResult name=VaccineInStore status=SUCCESS method=PivoFin2.VaccineInStore()[pri:104, instance:pivotalApplication.PivoFin2@5745ca0e] output={null}]]]>
              </value>
            </param>
          </params>
          <reporter-output>
          </reporter-output>
        </test-method> <!-- screenShot -->
        <test-method signature="ViewReports()[pri:105, instance:pivotalApplication.PivoFin2@5745ca0e]" started-at="2024-07-16T13:12:41 IST" name="ViewReports" finished-at="2024-07-16T13:13:31 IST" duration-ms="50555" status="PASS">
          <reporter-output>
          </reporter-output>
        </test-method> <!-- ViewReports -->
        <test-method is-config="true" signature="screenShot(org.testng.ITestResult)[pri:0, instance:pivotalApplication.PivoFin2@5745ca0e]" started-at="2024-07-16T13:13:31 IST" name="screenShot" finished-at="2024-07-16T13:13:31 IST" duration-ms="0" status="PASS">
          <params>
            <param index="0">
              <value>
                <![CDATA[[TestResult name=ViewReports status=SUCCESS method=PivoFin2.ViewReports()[pri:105, instance:pivotalApplication.PivoFin2@5745ca0e] output={null}]]]>
              </value>
            </param>
          </params>
          <reporter-output>
          </reporter-output>
        </test-method> <!-- screenShot -->
        <test-method signature="MyNotes()[pri:106, instance:pivotalApplication.PivoFin2@5745ca0e]" started-at="2024-07-16T13:13:31 IST" name="MyNotes" finished-at="2024-07-16T13:13:58 IST" duration-ms="26962" status="PASS">
          <reporter-output>
          </reporter-output>
        </test-method> <!-- MyNotes -->
        <test-method signature="ShareHealth()[pri:107, instance:pivotalApplication.PivoFin2@5745ca0e]" started-at="2024-07-16T13:13:58 IST" name="ShareHealth" finished-at="2024-07-16T13:14:11 IST" duration-ms="12553" status="PASS">
          <reporter-output>
          </reporter-output>
        </test-method> <!-- ShareHealth -->
        <test-method is-config="true" signature="screenShot(org.testng.ITestResult)[pri:0, instance:pivotalApplication.PivoFin2@5745ca0e]" started-at="2024-07-16T13:13:58 IST" name="screenShot" finished-at="2024-07-16T13:13:58 IST" duration-ms="0" status="PASS">
          <params>
            <param index="0">
              <value>
                <![CDATA[[TestResult name=MyNotes status=SUCCESS method=PivoFin2.MyNotes()[pri:106, instance:pivotalApplication.PivoFin2@5745ca0e] output={null}]]]>
              </value>
            </param>
          </params>
          <reporter-output>
          </reporter-output>
        </test-method> <!-- screenShot -->
        <test-method is-config="true" signature="screenShot(org.testng.ITestResult)[pri:0, instance:pivotalApplication.PivoFin2@5745ca0e]" started-at="2024-07-16T13:14:11 IST" name="screenShot" finished-at="2024-07-16T13:14:11 IST" duration-ms="0" status="PASS">
          <params>
            <param index="0">
              <value>
                <![CDATA[[TestResult name=ShareHealth status=SUCCESS method=PivoFin2.ShareHealth()[pri:107, instance:pivotalApplication.PivoFin2@5745ca0e] output={null}]]]>
              </value>
            </param>
          </params>
          <reporter-output>
          </reporter-output>
        </test-method> <!-- screenShot -->
        <test-method signature="WhatsNew()[pri:108, instance:pivotalApplication.PivoFin2@5745ca0e]" started-at="2024-07-16T13:14:11 IST" name="WhatsNew" finished-at="2024-07-16T13:14:21 IST" duration-ms="10563" status="PASS">
          <reporter-output>
          </reporter-output>
        </test-method> <!-- WhatsNew -->
        <test-method is-config="true" signature="screenShot(org.testng.ITestResult)[pri:0, instance:pivotalApplication.PivoFin2@5745ca0e]" started-at="2024-07-16T13:14:21 IST" name="screenShot" finished-at="2024-07-16T13:14:21 IST" duration-ms="0" status="PASS">
          <params>
            <param index="0">
              <value>
                <![CDATA[[TestResult name=WhatsNew status=SUCCESS method=PivoFin2.WhatsNew()[pri:108, instance:pivotalApplication.PivoFin2@5745ca0e] output={null}]]]>
              </value>
            </param>
          </params>
          <reporter-output>
          </reporter-output>
        </test-method> <!-- screenShot -->
        <test-method signature="DashboardData()[pri:109, instance:pivotalApplication.PivoFin2@5745ca0e]" started-at="2024-07-16T13:14:21 IST" name="DashboardData" finished-at="2024-07-16T13:14:28 IST" duration-ms="6800" status="PASS">
          <reporter-output>
          </reporter-output>
        </test-method> <!-- DashboardData -->
        <test-method is-config="true" signature="screenShot(org.testng.ITestResult)[pri:0, instance:pivotalApplication.PivoFin2@5745ca0e]" started-at="2024-07-16T13:14:28 IST" name="screenShot" finished-at="2024-07-16T13:14:28 IST" duration-ms="3" status="PASS">
          <params>
            <param index="0">
              <value>
                <![CDATA[[TestResult name=DashboardData status=SUCCESS method=PivoFin2.DashboardData()[pri:109, instance:pivotalApplication.PivoFin2@5745ca0e] output={null}]]]>
              </value>
            </param>
          </params>
          <reporter-output>
          </reporter-output>
        </test-method> <!-- screenShot -->
      </class> <!-- pivotalApplication.PivoFin2 -->
    </test> <!-- Test -->
  </suite> <!-- Suite -->
</testng-results>
