<?xml version="1.0" encoding="UTF-8"?>
<testng-results ignored="0" total="1" passed="1" failed="0" skipped="0">
  <reporter-output>
  </reporter-output>
  <suite started-at="2023-12-26T17:00:50 IST" name="Default suite" finished-at="2023-12-26T17:00:53 IST" duration-ms="3392">
    <groups>
    </groups>
    <test started-at="2023-12-26T17:00:50 IST" name="Default test" finished-at="2023-12-26T17:00:53 IST" duration-ms="3392">
      <class name="pivotalApplication.AppiumServerStart">
        <test-method is-config="true" signature="BfSuite()[pri:0, instance:pivotalApplication.AppiumServerStart@75437611]" started-at="2023-12-26T17:00:29 IST" name="BfSuite" finished-at="2023-12-26T17:00:50 IST" duration-ms="20809" status="PASS">
          <reporter-output>
          </reporter-output>
        </test-method> <!-- BfSuite -->
        <test-method signature="BfSuite()[pri:0, instance:pivotalApplication.AppiumServerStart@75437611]" started-at="2023-12-26T17:00:50 IST" name="BfSuite" finished-at="2023-12-26T17:00:53 IST" duration-ms="3310" status="PASS">
          <reporter-output>
          </reporter-output>
        </test-method> <!-- BfSuite -->
        <test-method is-config="true" signature="AfterSuite()[pri:0, instance:pivotalApplication.AppiumServerStart@75437611]" started-at="2023-12-26T17:00:53 IST" name="AfterSuite" finished-at="2023-12-26T17:00:53 IST" duration-ms="62" status="PASS">
          <reporter-output>
          </reporter-output>
        </test-method> <!-- AfterSuite -->
      </class> <!-- pivotalApplication.AppiumServerStart -->
    </test> <!-- Default test -->
  </suite> <!-- Default suite -->
</testng-results>
