<?xml version="1.0" encoding="UTF-8"?>
<testng-results ignored="0" total="98" passed="98" failed="0" skipped="0">
  <reporter-output>
  </reporter-output>
  <suite started-at="2023-12-22T11:09:13 IST" name="Default suite" finished-at="2023-12-22T11:27:48 IST" duration-ms="1115142">
    <groups>
    </groups>
    <test started-at="2023-12-22T11:09:13 IST" name="Default test" finished-at="2023-12-22T11:27:48 IST" duration-ms="1115142">
      <class name="pivotalApplication.PivoFin2">
        <test-method is-config="true" signature="setup()[pri:0, instance:pivotalApplication.PivoFin2@7ae0a9ec]" started-at="2023-12-22T11:09:13 IST" name="setup" finished-at="2023-12-22T11:09:26 IST" duration-ms="13028" status="PASS">
          <reporter-output>
          </reporter-output>
        </test-method> <!-- setup -->
        <test-method signature="InvestigationClick()[pri:8, instance:pivotalApplication.PivoFin2@7ae0a9ec]" started-at="2023-12-22T11:09:26 IST" name="InvestigationClick" finished-at="2023-12-22T11:09:29 IST" duration-ms="3233" status="PASS">
          <reporter-output>
          </reporter-output>
        </test-method> <!-- InvestigationClick -->
        <test-method is-config="true" signature="screenShot(org.testng.ITestResult)[pri:0, instance:pivotalApplication.PivoFin2@7ae0a9ec]" started-at="2023-12-22T11:09:29 IST" name="screenShot" finished-at="2023-12-22T11:09:29 IST" duration-ms="6" status="PASS">
          <params>
            <param index="0">
              <value>
                <![CDATA[[TestResult name=InvestigationClick status=SUCCESS method=PivoFin2.InvestigationClick()[pri:8, instance:pivotalApplication.PivoFin2@7ae0a9ec] output={null}]]]>
              </value>
            </param>
          </params>
          <reporter-output>
          </reporter-output>
        </test-method> <!-- screenShot -->
        <test-method signature="NewRequisition()[pri:9, instance:pivotalApplication.PivoFin2@7ae0a9ec]" started-at="2023-12-22T11:09:29 IST" name="NewRequisition" finished-at="2023-12-22T11:09:32 IST" duration-ms="2921" status="PASS">
          <reporter-output>
          </reporter-output>
        </test-method> <!-- NewRequisition -->
        <test-method is-config="true" signature="screenShot(org.testng.ITestResult)[pri:0, instance:pivotalApplication.PivoFin2@7ae0a9ec]" started-at="2023-12-22T11:09:32 IST" name="screenShot" finished-at="2023-12-22T11:09:32 IST" duration-ms="1" status="PASS">
          <params>
            <param index="0">
              <value>
                <![CDATA[[TestResult name=NewRequisition status=SUCCESS method=PivoFin2.NewRequisition()[pri:9, instance:pivotalApplication.PivoFin2@7ae0a9ec] output={null}]]]>
              </value>
            </param>
          </params>
          <reporter-output>
          </reporter-output>
        </test-method> <!-- screenShot -->
        <test-method signature="Covid19()[pri:10, instance:pivotalApplication.PivoFin2@7ae0a9ec]" started-at="2023-12-22T11:09:32 IST" name="Covid19" finished-at="2023-12-22T11:09:38 IST" duration-ms="6272" status="PASS">
          <reporter-output>
          </reporter-output>
        </test-method> <!-- Covid19 -->
        <test-method is-config="true" signature="screenShot(org.testng.ITestResult)[pri:0, instance:pivotalApplication.PivoFin2@7ae0a9ec]" started-at="2023-12-22T11:09:38 IST" name="screenShot" finished-at="2023-12-22T11:09:38 IST" duration-ms="1" status="PASS">
          <params>
            <param index="0">
              <value>
                <![CDATA[[TestResult name=Covid19 status=SUCCESS method=PivoFin2.Covid19()[pri:10, instance:pivotalApplication.PivoFin2@7ae0a9ec] output={null}]]]>
              </value>
            </param>
          </params>
          <reporter-output>
          </reporter-output>
        </test-method> <!-- screenShot -->
        <test-method signature="packages()[pri:11, instance:pivotalApplication.PivoFin2@7ae0a9ec]" started-at="2023-12-22T11:09:38 IST" name="packages" finished-at="2023-12-22T11:09:41 IST" duration-ms="2635" status="PASS">
          <reporter-output>
          </reporter-output>
        </test-method> <!-- packages -->
        <test-method is-config="true" signature="screenShot(org.testng.ITestResult)[pri:0, instance:pivotalApplication.PivoFin2@7ae0a9ec]" started-at="2023-12-22T11:09:41 IST" name="screenShot" finished-at="2023-12-22T11:09:41 IST" duration-ms="1" status="PASS">
          <params>
            <param index="0">
              <value>
                <![CDATA[[TestResult name=packages status=SUCCESS method=PivoFin2.packages()[pri:11, instance:pivotalApplication.PivoFin2@7ae0a9ec] output={null}]]]>
              </value>
            </param>
          </params>
          <reporter-output>
          </reporter-output>
        </test-method> <!-- screenShot -->
        <test-method signature="Feverpanel()[pri:12, instance:pivotalApplication.PivoFin2@7ae0a9ec]" started-at="2023-12-22T11:09:41 IST" name="Feverpanel" finished-at="2023-12-22T11:09:44 IST" duration-ms="2616" status="PASS">
          <reporter-output>
          </reporter-output>
        </test-method> <!-- Feverpanel -->
        <test-method is-config="true" signature="screenShot(org.testng.ITestResult)[pri:0, instance:pivotalApplication.PivoFin2@7ae0a9ec]" started-at="2023-12-22T11:09:44 IST" name="screenShot" finished-at="2023-12-22T11:09:44 IST" duration-ms="2" status="PASS">
          <params>
            <param index="0">
              <value>
                <![CDATA[[TestResult name=Feverpanel status=SUCCESS method=PivoFin2.Feverpanel()[pri:12, instance:pivotalApplication.PivoFin2@7ae0a9ec] output={null}]]]>
              </value>
            </param>
          </params>
          <reporter-output>
          </reporter-output>
        </test-method> <!-- screenShot -->
        <test-method signature="SelectTests()[pri:13, instance:pivotalApplication.PivoFin2@7ae0a9ec]" started-at="2023-12-22T11:09:44 IST" name="SelectTests" finished-at="2023-12-22T11:09:46 IST" duration-ms="2550" status="PASS">
          <reporter-output>
          </reporter-output>
        </test-method> <!-- SelectTests -->
        <test-method is-config="true" signature="screenShot(org.testng.ITestResult)[pri:0, instance:pivotalApplication.PivoFin2@7ae0a9ec]" started-at="2023-12-22T11:09:46 IST" name="screenShot" finished-at="2023-12-22T11:09:46 IST" duration-ms="0" status="PASS">
          <params>
            <param index="0">
              <value>
                <![CDATA[[TestResult name=SelectTests status=SUCCESS method=PivoFin2.SelectTests()[pri:13, instance:pivotalApplication.PivoFin2@7ae0a9ec] output={null}]]]>
              </value>
            </param>
          </params>
          <reporter-output>
          </reporter-output>
        </test-method> <!-- screenShot -->
        <test-method signature="CreateRquisition()[pri:14, instance:pivotalApplication.PivoFin2@7ae0a9ec]" started-at="2023-12-22T11:09:46 IST" name="CreateRquisition" finished-at="2023-12-22T11:09:49 IST" duration-ms="2450" status="PASS">
          <reporter-output>
          </reporter-output>
        </test-method> <!-- CreateRquisition -->
        <test-method is-config="true" signature="screenShot(org.testng.ITestResult)[pri:0, instance:pivotalApplication.PivoFin2@7ae0a9ec]" started-at="2023-12-22T11:09:49 IST" name="screenShot" finished-at="2023-12-22T11:09:49 IST" duration-ms="0" status="PASS">
          <params>
            <param index="0">
              <value>
                <![CDATA[[TestResult name=CreateRquisition status=SUCCESS method=PivoFin2.CreateRquisition()[pri:14, instance:pivotalApplication.PivoFin2@7ae0a9ec] output={null}]]]>
              </value>
            </param>
          </params>
          <reporter-output>
          </reporter-output>
        </test-method> <!-- screenShot -->
        <test-method signature="RquisitionDownloadclose()[pri:15, instance:pivotalApplication.PivoFin2@7ae0a9ec]" started-at="2023-12-22T11:09:49 IST" name="RquisitionDownloadclose" finished-at="2023-12-22T11:09:51 IST" duration-ms="2685" status="PASS">
          <reporter-output>
          </reporter-output>
        </test-method> <!-- RquisitionDownloadclose -->
        <test-method is-config="true" signature="screenShot(org.testng.ITestResult)[pri:0, instance:pivotalApplication.PivoFin2@7ae0a9ec]" started-at="2023-12-22T11:09:51 IST" name="screenShot" finished-at="2023-12-22T11:09:51 IST" duration-ms="1" status="PASS">
          <params>
            <param index="0">
              <value>
                <![CDATA[[TestResult name=RquisitionDownloadclose status=SUCCESS method=PivoFin2.RquisitionDownloadclose()[pri:15, instance:pivotalApplication.PivoFin2@7ae0a9ec] output={null}]]]>
              </value>
            </param>
          </params>
          <reporter-output>
          </reporter-output>
        </test-method> <!-- screenShot -->
        <test-method signature="ReportClick()[pri:16, instance:pivotalApplication.PivoFin2@7ae0a9ec]" started-at="2023-12-22T11:09:51 IST" name="ReportClick" finished-at="2023-12-22T11:09:54 IST" duration-ms="3063" status="PASS">
          <reporter-output>
          </reporter-output>
        </test-method> <!-- ReportClick -->
        <test-method is-config="true" signature="screenShot(org.testng.ITestResult)[pri:0, instance:pivotalApplication.PivoFin2@7ae0a9ec]" started-at="2023-12-22T11:09:54 IST" name="screenShot" finished-at="2023-12-22T11:09:54 IST" duration-ms="5" status="PASS">
          <params>
            <param index="0">
              <value>
                <![CDATA[[TestResult name=ReportClick status=SUCCESS method=PivoFin2.ReportClick()[pri:16, instance:pivotalApplication.PivoFin2@7ae0a9ec] output={null}]]]>
              </value>
            </param>
          </params>
          <reporter-output>
          </reporter-output>
        </test-method> <!-- screenShot -->
        <test-method signature="UploadReport()[pri:17, instance:pivotalApplication.PivoFin2@7ae0a9ec]" started-at="2023-12-22T11:09:54 IST" name="UploadReport" finished-at="2023-12-22T11:09:57 IST" duration-ms="2504" status="PASS">
          <reporter-output>
          </reporter-output>
        </test-method> <!-- UploadReport -->
        <test-method is-config="true" signature="screenShot(org.testng.ITestResult)[pri:0, instance:pivotalApplication.PivoFin2@7ae0a9ec]" started-at="2023-12-22T11:09:57 IST" name="screenShot" finished-at="2023-12-22T11:09:57 IST" duration-ms="1" status="PASS">
          <params>
            <param index="0">
              <value>
                <![CDATA[[TestResult name=UploadReport status=SUCCESS method=PivoFin2.UploadReport()[pri:17, instance:pivotalApplication.PivoFin2@7ae0a9ec] output={null}]]]>
              </value>
            </param>
          </params>
          <reporter-output>
          </reporter-output>
        </test-method> <!-- screenShot -->
        <test-method signature="CreatedBy2()[pri:18, instance:pivotalApplication.PivoFin2@7ae0a9ec]" started-at="2023-12-22T11:09:57 IST" name="CreatedBy2" finished-at="2023-12-22T11:10:00 IST" duration-ms="3305" status="PASS">
          <reporter-output>
          </reporter-output>
        </test-method> <!-- CreatedBy2 -->
        <test-method is-config="true" signature="screenShot(org.testng.ITestResult)[pri:0, instance:pivotalApplication.PivoFin2@7ae0a9ec]" started-at="2023-12-22T11:10:00 IST" name="screenShot" finished-at="2023-12-22T11:10:00 IST" duration-ms="2" status="PASS">
          <params>
            <param index="0">
              <value>
                <![CDATA[[TestResult name=CreatedBy2 status=SUCCESS method=PivoFin2.CreatedBy2()[pri:18, instance:pivotalApplication.PivoFin2@7ae0a9ec] output={null}]]]>
              </value>
            </param>
          </params>
          <reporter-output>
          </reporter-output>
        </test-method> <!-- screenShot -->
        <test-method signature="DocumentOn2()[pri:19, instance:pivotalApplication.PivoFin2@7ae0a9ec]" started-at="2023-12-22T11:10:00 IST" name="DocumentOn2" finished-at="2023-12-22T11:10:04 IST" duration-ms="4145" status="PASS">
          <reporter-output>
          </reporter-output>
        </test-method> <!-- DocumentOn2 -->
        <test-method is-config="true" signature="screenShot(org.testng.ITestResult)[pri:0, instance:pivotalApplication.PivoFin2@7ae0a9ec]" started-at="2023-12-22T11:10:04 IST" name="screenShot" finished-at="2023-12-22T11:10:04 IST" duration-ms="1" status="PASS">
          <params>
            <param index="0">
              <value>
                <![CDATA[[TestResult name=DocumentOn2 status=SUCCESS method=PivoFin2.DocumentOn2()[pri:19, instance:pivotalApplication.PivoFin2@7ae0a9ec] output={null}]]]>
              </value>
            </param>
          </params>
          <reporter-output>
          </reporter-output>
        </test-method> <!-- screenShot -->
        <test-method signature="popUpOk2()[pri:20, instance:pivotalApplication.PivoFin2@7ae0a9ec]" started-at="2023-12-22T11:10:04 IST" name="popUpOk2" finished-at="2023-12-22T11:10:07 IST" duration-ms="2589" status="PASS">
          <reporter-output>
          </reporter-output>
        </test-method> <!-- popUpOk2 -->
        <test-method is-config="true" signature="screenShot(org.testng.ITestResult)[pri:0, instance:pivotalApplication.PivoFin2@7ae0a9ec]" started-at="2023-12-22T11:10:07 IST" name="screenShot" finished-at="2023-12-22T11:10:07 IST" duration-ms="2" status="PASS">
          <params>
            <param index="0">
              <value>
                <![CDATA[[TestResult name=popUpOk2 status=SUCCESS method=PivoFin2.popUpOk2()[pri:20, instance:pivotalApplication.PivoFin2@7ae0a9ec] output={null}]]]>
              </value>
            </param>
          </params>
          <reporter-output>
          </reporter-output>
        </test-method> <!-- screenShot -->
        <test-method signature="Camera2()[pri:21, instance:pivotalApplication.PivoFin2@7ae0a9ec]" started-at="2023-12-22T11:10:07 IST" name="Camera2" finished-at="2023-12-22T11:10:27 IST" duration-ms="20149" status="PASS">
          <reporter-output>
          </reporter-output>
        </test-method> <!-- Camera2 -->
        <test-method is-config="true" signature="screenShot(org.testng.ITestResult)[pri:0, instance:pivotalApplication.PivoFin2@7ae0a9ec]" started-at="2023-12-22T11:10:27 IST" name="screenShot" finished-at="2023-12-22T11:10:27 IST" duration-ms="1" status="PASS">
          <params>
            <param index="0">
              <value>
                <![CDATA[[TestResult name=Camera2 status=SUCCESS method=PivoFin2.Camera2()[pri:21, instance:pivotalApplication.PivoFin2@7ae0a9ec] output={null}]]]>
              </value>
            </param>
          </params>
          <reporter-output>
          </reporter-output>
        </test-method> <!-- screenShot -->
        <test-method signature="UploadCam2()[pri:22, instance:pivotalApplication.PivoFin2@7ae0a9ec]" started-at="2023-12-22T11:10:27 IST" name="UploadCam2" finished-at="2023-12-22T11:10:30 IST" duration-ms="2366" status="PASS">
          <reporter-output>
          </reporter-output>
        </test-method> <!-- UploadCam2 -->
        <test-method is-config="true" signature="screenShot(org.testng.ITestResult)[pri:0, instance:pivotalApplication.PivoFin2@7ae0a9ec]" started-at="2023-12-22T11:10:30 IST" name="screenShot" finished-at="2023-12-22T11:10:30 IST" duration-ms="2" status="PASS">
          <params>
            <param index="0">
              <value>
                <![CDATA[[TestResult name=UploadCam2 status=SUCCESS method=PivoFin2.UploadCam2()[pri:22, instance:pivotalApplication.PivoFin2@7ae0a9ec] output={null}]]]>
              </value>
            </param>
          </params>
          <reporter-output>
          </reporter-output>
        </test-method> <!-- screenShot -->
        <test-method signature="UploadCamOk2()[pri:23, instance:pivotalApplication.PivoFin2@7ae0a9ec]" started-at="2023-12-22T11:10:30 IST" name="UploadCamOk2" finished-at="2023-12-22T11:10:32 IST" duration-ms="2455" status="PASS">
          <reporter-output>
          </reporter-output>
        </test-method> <!-- UploadCamOk2 -->
        <test-method is-config="true" signature="screenShot(org.testng.ITestResult)[pri:0, instance:pivotalApplication.PivoFin2@7ae0a9ec]" started-at="2023-12-22T11:10:32 IST" name="screenShot" finished-at="2023-12-22T11:10:32 IST" duration-ms="2" status="PASS">
          <params>
            <param index="0">
              <value>
                <![CDATA[[TestResult name=UploadCamOk2 status=SUCCESS method=PivoFin2.UploadCamOk2()[pri:23, instance:pivotalApplication.PivoFin2@7ae0a9ec] output={null}]]]>
              </value>
            </param>
          </params>
          <reporter-output>
          </reporter-output>
        </test-method> <!-- screenShot -->
        <test-method signature="Transscript1()[pri:24, instance:pivotalApplication.PivoFin2@7ae0a9ec]" started-at="2023-12-22T11:10:32 IST" name="Transscript1" finished-at="2023-12-22T11:10:37 IST" duration-ms="5423" status="PASS">
          <reporter-output>
          </reporter-output>
        </test-method> <!-- Transscript1 -->
        <test-method is-config="true" signature="screenShot(org.testng.ITestResult)[pri:0, instance:pivotalApplication.PivoFin2@7ae0a9ec]" started-at="2023-12-22T11:10:38 IST" name="screenShot" finished-at="2023-12-22T11:10:38 IST" duration-ms="4" status="PASS">
          <params>
            <param index="0">
              <value>
                <![CDATA[[TestResult name=Transscript1 status=SUCCESS method=PivoFin2.Transscript1()[pri:24, instance:pivotalApplication.PivoFin2@7ae0a9ec] output={null}]]]>
              </value>
            </param>
          </params>
          <reporter-output>
          </reporter-output>
        </test-method> <!-- screenShot -->
        <test-method signature="CreatedBy3()[pri:27, instance:pivotalApplication.PivoFin2@7ae0a9ec]" started-at="2023-12-22T11:10:38 IST" name="CreatedBy3" finished-at="2023-12-22T11:10:40 IST" duration-ms="2883" status="PASS">
          <reporter-output>
          </reporter-output>
        </test-method> <!-- CreatedBy3 -->
        <test-method is-config="true" signature="screenShot(org.testng.ITestResult)[pri:0, instance:pivotalApplication.PivoFin2@7ae0a9ec]" started-at="2023-12-22T11:10:40 IST" name="screenShot" finished-at="2023-12-22T11:10:40 IST" duration-ms="1" status="PASS">
          <params>
            <param index="0">
              <value>
                <![CDATA[[TestResult name=CreatedBy3 status=SUCCESS method=PivoFin2.CreatedBy3()[pri:27, instance:pivotalApplication.PivoFin2@7ae0a9ec] output={null}]]]>
              </value>
            </param>
          </params>
          <reporter-output>
          </reporter-output>
        </test-method> <!-- screenShot -->
        <test-method signature="DocumentOn3()[pri:28, instance:pivotalApplication.PivoFin2@7ae0a9ec]" started-at="2023-12-22T11:10:40 IST" name="DocumentOn3" finished-at="2023-12-22T11:10:43 IST" duration-ms="2547" status="PASS">
          <reporter-output>
          </reporter-output>
        </test-method> <!-- DocumentOn3 -->
        <test-method is-config="true" signature="screenShot(org.testng.ITestResult)[pri:0, instance:pivotalApplication.PivoFin2@7ae0a9ec]" started-at="2023-12-22T11:10:43 IST" name="screenShot" finished-at="2023-12-22T11:10:43 IST" duration-ms="2" status="PASS">
          <params>
            <param index="0">
              <value>
                <![CDATA[[TestResult name=DocumentOn3 status=SUCCESS method=PivoFin2.DocumentOn3()[pri:28, instance:pivotalApplication.PivoFin2@7ae0a9ec] output={null}]]]>
              </value>
            </param>
          </params>
          <reporter-output>
          </reporter-output>
        </test-method> <!-- screenShot -->
        <test-method signature="popUpOk3()[pri:29, instance:pivotalApplication.PivoFin2@7ae0a9ec]" started-at="2023-12-22T11:10:43 IST" name="popUpOk3" finished-at="2023-12-22T11:10:45 IST" duration-ms="2376" status="PASS">
          <reporter-output>
          </reporter-output>
        </test-method> <!-- popUpOk3 -->
        <test-method is-config="true" signature="screenShot(org.testng.ITestResult)[pri:0, instance:pivotalApplication.PivoFin2@7ae0a9ec]" started-at="2023-12-22T11:10:45 IST" name="screenShot" finished-at="2023-12-22T11:10:45 IST" duration-ms="1" status="PASS">
          <params>
            <param index="0">
              <value>
                <![CDATA[[TestResult name=popUpOk3 status=SUCCESS method=PivoFin2.popUpOk3()[pri:29, instance:pivotalApplication.PivoFin2@7ae0a9ec] output={null}]]]>
              </value>
            </param>
          </params>
          <reporter-output>
          </reporter-output>
        </test-method> <!-- screenShot -->
        <test-method signature="Gallery3()[pri:30, instance:pivotalApplication.PivoFin2@7ae0a9ec]" started-at="2023-12-22T11:10:45 IST" name="Gallery3" finished-at="2023-12-22T11:10:48 IST" duration-ms="2371" status="PASS">
          <reporter-output>
          </reporter-output>
        </test-method> <!-- Gallery3 -->
        <test-method is-config="true" signature="screenShot(org.testng.ITestResult)[pri:0, instance:pivotalApplication.PivoFin2@7ae0a9ec]" started-at="2023-12-22T11:10:48 IST" name="screenShot" finished-at="2023-12-22T11:10:48 IST" duration-ms="5" status="PASS">
          <params>
            <param index="0">
              <value>
                <![CDATA[[TestResult name=Gallery3 status=SUCCESS method=PivoFin2.Gallery3()[pri:30, instance:pivotalApplication.PivoFin2@7ae0a9ec] output={null}]]]>
              </value>
            </param>
          </params>
          <reporter-output>
          </reporter-output>
        </test-method> <!-- screenShot -->
        <test-method signature="photo3()[pri:31, instance:pivotalApplication.PivoFin2@7ae0a9ec]" started-at="2023-12-22T11:10:48 IST" name="photo3" finished-at="2023-12-22T11:10:58 IST" duration-ms="10412" status="PASS">
          <reporter-output>
          </reporter-output>
        </test-method> <!-- photo3 -->
        <test-method is-config="true" signature="screenShot(org.testng.ITestResult)[pri:0, instance:pivotalApplication.PivoFin2@7ae0a9ec]" started-at="2023-12-22T11:10:58 IST" name="screenShot" finished-at="2023-12-22T11:10:58 IST" duration-ms="0" status="PASS">
          <params>
            <param index="0">
              <value>
                <![CDATA[[TestResult name=photo3 status=SUCCESS method=PivoFin2.photo3()[pri:31, instance:pivotalApplication.PivoFin2@7ae0a9ec] output={null}]]]>
              </value>
            </param>
          </params>
          <reporter-output>
          </reporter-output>
        </test-method> <!-- screenShot -->
        <test-method signature="Upload3()[pri:32, instance:pivotalApplication.PivoFin2@7ae0a9ec]" started-at="2023-12-22T11:10:58 IST" name="Upload3" finished-at="2023-12-22T11:11:01 IST" duration-ms="2353" status="PASS">
          <reporter-output>
          </reporter-output>
        </test-method> <!-- Upload3 -->
        <test-method is-config="true" signature="screenShot(org.testng.ITestResult)[pri:0, instance:pivotalApplication.PivoFin2@7ae0a9ec]" started-at="2023-12-22T11:11:01 IST" name="screenShot" finished-at="2023-12-22T11:11:01 IST" duration-ms="1" status="PASS">
          <params>
            <param index="0">
              <value>
                <![CDATA[[TestResult name=Upload3 status=SUCCESS method=PivoFin2.Upload3()[pri:32, instance:pivotalApplication.PivoFin2@7ae0a9ec] output={null}]]]>
              </value>
            </param>
          </params>
          <reporter-output>
          </reporter-output>
        </test-method> <!-- screenShot -->
        <test-method signature="UploadOk3()[pri:33, instance:pivotalApplication.PivoFin2@7ae0a9ec]" started-at="2023-12-22T11:11:01 IST" name="UploadOk3" finished-at="2023-12-22T11:11:11 IST" duration-ms="10149" status="PASS">
          <reporter-output>
          </reporter-output>
        </test-method> <!-- UploadOk3 -->
        <test-method is-config="true" signature="screenShot(org.testng.ITestResult)[pri:0, instance:pivotalApplication.PivoFin2@7ae0a9ec]" started-at="2023-12-22T11:11:11 IST" name="screenShot" finished-at="2023-12-22T11:11:11 IST" duration-ms="5" status="PASS">
          <params>
            <param index="0">
              <value>
                <![CDATA[[TestResult name=UploadOk3 status=SUCCESS method=PivoFin2.UploadOk3()[pri:33, instance:pivotalApplication.PivoFin2@7ae0a9ec] output={null}]]]>
              </value>
            </param>
          </params>
          <reporter-output>
          </reporter-output>
        </test-method> <!-- screenShot -->
        <test-method signature="RffralCreation()[pri:34, instance:pivotalApplication.PivoFin2@7ae0a9ec]" started-at="2023-12-22T11:11:11 IST" name="RffralCreation" finished-at="2023-12-22T11:11:13 IST" duration-ms="2536" status="PASS">
          <reporter-output>
          </reporter-output>
        </test-method> <!-- RffralCreation -->
        <test-method is-config="true" signature="screenShot(org.testng.ITestResult)[pri:0, instance:pivotalApplication.PivoFin2@7ae0a9ec]" started-at="2023-12-22T11:11:13 IST" name="screenShot" finished-at="2023-12-22T11:11:13 IST" duration-ms="0" status="PASS">
          <params>
            <param index="0">
              <value>
                <![CDATA[[TestResult name=RffralCreation status=SUCCESS method=PivoFin2.RffralCreation()[pri:34, instance:pivotalApplication.PivoFin2@7ae0a9ec] output={null}]]]>
              </value>
            </param>
          </params>
          <reporter-output>
          </reporter-output>
        </test-method> <!-- screenShot -->
        <test-method signature="DrName()[pri:35, instance:pivotalApplication.PivoFin2@7ae0a9ec]" started-at="2023-12-22T11:11:13 IST" name="DrName" finished-at="2023-12-22T11:11:16 IST" duration-ms="2919" status="PASS">
          <reporter-output>
          </reporter-output>
        </test-method> <!-- DrName -->
        <test-method is-config="true" signature="screenShot(org.testng.ITestResult)[pri:0, instance:pivotalApplication.PivoFin2@7ae0a9ec]" started-at="2023-12-22T11:11:16 IST" name="screenShot" finished-at="2023-12-22T11:11:16 IST" duration-ms="1" status="PASS">
          <params>
            <param index="0">
              <value>
                <![CDATA[[TestResult name=DrName status=SUCCESS method=PivoFin2.DrName()[pri:35, instance:pivotalApplication.PivoFin2@7ae0a9ec] output={null}]]]>
              </value>
            </param>
          </params>
          <reporter-output>
          </reporter-output>
        </test-method> <!-- screenShot -->
        <test-method signature="DrEmail()[pri:36, instance:pivotalApplication.PivoFin2@7ae0a9ec]" started-at="2023-12-22T11:11:16 IST" name="DrEmail" finished-at="2023-12-22T11:11:18 IST" duration-ms="2271" status="PASS">
          <reporter-output>
          </reporter-output>
        </test-method> <!-- DrEmail -->
        <test-method is-config="true" signature="screenShot(org.testng.ITestResult)[pri:0, instance:pivotalApplication.PivoFin2@7ae0a9ec]" started-at="2023-12-22T11:11:18 IST" name="screenShot" finished-at="2023-12-22T11:11:18 IST" duration-ms="0" status="PASS">
          <params>
            <param index="0">
              <value>
                <![CDATA[[TestResult name=DrEmail status=SUCCESS method=PivoFin2.DrEmail()[pri:36, instance:pivotalApplication.PivoFin2@7ae0a9ec] output={null}]]]>
              </value>
            </param>
          </params>
          <reporter-output>
          </reporter-output>
        </test-method> <!-- screenShot -->
        <test-method signature="DrMobNumber()[pri:37, instance:pivotalApplication.PivoFin2@7ae0a9ec]" started-at="2023-12-22T11:11:18 IST" name="DrMobNumber" finished-at="2023-12-22T11:11:21 IST" duration-ms="2901" status="PASS">
          <reporter-output>
          </reporter-output>
        </test-method> <!-- DrMobNumber -->
        <test-method is-config="true" signature="screenShot(org.testng.ITestResult)[pri:0, instance:pivotalApplication.PivoFin2@7ae0a9ec]" started-at="2023-12-22T11:11:21 IST" name="screenShot" finished-at="2023-12-22T11:11:21 IST" duration-ms="1" status="PASS">
          <params>
            <param index="0">
              <value>
                <![CDATA[[TestResult name=DrMobNumber status=SUCCESS method=PivoFin2.DrMobNumber()[pri:37, instance:pivotalApplication.PivoFin2@7ae0a9ec] output={null}]]]>
              </value>
            </param>
          </params>
          <reporter-output>
          </reporter-output>
        </test-method> <!-- screenShot -->
        <test-method signature="HealthCondition()[pri:38, instance:pivotalApplication.PivoFin2@7ae0a9ec]" started-at="2023-12-22T11:11:21 IST" name="HealthCondition" finished-at="2023-12-22T11:11:24 IST" duration-ms="2359" status="PASS">
          <reporter-output>
          </reporter-output>
        </test-method> <!-- HealthCondition -->
        <test-method is-config="true" signature="screenShot(org.testng.ITestResult)[pri:0, instance:pivotalApplication.PivoFin2@7ae0a9ec]" started-at="2023-12-22T11:11:24 IST" name="screenShot" finished-at="2023-12-22T11:11:24 IST" duration-ms="1" status="PASS">
          <params>
            <param index="0">
              <value>
                <![CDATA[[TestResult name=HealthCondition status=SUCCESS method=PivoFin2.HealthCondition()[pri:38, instance:pivotalApplication.PivoFin2@7ae0a9ec] output={null}]]]>
              </value>
            </param>
          </params>
          <reporter-output>
          </reporter-output>
        </test-method> <!-- screenShot -->
        <test-method signature="Duration()[pri:39, instance:pivotalApplication.PivoFin2@7ae0a9ec]" started-at="2023-12-22T11:11:24 IST" name="Duration" finished-at="2023-12-22T11:11:26 IST" duration-ms="2762" status="PASS">
          <reporter-output>
          </reporter-output>
        </test-method> <!-- Duration -->
        <test-method is-config="true" signature="screenShot(org.testng.ITestResult)[pri:0, instance:pivotalApplication.PivoFin2@7ae0a9ec]" started-at="2023-12-22T11:11:26 IST" name="screenShot" finished-at="2023-12-22T11:11:26 IST" duration-ms="0" status="PASS">
          <params>
            <param index="0">
              <value>
                <![CDATA[[TestResult name=Duration status=SUCCESS method=PivoFin2.Duration()[pri:39, instance:pivotalApplication.PivoFin2@7ae0a9ec] output={null}]]]>
              </value>
            </param>
          </params>
          <reporter-output>
          </reporter-output>
        </test-method> <!-- screenShot -->
        <test-method signature="Speciality()[pri:40, instance:pivotalApplication.PivoFin2@7ae0a9ec]" started-at="2023-12-22T11:11:26 IST" name="Speciality" finished-at="2023-12-22T11:11:34 IST" duration-ms="7623" status="PASS">
          <reporter-output>
          </reporter-output>
        </test-method> <!-- Speciality -->
        <test-method is-config="true" signature="screenShot(org.testng.ITestResult)[pri:0, instance:pivotalApplication.PivoFin2@7ae0a9ec]" started-at="2023-12-22T11:11:34 IST" name="screenShot" finished-at="2023-12-22T11:11:34 IST" duration-ms="1" status="PASS">
          <params>
            <param index="0">
              <value>
                <![CDATA[[TestResult name=Speciality status=SUCCESS method=PivoFin2.Speciality()[pri:40, instance:pivotalApplication.PivoFin2@7ae0a9ec] output={null}]]]>
              </value>
            </param>
          </params>
          <reporter-output>
          </reporter-output>
        </test-method> <!-- screenShot -->
        <test-method signature="preview()[pri:41, instance:pivotalApplication.PivoFin2@7ae0a9ec]" started-at="2023-12-22T11:11:34 IST" name="preview" finished-at="2023-12-22T11:11:36 IST" duration-ms="2369" status="PASS">
          <reporter-output>
          </reporter-output>
        </test-method> <!-- preview -->
        <test-method is-config="true" signature="screenShot(org.testng.ITestResult)[pri:0, instance:pivotalApplication.PivoFin2@7ae0a9ec]" started-at="2023-12-22T11:11:36 IST" name="screenShot" finished-at="2023-12-22T11:11:36 IST" duration-ms="1" status="PASS">
          <params>
            <param index="0">
              <value>
                <![CDATA[[TestResult name=preview status=SUCCESS method=PivoFin2.preview()[pri:41, instance:pivotalApplication.PivoFin2@7ae0a9ec] output={null}]]]>
              </value>
            </param>
          </params>
          <reporter-output>
          </reporter-output>
        </test-method> <!-- screenShot -->
        <test-method signature="Save()[pri:42, instance:pivotalApplication.PivoFin2@7ae0a9ec]" started-at="2023-12-22T11:11:36 IST" name="Save" finished-at="2023-12-22T11:11:52 IST" duration-ms="15271" status="PASS">
          <reporter-output>
          </reporter-output>
        </test-method> <!-- Save -->
        <test-method is-config="true" signature="screenShot(org.testng.ITestResult)[pri:0, instance:pivotalApplication.PivoFin2@7ae0a9ec]" started-at="2023-12-22T11:11:52 IST" name="screenShot" finished-at="2023-12-22T11:11:52 IST" duration-ms="0" status="PASS">
          <params>
            <param index="0">
              <value>
                <![CDATA[[TestResult name=Save status=SUCCESS method=PivoFin2.Save()[pri:42, instance:pivotalApplication.PivoFin2@7ae0a9ec] output={null}]]]>
              </value>
            </param>
          </params>
          <reporter-output>
          </reporter-output>
        </test-method> <!-- screenShot -->
        <test-method signature="UploadDocuments()[pri:44, instance:pivotalApplication.PivoFin2@7ae0a9ec]" started-at="2023-12-22T11:11:52 IST" name="UploadDocuments" finished-at="2023-12-22T11:12:46 IST" duration-ms="54268" status="PASS">
          <reporter-output>
          </reporter-output>
        </test-method> <!-- UploadDocuments -->
        <test-method is-config="true" signature="screenShot(org.testng.ITestResult)[pri:0, instance:pivotalApplication.PivoFin2@7ae0a9ec]" started-at="2023-12-22T11:12:46 IST" name="screenShot" finished-at="2023-12-22T11:12:46 IST" duration-ms="0" status="PASS">
          <params>
            <param index="0">
              <value>
                <![CDATA[[TestResult name=UploadDocuments status=SUCCESS method=PivoFin2.UploadDocuments()[pri:44, instance:pivotalApplication.PivoFin2@7ae0a9ec] output={null}]]]>
              </value>
            </param>
          </params>
          <reporter-output>
          </reporter-output>
        </test-method> <!-- screenShot -->
        <test-method signature="DocumentsDropDown()[pri:45, instance:pivotalApplication.PivoFin2@7ae0a9ec]" started-at="2023-12-22T11:12:46 IST" name="DocumentsDropDown" finished-at="2023-12-22T11:12:51 IST" duration-ms="5250" status="PASS">
          <reporter-output>
          </reporter-output>
        </test-method> <!-- DocumentsDropDown -->
        <test-method is-config="true" signature="screenShot(org.testng.ITestResult)[pri:0, instance:pivotalApplication.PivoFin2@7ae0a9ec]" started-at="2023-12-22T11:12:51 IST" name="screenShot" finished-at="2023-12-22T11:12:51 IST" duration-ms="1" status="PASS">
          <params>
            <param index="0">
              <value>
                <![CDATA[[TestResult name=DocumentsDropDown status=SUCCESS method=PivoFin2.DocumentsDropDown()[pri:45, instance:pivotalApplication.PivoFin2@7ae0a9ec] output={null}]]]>
              </value>
            </param>
          </params>
          <reporter-output>
          </reporter-output>
        </test-method> <!-- screenShot -->
        <test-method signature="DischargeSummary()[pri:46, instance:pivotalApplication.PivoFin2@7ae0a9ec]" started-at="2023-12-22T11:12:51 IST" name="DischargeSummary" finished-at="2023-12-22T11:12:54 IST" duration-ms="2294" status="PASS">
          <reporter-output>
          </reporter-output>
        </test-method> <!-- DischargeSummary -->
        <test-method is-config="true" signature="screenShot(org.testng.ITestResult)[pri:0, instance:pivotalApplication.PivoFin2@7ae0a9ec]" started-at="2023-12-22T11:12:54 IST" name="screenShot" finished-at="2023-12-22T11:12:54 IST" duration-ms="1" status="PASS">
          <params>
            <param index="0">
              <value>
                <![CDATA[[TestResult name=DischargeSummary status=SUCCESS method=PivoFin2.DischargeSummary()[pri:46, instance:pivotalApplication.PivoFin2@7ae0a9ec] output={null}]]]>
              </value>
            </param>
          </params>
          <reporter-output>
          </reporter-output>
        </test-method> <!-- screenShot -->
        <test-method signature="CreatedBy()[pri:47, instance:pivotalApplication.PivoFin2@7ae0a9ec]" started-at="2023-12-22T11:12:54 IST" name="CreatedBy" finished-at="2023-12-22T11:12:56 IST" duration-ms="2779" status="PASS">
          <reporter-output>
          </reporter-output>
        </test-method> <!-- CreatedBy -->
        <test-method is-config="true" signature="screenShot(org.testng.ITestResult)[pri:0, instance:pivotalApplication.PivoFin2@7ae0a9ec]" started-at="2023-12-22T11:12:56 IST" name="screenShot" finished-at="2023-12-22T11:12:56 IST" duration-ms="0" status="PASS">
          <params>
            <param index="0">
              <value>
                <![CDATA[[TestResult name=CreatedBy status=SUCCESS method=PivoFin2.CreatedBy()[pri:47, instance:pivotalApplication.PivoFin2@7ae0a9ec] output={null}]]]>
              </value>
            </param>
          </params>
          <reporter-output>
          </reporter-output>
        </test-method> <!-- screenShot -->
        <test-method signature="DocumentOn()[pri:48, instance:pivotalApplication.PivoFin2@7ae0a9ec]" started-at="2023-12-22T11:12:56 IST" name="DocumentOn" finished-at="2023-12-22T11:12:59 IST" duration-ms="2296" status="PASS">
          <reporter-output>
          </reporter-output>
        </test-method> <!-- DocumentOn -->
        <test-method is-config="true" signature="screenShot(org.testng.ITestResult)[pri:0, instance:pivotalApplication.PivoFin2@7ae0a9ec]" started-at="2023-12-22T11:12:59 IST" name="screenShot" finished-at="2023-12-22T11:12:59 IST" duration-ms="1" status="PASS">
          <params>
            <param index="0">
              <value>
                <![CDATA[[TestResult name=DocumentOn status=SUCCESS method=PivoFin2.DocumentOn()[pri:48, instance:pivotalApplication.PivoFin2@7ae0a9ec] output={null}]]]>
              </value>
            </param>
          </params>
          <reporter-output>
          </reporter-output>
        </test-method> <!-- screenShot -->
        <test-method signature="popUpOk()[pri:49, instance:pivotalApplication.PivoFin2@7ae0a9ec]" started-at="2023-12-22T11:12:59 IST" name="popUpOk" finished-at="2023-12-22T11:13:01 IST" duration-ms="2305" status="PASS">
          <reporter-output>
          </reporter-output>
        </test-method> <!-- popUpOk -->
        <test-method is-config="true" signature="screenShot(org.testng.ITestResult)[pri:0, instance:pivotalApplication.PivoFin2@7ae0a9ec]" started-at="2023-12-22T11:13:01 IST" name="screenShot" finished-at="2023-12-22T11:13:01 IST" duration-ms="1" status="PASS">
          <params>
            <param index="0">
              <value>
                <![CDATA[[TestResult name=popUpOk status=SUCCESS method=PivoFin2.popUpOk()[pri:49, instance:pivotalApplication.PivoFin2@7ae0a9ec] output={null}]]]>
              </value>
            </param>
          </params>
          <reporter-output>
          </reporter-output>
        </test-method> <!-- screenShot -->
        <test-method signature="Camera()[pri:50, instance:pivotalApplication.PivoFin2@7ae0a9ec]" started-at="2023-12-22T11:13:01 IST" name="Camera" finished-at="2023-12-22T11:13:15 IST" duration-ms="14186" status="PASS">
          <reporter-output>
          </reporter-output>
        </test-method> <!-- Camera -->
        <test-method is-config="true" signature="screenShot(org.testng.ITestResult)[pri:0, instance:pivotalApplication.PivoFin2@7ae0a9ec]" started-at="2023-12-22T11:13:15 IST" name="screenShot" finished-at="2023-12-22T11:13:15 IST" duration-ms="0" status="PASS">
          <params>
            <param index="0">
              <value>
                <![CDATA[[TestResult name=Camera status=SUCCESS method=PivoFin2.Camera()[pri:50, instance:pivotalApplication.PivoFin2@7ae0a9ec] output={null}]]]>
              </value>
            </param>
          </params>
          <reporter-output>
          </reporter-output>
        </test-method> <!-- screenShot -->
        <test-method signature="UploadCam()[pri:51, instance:pivotalApplication.PivoFin2@7ae0a9ec]" started-at="2023-12-22T11:13:15 IST" name="UploadCam" finished-at="2023-12-22T11:13:18 IST" duration-ms="2413" status="PASS">
          <reporter-output>
          </reporter-output>
        </test-method> <!-- UploadCam -->
        <test-method is-config="true" signature="screenShot(org.testng.ITestResult)[pri:0, instance:pivotalApplication.PivoFin2@7ae0a9ec]" started-at="2023-12-22T11:13:18 IST" name="screenShot" finished-at="2023-12-22T11:13:18 IST" duration-ms="1" status="PASS">
          <params>
            <param index="0">
              <value>
                <![CDATA[[TestResult name=UploadCam status=SUCCESS method=PivoFin2.UploadCam()[pri:51, instance:pivotalApplication.PivoFin2@7ae0a9ec] output={null}]]]>
              </value>
            </param>
          </params>
          <reporter-output>
          </reporter-output>
        </test-method> <!-- screenShot -->
        <test-method signature="UploadCamOk()[pri:52, instance:pivotalApplication.PivoFin2@7ae0a9ec]" started-at="2023-12-22T11:13:18 IST" name="UploadCamOk" finished-at="2023-12-22T11:13:28 IST" duration-ms="10248" status="PASS">
          <reporter-output>
          </reporter-output>
        </test-method> <!-- UploadCamOk -->
        <test-method is-config="true" signature="screenShot(org.testng.ITestResult)[pri:0, instance:pivotalApplication.PivoFin2@7ae0a9ec]" started-at="2023-12-22T11:13:28 IST" name="screenShot" finished-at="2023-12-22T11:13:28 IST" duration-ms="1" status="PASS">
          <params>
            <param index="0">
              <value>
                <![CDATA[[TestResult name=UploadCamOk status=SUCCESS method=PivoFin2.UploadCamOk()[pri:52, instance:pivotalApplication.PivoFin2@7ae0a9ec] output={null}]]]>
              </value>
            </param>
          </params>
          <reporter-output>
          </reporter-output>
        </test-method> <!-- screenShot -->
        <test-method signature="UploadDocuments1()[pri:53, instance:pivotalApplication.PivoFin2@7ae0a9ec]" started-at="2023-12-22T11:13:28 IST" name="UploadDocuments1" finished-at="2023-12-22T11:13:33 IST" duration-ms="5456" status="PASS">
          <reporter-output>
          </reporter-output>
        </test-method> <!-- UploadDocuments1 -->
        <test-method is-config="true" signature="screenShot(org.testng.ITestResult)[pri:0, instance:pivotalApplication.PivoFin2@7ae0a9ec]" started-at="2023-12-22T11:13:33 IST" name="screenShot" finished-at="2023-12-22T11:13:33 IST" duration-ms="1" status="PASS">
          <params>
            <param index="0">
              <value>
                <![CDATA[[TestResult name=UploadDocuments1 status=SUCCESS method=PivoFin2.UploadDocuments1()[pri:53, instance:pivotalApplication.PivoFin2@7ae0a9ec] output={null}]]]>
              </value>
            </param>
          </params>
          <reporter-output>
          </reporter-output>
        </test-method> <!-- screenShot -->
        <test-method signature="DocumentsDropDown1()[pri:54, instance:pivotalApplication.PivoFin2@7ae0a9ec]" started-at="2023-12-22T11:13:33 IST" name="DocumentsDropDown1" finished-at="2023-12-22T11:13:39 IST" duration-ms="5235" status="PASS">
          <reporter-output>
          </reporter-output>
        </test-method> <!-- DocumentsDropDown1 -->
        <test-method is-config="true" signature="screenShot(org.testng.ITestResult)[pri:0, instance:pivotalApplication.PivoFin2@7ae0a9ec]" started-at="2023-12-22T11:13:39 IST" name="screenShot" finished-at="2023-12-22T11:13:39 IST" duration-ms="1" status="PASS">
          <params>
            <param index="0">
              <value>
                <![CDATA[[TestResult name=DocumentsDropDown1 status=SUCCESS method=PivoFin2.DocumentsDropDown1()[pri:54, instance:pivotalApplication.PivoFin2@7ae0a9ec] output={null}]]]>
              </value>
            </param>
          </params>
          <reporter-output>
          </reporter-output>
        </test-method> <!-- screenShot -->
        <test-method signature="DischargeSummary1()[pri:55, instance:pivotalApplication.PivoFin2@7ae0a9ec]" started-at="2023-12-22T11:13:39 IST" name="DischargeSummary1" finished-at="2023-12-22T11:13:41 IST" duration-ms="2298" status="PASS">
          <reporter-output>
          </reporter-output>
        </test-method> <!-- DischargeSummary1 -->
        <test-method is-config="true" signature="screenShot(org.testng.ITestResult)[pri:0, instance:pivotalApplication.PivoFin2@7ae0a9ec]" started-at="2023-12-22T11:13:41 IST" name="screenShot" finished-at="2023-12-22T11:13:41 IST" duration-ms="1" status="PASS">
          <params>
            <param index="0">
              <value>
                <![CDATA[[TestResult name=DischargeSummary1 status=SUCCESS method=PivoFin2.DischargeSummary1()[pri:55, instance:pivotalApplication.PivoFin2@7ae0a9ec] output={null}]]]>
              </value>
            </param>
          </params>
          <reporter-output>
          </reporter-output>
        </test-method> <!-- screenShot -->
        <test-method signature="CreatedBy1()[pri:56, instance:pivotalApplication.PivoFin2@7ae0a9ec]" started-at="2023-12-22T11:13:41 IST" name="CreatedBy1" finished-at="2023-12-22T11:13:44 IST" duration-ms="2809" status="PASS">
          <reporter-output>
          </reporter-output>
        </test-method> <!-- CreatedBy1 -->
        <test-method is-config="true" signature="screenShot(org.testng.ITestResult)[pri:0, instance:pivotalApplication.PivoFin2@7ae0a9ec]" started-at="2023-12-22T11:13:44 IST" name="screenShot" finished-at="2023-12-22T11:13:44 IST" duration-ms="1" status="PASS">
          <params>
            <param index="0">
              <value>
                <![CDATA[[TestResult name=CreatedBy1 status=SUCCESS method=PivoFin2.CreatedBy1()[pri:56, instance:pivotalApplication.PivoFin2@7ae0a9ec] output={null}]]]>
              </value>
            </param>
          </params>
          <reporter-output>
          </reporter-output>
        </test-method> <!-- screenShot -->
        <test-method signature="DocumentOn1()[pri:57, instance:pivotalApplication.PivoFin2@7ae0a9ec]" started-at="2023-12-22T11:13:44 IST" name="DocumentOn1" finished-at="2023-12-22T11:13:46 IST" duration-ms="2302" status="PASS">
          <reporter-output>
          </reporter-output>
        </test-method> <!-- DocumentOn1 -->
        <test-method is-config="true" signature="screenShot(org.testng.ITestResult)[pri:0, instance:pivotalApplication.PivoFin2@7ae0a9ec]" started-at="2023-12-22T11:13:46 IST" name="screenShot" finished-at="2023-12-22T11:13:46 IST" duration-ms="4" status="PASS">
          <params>
            <param index="0">
              <value>
                <![CDATA[[TestResult name=DocumentOn1 status=SUCCESS method=PivoFin2.DocumentOn1()[pri:57, instance:pivotalApplication.PivoFin2@7ae0a9ec] output={null}]]]>
              </value>
            </param>
          </params>
          <reporter-output>
          </reporter-output>
        </test-method> <!-- screenShot -->
        <test-method signature="popUpOk1()[pri:58, instance:pivotalApplication.PivoFin2@7ae0a9ec]" started-at="2023-12-22T11:13:46 IST" name="popUpOk1" finished-at="2023-12-22T11:13:48 IST" duration-ms="2310" status="PASS">
          <reporter-output>
          </reporter-output>
        </test-method> <!-- popUpOk1 -->
        <test-method is-config="true" signature="screenShot(org.testng.ITestResult)[pri:0, instance:pivotalApplication.PivoFin2@7ae0a9ec]" started-at="2023-12-22T11:13:48 IST" name="screenShot" finished-at="2023-12-22T11:13:48 IST" duration-ms="1" status="PASS">
          <params>
            <param index="0">
              <value>
                <![CDATA[[TestResult name=popUpOk1 status=SUCCESS method=PivoFin2.popUpOk1()[pri:58, instance:pivotalApplication.PivoFin2@7ae0a9ec] output={null}]]]>
              </value>
            </param>
          </params>
          <reporter-output>
          </reporter-output>
        </test-method> <!-- screenShot -->
        <test-method signature="Gallery()[pri:59, instance:pivotalApplication.PivoFin2@7ae0a9ec]" started-at="2023-12-22T11:13:48 IST" name="Gallery" finished-at="2023-12-22T11:13:51 IST" duration-ms="2529" status="PASS">
          <reporter-output>
          </reporter-output>
        </test-method> <!-- Gallery -->
        <test-method is-config="true" signature="screenShot(org.testng.ITestResult)[pri:0, instance:pivotalApplication.PivoFin2@7ae0a9ec]" started-at="2023-12-22T11:13:51 IST" name="screenShot" finished-at="2023-12-22T11:13:51 IST" duration-ms="5" status="PASS">
          <params>
            <param index="0">
              <value>
                <![CDATA[[TestResult name=Gallery status=SUCCESS method=PivoFin2.Gallery()[pri:59, instance:pivotalApplication.PivoFin2@7ae0a9ec] output={null}]]]>
              </value>
            </param>
          </params>
          <reporter-output>
          </reporter-output>
        </test-method> <!-- screenShot -->
        <test-method signature="photo()[pri:60, instance:pivotalApplication.PivoFin2@7ae0a9ec]" started-at="2023-12-22T11:13:51 IST" name="photo" finished-at="2023-12-22T11:14:01 IST" duration-ms="10333" status="PASS">
          <reporter-output>
          </reporter-output>
        </test-method> <!-- photo -->
        <test-method is-config="true" signature="screenShot(org.testng.ITestResult)[pri:0, instance:pivotalApplication.PivoFin2@7ae0a9ec]" started-at="2023-12-22T11:14:01 IST" name="screenShot" finished-at="2023-12-22T11:14:01 IST" duration-ms="1" status="PASS">
          <params>
            <param index="0">
              <value>
                <![CDATA[[TestResult name=photo status=SUCCESS method=PivoFin2.photo()[pri:60, instance:pivotalApplication.PivoFin2@7ae0a9ec] output={null}]]]>
              </value>
            </param>
          </params>
          <reporter-output>
          </reporter-output>
        </test-method> <!-- screenShot -->
        <test-method signature="Upload()[pri:61, instance:pivotalApplication.PivoFin2@7ae0a9ec]" started-at="2023-12-22T11:14:01 IST" name="Upload" finished-at="2023-12-22T11:14:04 IST" duration-ms="2345" status="PASS">
          <reporter-output>
          </reporter-output>
        </test-method> <!-- Upload -->
        <test-method is-config="true" signature="screenShot(org.testng.ITestResult)[pri:0, instance:pivotalApplication.PivoFin2@7ae0a9ec]" started-at="2023-12-22T11:14:04 IST" name="screenShot" finished-at="2023-12-22T11:14:04 IST" duration-ms="0" status="PASS">
          <params>
            <param index="0">
              <value>
                <![CDATA[[TestResult name=Upload status=SUCCESS method=PivoFin2.Upload()[pri:61, instance:pivotalApplication.PivoFin2@7ae0a9ec] output={null}]]]>
              </value>
            </param>
          </params>
          <reporter-output>
          </reporter-output>
        </test-method> <!-- screenShot -->
        <test-method signature="UploadOk()[pri:62, instance:pivotalApplication.PivoFin2@7ae0a9ec]" started-at="2023-12-22T11:14:04 IST" name="UploadOk" finished-at="2023-12-22T11:14:06 IST" duration-ms="2250" status="PASS">
          <reporter-output>
          </reporter-output>
        </test-method> <!-- UploadOk -->
        <test-method is-config="true" signature="screenShot(org.testng.ITestResult)[pri:0, instance:pivotalApplication.PivoFin2@7ae0a9ec]" started-at="2023-12-22T11:14:06 IST" name="screenShot" finished-at="2023-12-22T11:14:06 IST" duration-ms="1" status="PASS">
          <params>
            <param index="0">
              <value>
                <![CDATA[[TestResult name=UploadOk status=SUCCESS method=PivoFin2.UploadOk()[pri:62, instance:pivotalApplication.PivoFin2@7ae0a9ec] output={null}]]]>
              </value>
            </param>
          </params>
          <reporter-output>
          </reporter-output>
        </test-method> <!-- screenShot -->
        <test-method signature="SpecialVaccine()[pri:63, instance:pivotalApplication.PivoFin2@7ae0a9ec]" started-at="2023-12-22T11:14:06 IST" name="SpecialVaccine" finished-at="2023-12-22T11:14:23 IST" duration-ms="17667" status="PASS">
          <reporter-output>
          </reporter-output>
        </test-method> <!-- SpecialVaccine -->
        <test-method is-config="true" signature="screenShot(org.testng.ITestResult)[pri:0, instance:pivotalApplication.PivoFin2@7ae0a9ec]" started-at="2023-12-22T11:14:23 IST" name="screenShot" finished-at="2023-12-22T11:14:23 IST" duration-ms="2" status="PASS">
          <params>
            <param index="0">
              <value>
                <![CDATA[[TestResult name=SpecialVaccine status=SUCCESS method=PivoFin2.SpecialVaccine()[pri:63, instance:pivotalApplication.PivoFin2@7ae0a9ec] output={null}]]]>
              </value>
            </param>
          </params>
          <reporter-output>
          </reporter-output>
        </test-method> <!-- screenShot -->
        <test-method signature="AdministeredDate()[pri:64, instance:pivotalApplication.PivoFin2@7ae0a9ec]" started-at="2023-12-22T11:14:23 IST" name="AdministeredDate" finished-at="2023-12-22T11:14:29 IST" duration-ms="5207" status="PASS">
          <reporter-output>
          </reporter-output>
        </test-method> <!-- AdministeredDate -->
        <test-method is-config="true" signature="screenShot(org.testng.ITestResult)[pri:0, instance:pivotalApplication.PivoFin2@7ae0a9ec]" started-at="2023-12-22T11:14:29 IST" name="screenShot" finished-at="2023-12-22T11:14:29 IST" duration-ms="1" status="PASS">
          <params>
            <param index="0">
              <value>
                <![CDATA[[TestResult name=AdministeredDate status=SUCCESS method=PivoFin2.AdministeredDate()[pri:64, instance:pivotalApplication.PivoFin2@7ae0a9ec] output={null}]]]>
              </value>
            </param>
          </params>
          <reporter-output>
          </reporter-output>
        </test-method> <!-- screenShot -->
        <test-method signature="PopUpOk()[pri:65, instance:pivotalApplication.PivoFin2@7ae0a9ec]" started-at="2023-12-22T11:14:29 IST" name="PopUpOk" finished-at="2023-12-22T11:14:31 IST" duration-ms="2303" status="PASS">
          <reporter-output>
          </reporter-output>
        </test-method> <!-- PopUpOk -->
        <test-method is-config="true" signature="screenShot(org.testng.ITestResult)[pri:0, instance:pivotalApplication.PivoFin2@7ae0a9ec]" started-at="2023-12-22T11:14:31 IST" name="screenShot" finished-at="2023-12-22T11:14:31 IST" duration-ms="1" status="PASS">
          <params>
            <param index="0">
              <value>
                <![CDATA[[TestResult name=PopUpOk status=SUCCESS method=PivoFin2.PopUpOk()[pri:65, instance:pivotalApplication.PivoFin2@7ae0a9ec] output={null}]]]>
              </value>
            </param>
          </params>
          <reporter-output>
          </reporter-output>
        </test-method> <!-- screenShot -->
        <test-method signature="VaccineDropdown()[pri:66, instance:pivotalApplication.PivoFin2@7ae0a9ec]" started-at="2023-12-22T11:14:31 IST" name="VaccineDropdown" finished-at="2023-12-22T11:14:33 IST" duration-ms="2218" status="PASS">
          <reporter-output>
          </reporter-output>
        </test-method> <!-- VaccineDropdown -->
        <test-method is-config="true" signature="screenShot(org.testng.ITestResult)[pri:0, instance:pivotalApplication.PivoFin2@7ae0a9ec]" started-at="2023-12-22T11:14:33 IST" name="screenShot" finished-at="2023-12-22T11:14:33 IST" duration-ms="1" status="PASS">
          <params>
            <param index="0">
              <value>
                <![CDATA[[TestResult name=VaccineDropdown status=SUCCESS method=PivoFin2.VaccineDropdown()[pri:66, instance:pivotalApplication.PivoFin2@7ae0a9ec] output={null}]]]>
              </value>
            </param>
          </params>
          <reporter-output>
          </reporter-output>
        </test-method> <!-- screenShot -->
        <test-method signature="CholeraVaccine()[pri:67, instance:pivotalApplication.PivoFin2@7ae0a9ec]" started-at="2023-12-22T11:14:33 IST" name="CholeraVaccine" finished-at="2023-12-22T11:14:36 IST" duration-ms="2295" status="PASS">
          <reporter-output>
          </reporter-output>
        </test-method> <!-- CholeraVaccine -->
        <test-method is-config="true" signature="screenShot(org.testng.ITestResult)[pri:0, instance:pivotalApplication.PivoFin2@7ae0a9ec]" started-at="2023-12-22T11:14:36 IST" name="screenShot" finished-at="2023-12-22T11:14:36 IST" duration-ms="1" status="PASS">
          <params>
            <param index="0">
              <value>
                <![CDATA[[TestResult name=CholeraVaccine status=SUCCESS method=PivoFin2.CholeraVaccine()[pri:67, instance:pivotalApplication.PivoFin2@7ae0a9ec] output={null}]]]>
              </value>
            </param>
          </params>
          <reporter-output>
          </reporter-output>
        </test-method> <!-- screenShot -->
        <test-method signature="Submit()[pri:68, instance:pivotalApplication.PivoFin2@7ae0a9ec]" started-at="2023-12-22T11:14:36 IST" name="Submit" finished-at="2023-12-22T11:14:38 IST" duration-ms="2244" status="PASS">
          <reporter-output>
          </reporter-output>
        </test-method> <!-- Submit -->
        <test-method is-config="true" signature="screenShot(org.testng.ITestResult)[pri:0, instance:pivotalApplication.PivoFin2@7ae0a9ec]" started-at="2023-12-22T11:14:38 IST" name="screenShot" finished-at="2023-12-22T11:14:38 IST" duration-ms="0" status="PASS">
          <params>
            <param index="0">
              <value>
                <![CDATA[[TestResult name=Submit status=SUCCESS method=PivoFin2.Submit()[pri:68, instance:pivotalApplication.PivoFin2@7ae0a9ec] output={null}]]]>
              </value>
            </param>
          </params>
          <reporter-output>
          </reporter-output>
        </test-method> <!-- screenShot -->
        <test-method signature="VaccinationOk()[pri:69, instance:pivotalApplication.PivoFin2@7ae0a9ec]" started-at="2023-12-22T11:14:38 IST" name="VaccinationOk" finished-at="2023-12-22T11:14:41 IST" duration-ms="2757" status="PASS">
          <reporter-output>
          </reporter-output>
        </test-method> <!-- VaccinationOk -->
        <test-method is-config="true" signature="screenShot(org.testng.ITestResult)[pri:0, instance:pivotalApplication.PivoFin2@7ae0a9ec]" started-at="2023-12-22T11:14:41 IST" name="screenShot" finished-at="2023-12-22T11:14:41 IST" duration-ms="1" status="PASS">
          <params>
            <param index="0">
              <value>
                <![CDATA[[TestResult name=VaccinationOk status=SUCCESS method=PivoFin2.VaccinationOk()[pri:69, instance:pivotalApplication.PivoFin2@7ae0a9ec] output={null}]]]>
              </value>
            </param>
          </params>
          <reporter-output>
          </reporter-output>
        </test-method> <!-- screenShot -->
        <test-method signature="LinkPatient()[pri:70, instance:pivotalApplication.PivoFin2@7ae0a9ec]" started-at="2023-12-22T11:14:41 IST" name="LinkPatient" finished-at="2023-12-22T11:14:58 IST" duration-ms="17739" status="PASS">
          <reporter-output>
          </reporter-output>
        </test-method> <!-- LinkPatient -->
        <test-method is-config="true" signature="screenShot(org.testng.ITestResult)[pri:0, instance:pivotalApplication.PivoFin2@7ae0a9ec]" started-at="2023-12-22T11:14:58 IST" name="screenShot" finished-at="2023-12-22T11:14:58 IST" duration-ms="2" status="PASS">
          <params>
            <param index="0">
              <value>
                <![CDATA[[TestResult name=LinkPatient status=SUCCESS method=PivoFin2.LinkPatient()[pri:70, instance:pivotalApplication.PivoFin2@7ae0a9ec] output={null}]]]>
              </value>
            </param>
          </params>
          <reporter-output>
          </reporter-output>
        </test-method> <!-- screenShot -->
        <test-method signature="DrMobileNumber()[pri:71, instance:pivotalApplication.PivoFin2@7ae0a9ec]" started-at="2023-12-22T11:14:58 IST" name="DrMobileNumber" finished-at="2023-12-22T11:15:09 IST" duration-ms="10683" status="PASS">
          <reporter-output>
          </reporter-output>
        </test-method> <!-- DrMobileNumber -->
        <test-method is-config="true" signature="screenShot(org.testng.ITestResult)[pri:0, instance:pivotalApplication.PivoFin2@7ae0a9ec]" started-at="2023-12-22T11:15:09 IST" name="screenShot" finished-at="2023-12-22T11:15:09 IST" duration-ms="1" status="PASS">
          <params>
            <param index="0">
              <value>
                <![CDATA[[TestResult name=DrMobileNumber status=SUCCESS method=PivoFin2.DrMobileNumber()[pri:71, instance:pivotalApplication.PivoFin2@7ae0a9ec] output={null}]]]>
              </value>
            </param>
          </params>
          <reporter-output>
          </reporter-output>
        </test-method> <!-- screenShot -->
        <test-method signature="SearchDr()[pri:72, instance:pivotalApplication.PivoFin2@7ae0a9ec]" started-at="2023-12-22T11:15:09 IST" name="SearchDr" finished-at="2023-12-22T11:15:26 IST" duration-ms="17186" status="PASS">
          <reporter-output>
          </reporter-output>
        </test-method> <!-- SearchDr -->
        <test-method is-config="true" signature="screenShot(org.testng.ITestResult)[pri:0, instance:pivotalApplication.PivoFin2@7ae0a9ec]" started-at="2023-12-22T11:15:26 IST" name="screenShot" finished-at="2023-12-22T11:15:26 IST" duration-ms="2" status="PASS">
          <params>
            <param index="0">
              <value>
                <![CDATA[[TestResult name=SearchDr status=SUCCESS method=PivoFin2.SearchDr()[pri:72, instance:pivotalApplication.PivoFin2@7ae0a9ec] output={null}]]]>
              </value>
            </param>
          </params>
          <reporter-output>
          </reporter-output>
        </test-method> <!-- screenShot -->
        <test-method signature="Link()[pri:73, instance:pivotalApplication.PivoFin2@7ae0a9ec]" started-at="2023-12-22T11:15:26 IST" name="Link" finished-at="2023-12-22T11:15:41 IST" duration-ms="15243" status="PASS">
          <reporter-output>
          </reporter-output>
        </test-method> <!-- Link -->
        <test-method is-config="true" signature="screenShot(org.testng.ITestResult)[pri:0, instance:pivotalApplication.PivoFin2@7ae0a9ec]" started-at="2023-12-22T11:15:41 IST" name="screenShot" finished-at="2023-12-22T11:15:41 IST" duration-ms="1" status="PASS">
          <params>
            <param index="0">
              <value>
                <![CDATA[[TestResult name=Link status=SUCCESS method=PivoFin2.Link()[pri:73, instance:pivotalApplication.PivoFin2@7ae0a9ec] output={null}]]]>
              </value>
            </param>
          </params>
          <reporter-output>
          </reporter-output>
        </test-method> <!-- screenShot -->
        <test-method signature="Reciept()[pri:74, instance:pivotalApplication.PivoFin2@7ae0a9ec]" started-at="2023-12-22T11:15:41 IST" name="Reciept" finished-at="2023-12-22T11:15:59 IST" duration-ms="17695" status="PASS">
          <reporter-output>
          </reporter-output>
        </test-method> <!-- Reciept -->
        <test-method is-config="true" signature="screenShot(org.testng.ITestResult)[pri:0, instance:pivotalApplication.PivoFin2@7ae0a9ec]" started-at="2023-12-22T11:15:59 IST" name="screenShot" finished-at="2023-12-22T11:15:59 IST" duration-ms="0" status="PASS">
          <params>
            <param index="0">
              <value>
                <![CDATA[[TestResult name=Reciept status=SUCCESS method=PivoFin2.Reciept()[pri:74, instance:pivotalApplication.PivoFin2@7ae0a9ec] output={null}]]]>
              </value>
            </param>
          </params>
          <reporter-output>
          </reporter-output>
        </test-method> <!-- screenShot -->
        <test-method signature="AddNewReceipt()[pri:75, instance:pivotalApplication.PivoFin2@7ae0a9ec]" started-at="2023-12-22T11:15:59 IST" name="AddNewReceipt" finished-at="2023-12-22T11:16:09 IST" duration-ms="10337" status="PASS">
          <reporter-output>
          </reporter-output>
        </test-method> <!-- AddNewReceipt -->
        <test-method is-config="true" signature="screenShot(org.testng.ITestResult)[pri:0, instance:pivotalApplication.PivoFin2@7ae0a9ec]" started-at="2023-12-22T11:16:09 IST" name="screenShot" finished-at="2023-12-22T11:16:09 IST" duration-ms="0" status="PASS">
          <params>
            <param index="0">
              <value>
                <![CDATA[[TestResult name=AddNewReceipt status=SUCCESS method=PivoFin2.AddNewReceipt()[pri:75, instance:pivotalApplication.PivoFin2@7ae0a9ec] output={null}]]]>
              </value>
            </param>
          </params>
          <reporter-output>
          </reporter-output>
        </test-method> <!-- screenShot -->
        <test-method signature="ReceiptNo()[pri:76, instance:pivotalApplication.PivoFin2@7ae0a9ec]" started-at="2023-12-22T11:16:09 IST" name="ReceiptNo" finished-at="2023-12-22T11:16:17 IST" duration-ms="7941" status="PASS">
          <reporter-output>
          </reporter-output>
        </test-method> <!-- ReceiptNo -->
        <test-method is-config="true" signature="screenShot(org.testng.ITestResult)[pri:0, instance:pivotalApplication.PivoFin2@7ae0a9ec]" started-at="2023-12-22T11:16:17 IST" name="screenShot" finished-at="2023-12-22T11:16:17 IST" duration-ms="1" status="PASS">
          <params>
            <param index="0">
              <value>
                <![CDATA[[TestResult name=ReceiptNo status=SUCCESS method=PivoFin2.ReceiptNo()[pri:76, instance:pivotalApplication.PivoFin2@7ae0a9ec] output={null}]]]>
              </value>
            </param>
          </params>
          <reporter-output>
          </reporter-output>
        </test-method> <!-- screenShot -->
        <test-method signature="Consultation()[pri:77, instance:pivotalApplication.PivoFin2@7ae0a9ec]" started-at="2023-12-22T11:16:17 IST" name="Consultation" finished-at="2023-12-22T11:16:22 IST" duration-ms="4886" status="PASS">
          <reporter-output>
          </reporter-output>
        </test-method> <!-- Consultation -->
        <test-method is-config="true" signature="screenShot(org.testng.ITestResult)[pri:0, instance:pivotalApplication.PivoFin2@7ae0a9ec]" started-at="2023-12-22T11:16:22 IST" name="screenShot" finished-at="2023-12-22T11:16:22 IST" duration-ms="1" status="PASS">
          <params>
            <param index="0">
              <value>
                <![CDATA[[TestResult name=Consultation status=SUCCESS method=PivoFin2.Consultation()[pri:77, instance:pivotalApplication.PivoFin2@7ae0a9ec] output={null}]]]>
              </value>
            </param>
          </params>
          <reporter-output>
          </reporter-output>
        </test-method> <!-- screenShot -->
        <test-method signature="Vaccination()[pri:78, instance:pivotalApplication.PivoFin2@7ae0a9ec]" started-at="2023-12-22T11:16:22 IST" name="Vaccination" finished-at="2023-12-22T11:16:27 IST" duration-ms="4820" status="PASS">
          <reporter-output>
          </reporter-output>
        </test-method> <!-- Vaccination -->
        <test-method is-config="true" signature="screenShot(org.testng.ITestResult)[pri:0, instance:pivotalApplication.PivoFin2@7ae0a9ec]" started-at="2023-12-22T11:16:27 IST" name="screenShot" finished-at="2023-12-22T11:16:27 IST" duration-ms="1" status="PASS">
          <params>
            <param index="0">
              <value>
                <![CDATA[[TestResult name=Vaccination status=SUCCESS method=PivoFin2.Vaccination()[pri:78, instance:pivotalApplication.PivoFin2@7ae0a9ec] output={null}]]]>
              </value>
            </param>
          </params>
          <reporter-output>
          </reporter-output>
        </test-method> <!-- screenShot -->
        <test-method signature="OtherReasons()[pri:79, instance:pivotalApplication.PivoFin2@7ae0a9ec]" started-at="2023-12-22T11:16:27 IST" name="OtherReasons" finished-at="2023-12-22T11:16:32 IST" duration-ms="4864" status="PASS">
          <reporter-output>
          </reporter-output>
        </test-method> <!-- OtherReasons -->
        <test-method is-config="true" signature="screenShot(org.testng.ITestResult)[pri:0, instance:pivotalApplication.PivoFin2@7ae0a9ec]" started-at="2023-12-22T11:16:32 IST" name="screenShot" finished-at="2023-12-22T11:16:32 IST" duration-ms="1" status="PASS">
          <params>
            <param index="0">
              <value>
                <![CDATA[[TestResult name=OtherReasons status=SUCCESS method=PivoFin2.OtherReasons()[pri:79, instance:pivotalApplication.PivoFin2@7ae0a9ec] output={null}]]]>
              </value>
            </param>
          </params>
          <reporter-output>
          </reporter-output>
        </test-method> <!-- screenShot -->
        <test-method signature="Addmore()[pri:80, instance:pivotalApplication.PivoFin2@7ae0a9ec]" started-at="2023-12-22T11:16:32 IST" name="Addmore" finished-at="2023-12-22T11:16:36 IST" duration-ms="4467" status="PASS">
          <reporter-output>
          </reporter-output>
        </test-method> <!-- Addmore -->
        <test-method is-config="true" signature="screenShot(org.testng.ITestResult)[pri:0, instance:pivotalApplication.PivoFin2@7ae0a9ec]" started-at="2023-12-22T11:16:36 IST" name="screenShot" finished-at="2023-12-22T11:16:36 IST" duration-ms="1" status="PASS">
          <params>
            <param index="0">
              <value>
                <![CDATA[[TestResult name=Addmore status=SUCCESS method=PivoFin2.Addmore()[pri:80, instance:pivotalApplication.PivoFin2@7ae0a9ec] output={null}]]]>
              </value>
            </param>
          </params>
          <reporter-output>
          </reporter-output>
        </test-method> <!-- screenShot -->
        <test-method signature="Preview()[pri:81, instance:pivotalApplication.PivoFin2@7ae0a9ec]" started-at="2023-12-22T11:16:36 IST" name="Preview" finished-at="2023-12-22T11:17:12 IST" duration-ms="35440" status="PASS">
          <reporter-output>
          </reporter-output>
        </test-method> <!-- Preview -->
        <test-method is-config="true" signature="screenShot(org.testng.ITestResult)[pri:0, instance:pivotalApplication.PivoFin2@7ae0a9ec]" started-at="2023-12-22T11:17:12 IST" name="screenShot" finished-at="2023-12-22T11:17:12 IST" duration-ms="1" status="PASS">
          <params>
            <param index="0">
              <value>
                <![CDATA[[TestResult name=Preview status=SUCCESS method=PivoFin2.Preview()[pri:81, instance:pivotalApplication.PivoFin2@7ae0a9ec] output={null}]]]>
              </value>
            </param>
          </params>
          <reporter-output>
          </reporter-output>
        </test-method> <!-- screenShot -->
        <test-method signature="PayerName()[pri:82, instance:pivotalApplication.PivoFin2@7ae0a9ec]" started-at="2023-12-22T11:17:12 IST" name="PayerName" finished-at="2023-12-22T11:17:15 IST" duration-ms="2754" status="PASS">
          <reporter-output>
          </reporter-output>
        </test-method> <!-- PayerName -->
        <test-method is-config="true" signature="screenShot(org.testng.ITestResult)[pri:0, instance:pivotalApplication.PivoFin2@7ae0a9ec]" started-at="2023-12-22T11:17:15 IST" name="screenShot" finished-at="2023-12-22T11:17:15 IST" duration-ms="1" status="PASS">
          <params>
            <param index="0">
              <value>
                <![CDATA[[TestResult name=PayerName status=SUCCESS method=PivoFin2.PayerName()[pri:82, instance:pivotalApplication.PivoFin2@7ae0a9ec] output={null}]]]>
              </value>
            </param>
          </params>
          <reporter-output>
          </reporter-output>
        </test-method> <!-- screenShot -->
        <test-method signature="CreateReceipt()[pri:83, instance:pivotalApplication.PivoFin2@7ae0a9ec]" started-at="2023-12-22T11:17:15 IST" name="CreateReceipt" finished-at="2023-12-22T11:17:42 IST" duration-ms="27123" status="PASS">
          <reporter-output>
          </reporter-output>
        </test-method> <!-- CreateReceipt -->
        <test-method is-config="true" signature="screenShot(org.testng.ITestResult)[pri:0, instance:pivotalApplication.PivoFin2@7ae0a9ec]" started-at="2023-12-22T11:17:42 IST" name="screenShot" finished-at="2023-12-22T11:17:42 IST" duration-ms="1" status="PASS">
          <params>
            <param index="0">
              <value>
                <![CDATA[[TestResult name=CreateReceipt status=SUCCESS method=PivoFin2.CreateReceipt()[pri:83, instance:pivotalApplication.PivoFin2@7ae0a9ec] output={null}]]]>
              </value>
            </param>
          </params>
          <reporter-output>
          </reporter-output>
        </test-method> <!-- screenShot -->
        <test-method signature="Certificate()[pri:84, instance:pivotalApplication.PivoFin2@7ae0a9ec]" started-at="2023-12-22T11:17:42 IST" name="Certificate" finished-at="2023-12-22T11:18:23 IST" duration-ms="41236" status="PASS">
          <reporter-output>
          </reporter-output>
        </test-method> <!-- Certificate -->
        <test-method is-config="true" signature="screenShot(org.testng.ITestResult)[pri:0, instance:pivotalApplication.PivoFin2@7ae0a9ec]" started-at="2023-12-22T11:18:23 IST" name="screenShot" finished-at="2023-12-22T11:18:23 IST" duration-ms="1" status="PASS">
          <params>
            <param index="0">
              <value>
                <![CDATA[[TestResult name=Certificate status=SUCCESS method=PivoFin2.Certificate()[pri:84, instance:pivotalApplication.PivoFin2@7ae0a9ec] output={null}]]]>
              </value>
            </param>
          </params>
          <reporter-output>
          </reporter-output>
        </test-method> <!-- screenShot -->
        <test-method signature="CertificateDropdown()[pri:85, instance:pivotalApplication.PivoFin2@7ae0a9ec]" started-at="2023-12-22T11:18:23 IST" name="CertificateDropdown" finished-at="2023-12-22T11:18:45 IST" duration-ms="22304" status="PASS">
          <reporter-output>
          </reporter-output>
        </test-method> <!-- CertificateDropdown -->
        <test-method is-config="true" signature="screenShot(org.testng.ITestResult)[pri:0, instance:pivotalApplication.PivoFin2@7ae0a9ec]" started-at="2023-12-22T11:18:45 IST" name="screenShot" finished-at="2023-12-22T11:18:45 IST" duration-ms="6" status="PASS">
          <params>
            <param index="0">
              <value>
                <![CDATA[[TestResult name=CertificateDropdown status=SUCCESS method=PivoFin2.CertificateDropdown()[pri:85, instance:pivotalApplication.PivoFin2@7ae0a9ec] output={null}]]]>
              </value>
            </param>
          </params>
          <reporter-output>
          </reporter-output>
        </test-method> <!-- screenShot -->
        <test-method signature="CertificateType()[pri:86, instance:pivotalApplication.PivoFin2@7ae0a9ec]" started-at="2023-12-22T11:18:45 IST" name="CertificateType" finished-at="2023-12-22T11:19:08 IST" duration-ms="22803" status="PASS">
          <reporter-output>
          </reporter-output>
        </test-method> <!-- CertificateType -->
        <test-method is-config="true" signature="screenShot(org.testng.ITestResult)[pri:0, instance:pivotalApplication.PivoFin2@7ae0a9ec]" started-at="2023-12-22T11:19:08 IST" name="screenShot" finished-at="2023-12-22T11:19:08 IST" duration-ms="3" status="PASS">
          <params>
            <param index="0">
              <value>
                <![CDATA[[TestResult name=CertificateType status=SUCCESS method=PivoFin2.CertificateType()[pri:86, instance:pivotalApplication.PivoFin2@7ae0a9ec] output={null}]]]>
              </value>
            </param>
          </params>
          <reporter-output>
          </reporter-output>
        </test-method> <!-- screenShot -->
        <test-method signature="Speciality1()[pri:87, instance:pivotalApplication.PivoFin2@7ae0a9ec]" started-at="2023-12-22T11:19:08 IST" name="Speciality1" finished-at="2023-12-22T11:19:41 IST" duration-ms="32363" status="PASS">
          <reporter-output>
          </reporter-output>
        </test-method> <!-- Speciality1 -->
        <test-method is-config="true" signature="screenShot(org.testng.ITestResult)[pri:0, instance:pivotalApplication.PivoFin2@7ae0a9ec]" started-at="2023-12-22T11:19:41 IST" name="screenShot" finished-at="2023-12-22T11:19:41 IST" duration-ms="1" status="PASS">
          <params>
            <param index="0">
              <value>
                <![CDATA[[TestResult name=Speciality1 status=SUCCESS method=PivoFin2.Speciality1()[pri:87, instance:pivotalApplication.PivoFin2@7ae0a9ec] output={null}]]]>
              </value>
            </param>
          </params>
          <reporter-output>
          </reporter-output>
        </test-method> <!-- screenShot -->
        <test-method signature="SpecialitySelect()[pri:88, instance:pivotalApplication.PivoFin2@7ae0a9ec]" started-at="2023-12-22T11:19:41 IST" name="SpecialitySelect" finished-at="2023-12-22T11:20:18 IST" duration-ms="37265" status="PASS">
          <reporter-output>
          </reporter-output>
        </test-method> <!-- SpecialitySelect -->
        <test-method is-config="true" signature="screenShot(org.testng.ITestResult)[pri:0, instance:pivotalApplication.PivoFin2@7ae0a9ec]" started-at="2023-12-22T11:20:18 IST" name="screenShot" finished-at="2023-12-22T11:20:18 IST" duration-ms="0" status="PASS">
          <params>
            <param index="0">
              <value>
                <![CDATA[[TestResult name=SpecialitySelect status=SUCCESS method=PivoFin2.SpecialitySelect()[pri:88, instance:pivotalApplication.PivoFin2@7ae0a9ec] output={null}]]]>
              </value>
            </param>
          </params>
          <reporter-output>
          </reporter-output>
        </test-method> <!-- screenShot -->
        <test-method signature="Preview1()[pri:89, instance:pivotalApplication.PivoFin2@7ae0a9ec]" started-at="2023-12-22T11:20:18 IST" name="Preview1" finished-at="2023-12-22T11:20:30 IST" duration-ms="12578" status="PASS">
          <reporter-output>
          </reporter-output>
        </test-method> <!-- Preview1 -->
        <test-method is-config="true" signature="screenShot(org.testng.ITestResult)[pri:0, instance:pivotalApplication.PivoFin2@7ae0a9ec]" started-at="2023-12-22T11:20:30 IST" name="screenShot" finished-at="2023-12-22T11:20:30 IST" duration-ms="1" status="PASS">
          <params>
            <param index="0">
              <value>
                <![CDATA[[TestResult name=Preview1 status=SUCCESS method=PivoFin2.Preview1()[pri:89, instance:pivotalApplication.PivoFin2@7ae0a9ec] output={null}]]]>
              </value>
            </param>
          </params>
          <reporter-output>
          </reporter-output>
        </test-method> <!-- screenShot -->
        <test-method signature="Printclose()[pri:90, instance:pivotalApplication.PivoFin2@7ae0a9ec]" started-at="2023-12-22T11:20:30 IST" name="Printclose" finished-at="2023-12-22T11:20:48 IST" duration-ms="17544" status="PASS">
          <reporter-output>
          </reporter-output>
        </test-method> <!-- Printclose -->
        <test-method is-config="true" signature="screenShot(org.testng.ITestResult)[pri:0, instance:pivotalApplication.PivoFin2@7ae0a9ec]" started-at="2023-12-22T11:20:48 IST" name="screenShot" finished-at="2023-12-22T11:20:48 IST" duration-ms="2" status="PASS">
          <params>
            <param index="0">
              <value>
                <![CDATA[[TestResult name=Printclose status=SUCCESS method=PivoFin2.Printclose()[pri:90, instance:pivotalApplication.PivoFin2@7ae0a9ec] output={null}]]]>
              </value>
            </param>
          </params>
          <reporter-output>
          </reporter-output>
        </test-method> <!-- screenShot -->
        <test-method signature="ClickHistory()[pri:91, instance:pivotalApplication.PivoFin2@7ae0a9ec]" started-at="2023-12-22T11:20:48 IST" name="ClickHistory" finished-at="2023-12-22T11:20:55 IST" duration-ms="6561" status="PASS">
          <reporter-output>
          </reporter-output>
        </test-method> <!-- ClickHistory -->
        <test-method is-config="true" signature="screenShot(org.testng.ITestResult)[pri:0, instance:pivotalApplication.PivoFin2@7ae0a9ec]" started-at="2023-12-22T11:20:55 IST" name="screenShot" finished-at="2023-12-22T11:20:55 IST" duration-ms="0" status="PASS">
          <params>
            <param index="0">
              <value>
                <![CDATA[[TestResult name=ClickHistory status=SUCCESS method=PivoFin2.ClickHistory()[pri:91, instance:pivotalApplication.PivoFin2@7ae0a9ec] output={null}]]]>
              </value>
            </param>
          </params>
          <reporter-output>
          </reporter-output>
        </test-method> <!-- screenShot -->
        <test-method signature="ViewDocument()[pri:92, instance:pivotalApplication.PivoFin2@7ae0a9ec]" started-at="2023-12-22T11:20:55 IST" name="ViewDocument" finished-at="2023-12-22T11:20:57 IST" duration-ms="2377" status="PASS">
          <reporter-output>
          </reporter-output>
        </test-method> <!-- ViewDocument -->
        <test-method is-config="true" signature="screenShot(org.testng.ITestResult)[pri:0, instance:pivotalApplication.PivoFin2@7ae0a9ec]" started-at="2023-12-22T11:20:57 IST" name="screenShot" finished-at="2023-12-22T11:20:57 IST" duration-ms="0" status="PASS">
          <params>
            <param index="0">
              <value>
                <![CDATA[[TestResult name=ViewDocument status=SUCCESS method=PivoFin2.ViewDocument()[pri:92, instance:pivotalApplication.PivoFin2@7ae0a9ec] output={null}]]]>
              </value>
            </param>
          </params>
          <reporter-output>
          </reporter-output>
        </test-method> <!-- screenShot -->
        <test-method signature="close1()[pri:93, instance:pivotalApplication.PivoFin2@7ae0a9ec]" started-at="2023-12-22T11:20:57 IST" name="close1" finished-at="2023-12-22T11:21:07 IST" duration-ms="10381" status="PASS">
          <reporter-output>
          </reporter-output>
        </test-method> <!-- close1 -->
        <test-method is-config="true" signature="screenShot(org.testng.ITestResult)[pri:0, instance:pivotalApplication.PivoFin2@7ae0a9ec]" started-at="2023-12-22T11:21:07 IST" name="screenShot" finished-at="2023-12-22T11:21:07 IST" duration-ms="0" status="PASS">
          <params>
            <param index="0">
              <value>
                <![CDATA[[TestResult name=close1 status=SUCCESS method=PivoFin2.close1()[pri:93, instance:pivotalApplication.PivoFin2@7ae0a9ec] output={null}]]]>
              </value>
            </param>
          </params>
          <reporter-output>
          </reporter-output>
        </test-method> <!-- screenShot -->
        <test-method signature="ViewReceipts()[pri:94, instance:pivotalApplication.PivoFin2@7ae0a9ec]" started-at="2023-12-22T11:21:07 IST" name="ViewReceipts" finished-at="2023-12-22T11:21:20 IST" duration-ms="12685" status="PASS">
          <reporter-output>
          </reporter-output>
        </test-method> <!-- ViewReceipts -->
        <test-method is-config="true" signature="screenShot(org.testng.ITestResult)[pri:0, instance:pivotalApplication.PivoFin2@7ae0a9ec]" started-at="2023-12-22T11:21:20 IST" name="screenShot" finished-at="2023-12-22T11:21:20 IST" duration-ms="0" status="PASS">
          <params>
            <param index="0">
              <value>
                <![CDATA[[TestResult name=ViewReceipts status=SUCCESS method=PivoFin2.ViewReceipts()[pri:94, instance:pivotalApplication.PivoFin2@7ae0a9ec] output={null}]]]>
              </value>
            </param>
          </params>
          <reporter-output>
          </reporter-output>
        </test-method> <!-- screenShot -->
        <test-method signature="close2()[pri:95, instance:pivotalApplication.PivoFin2@7ae0a9ec]" started-at="2023-12-22T11:21:20 IST" name="close2" finished-at="2023-12-22T11:21:32 IST" duration-ms="12209" status="PASS">
          <reporter-output>
          </reporter-output>
        </test-method> <!-- close2 -->
        <test-method is-config="true" signature="screenShot(org.testng.ITestResult)[pri:0, instance:pivotalApplication.PivoFin2@7ae0a9ec]" started-at="2023-12-22T11:21:32 IST" name="screenShot" finished-at="2023-12-22T11:21:32 IST" duration-ms="0" status="PASS">
          <params>
            <param index="0">
              <value>
                <![CDATA[[TestResult name=close2 status=SUCCESS method=PivoFin2.close2()[pri:95, instance:pivotalApplication.PivoFin2@7ae0a9ec] output={null}]]]>
              </value>
            </param>
          </params>
          <reporter-output>
          </reporter-output>
        </test-method> <!-- screenShot -->
        <test-method signature="ViewReferal()[pri:96, instance:pivotalApplication.PivoFin2@7ae0a9ec]" started-at="2023-12-22T11:21:32 IST" name="ViewReferal" finished-at="2023-12-22T11:21:43 IST" duration-ms="10603" status="PASS">
          <reporter-output>
          </reporter-output>
        </test-method> <!-- ViewReferal -->
        <test-method is-config="true" signature="screenShot(org.testng.ITestResult)[pri:0, instance:pivotalApplication.PivoFin2@7ae0a9ec]" started-at="2023-12-22T11:21:43 IST" name="screenShot" finished-at="2023-12-22T11:21:43 IST" duration-ms="8" status="PASS">
          <params>
            <param index="0">
              <value>
                <![CDATA[[TestResult name=ViewReferal status=SUCCESS method=PivoFin2.ViewReferal()[pri:96, instance:pivotalApplication.PivoFin2@7ae0a9ec] output={null}]]]>
              </value>
            </param>
          </params>
          <reporter-output>
          </reporter-output>
        </test-method> <!-- screenShot -->
        <test-method signature="close4()[pri:97, instance:pivotalApplication.PivoFin2@7ae0a9ec]" started-at="2023-12-22T11:21:43 IST" name="close4" finished-at="2023-12-22T11:22:38 IST" duration-ms="54984" status="PASS">
          <reporter-output>
          </reporter-output>
        </test-method> <!-- close4 -->
        <test-method is-config="true" signature="screenShot(org.testng.ITestResult)[pri:0, instance:pivotalApplication.PivoFin2@7ae0a9ec]" started-at="2023-12-22T11:22:38 IST" name="screenShot" finished-at="2023-12-22T11:22:38 IST" duration-ms="1" status="PASS">
          <params>
            <param index="0">
              <value>
                <![CDATA[[TestResult name=close4 status=SUCCESS method=PivoFin2.close4()[pri:97, instance:pivotalApplication.PivoFin2@7ae0a9ec] output={null}]]]>
              </value>
            </param>
          </params>
          <reporter-output>
          </reporter-output>
        </test-method> <!-- screenShot -->
        <test-method signature="PatientList()[pri:98, instance:pivotalApplication.PivoFin2@7ae0a9ec]" started-at="2023-12-22T11:22:38 IST" name="PatientList" finished-at="2023-12-22T11:23:13 IST" duration-ms="34996" status="PASS">
          <reporter-output>
          </reporter-output>
        </test-method> <!-- PatientList -->
        <test-method is-config="true" signature="screenShot(org.testng.ITestResult)[pri:0, instance:pivotalApplication.PivoFin2@7ae0a9ec]" started-at="2023-12-22T11:23:13 IST" name="screenShot" finished-at="2023-12-22T11:23:13 IST" duration-ms="0" status="PASS">
          <params>
            <param index="0">
              <value>
                <![CDATA[[TestResult name=PatientList status=SUCCESS method=PivoFin2.PatientList()[pri:98, instance:pivotalApplication.PivoFin2@7ae0a9ec] output={null}]]]>
              </value>
            </param>
          </params>
          <reporter-output>
          </reporter-output>
        </test-method> <!-- screenShot -->
        <test-method signature="Appointments()[pri:99, instance:pivotalApplication.PivoFin2@7ae0a9ec]" started-at="2023-12-22T11:23:13 IST" name="Appointments" finished-at="2023-12-22T11:23:23 IST" duration-ms="10612" status="PASS">
          <reporter-output>
          </reporter-output>
        </test-method> <!-- Appointments -->
        <test-method is-config="true" signature="screenShot(org.testng.ITestResult)[pri:0, instance:pivotalApplication.PivoFin2@7ae0a9ec]" started-at="2023-12-22T11:23:23 IST" name="screenShot" finished-at="2023-12-22T11:23:23 IST" duration-ms="1" status="PASS">
          <params>
            <param index="0">
              <value>
                <![CDATA[[TestResult name=Appointments status=SUCCESS method=PivoFin2.Appointments()[pri:99, instance:pivotalApplication.PivoFin2@7ae0a9ec] output={null}]]]>
              </value>
            </param>
          </params>
          <reporter-output>
          </reporter-output>
        </test-method> <!-- screenShot -->
        <test-method signature="Prescription()[pri:100, instance:pivotalApplication.PivoFin2@7ae0a9ec]" started-at="2023-12-22T11:23:23 IST" name="Prescription" finished-at="2023-12-22T11:24:06 IST" duration-ms="42295" status="PASS">
          <reporter-output>
          </reporter-output>
        </test-method> <!-- Prescription -->
        <test-method is-config="true" signature="screenShot(org.testng.ITestResult)[pri:0, instance:pivotalApplication.PivoFin2@7ae0a9ec]" started-at="2023-12-22T11:24:06 IST" name="screenShot" finished-at="2023-12-22T11:24:06 IST" duration-ms="4" status="PASS">
          <params>
            <param index="0">
              <value>
                <![CDATA[[TestResult name=Prescription status=SUCCESS method=PivoFin2.Prescription()[pri:100, instance:pivotalApplication.PivoFin2@7ae0a9ec] output={null}]]]>
              </value>
            </param>
          </params>
          <reporter-output>
          </reporter-output>
        </test-method> <!-- screenShot -->
        <test-method signature="Reports()[pri:101, instance:pivotalApplication.PivoFin2@7ae0a9ec]" started-at="2023-12-22T11:24:06 IST" name="Reports" finished-at="2023-12-22T11:24:54 IST" duration-ms="47919" status="PASS">
          <reporter-output>
          </reporter-output>
        </test-method> <!-- Reports -->
        <test-method is-config="true" signature="screenShot(org.testng.ITestResult)[pri:0, instance:pivotalApplication.PivoFin2@7ae0a9ec]" started-at="2023-12-22T11:24:54 IST" name="screenShot" finished-at="2023-12-22T11:24:54 IST" duration-ms="1" status="PASS">
          <params>
            <param index="0">
              <value>
                <![CDATA[[TestResult name=Reports status=SUCCESS method=PivoFin2.Reports()[pri:101, instance:pivotalApplication.PivoFin2@7ae0a9ec] output={null}]]]>
              </value>
            </param>
          </params>
          <reporter-output>
          </reporter-output>
        </test-method> <!-- screenShot -->
        <test-method signature="Referrals()[pri:103, instance:pivotalApplication.PivoFin2@7ae0a9ec]" started-at="2023-12-22T11:24:54 IST" name="Referrals" finished-at="2023-12-22T11:25:40 IST" duration-ms="46365" status="PASS">
          <reporter-output>
          </reporter-output>
        </test-method> <!-- Referrals -->
        <test-method is-config="true" signature="screenShot(org.testng.ITestResult)[pri:0, instance:pivotalApplication.PivoFin2@7ae0a9ec]" started-at="2023-12-22T11:25:40 IST" name="screenShot" finished-at="2023-12-22T11:25:40 IST" duration-ms="1" status="PASS">
          <params>
            <param index="0">
              <value>
                <![CDATA[[TestResult name=Referrals status=SUCCESS method=PivoFin2.Referrals()[pri:103, instance:pivotalApplication.PivoFin2@7ae0a9ec] output={null}]]]>
              </value>
            </param>
          </params>
          <reporter-output>
          </reporter-output>
        </test-method> <!-- screenShot -->
        <test-method signature="VaccineInStore()[pri:104, instance:pivotalApplication.PivoFin2@7ae0a9ec]" started-at="2023-12-22T11:25:40 IST" name="VaccineInStore" finished-at="2023-12-22T11:26:02 IST" duration-ms="22400" status="PASS">
          <reporter-output>
          </reporter-output>
        </test-method> <!-- VaccineInStore -->
        <test-method is-config="true" signature="screenShot(org.testng.ITestResult)[pri:0, instance:pivotalApplication.PivoFin2@7ae0a9ec]" started-at="2023-12-22T11:26:02 IST" name="screenShot" finished-at="2023-12-22T11:26:02 IST" duration-ms="2" status="PASS">
          <params>
            <param index="0">
              <value>
                <![CDATA[[TestResult name=VaccineInStore status=SUCCESS method=PivoFin2.VaccineInStore()[pri:104, instance:pivotalApplication.PivoFin2@7ae0a9ec] output={null}]]]>
              </value>
            </param>
          </params>
          <reporter-output>
          </reporter-output>
        </test-method> <!-- screenShot -->
        <test-method signature="ViewReports()[pri:105, instance:pivotalApplication.PivoFin2@7ae0a9ec]" started-at="2023-12-22T11:26:02 IST" name="ViewReports" finished-at="2023-12-22T11:26:52 IST" duration-ms="49647" status="PASS">
          <reporter-output>
          </reporter-output>
        </test-method> <!-- ViewReports -->
        <test-method is-config="true" signature="screenShot(org.testng.ITestResult)[pri:0, instance:pivotalApplication.PivoFin2@7ae0a9ec]" started-at="2023-12-22T11:26:52 IST" name="screenShot" finished-at="2023-12-22T11:26:52 IST" duration-ms="1" status="PASS">
          <params>
            <param index="0">
              <value>
                <![CDATA[[TestResult name=ViewReports status=SUCCESS method=PivoFin2.ViewReports()[pri:105, instance:pivotalApplication.PivoFin2@7ae0a9ec] output={null}]]]>
              </value>
            </param>
          </params>
          <reporter-output>
          </reporter-output>
        </test-method> <!-- screenShot -->
        <test-method signature="MyNotes()[pri:106, instance:pivotalApplication.PivoFin2@7ae0a9ec]" started-at="2023-12-22T11:26:52 IST" name="MyNotes" finished-at="2023-12-22T11:27:19 IST" duration-ms="26382" status="PASS">
          <reporter-output>
          </reporter-output>
        </test-method> <!-- MyNotes -->
        <test-method is-config="true" signature="screenShot(org.testng.ITestResult)[pri:0, instance:pivotalApplication.PivoFin2@7ae0a9ec]" started-at="2023-12-22T11:27:19 IST" name="screenShot" finished-at="2023-12-22T11:27:19 IST" duration-ms="1" status="PASS">
          <params>
            <param index="0">
              <value>
                <![CDATA[[TestResult name=MyNotes status=SUCCESS method=PivoFin2.MyNotes()[pri:106, instance:pivotalApplication.PivoFin2@7ae0a9ec] output={null}]]]>
              </value>
            </param>
          </params>
          <reporter-output>
          </reporter-output>
        </test-method> <!-- screenShot -->
        <test-method signature="ShareHealth()[pri:107, instance:pivotalApplication.PivoFin2@7ae0a9ec]" started-at="2023-12-22T11:27:19 IST" name="ShareHealth" finished-at="2023-12-22T11:27:31 IST" duration-ms="12143" status="PASS">
          <reporter-output>
          </reporter-output>
        </test-method> <!-- ShareHealth -->
        <test-method is-config="true" signature="screenShot(org.testng.ITestResult)[pri:0, instance:pivotalApplication.PivoFin2@7ae0a9ec]" started-at="2023-12-22T11:27:31 IST" name="screenShot" finished-at="2023-12-22T11:27:31 IST" duration-ms="3" status="PASS">
          <params>
            <param index="0">
              <value>
                <![CDATA[[TestResult name=ShareHealth status=SUCCESS method=PivoFin2.ShareHealth()[pri:107, instance:pivotalApplication.PivoFin2@7ae0a9ec] output={null}]]]>
              </value>
            </param>
          </params>
          <reporter-output>
          </reporter-output>
        </test-method> <!-- screenShot -->
        <test-method signature="WhatsNew()[pri:108, instance:pivotalApplication.PivoFin2@7ae0a9ec]" started-at="2023-12-22T11:27:31 IST" name="WhatsNew" finished-at="2023-12-22T11:27:41 IST" duration-ms="10655" status="PASS">
          <reporter-output>
          </reporter-output>
        </test-method> <!-- WhatsNew -->
        <test-method is-config="true" signature="screenShot(org.testng.ITestResult)[pri:0, instance:pivotalApplication.PivoFin2@7ae0a9ec]" started-at="2023-12-22T11:27:41 IST" name="screenShot" finished-at="2023-12-22T11:27:41 IST" duration-ms="1" status="PASS">
          <params>
            <param index="0">
              <value>
                <![CDATA[[TestResult name=WhatsNew status=SUCCESS method=PivoFin2.WhatsNew()[pri:108, instance:pivotalApplication.PivoFin2@7ae0a9ec] output={null}]]]>
              </value>
            </param>
          </params>
          <reporter-output>
          </reporter-output>
        </test-method> <!-- screenShot -->
        <test-method signature="DashboardData()[pri:109, instance:pivotalApplication.PivoFin2@7ae0a9ec]" started-at="2023-12-22T11:27:41 IST" name="DashboardData" finished-at="2023-12-22T11:27:48 IST" duration-ms="6597" status="PASS">
          <reporter-output>
          </reporter-output>
        </test-method> <!-- DashboardData -->
        <test-method is-config="true" signature="screenShot(org.testng.ITestResult)[pri:0, instance:pivotalApplication.PivoFin2@7ae0a9ec]" started-at="2023-12-22T11:27:48 IST" name="screenShot" finished-at="2023-12-22T11:27:48 IST" duration-ms="0" status="PASS">
          <params>
            <param index="0">
              <value>
                <![CDATA[[TestResult name=DashboardData status=SUCCESS method=PivoFin2.DashboardData()[pri:109, instance:pivotalApplication.PivoFin2@7ae0a9ec] output={null}]]]>
              </value>
            </param>
          </params>
          <reporter-output>
          </reporter-output>
        </test-method> <!-- screenShot -->
      </class> <!-- pivotalApplication.PivoFin2 -->
    </test> <!-- Default test -->
  </suite> <!-- Default suite -->
</testng-results>
