<?xml version="1.0" encoding="UTF-8"?>
<testng-results ignored="0" total="105" passed="0" failed="0" skipped="105">
  <reporter-output>
  </reporter-output>
  <suite started-at="2023-12-15T12:35:26 IST" name="Default suite" finished-at="2023-12-15T12:35:28 IST" duration-ms="2177">
    <groups>
    </groups>
    <test started-at="2023-12-15T12:35:26 IST" name="Default test" finished-at="2023-12-15T12:35:28 IST" duration-ms="2177">
      <class name="pivotalApplication.PivoFin2">
        <test-method is-config="true" signature="BfSuite()[pri:0, instance:pivotalApplication.PivoFin2@70cf32e3]" started-at="2023-12-15T12:35:01 IST" name="BfSuite" finished-at="2023-12-15T12:35:26 IST" duration-ms="24763" status="FAIL">
          <exception class="io.appium.java_client.service.local.AppiumServerHasNotBeenStartedLocallyException">
            <message>
              <![CDATA[[The local appium server has not been started, Reason: Timed out waiting for [http://127.0.0.1:4723/status] to be available after 20021 ms, Consider increasing the server startup timeout value (currently 20000ms), Node.js executable path: C:\Program Files\nodejs\node.exe, Arguments: [C:\Users\Lenovo\AppData\Roaming\npm\node_modules\appium\build\lib\main.js, --port, 4723, --address, 0.0.0.0], Output: [35m[Appium][39m Welcome to Appium v2.2.2
[35m[Appium][39m Attempting to load driver uiautomator2...
[35m[Appium][39m Requiring driver at C:\Users\Lenovo\.appium\node_modules\appium-uiautomator2-driver
]]]>
            </message>
            <full-stacktrace>
              <![CDATA[io.appium.java_client.service.local.AppiumServerHasNotBeenStartedLocallyException: [The local appium server has not been started, Reason: Timed out waiting for [http://127.0.0.1:4723/status] to be available after 20021 ms, Consider increasing the server startup timeout value (currently 20000ms), Node.js executable path: C:\Program Files\nodejs\node.exe, Arguments: [C:\Users\Lenovo\AppData\Roaming\npm\node_modules\appium\build\lib\main.js, --port, 4723, --address, 0.0.0.0], Output: [35m[Appium][39m Welcome to Appium v2.2.2
[35m[Appium][39m Attempting to load driver uiautomator2...
[35m[Appium][39m Requiring driver at C:\Users\Lenovo\.appium\node_modules\appium-uiautomator2-driver
]
at io.appium.java_client.service.local.AppiumDriverLocalService.start(AppiumDriverLocalService.java:203)
at pivotalApplication.AppiumServerStart.BfSuite(AppiumServerStart.java:29)
at java.base/jdk.internal.reflect.NativeMethodAccessorImpl.invoke0(Native Method)
at java.base/jdk.internal.reflect.NativeMethodAccessorImpl.invoke(NativeMethodAccessorImpl.java:77)
at java.base/jdk.internal.reflect.DelegatingMethodAccessorImpl.invoke(DelegatingMethodAccessorImpl.java:43)
at java.base/java.lang.reflect.Method.invoke(Method.java:568)
at org.testng.internal.invokers.MethodInvocationHelper.invokeMethod(MethodInvocationHelper.java:139)
at org.testng.internal.invokers.MethodInvocationHelper.invokeMethodConsideringTimeout(MethodInvocationHelper.java:69)
at org.testng.internal.invokers.ConfigInvoker.invokeConfigurationMethod(ConfigInvoker.java:390)
at org.testng.internal.invokers.ConfigInvoker.invokeConfigurations(ConfigInvoker.java:325)
at org.testng.SuiteRunner.privateRun(SuiteRunner.java:382)
at org.testng.SuiteRunner.run(SuiteRunner.java:336)
at org.testng.SuiteRunnerWorker.runSuite(SuiteRunnerWorker.java:52)
at org.testng.SuiteRunnerWorker.run(SuiteRunnerWorker.java:95)
at org.testng.TestNG.runSuitesSequentially(TestNG.java:1280)
at org.testng.TestNG.runSuitesLocally(TestNG.java:1200)
at org.testng.TestNG.runSuites(TestNG.java:1114)
at org.testng.TestNG.run(TestNG.java:1082)
at org.testng.remote.AbstractRemoteTestNG.run(AbstractRemoteTestNG.java:115)
at org.testng.remote.RemoteTestNG.initAndRun(RemoteTestNG.java:251)
at org.testng.remote.RemoteTestNG.main(RemoteTestNG.java:77)
Caused by: org.openqa.selenium.net.UrlChecker$TimeoutException: Timed out waiting for [http://127.0.0.1:4723/status] to be available after 20021 ms
at org.openqa.selenium.net.UrlChecker.waitUntilAvailable(UrlChecker.java:94)
at io.appium.java_client.service.local.AppiumDriverLocalService.ping(AppiumDriverLocalService.java:157)
at io.appium.java_client.service.local.AppiumDriverLocalService.start(AppiumDriverLocalService.java:182)
... 20 more
Caused by: java.util.concurrent.TimeoutException
at java.base/java.util.concurrent.FutureTask.get(FutureTask.java:204)
at org.openqa.selenium.net.UrlChecker.waitUntilAvailable(UrlChecker.java:91)
... 22 more
]]>
            </full-stacktrace>
          </exception> <!-- io.appium.java_client.service.local.AppiumServerHasNotBeenStartedLocallyException -->
          <reporter-output>
          </reporter-output>
        </test-method> <!-- BfSuite -->
        <test-method is-config="true" signature="setup()[pri:0, instance:pivotalApplication.PivoFin2@70cf32e3]" started-at="2023-12-15T12:35:26 IST" name="setup" finished-at="2023-12-15T12:35:26 IST" duration-ms="0" status="SKIP">
          <reporter-output>
          </reporter-output>
        </test-method> <!-- setup -->
        <test-method signature="NumberField()[pri:0, instance:pivotalApplication.PivoFin2@70cf32e3]" started-at="2023-12-15T12:35:26 IST" name="NumberField" finished-at="2023-12-15T12:35:26 IST" duration-ms="1" status="SKIP">
          <exception class="io.appium.java_client.service.local.AppiumServerHasNotBeenStartedLocallyException">
            <message>
              <![CDATA[[The local appium server has not been started, Reason: Timed out waiting for [http://127.0.0.1:4723/status] to be available after 20021 ms, Consider increasing the server startup timeout value (currently 20000ms), Node.js executable path: C:\Program Files\nodejs\node.exe, Arguments: [C:\Users\Lenovo\AppData\Roaming\npm\node_modules\appium\build\lib\main.js, --port, 4723, --address, 0.0.0.0], Output: [35m[Appium][39m Welcome to Appium v2.2.2
[35m[Appium][39m Attempting to load driver uiautomator2...
[35m[Appium][39m Requiring driver at C:\Users\Lenovo\.appium\node_modules\appium-uiautomator2-driver
]]]>
            </message>
            <full-stacktrace>
              <![CDATA[io.appium.java_client.service.local.AppiumServerHasNotBeenStartedLocallyException: [The local appium server has not been started, Reason: Timed out waiting for [http://127.0.0.1:4723/status] to be available after 20021 ms, Consider increasing the server startup timeout value (currently 20000ms), Node.js executable path: C:\Program Files\nodejs\node.exe, Arguments: [C:\Users\Lenovo\AppData\Roaming\npm\node_modules\appium\build\lib\main.js, --port, 4723, --address, 0.0.0.0], Output: [35m[Appium][39m Welcome to Appium v2.2.2
[35m[Appium][39m Attempting to load driver uiautomator2...
[35m[Appium][39m Requiring driver at C:\Users\Lenovo\.appium\node_modules\appium-uiautomator2-driver
]
at io.appium.java_client.service.local.AppiumDriverLocalService.start(AppiumDriverLocalService.java:203)
at pivotalApplication.AppiumServerStart.BfSuite(AppiumServerStart.java:29)
at java.base/jdk.internal.reflect.NativeMethodAccessorImpl.invoke0(Native Method)
at java.base/jdk.internal.reflect.NativeMethodAccessorImpl.invoke(NativeMethodAccessorImpl.java:77)
at java.base/jdk.internal.reflect.DelegatingMethodAccessorImpl.invoke(DelegatingMethodAccessorImpl.java:43)
at java.base/java.lang.reflect.Method.invoke(Method.java:568)
at org.testng.internal.invokers.MethodInvocationHelper.invokeMethod(MethodInvocationHelper.java:139)
at org.testng.internal.invokers.MethodInvocationHelper.invokeMethodConsideringTimeout(MethodInvocationHelper.java:69)
at org.testng.internal.invokers.ConfigInvoker.invokeConfigurationMethod(ConfigInvoker.java:390)
at org.testng.internal.invokers.ConfigInvoker.invokeConfigurations(ConfigInvoker.java:325)
at org.testng.SuiteRunner.privateRun(SuiteRunner.java:382)
at org.testng.SuiteRunner.run(SuiteRunner.java:336)
at org.testng.SuiteRunnerWorker.runSuite(SuiteRunnerWorker.java:52)
at org.testng.SuiteRunnerWorker.run(SuiteRunnerWorker.java:95)
at org.testng.TestNG.runSuitesSequentially(TestNG.java:1280)
at org.testng.TestNG.runSuitesLocally(TestNG.java:1200)
at org.testng.TestNG.runSuites(TestNG.java:1114)
at org.testng.TestNG.run(TestNG.java:1082)
at org.testng.remote.AbstractRemoteTestNG.run(AbstractRemoteTestNG.java:115)
at org.testng.remote.RemoteTestNG.initAndRun(RemoteTestNG.java:251)
at org.testng.remote.RemoteTestNG.main(RemoteTestNG.java:77)
Caused by: org.openqa.selenium.net.UrlChecker$TimeoutException: Timed out waiting for [http://127.0.0.1:4723/status] to be available after 20021 ms
at org.openqa.selenium.net.UrlChecker.waitUntilAvailable(UrlChecker.java:94)
at io.appium.java_client.service.local.AppiumDriverLocalService.ping(AppiumDriverLocalService.java:157)
at io.appium.java_client.service.local.AppiumDriverLocalService.start(AppiumDriverLocalService.java:182)
... 20 more
Caused by: java.util.concurrent.TimeoutException
at java.base/java.util.concurrent.FutureTask.get(FutureTask.java:204)
at org.openqa.selenium.net.UrlChecker.waitUntilAvailable(UrlChecker.java:91)
... 22 more
]]>
            </full-stacktrace>
          </exception> <!-- io.appium.java_client.service.local.AppiumServerHasNotBeenStartedLocallyException -->
          <reporter-output>
          </reporter-output>
        </test-method> <!-- NumberField -->
        <test-method is-config="true" signature="screenShot(org.testng.ITestResult)[pri:0, instance:pivotalApplication.PivoFin2@70cf32e3]" started-at="2023-12-15T12:35:26 IST" name="screenShot" finished-at="2023-12-15T12:35:26 IST" duration-ms="0" status="SKIP">
          <reporter-output>
          </reporter-output>
        </test-method> <!-- screenShot -->
        <test-method signature="IAgree()[pri:1, instance:pivotalApplication.PivoFin2@70cf32e3]" started-at="2023-12-15T12:35:26 IST" name="IAgree" finished-at="2023-12-15T12:35:26 IST" duration-ms="6" status="SKIP">
          <exception class="io.appium.java_client.service.local.AppiumServerHasNotBeenStartedLocallyException">
            <message>
              <![CDATA[[The local appium server has not been started, Reason: Timed out waiting for [http://127.0.0.1:4723/status] to be available after 20021 ms, Consider increasing the server startup timeout value (currently 20000ms), Node.js executable path: C:\Program Files\nodejs\node.exe, Arguments: [C:\Users\Lenovo\AppData\Roaming\npm\node_modules\appium\build\lib\main.js, --port, 4723, --address, 0.0.0.0], Output: [35m[Appium][39m Welcome to Appium v2.2.2
[35m[Appium][39m Attempting to load driver uiautomator2...
[35m[Appium][39m Requiring driver at C:\Users\Lenovo\.appium\node_modules\appium-uiautomator2-driver
]]]>
            </message>
            <full-stacktrace>
              <![CDATA[io.appium.java_client.service.local.AppiumServerHasNotBeenStartedLocallyException: [The local appium server has not been started, Reason: Timed out waiting for [http://127.0.0.1:4723/status] to be available after 20021 ms, Consider increasing the server startup timeout value (currently 20000ms), Node.js executable path: C:\Program Files\nodejs\node.exe, Arguments: [C:\Users\Lenovo\AppData\Roaming\npm\node_modules\appium\build\lib\main.js, --port, 4723, --address, 0.0.0.0], Output: [35m[Appium][39m Welcome to Appium v2.2.2
[35m[Appium][39m Attempting to load driver uiautomator2...
[35m[Appium][39m Requiring driver at C:\Users\Lenovo\.appium\node_modules\appium-uiautomator2-driver
]
at io.appium.java_client.service.local.AppiumDriverLocalService.start(AppiumDriverLocalService.java:203)
at pivotalApplication.AppiumServerStart.BfSuite(AppiumServerStart.java:29)
at java.base/jdk.internal.reflect.NativeMethodAccessorImpl.invoke0(Native Method)
at java.base/jdk.internal.reflect.NativeMethodAccessorImpl.invoke(NativeMethodAccessorImpl.java:77)
at java.base/jdk.internal.reflect.DelegatingMethodAccessorImpl.invoke(DelegatingMethodAccessorImpl.java:43)
at java.base/java.lang.reflect.Method.invoke(Method.java:568)
at org.testng.internal.invokers.MethodInvocationHelper.invokeMethod(MethodInvocationHelper.java:139)
at org.testng.internal.invokers.MethodInvocationHelper.invokeMethodConsideringTimeout(MethodInvocationHelper.java:69)
at org.testng.internal.invokers.ConfigInvoker.invokeConfigurationMethod(ConfigInvoker.java:390)
at org.testng.internal.invokers.ConfigInvoker.invokeConfigurations(ConfigInvoker.java:325)
at org.testng.SuiteRunner.privateRun(SuiteRunner.java:382)
at org.testng.SuiteRunner.run(SuiteRunner.java:336)
at org.testng.SuiteRunnerWorker.runSuite(SuiteRunnerWorker.java:52)
at org.testng.SuiteRunnerWorker.run(SuiteRunnerWorker.java:95)
at org.testng.TestNG.runSuitesSequentially(TestNG.java:1280)
at org.testng.TestNG.runSuitesLocally(TestNG.java:1200)
at org.testng.TestNG.runSuites(TestNG.java:1114)
at org.testng.TestNG.run(TestNG.java:1082)
at org.testng.remote.AbstractRemoteTestNG.run(AbstractRemoteTestNG.java:115)
at org.testng.remote.RemoteTestNG.initAndRun(RemoteTestNG.java:251)
at org.testng.remote.RemoteTestNG.main(RemoteTestNG.java:77)
Caused by: org.openqa.selenium.net.UrlChecker$TimeoutException: Timed out waiting for [http://127.0.0.1:4723/status] to be available after 20021 ms
at org.openqa.selenium.net.UrlChecker.waitUntilAvailable(UrlChecker.java:94)
at io.appium.java_client.service.local.AppiumDriverLocalService.ping(AppiumDriverLocalService.java:157)
at io.appium.java_client.service.local.AppiumDriverLocalService.start(AppiumDriverLocalService.java:182)
... 20 more
Caused by: java.util.concurrent.TimeoutException
at java.base/java.util.concurrent.FutureTask.get(FutureTask.java:204)
at org.openqa.selenium.net.UrlChecker.waitUntilAvailable(UrlChecker.java:91)
... 22 more
]]>
            </full-stacktrace>
          </exception> <!-- io.appium.java_client.service.local.AppiumServerHasNotBeenStartedLocallyException -->
          <reporter-output>
          </reporter-output>
        </test-method> <!-- IAgree -->
        <test-method is-config="true" signature="screenShot(org.testng.ITestResult)[pri:0, instance:pivotalApplication.PivoFin2@70cf32e3]" started-at="2023-12-15T12:35:26 IST" name="screenShot" finished-at="2023-12-15T12:35:26 IST" duration-ms="0" status="SKIP">
          <reporter-output>
          </reporter-output>
        </test-method> <!-- screenShot -->
        <test-method signature="proceedButton()[pri:2, instance:pivotalApplication.PivoFin2@70cf32e3]" started-at="2023-12-15T12:35:27 IST" name="proceedButton" finished-at="2023-12-15T12:35:27 IST" duration-ms="1" status="SKIP">
          <exception class="io.appium.java_client.service.local.AppiumServerHasNotBeenStartedLocallyException">
            <message>
              <![CDATA[[The local appium server has not been started, Reason: Timed out waiting for [http://127.0.0.1:4723/status] to be available after 20021 ms, Consider increasing the server startup timeout value (currently 20000ms), Node.js executable path: C:\Program Files\nodejs\node.exe, Arguments: [C:\Users\Lenovo\AppData\Roaming\npm\node_modules\appium\build\lib\main.js, --port, 4723, --address, 0.0.0.0], Output: [35m[Appium][39m Welcome to Appium v2.2.2
[35m[Appium][39m Attempting to load driver uiautomator2...
[35m[Appium][39m Requiring driver at C:\Users\Lenovo\.appium\node_modules\appium-uiautomator2-driver
]]]>
            </message>
            <full-stacktrace>
              <![CDATA[io.appium.java_client.service.local.AppiumServerHasNotBeenStartedLocallyException: [The local appium server has not been started, Reason: Timed out waiting for [http://127.0.0.1:4723/status] to be available after 20021 ms, Consider increasing the server startup timeout value (currently 20000ms), Node.js executable path: C:\Program Files\nodejs\node.exe, Arguments: [C:\Users\Lenovo\AppData\Roaming\npm\node_modules\appium\build\lib\main.js, --port, 4723, --address, 0.0.0.0], Output: [35m[Appium][39m Welcome to Appium v2.2.2
[35m[Appium][39m Attempting to load driver uiautomator2...
[35m[Appium][39m Requiring driver at C:\Users\Lenovo\.appium\node_modules\appium-uiautomator2-driver
]
at io.appium.java_client.service.local.AppiumDriverLocalService.start(AppiumDriverLocalService.java:203)
at pivotalApplication.AppiumServerStart.BfSuite(AppiumServerStart.java:29)
at java.base/jdk.internal.reflect.NativeMethodAccessorImpl.invoke0(Native Method)
at java.base/jdk.internal.reflect.NativeMethodAccessorImpl.invoke(NativeMethodAccessorImpl.java:77)
at java.base/jdk.internal.reflect.DelegatingMethodAccessorImpl.invoke(DelegatingMethodAccessorImpl.java:43)
at java.base/java.lang.reflect.Method.invoke(Method.java:568)
at org.testng.internal.invokers.MethodInvocationHelper.invokeMethod(MethodInvocationHelper.java:139)
at org.testng.internal.invokers.MethodInvocationHelper.invokeMethodConsideringTimeout(MethodInvocationHelper.java:69)
at org.testng.internal.invokers.ConfigInvoker.invokeConfigurationMethod(ConfigInvoker.java:390)
at org.testng.internal.invokers.ConfigInvoker.invokeConfigurations(ConfigInvoker.java:325)
at org.testng.SuiteRunner.privateRun(SuiteRunner.java:382)
at org.testng.SuiteRunner.run(SuiteRunner.java:336)
at org.testng.SuiteRunnerWorker.runSuite(SuiteRunnerWorker.java:52)
at org.testng.SuiteRunnerWorker.run(SuiteRunnerWorker.java:95)
at org.testng.TestNG.runSuitesSequentially(TestNG.java:1280)
at org.testng.TestNG.runSuitesLocally(TestNG.java:1200)
at org.testng.TestNG.runSuites(TestNG.java:1114)
at org.testng.TestNG.run(TestNG.java:1082)
at org.testng.remote.AbstractRemoteTestNG.run(AbstractRemoteTestNG.java:115)
at org.testng.remote.RemoteTestNG.initAndRun(RemoteTestNG.java:251)
at org.testng.remote.RemoteTestNG.main(RemoteTestNG.java:77)
Caused by: org.openqa.selenium.net.UrlChecker$TimeoutException: Timed out waiting for [http://127.0.0.1:4723/status] to be available after 20021 ms
at org.openqa.selenium.net.UrlChecker.waitUntilAvailable(UrlChecker.java:94)
at io.appium.java_client.service.local.AppiumDriverLocalService.ping(AppiumDriverLocalService.java:157)
at io.appium.java_client.service.local.AppiumDriverLocalService.start(AppiumDriverLocalService.java:182)
... 20 more
Caused by: java.util.concurrent.TimeoutException
at java.base/java.util.concurrent.FutureTask.get(FutureTask.java:204)
at org.openqa.selenium.net.UrlChecker.waitUntilAvailable(UrlChecker.java:91)
... 22 more
]]>
            </full-stacktrace>
          </exception> <!-- io.appium.java_client.service.local.AppiumServerHasNotBeenStartedLocallyException -->
          <reporter-output>
          </reporter-output>
        </test-method> <!-- proceedButton -->
        <test-method is-config="true" signature="screenShot(org.testng.ITestResult)[pri:0, instance:pivotalApplication.PivoFin2@70cf32e3]" started-at="2023-12-15T12:35:27 IST" name="screenShot" finished-at="2023-12-15T12:35:27 IST" duration-ms="0" status="SKIP">
          <reporter-output>
          </reporter-output>
        </test-method> <!-- screenShot -->
        <test-method signature="OTP()[pri:3, instance:pivotalApplication.PivoFin2@70cf32e3]" started-at="2023-12-15T12:35:27 IST" name="OTP" finished-at="2023-12-15T12:35:27 IST" duration-ms="1" status="SKIP">
          <exception class="io.appium.java_client.service.local.AppiumServerHasNotBeenStartedLocallyException">
            <message>
              <![CDATA[[The local appium server has not been started, Reason: Timed out waiting for [http://127.0.0.1:4723/status] to be available after 20021 ms, Consider increasing the server startup timeout value (currently 20000ms), Node.js executable path: C:\Program Files\nodejs\node.exe, Arguments: [C:\Users\Lenovo\AppData\Roaming\npm\node_modules\appium\build\lib\main.js, --port, 4723, --address, 0.0.0.0], Output: [35m[Appium][39m Welcome to Appium v2.2.2
[35m[Appium][39m Attempting to load driver uiautomator2...
[35m[Appium][39m Requiring driver at C:\Users\Lenovo\.appium\node_modules\appium-uiautomator2-driver
]]]>
            </message>
            <full-stacktrace>
              <![CDATA[io.appium.java_client.service.local.AppiumServerHasNotBeenStartedLocallyException: [The local appium server has not been started, Reason: Timed out waiting for [http://127.0.0.1:4723/status] to be available after 20021 ms, Consider increasing the server startup timeout value (currently 20000ms), Node.js executable path: C:\Program Files\nodejs\node.exe, Arguments: [C:\Users\Lenovo\AppData\Roaming\npm\node_modules\appium\build\lib\main.js, --port, 4723, --address, 0.0.0.0], Output: [35m[Appium][39m Welcome to Appium v2.2.2
[35m[Appium][39m Attempting to load driver uiautomator2...
[35m[Appium][39m Requiring driver at C:\Users\Lenovo\.appium\node_modules\appium-uiautomator2-driver
]
at io.appium.java_client.service.local.AppiumDriverLocalService.start(AppiumDriverLocalService.java:203)
at pivotalApplication.AppiumServerStart.BfSuite(AppiumServerStart.java:29)
at java.base/jdk.internal.reflect.NativeMethodAccessorImpl.invoke0(Native Method)
at java.base/jdk.internal.reflect.NativeMethodAccessorImpl.invoke(NativeMethodAccessorImpl.java:77)
at java.base/jdk.internal.reflect.DelegatingMethodAccessorImpl.invoke(DelegatingMethodAccessorImpl.java:43)
at java.base/java.lang.reflect.Method.invoke(Method.java:568)
at org.testng.internal.invokers.MethodInvocationHelper.invokeMethod(MethodInvocationHelper.java:139)
at org.testng.internal.invokers.MethodInvocationHelper.invokeMethodConsideringTimeout(MethodInvocationHelper.java:69)
at org.testng.internal.invokers.ConfigInvoker.invokeConfigurationMethod(ConfigInvoker.java:390)
at org.testng.internal.invokers.ConfigInvoker.invokeConfigurations(ConfigInvoker.java:325)
at org.testng.SuiteRunner.privateRun(SuiteRunner.java:382)
at org.testng.SuiteRunner.run(SuiteRunner.java:336)
at org.testng.SuiteRunnerWorker.runSuite(SuiteRunnerWorker.java:52)
at org.testng.SuiteRunnerWorker.run(SuiteRunnerWorker.java:95)
at org.testng.TestNG.runSuitesSequentially(TestNG.java:1280)
at org.testng.TestNG.runSuitesLocally(TestNG.java:1200)
at org.testng.TestNG.runSuites(TestNG.java:1114)
at org.testng.TestNG.run(TestNG.java:1082)
at org.testng.remote.AbstractRemoteTestNG.run(AbstractRemoteTestNG.java:115)
at org.testng.remote.RemoteTestNG.initAndRun(RemoteTestNG.java:251)
at org.testng.remote.RemoteTestNG.main(RemoteTestNG.java:77)
Caused by: org.openqa.selenium.net.UrlChecker$TimeoutException: Timed out waiting for [http://127.0.0.1:4723/status] to be available after 20021 ms
at org.openqa.selenium.net.UrlChecker.waitUntilAvailable(UrlChecker.java:94)
at io.appium.java_client.service.local.AppiumDriverLocalService.ping(AppiumDriverLocalService.java:157)
at io.appium.java_client.service.local.AppiumDriverLocalService.start(AppiumDriverLocalService.java:182)
... 20 more
Caused by: java.util.concurrent.TimeoutException
at java.base/java.util.concurrent.FutureTask.get(FutureTask.java:204)
at org.openqa.selenium.net.UrlChecker.waitUntilAvailable(UrlChecker.java:91)
... 22 more
]]>
            </full-stacktrace>
          </exception> <!-- io.appium.java_client.service.local.AppiumServerHasNotBeenStartedLocallyException -->
          <reporter-output>
          </reporter-output>
        </test-method> <!-- OTP -->
        <test-method is-config="true" signature="screenShot(org.testng.ITestResult)[pri:0, instance:pivotalApplication.PivoFin2@70cf32e3]" started-at="2023-12-15T12:35:27 IST" name="screenShot" finished-at="2023-12-15T12:35:27 IST" duration-ms="0" status="SKIP">
          <reporter-output>
          </reporter-output>
        </test-method> <!-- screenShot -->
        <test-method signature="submit()[pri:4, instance:pivotalApplication.PivoFin2@70cf32e3]" started-at="2023-12-15T12:35:27 IST" name="submit" finished-at="2023-12-15T12:35:27 IST" duration-ms="1" status="SKIP">
          <exception class="io.appium.java_client.service.local.AppiumServerHasNotBeenStartedLocallyException">
            <message>
              <![CDATA[[The local appium server has not been started, Reason: Timed out waiting for [http://127.0.0.1:4723/status] to be available after 20021 ms, Consider increasing the server startup timeout value (currently 20000ms), Node.js executable path: C:\Program Files\nodejs\node.exe, Arguments: [C:\Users\Lenovo\AppData\Roaming\npm\node_modules\appium\build\lib\main.js, --port, 4723, --address, 0.0.0.0], Output: [35m[Appium][39m Welcome to Appium v2.2.2
[35m[Appium][39m Attempting to load driver uiautomator2...
[35m[Appium][39m Requiring driver at C:\Users\Lenovo\.appium\node_modules\appium-uiautomator2-driver
]]]>
            </message>
            <full-stacktrace>
              <![CDATA[io.appium.java_client.service.local.AppiumServerHasNotBeenStartedLocallyException: [The local appium server has not been started, Reason: Timed out waiting for [http://127.0.0.1:4723/status] to be available after 20021 ms, Consider increasing the server startup timeout value (currently 20000ms), Node.js executable path: C:\Program Files\nodejs\node.exe, Arguments: [C:\Users\Lenovo\AppData\Roaming\npm\node_modules\appium\build\lib\main.js, --port, 4723, --address, 0.0.0.0], Output: [35m[Appium][39m Welcome to Appium v2.2.2
[35m[Appium][39m Attempting to load driver uiautomator2...
[35m[Appium][39m Requiring driver at C:\Users\Lenovo\.appium\node_modules\appium-uiautomator2-driver
]
at io.appium.java_client.service.local.AppiumDriverLocalService.start(AppiumDriverLocalService.java:203)
at pivotalApplication.AppiumServerStart.BfSuite(AppiumServerStart.java:29)
at java.base/jdk.internal.reflect.NativeMethodAccessorImpl.invoke0(Native Method)
at java.base/jdk.internal.reflect.NativeMethodAccessorImpl.invoke(NativeMethodAccessorImpl.java:77)
at java.base/jdk.internal.reflect.DelegatingMethodAccessorImpl.invoke(DelegatingMethodAccessorImpl.java:43)
at java.base/java.lang.reflect.Method.invoke(Method.java:568)
at org.testng.internal.invokers.MethodInvocationHelper.invokeMethod(MethodInvocationHelper.java:139)
at org.testng.internal.invokers.MethodInvocationHelper.invokeMethodConsideringTimeout(MethodInvocationHelper.java:69)
at org.testng.internal.invokers.ConfigInvoker.invokeConfigurationMethod(ConfigInvoker.java:390)
at org.testng.internal.invokers.ConfigInvoker.invokeConfigurations(ConfigInvoker.java:325)
at org.testng.SuiteRunner.privateRun(SuiteRunner.java:382)
at org.testng.SuiteRunner.run(SuiteRunner.java:336)
at org.testng.SuiteRunnerWorker.runSuite(SuiteRunnerWorker.java:52)
at org.testng.SuiteRunnerWorker.run(SuiteRunnerWorker.java:95)
at org.testng.TestNG.runSuitesSequentially(TestNG.java:1280)
at org.testng.TestNG.runSuitesLocally(TestNG.java:1200)
at org.testng.TestNG.runSuites(TestNG.java:1114)
at org.testng.TestNG.run(TestNG.java:1082)
at org.testng.remote.AbstractRemoteTestNG.run(AbstractRemoteTestNG.java:115)
at org.testng.remote.RemoteTestNG.initAndRun(RemoteTestNG.java:251)
at org.testng.remote.RemoteTestNG.main(RemoteTestNG.java:77)
Caused by: org.openqa.selenium.net.UrlChecker$TimeoutException: Timed out waiting for [http://127.0.0.1:4723/status] to be available after 20021 ms
at org.openqa.selenium.net.UrlChecker.waitUntilAvailable(UrlChecker.java:94)
at io.appium.java_client.service.local.AppiumDriverLocalService.ping(AppiumDriverLocalService.java:157)
at io.appium.java_client.service.local.AppiumDriverLocalService.start(AppiumDriverLocalService.java:182)
... 20 more
Caused by: java.util.concurrent.TimeoutException
at java.base/java.util.concurrent.FutureTask.get(FutureTask.java:204)
at org.openqa.selenium.net.UrlChecker.waitUntilAvailable(UrlChecker.java:91)
... 22 more
]]>
            </full-stacktrace>
          </exception> <!-- io.appium.java_client.service.local.AppiumServerHasNotBeenStartedLocallyException -->
          <reporter-output>
          </reporter-output>
        </test-method> <!-- submit -->
        <test-method is-config="true" signature="screenShot(org.testng.ITestResult)[pri:0, instance:pivotalApplication.PivoFin2@70cf32e3]" started-at="2023-12-15T12:35:27 IST" name="screenShot" finished-at="2023-12-15T12:35:27 IST" duration-ms="0" status="SKIP">
          <reporter-output>
          </reporter-output>
        </test-method> <!-- screenShot -->
        <test-method signature="Search()[pri:5, instance:pivotalApplication.PivoFin2@70cf32e3]" started-at="2023-12-15T12:35:27 IST" name="Search" finished-at="2023-12-15T12:35:27 IST" duration-ms="0" status="SKIP">
          <exception class="io.appium.java_client.service.local.AppiumServerHasNotBeenStartedLocallyException">
            <message>
              <![CDATA[[The local appium server has not been started, Reason: Timed out waiting for [http://127.0.0.1:4723/status] to be available after 20021 ms, Consider increasing the server startup timeout value (currently 20000ms), Node.js executable path: C:\Program Files\nodejs\node.exe, Arguments: [C:\Users\Lenovo\AppData\Roaming\npm\node_modules\appium\build\lib\main.js, --port, 4723, --address, 0.0.0.0], Output: [35m[Appium][39m Welcome to Appium v2.2.2
[35m[Appium][39m Attempting to load driver uiautomator2...
[35m[Appium][39m Requiring driver at C:\Users\Lenovo\.appium\node_modules\appium-uiautomator2-driver
]]]>
            </message>
            <full-stacktrace>
              <![CDATA[io.appium.java_client.service.local.AppiumServerHasNotBeenStartedLocallyException: [The local appium server has not been started, Reason: Timed out waiting for [http://127.0.0.1:4723/status] to be available after 20021 ms, Consider increasing the server startup timeout value (currently 20000ms), Node.js executable path: C:\Program Files\nodejs\node.exe, Arguments: [C:\Users\Lenovo\AppData\Roaming\npm\node_modules\appium\build\lib\main.js, --port, 4723, --address, 0.0.0.0], Output: [35m[Appium][39m Welcome to Appium v2.2.2
[35m[Appium][39m Attempting to load driver uiautomator2...
[35m[Appium][39m Requiring driver at C:\Users\Lenovo\.appium\node_modules\appium-uiautomator2-driver
]
at io.appium.java_client.service.local.AppiumDriverLocalService.start(AppiumDriverLocalService.java:203)
at pivotalApplication.AppiumServerStart.BfSuite(AppiumServerStart.java:29)
at java.base/jdk.internal.reflect.NativeMethodAccessorImpl.invoke0(Native Method)
at java.base/jdk.internal.reflect.NativeMethodAccessorImpl.invoke(NativeMethodAccessorImpl.java:77)
at java.base/jdk.internal.reflect.DelegatingMethodAccessorImpl.invoke(DelegatingMethodAccessorImpl.java:43)
at java.base/java.lang.reflect.Method.invoke(Method.java:568)
at org.testng.internal.invokers.MethodInvocationHelper.invokeMethod(MethodInvocationHelper.java:139)
at org.testng.internal.invokers.MethodInvocationHelper.invokeMethodConsideringTimeout(MethodInvocationHelper.java:69)
at org.testng.internal.invokers.ConfigInvoker.invokeConfigurationMethod(ConfigInvoker.java:390)
at org.testng.internal.invokers.ConfigInvoker.invokeConfigurations(ConfigInvoker.java:325)
at org.testng.SuiteRunner.privateRun(SuiteRunner.java:382)
at org.testng.SuiteRunner.run(SuiteRunner.java:336)
at org.testng.SuiteRunnerWorker.runSuite(SuiteRunnerWorker.java:52)
at org.testng.SuiteRunnerWorker.run(SuiteRunnerWorker.java:95)
at org.testng.TestNG.runSuitesSequentially(TestNG.java:1280)
at org.testng.TestNG.runSuitesLocally(TestNG.java:1200)
at org.testng.TestNG.runSuites(TestNG.java:1114)
at org.testng.TestNG.run(TestNG.java:1082)
at org.testng.remote.AbstractRemoteTestNG.run(AbstractRemoteTestNG.java:115)
at org.testng.remote.RemoteTestNG.initAndRun(RemoteTestNG.java:251)
at org.testng.remote.RemoteTestNG.main(RemoteTestNG.java:77)
Caused by: org.openqa.selenium.net.UrlChecker$TimeoutException: Timed out waiting for [http://127.0.0.1:4723/status] to be available after 20021 ms
at org.openqa.selenium.net.UrlChecker.waitUntilAvailable(UrlChecker.java:94)
at io.appium.java_client.service.local.AppiumDriverLocalService.ping(AppiumDriverLocalService.java:157)
at io.appium.java_client.service.local.AppiumDriverLocalService.start(AppiumDriverLocalService.java:182)
... 20 more
Caused by: java.util.concurrent.TimeoutException
at java.base/java.util.concurrent.FutureTask.get(FutureTask.java:204)
at org.openqa.selenium.net.UrlChecker.waitUntilAvailable(UrlChecker.java:91)
... 22 more
]]>
            </full-stacktrace>
          </exception> <!-- io.appium.java_client.service.local.AppiumServerHasNotBeenStartedLocallyException -->
          <reporter-output>
          </reporter-output>
        </test-method> <!-- Search -->
        <test-method is-config="true" signature="screenShot(org.testng.ITestResult)[pri:0, instance:pivotalApplication.PivoFin2@70cf32e3]" started-at="2023-12-15T12:35:27 IST" name="screenShot" finished-at="2023-12-15T12:35:27 IST" duration-ms="0" status="SKIP">
          <reporter-output>
          </reporter-output>
        </test-method> <!-- screenShot -->
        <test-method signature="ClickPatient()[pri:7, instance:pivotalApplication.PivoFin2@70cf32e3]" started-at="2023-12-15T12:35:27 IST" name="ClickPatient" finished-at="2023-12-15T12:35:27 IST" duration-ms="0" status="SKIP">
          <exception class="io.appium.java_client.service.local.AppiumServerHasNotBeenStartedLocallyException">
            <message>
              <![CDATA[[The local appium server has not been started, Reason: Timed out waiting for [http://127.0.0.1:4723/status] to be available after 20021 ms, Consider increasing the server startup timeout value (currently 20000ms), Node.js executable path: C:\Program Files\nodejs\node.exe, Arguments: [C:\Users\Lenovo\AppData\Roaming\npm\node_modules\appium\build\lib\main.js, --port, 4723, --address, 0.0.0.0], Output: [35m[Appium][39m Welcome to Appium v2.2.2
[35m[Appium][39m Attempting to load driver uiautomator2...
[35m[Appium][39m Requiring driver at C:\Users\Lenovo\.appium\node_modules\appium-uiautomator2-driver
]]]>
            </message>
            <full-stacktrace>
              <![CDATA[io.appium.java_client.service.local.AppiumServerHasNotBeenStartedLocallyException: [The local appium server has not been started, Reason: Timed out waiting for [http://127.0.0.1:4723/status] to be available after 20021 ms, Consider increasing the server startup timeout value (currently 20000ms), Node.js executable path: C:\Program Files\nodejs\node.exe, Arguments: [C:\Users\Lenovo\AppData\Roaming\npm\node_modules\appium\build\lib\main.js, --port, 4723, --address, 0.0.0.0], Output: [35m[Appium][39m Welcome to Appium v2.2.2
[35m[Appium][39m Attempting to load driver uiautomator2...
[35m[Appium][39m Requiring driver at C:\Users\Lenovo\.appium\node_modules\appium-uiautomator2-driver
]
at io.appium.java_client.service.local.AppiumDriverLocalService.start(AppiumDriverLocalService.java:203)
at pivotalApplication.AppiumServerStart.BfSuite(AppiumServerStart.java:29)
at java.base/jdk.internal.reflect.NativeMethodAccessorImpl.invoke0(Native Method)
at java.base/jdk.internal.reflect.NativeMethodAccessorImpl.invoke(NativeMethodAccessorImpl.java:77)
at java.base/jdk.internal.reflect.DelegatingMethodAccessorImpl.invoke(DelegatingMethodAccessorImpl.java:43)
at java.base/java.lang.reflect.Method.invoke(Method.java:568)
at org.testng.internal.invokers.MethodInvocationHelper.invokeMethod(MethodInvocationHelper.java:139)
at org.testng.internal.invokers.MethodInvocationHelper.invokeMethodConsideringTimeout(MethodInvocationHelper.java:69)
at org.testng.internal.invokers.ConfigInvoker.invokeConfigurationMethod(ConfigInvoker.java:390)
at org.testng.internal.invokers.ConfigInvoker.invokeConfigurations(ConfigInvoker.java:325)
at org.testng.SuiteRunner.privateRun(SuiteRunner.java:382)
at org.testng.SuiteRunner.run(SuiteRunner.java:336)
at org.testng.SuiteRunnerWorker.runSuite(SuiteRunnerWorker.java:52)
at org.testng.SuiteRunnerWorker.run(SuiteRunnerWorker.java:95)
at org.testng.TestNG.runSuitesSequentially(TestNG.java:1280)
at org.testng.TestNG.runSuitesLocally(TestNG.java:1200)
at org.testng.TestNG.runSuites(TestNG.java:1114)
at org.testng.TestNG.run(TestNG.java:1082)
at org.testng.remote.AbstractRemoteTestNG.run(AbstractRemoteTestNG.java:115)
at org.testng.remote.RemoteTestNG.initAndRun(RemoteTestNG.java:251)
at org.testng.remote.RemoteTestNG.main(RemoteTestNG.java:77)
Caused by: org.openqa.selenium.net.UrlChecker$TimeoutException: Timed out waiting for [http://127.0.0.1:4723/status] to be available after 20021 ms
at org.openqa.selenium.net.UrlChecker.waitUntilAvailable(UrlChecker.java:94)
at io.appium.java_client.service.local.AppiumDriverLocalService.ping(AppiumDriverLocalService.java:157)
at io.appium.java_client.service.local.AppiumDriverLocalService.start(AppiumDriverLocalService.java:182)
... 20 more
Caused by: java.util.concurrent.TimeoutException
at java.base/java.util.concurrent.FutureTask.get(FutureTask.java:204)
at org.openqa.selenium.net.UrlChecker.waitUntilAvailable(UrlChecker.java:91)
... 22 more
]]>
            </full-stacktrace>
          </exception> <!-- io.appium.java_client.service.local.AppiumServerHasNotBeenStartedLocallyException -->
          <reporter-output>
          </reporter-output>
        </test-method> <!-- ClickPatient -->
        <test-method is-config="true" signature="screenShot(org.testng.ITestResult)[pri:0, instance:pivotalApplication.PivoFin2@70cf32e3]" started-at="2023-12-15T12:35:27 IST" name="screenShot" finished-at="2023-12-15T12:35:27 IST" duration-ms="0" status="SKIP">
          <reporter-output>
          </reporter-output>
        </test-method> <!-- screenShot -->
        <test-method signature="InvestigationClick()[pri:8, instance:pivotalApplication.PivoFin2@70cf32e3]" started-at="2023-12-15T12:35:27 IST" name="InvestigationClick" finished-at="2023-12-15T12:35:27 IST" duration-ms="0" status="SKIP">
          <exception class="io.appium.java_client.service.local.AppiumServerHasNotBeenStartedLocallyException">
            <message>
              <![CDATA[[The local appium server has not been started, Reason: Timed out waiting for [http://127.0.0.1:4723/status] to be available after 20021 ms, Consider increasing the server startup timeout value (currently 20000ms), Node.js executable path: C:\Program Files\nodejs\node.exe, Arguments: [C:\Users\Lenovo\AppData\Roaming\npm\node_modules\appium\build\lib\main.js, --port, 4723, --address, 0.0.0.0], Output: [35m[Appium][39m Welcome to Appium v2.2.2
[35m[Appium][39m Attempting to load driver uiautomator2...
[35m[Appium][39m Requiring driver at C:\Users\Lenovo\.appium\node_modules\appium-uiautomator2-driver
]]]>
            </message>
            <full-stacktrace>
              <![CDATA[io.appium.java_client.service.local.AppiumServerHasNotBeenStartedLocallyException: [The local appium server has not been started, Reason: Timed out waiting for [http://127.0.0.1:4723/status] to be available after 20021 ms, Consider increasing the server startup timeout value (currently 20000ms), Node.js executable path: C:\Program Files\nodejs\node.exe, Arguments: [C:\Users\Lenovo\AppData\Roaming\npm\node_modules\appium\build\lib\main.js, --port, 4723, --address, 0.0.0.0], Output: [35m[Appium][39m Welcome to Appium v2.2.2
[35m[Appium][39m Attempting to load driver uiautomator2...
[35m[Appium][39m Requiring driver at C:\Users\Lenovo\.appium\node_modules\appium-uiautomator2-driver
]
at io.appium.java_client.service.local.AppiumDriverLocalService.start(AppiumDriverLocalService.java:203)
at pivotalApplication.AppiumServerStart.BfSuite(AppiumServerStart.java:29)
at java.base/jdk.internal.reflect.NativeMethodAccessorImpl.invoke0(Native Method)
at java.base/jdk.internal.reflect.NativeMethodAccessorImpl.invoke(NativeMethodAccessorImpl.java:77)
at java.base/jdk.internal.reflect.DelegatingMethodAccessorImpl.invoke(DelegatingMethodAccessorImpl.java:43)
at java.base/java.lang.reflect.Method.invoke(Method.java:568)
at org.testng.internal.invokers.MethodInvocationHelper.invokeMethod(MethodInvocationHelper.java:139)
at org.testng.internal.invokers.MethodInvocationHelper.invokeMethodConsideringTimeout(MethodInvocationHelper.java:69)
at org.testng.internal.invokers.ConfigInvoker.invokeConfigurationMethod(ConfigInvoker.java:390)
at org.testng.internal.invokers.ConfigInvoker.invokeConfigurations(ConfigInvoker.java:325)
at org.testng.SuiteRunner.privateRun(SuiteRunner.java:382)
at org.testng.SuiteRunner.run(SuiteRunner.java:336)
at org.testng.SuiteRunnerWorker.runSuite(SuiteRunnerWorker.java:52)
at org.testng.SuiteRunnerWorker.run(SuiteRunnerWorker.java:95)
at org.testng.TestNG.runSuitesSequentially(TestNG.java:1280)
at org.testng.TestNG.runSuitesLocally(TestNG.java:1200)
at org.testng.TestNG.runSuites(TestNG.java:1114)
at org.testng.TestNG.run(TestNG.java:1082)
at org.testng.remote.AbstractRemoteTestNG.run(AbstractRemoteTestNG.java:115)
at org.testng.remote.RemoteTestNG.initAndRun(RemoteTestNG.java:251)
at org.testng.remote.RemoteTestNG.main(RemoteTestNG.java:77)
Caused by: org.openqa.selenium.net.UrlChecker$TimeoutException: Timed out waiting for [http://127.0.0.1:4723/status] to be available after 20021 ms
at org.openqa.selenium.net.UrlChecker.waitUntilAvailable(UrlChecker.java:94)
at io.appium.java_client.service.local.AppiumDriverLocalService.ping(AppiumDriverLocalService.java:157)
at io.appium.java_client.service.local.AppiumDriverLocalService.start(AppiumDriverLocalService.java:182)
... 20 more
Caused by: java.util.concurrent.TimeoutException
at java.base/java.util.concurrent.FutureTask.get(FutureTask.java:204)
at org.openqa.selenium.net.UrlChecker.waitUntilAvailable(UrlChecker.java:91)
... 22 more
]]>
            </full-stacktrace>
          </exception> <!-- io.appium.java_client.service.local.AppiumServerHasNotBeenStartedLocallyException -->
          <reporter-output>
          </reporter-output>
        </test-method> <!-- InvestigationClick -->
        <test-method is-config="true" signature="screenShot(org.testng.ITestResult)[pri:0, instance:pivotalApplication.PivoFin2@70cf32e3]" started-at="2023-12-15T12:35:27 IST" name="screenShot" finished-at="2023-12-15T12:35:27 IST" duration-ms="0" status="SKIP">
          <reporter-output>
          </reporter-output>
        </test-method> <!-- screenShot -->
        <test-method signature="NewRequisition()[pri:9, instance:pivotalApplication.PivoFin2@70cf32e3]" started-at="2023-12-15T12:35:27 IST" name="NewRequisition" finished-at="2023-12-15T12:35:27 IST" duration-ms="0" status="SKIP">
          <exception class="io.appium.java_client.service.local.AppiumServerHasNotBeenStartedLocallyException">
            <message>
              <![CDATA[[The local appium server has not been started, Reason: Timed out waiting for [http://127.0.0.1:4723/status] to be available after 20021 ms, Consider increasing the server startup timeout value (currently 20000ms), Node.js executable path: C:\Program Files\nodejs\node.exe, Arguments: [C:\Users\Lenovo\AppData\Roaming\npm\node_modules\appium\build\lib\main.js, --port, 4723, --address, 0.0.0.0], Output: [35m[Appium][39m Welcome to Appium v2.2.2
[35m[Appium][39m Attempting to load driver uiautomator2...
[35m[Appium][39m Requiring driver at C:\Users\Lenovo\.appium\node_modules\appium-uiautomator2-driver
]]]>
            </message>
            <full-stacktrace>
              <![CDATA[io.appium.java_client.service.local.AppiumServerHasNotBeenStartedLocallyException: [The local appium server has not been started, Reason: Timed out waiting for [http://127.0.0.1:4723/status] to be available after 20021 ms, Consider increasing the server startup timeout value (currently 20000ms), Node.js executable path: C:\Program Files\nodejs\node.exe, Arguments: [C:\Users\Lenovo\AppData\Roaming\npm\node_modules\appium\build\lib\main.js, --port, 4723, --address, 0.0.0.0], Output: [35m[Appium][39m Welcome to Appium v2.2.2
[35m[Appium][39m Attempting to load driver uiautomator2...
[35m[Appium][39m Requiring driver at C:\Users\Lenovo\.appium\node_modules\appium-uiautomator2-driver
]
at io.appium.java_client.service.local.AppiumDriverLocalService.start(AppiumDriverLocalService.java:203)
at pivotalApplication.AppiumServerStart.BfSuite(AppiumServerStart.java:29)
at java.base/jdk.internal.reflect.NativeMethodAccessorImpl.invoke0(Native Method)
at java.base/jdk.internal.reflect.NativeMethodAccessorImpl.invoke(NativeMethodAccessorImpl.java:77)
at java.base/jdk.internal.reflect.DelegatingMethodAccessorImpl.invoke(DelegatingMethodAccessorImpl.java:43)
at java.base/java.lang.reflect.Method.invoke(Method.java:568)
at org.testng.internal.invokers.MethodInvocationHelper.invokeMethod(MethodInvocationHelper.java:139)
at org.testng.internal.invokers.MethodInvocationHelper.invokeMethodConsideringTimeout(MethodInvocationHelper.java:69)
at org.testng.internal.invokers.ConfigInvoker.invokeConfigurationMethod(ConfigInvoker.java:390)
at org.testng.internal.invokers.ConfigInvoker.invokeConfigurations(ConfigInvoker.java:325)
at org.testng.SuiteRunner.privateRun(SuiteRunner.java:382)
at org.testng.SuiteRunner.run(SuiteRunner.java:336)
at org.testng.SuiteRunnerWorker.runSuite(SuiteRunnerWorker.java:52)
at org.testng.SuiteRunnerWorker.run(SuiteRunnerWorker.java:95)
at org.testng.TestNG.runSuitesSequentially(TestNG.java:1280)
at org.testng.TestNG.runSuitesLocally(TestNG.java:1200)
at org.testng.TestNG.runSuites(TestNG.java:1114)
at org.testng.TestNG.run(TestNG.java:1082)
at org.testng.remote.AbstractRemoteTestNG.run(AbstractRemoteTestNG.java:115)
at org.testng.remote.RemoteTestNG.initAndRun(RemoteTestNG.java:251)
at org.testng.remote.RemoteTestNG.main(RemoteTestNG.java:77)
Caused by: org.openqa.selenium.net.UrlChecker$TimeoutException: Timed out waiting for [http://127.0.0.1:4723/status] to be available after 20021 ms
at org.openqa.selenium.net.UrlChecker.waitUntilAvailable(UrlChecker.java:94)
at io.appium.java_client.service.local.AppiumDriverLocalService.ping(AppiumDriverLocalService.java:157)
at io.appium.java_client.service.local.AppiumDriverLocalService.start(AppiumDriverLocalService.java:182)
... 20 more
Caused by: java.util.concurrent.TimeoutException
at java.base/java.util.concurrent.FutureTask.get(FutureTask.java:204)
at org.openqa.selenium.net.UrlChecker.waitUntilAvailable(UrlChecker.java:91)
... 22 more
]]>
            </full-stacktrace>
          </exception> <!-- io.appium.java_client.service.local.AppiumServerHasNotBeenStartedLocallyException -->
          <reporter-output>
          </reporter-output>
        </test-method> <!-- NewRequisition -->
        <test-method is-config="true" signature="screenShot(org.testng.ITestResult)[pri:0, instance:pivotalApplication.PivoFin2@70cf32e3]" started-at="2023-12-15T12:35:27 IST" name="screenShot" finished-at="2023-12-15T12:35:27 IST" duration-ms="0" status="SKIP">
          <reporter-output>
          </reporter-output>
        </test-method> <!-- screenShot -->
        <test-method signature="Covid19()[pri:10, instance:pivotalApplication.PivoFin2@70cf32e3]" started-at="2023-12-15T12:35:27 IST" name="Covid19" finished-at="2023-12-15T12:35:27 IST" duration-ms="0" status="SKIP">
          <exception class="io.appium.java_client.service.local.AppiumServerHasNotBeenStartedLocallyException">
            <message>
              <![CDATA[[The local appium server has not been started, Reason: Timed out waiting for [http://127.0.0.1:4723/status] to be available after 20021 ms, Consider increasing the server startup timeout value (currently 20000ms), Node.js executable path: C:\Program Files\nodejs\node.exe, Arguments: [C:\Users\Lenovo\AppData\Roaming\npm\node_modules\appium\build\lib\main.js, --port, 4723, --address, 0.0.0.0], Output: [35m[Appium][39m Welcome to Appium v2.2.2
[35m[Appium][39m Attempting to load driver uiautomator2...
[35m[Appium][39m Requiring driver at C:\Users\Lenovo\.appium\node_modules\appium-uiautomator2-driver
]]]>
            </message>
            <full-stacktrace>
              <![CDATA[io.appium.java_client.service.local.AppiumServerHasNotBeenStartedLocallyException: [The local appium server has not been started, Reason: Timed out waiting for [http://127.0.0.1:4723/status] to be available after 20021 ms, Consider increasing the server startup timeout value (currently 20000ms), Node.js executable path: C:\Program Files\nodejs\node.exe, Arguments: [C:\Users\Lenovo\AppData\Roaming\npm\node_modules\appium\build\lib\main.js, --port, 4723, --address, 0.0.0.0], Output: [35m[Appium][39m Welcome to Appium v2.2.2
[35m[Appium][39m Attempting to load driver uiautomator2...
[35m[Appium][39m Requiring driver at C:\Users\Lenovo\.appium\node_modules\appium-uiautomator2-driver
]
at io.appium.java_client.service.local.AppiumDriverLocalService.start(AppiumDriverLocalService.java:203)
at pivotalApplication.AppiumServerStart.BfSuite(AppiumServerStart.java:29)
at java.base/jdk.internal.reflect.NativeMethodAccessorImpl.invoke0(Native Method)
at java.base/jdk.internal.reflect.NativeMethodAccessorImpl.invoke(NativeMethodAccessorImpl.java:77)
at java.base/jdk.internal.reflect.DelegatingMethodAccessorImpl.invoke(DelegatingMethodAccessorImpl.java:43)
at java.base/java.lang.reflect.Method.invoke(Method.java:568)
at org.testng.internal.invokers.MethodInvocationHelper.invokeMethod(MethodInvocationHelper.java:139)
at org.testng.internal.invokers.MethodInvocationHelper.invokeMethodConsideringTimeout(MethodInvocationHelper.java:69)
at org.testng.internal.invokers.ConfigInvoker.invokeConfigurationMethod(ConfigInvoker.java:390)
at org.testng.internal.invokers.ConfigInvoker.invokeConfigurations(ConfigInvoker.java:325)
at org.testng.SuiteRunner.privateRun(SuiteRunner.java:382)
at org.testng.SuiteRunner.run(SuiteRunner.java:336)
at org.testng.SuiteRunnerWorker.runSuite(SuiteRunnerWorker.java:52)
at org.testng.SuiteRunnerWorker.run(SuiteRunnerWorker.java:95)
at org.testng.TestNG.runSuitesSequentially(TestNG.java:1280)
at org.testng.TestNG.runSuitesLocally(TestNG.java:1200)
at org.testng.TestNG.runSuites(TestNG.java:1114)
at org.testng.TestNG.run(TestNG.java:1082)
at org.testng.remote.AbstractRemoteTestNG.run(AbstractRemoteTestNG.java:115)
at org.testng.remote.RemoteTestNG.initAndRun(RemoteTestNG.java:251)
at org.testng.remote.RemoteTestNG.main(RemoteTestNG.java:77)
Caused by: org.openqa.selenium.net.UrlChecker$TimeoutException: Timed out waiting for [http://127.0.0.1:4723/status] to be available after 20021 ms
at org.openqa.selenium.net.UrlChecker.waitUntilAvailable(UrlChecker.java:94)
at io.appium.java_client.service.local.AppiumDriverLocalService.ping(AppiumDriverLocalService.java:157)
at io.appium.java_client.service.local.AppiumDriverLocalService.start(AppiumDriverLocalService.java:182)
... 20 more
Caused by: java.util.concurrent.TimeoutException
at java.base/java.util.concurrent.FutureTask.get(FutureTask.java:204)
at org.openqa.selenium.net.UrlChecker.waitUntilAvailable(UrlChecker.java:91)
... 22 more
]]>
            </full-stacktrace>
          </exception> <!-- io.appium.java_client.service.local.AppiumServerHasNotBeenStartedLocallyException -->
          <reporter-output>
          </reporter-output>
        </test-method> <!-- Covid19 -->
        <test-method is-config="true" signature="screenShot(org.testng.ITestResult)[pri:0, instance:pivotalApplication.PivoFin2@70cf32e3]" started-at="2023-12-15T12:35:27 IST" name="screenShot" finished-at="2023-12-15T12:35:27 IST" duration-ms="0" status="SKIP">
          <reporter-output>
          </reporter-output>
        </test-method> <!-- screenShot -->
        <test-method signature="packages()[pri:11, instance:pivotalApplication.PivoFin2@70cf32e3]" started-at="2023-12-15T12:35:27 IST" name="packages" finished-at="2023-12-15T12:35:27 IST" duration-ms="0" status="SKIP">
          <exception class="io.appium.java_client.service.local.AppiumServerHasNotBeenStartedLocallyException">
            <message>
              <![CDATA[[The local appium server has not been started, Reason: Timed out waiting for [http://127.0.0.1:4723/status] to be available after 20021 ms, Consider increasing the server startup timeout value (currently 20000ms), Node.js executable path: C:\Program Files\nodejs\node.exe, Arguments: [C:\Users\Lenovo\AppData\Roaming\npm\node_modules\appium\build\lib\main.js, --port, 4723, --address, 0.0.0.0], Output: [35m[Appium][39m Welcome to Appium v2.2.2
[35m[Appium][39m Attempting to load driver uiautomator2...
[35m[Appium][39m Requiring driver at C:\Users\Lenovo\.appium\node_modules\appium-uiautomator2-driver
]]]>
            </message>
            <full-stacktrace>
              <![CDATA[io.appium.java_client.service.local.AppiumServerHasNotBeenStartedLocallyException: [The local appium server has not been started, Reason: Timed out waiting for [http://127.0.0.1:4723/status] to be available after 20021 ms, Consider increasing the server startup timeout value (currently 20000ms), Node.js executable path: C:\Program Files\nodejs\node.exe, Arguments: [C:\Users\Lenovo\AppData\Roaming\npm\node_modules\appium\build\lib\main.js, --port, 4723, --address, 0.0.0.0], Output: [35m[Appium][39m Welcome to Appium v2.2.2
[35m[Appium][39m Attempting to load driver uiautomator2...
[35m[Appium][39m Requiring driver at C:\Users\Lenovo\.appium\node_modules\appium-uiautomator2-driver
]
at io.appium.java_client.service.local.AppiumDriverLocalService.start(AppiumDriverLocalService.java:203)
at pivotalApplication.AppiumServerStart.BfSuite(AppiumServerStart.java:29)
at java.base/jdk.internal.reflect.NativeMethodAccessorImpl.invoke0(Native Method)
at java.base/jdk.internal.reflect.NativeMethodAccessorImpl.invoke(NativeMethodAccessorImpl.java:77)
at java.base/jdk.internal.reflect.DelegatingMethodAccessorImpl.invoke(DelegatingMethodAccessorImpl.java:43)
at java.base/java.lang.reflect.Method.invoke(Method.java:568)
at org.testng.internal.invokers.MethodInvocationHelper.invokeMethod(MethodInvocationHelper.java:139)
at org.testng.internal.invokers.MethodInvocationHelper.invokeMethodConsideringTimeout(MethodInvocationHelper.java:69)
at org.testng.internal.invokers.ConfigInvoker.invokeConfigurationMethod(ConfigInvoker.java:390)
at org.testng.internal.invokers.ConfigInvoker.invokeConfigurations(ConfigInvoker.java:325)
at org.testng.SuiteRunner.privateRun(SuiteRunner.java:382)
at org.testng.SuiteRunner.run(SuiteRunner.java:336)
at org.testng.SuiteRunnerWorker.runSuite(SuiteRunnerWorker.java:52)
at org.testng.SuiteRunnerWorker.run(SuiteRunnerWorker.java:95)
at org.testng.TestNG.runSuitesSequentially(TestNG.java:1280)
at org.testng.TestNG.runSuitesLocally(TestNG.java:1200)
at org.testng.TestNG.runSuites(TestNG.java:1114)
at org.testng.TestNG.run(TestNG.java:1082)
at org.testng.remote.AbstractRemoteTestNG.run(AbstractRemoteTestNG.java:115)
at org.testng.remote.RemoteTestNG.initAndRun(RemoteTestNG.java:251)
at org.testng.remote.RemoteTestNG.main(RemoteTestNG.java:77)
Caused by: org.openqa.selenium.net.UrlChecker$TimeoutException: Timed out waiting for [http://127.0.0.1:4723/status] to be available after 20021 ms
at org.openqa.selenium.net.UrlChecker.waitUntilAvailable(UrlChecker.java:94)
at io.appium.java_client.service.local.AppiumDriverLocalService.ping(AppiumDriverLocalService.java:157)
at io.appium.java_client.service.local.AppiumDriverLocalService.start(AppiumDriverLocalService.java:182)
... 20 more
Caused by: java.util.concurrent.TimeoutException
at java.base/java.util.concurrent.FutureTask.get(FutureTask.java:204)
at org.openqa.selenium.net.UrlChecker.waitUntilAvailable(UrlChecker.java:91)
... 22 more
]]>
            </full-stacktrace>
          </exception> <!-- io.appium.java_client.service.local.AppiumServerHasNotBeenStartedLocallyException -->
          <reporter-output>
          </reporter-output>
        </test-method> <!-- packages -->
        <test-method is-config="true" signature="screenShot(org.testng.ITestResult)[pri:0, instance:pivotalApplication.PivoFin2@70cf32e3]" started-at="2023-12-15T12:35:27 IST" name="screenShot" finished-at="2023-12-15T12:35:27 IST" duration-ms="0" status="SKIP">
          <reporter-output>
          </reporter-output>
        </test-method> <!-- screenShot -->
        <test-method signature="Feverpanel()[pri:12, instance:pivotalApplication.PivoFin2@70cf32e3]" started-at="2023-12-15T12:35:27 IST" name="Feverpanel" finished-at="2023-12-15T12:35:27 IST" duration-ms="2" status="SKIP">
          <exception class="io.appium.java_client.service.local.AppiumServerHasNotBeenStartedLocallyException">
            <message>
              <![CDATA[[The local appium server has not been started, Reason: Timed out waiting for [http://127.0.0.1:4723/status] to be available after 20021 ms, Consider increasing the server startup timeout value (currently 20000ms), Node.js executable path: C:\Program Files\nodejs\node.exe, Arguments: [C:\Users\Lenovo\AppData\Roaming\npm\node_modules\appium\build\lib\main.js, --port, 4723, --address, 0.0.0.0], Output: [35m[Appium][39m Welcome to Appium v2.2.2
[35m[Appium][39m Attempting to load driver uiautomator2...
[35m[Appium][39m Requiring driver at C:\Users\Lenovo\.appium\node_modules\appium-uiautomator2-driver
]]]>
            </message>
            <full-stacktrace>
              <![CDATA[io.appium.java_client.service.local.AppiumServerHasNotBeenStartedLocallyException: [The local appium server has not been started, Reason: Timed out waiting for [http://127.0.0.1:4723/status] to be available after 20021 ms, Consider increasing the server startup timeout value (currently 20000ms), Node.js executable path: C:\Program Files\nodejs\node.exe, Arguments: [C:\Users\Lenovo\AppData\Roaming\npm\node_modules\appium\build\lib\main.js, --port, 4723, --address, 0.0.0.0], Output: [35m[Appium][39m Welcome to Appium v2.2.2
[35m[Appium][39m Attempting to load driver uiautomator2...
[35m[Appium][39m Requiring driver at C:\Users\Lenovo\.appium\node_modules\appium-uiautomator2-driver
]
at io.appium.java_client.service.local.AppiumDriverLocalService.start(AppiumDriverLocalService.java:203)
at pivotalApplication.AppiumServerStart.BfSuite(AppiumServerStart.java:29)
at java.base/jdk.internal.reflect.NativeMethodAccessorImpl.invoke0(Native Method)
at java.base/jdk.internal.reflect.NativeMethodAccessorImpl.invoke(NativeMethodAccessorImpl.java:77)
at java.base/jdk.internal.reflect.DelegatingMethodAccessorImpl.invoke(DelegatingMethodAccessorImpl.java:43)
at java.base/java.lang.reflect.Method.invoke(Method.java:568)
at org.testng.internal.invokers.MethodInvocationHelper.invokeMethod(MethodInvocationHelper.java:139)
at org.testng.internal.invokers.MethodInvocationHelper.invokeMethodConsideringTimeout(MethodInvocationHelper.java:69)
at org.testng.internal.invokers.ConfigInvoker.invokeConfigurationMethod(ConfigInvoker.java:390)
at org.testng.internal.invokers.ConfigInvoker.invokeConfigurations(ConfigInvoker.java:325)
at org.testng.SuiteRunner.privateRun(SuiteRunner.java:382)
at org.testng.SuiteRunner.run(SuiteRunner.java:336)
at org.testng.SuiteRunnerWorker.runSuite(SuiteRunnerWorker.java:52)
at org.testng.SuiteRunnerWorker.run(SuiteRunnerWorker.java:95)
at org.testng.TestNG.runSuitesSequentially(TestNG.java:1280)
at org.testng.TestNG.runSuitesLocally(TestNG.java:1200)
at org.testng.TestNG.runSuites(TestNG.java:1114)
at org.testng.TestNG.run(TestNG.java:1082)
at org.testng.remote.AbstractRemoteTestNG.run(AbstractRemoteTestNG.java:115)
at org.testng.remote.RemoteTestNG.initAndRun(RemoteTestNG.java:251)
at org.testng.remote.RemoteTestNG.main(RemoteTestNG.java:77)
Caused by: org.openqa.selenium.net.UrlChecker$TimeoutException: Timed out waiting for [http://127.0.0.1:4723/status] to be available after 20021 ms
at org.openqa.selenium.net.UrlChecker.waitUntilAvailable(UrlChecker.java:94)
at io.appium.java_client.service.local.AppiumDriverLocalService.ping(AppiumDriverLocalService.java:157)
at io.appium.java_client.service.local.AppiumDriverLocalService.start(AppiumDriverLocalService.java:182)
... 20 more
Caused by: java.util.concurrent.TimeoutException
at java.base/java.util.concurrent.FutureTask.get(FutureTask.java:204)
at org.openqa.selenium.net.UrlChecker.waitUntilAvailable(UrlChecker.java:91)
... 22 more
]]>
            </full-stacktrace>
          </exception> <!-- io.appium.java_client.service.local.AppiumServerHasNotBeenStartedLocallyException -->
          <reporter-output>
          </reporter-output>
        </test-method> <!-- Feverpanel -->
        <test-method is-config="true" signature="screenShot(org.testng.ITestResult)[pri:0, instance:pivotalApplication.PivoFin2@70cf32e3]" started-at="2023-12-15T12:35:27 IST" name="screenShot" finished-at="2023-12-15T12:35:27 IST" duration-ms="0" status="SKIP">
          <reporter-output>
          </reporter-output>
        </test-method> <!-- screenShot -->
        <test-method signature="SelectTests()[pri:13, instance:pivotalApplication.PivoFin2@70cf32e3]" started-at="2023-12-15T12:35:27 IST" name="SelectTests" finished-at="2023-12-15T12:35:27 IST" duration-ms="0" status="SKIP">
          <exception class="io.appium.java_client.service.local.AppiumServerHasNotBeenStartedLocallyException">
            <message>
              <![CDATA[[The local appium server has not been started, Reason: Timed out waiting for [http://127.0.0.1:4723/status] to be available after 20021 ms, Consider increasing the server startup timeout value (currently 20000ms), Node.js executable path: C:\Program Files\nodejs\node.exe, Arguments: [C:\Users\Lenovo\AppData\Roaming\npm\node_modules\appium\build\lib\main.js, --port, 4723, --address, 0.0.0.0], Output: [35m[Appium][39m Welcome to Appium v2.2.2
[35m[Appium][39m Attempting to load driver uiautomator2...
[35m[Appium][39m Requiring driver at C:\Users\Lenovo\.appium\node_modules\appium-uiautomator2-driver
]]]>
            </message>
            <full-stacktrace>
              <![CDATA[io.appium.java_client.service.local.AppiumServerHasNotBeenStartedLocallyException: [The local appium server has not been started, Reason: Timed out waiting for [http://127.0.0.1:4723/status] to be available after 20021 ms, Consider increasing the server startup timeout value (currently 20000ms), Node.js executable path: C:\Program Files\nodejs\node.exe, Arguments: [C:\Users\Lenovo\AppData\Roaming\npm\node_modules\appium\build\lib\main.js, --port, 4723, --address, 0.0.0.0], Output: [35m[Appium][39m Welcome to Appium v2.2.2
[35m[Appium][39m Attempting to load driver uiautomator2...
[35m[Appium][39m Requiring driver at C:\Users\Lenovo\.appium\node_modules\appium-uiautomator2-driver
]
at io.appium.java_client.service.local.AppiumDriverLocalService.start(AppiumDriverLocalService.java:203)
at pivotalApplication.AppiumServerStart.BfSuite(AppiumServerStart.java:29)
at java.base/jdk.internal.reflect.NativeMethodAccessorImpl.invoke0(Native Method)
at java.base/jdk.internal.reflect.NativeMethodAccessorImpl.invoke(NativeMethodAccessorImpl.java:77)
at java.base/jdk.internal.reflect.DelegatingMethodAccessorImpl.invoke(DelegatingMethodAccessorImpl.java:43)
at java.base/java.lang.reflect.Method.invoke(Method.java:568)
at org.testng.internal.invokers.MethodInvocationHelper.invokeMethod(MethodInvocationHelper.java:139)
at org.testng.internal.invokers.MethodInvocationHelper.invokeMethodConsideringTimeout(MethodInvocationHelper.java:69)
at org.testng.internal.invokers.ConfigInvoker.invokeConfigurationMethod(ConfigInvoker.java:390)
at org.testng.internal.invokers.ConfigInvoker.invokeConfigurations(ConfigInvoker.java:325)
at org.testng.SuiteRunner.privateRun(SuiteRunner.java:382)
at org.testng.SuiteRunner.run(SuiteRunner.java:336)
at org.testng.SuiteRunnerWorker.runSuite(SuiteRunnerWorker.java:52)
at org.testng.SuiteRunnerWorker.run(SuiteRunnerWorker.java:95)
at org.testng.TestNG.runSuitesSequentially(TestNG.java:1280)
at org.testng.TestNG.runSuitesLocally(TestNG.java:1200)
at org.testng.TestNG.runSuites(TestNG.java:1114)
at org.testng.TestNG.run(TestNG.java:1082)
at org.testng.remote.AbstractRemoteTestNG.run(AbstractRemoteTestNG.java:115)
at org.testng.remote.RemoteTestNG.initAndRun(RemoteTestNG.java:251)
at org.testng.remote.RemoteTestNG.main(RemoteTestNG.java:77)
Caused by: org.openqa.selenium.net.UrlChecker$TimeoutException: Timed out waiting for [http://127.0.0.1:4723/status] to be available after 20021 ms
at org.openqa.selenium.net.UrlChecker.waitUntilAvailable(UrlChecker.java:94)
at io.appium.java_client.service.local.AppiumDriverLocalService.ping(AppiumDriverLocalService.java:157)
at io.appium.java_client.service.local.AppiumDriverLocalService.start(AppiumDriverLocalService.java:182)
... 20 more
Caused by: java.util.concurrent.TimeoutException
at java.base/java.util.concurrent.FutureTask.get(FutureTask.java:204)
at org.openqa.selenium.net.UrlChecker.waitUntilAvailable(UrlChecker.java:91)
... 22 more
]]>
            </full-stacktrace>
          </exception> <!-- io.appium.java_client.service.local.AppiumServerHasNotBeenStartedLocallyException -->
          <reporter-output>
          </reporter-output>
        </test-method> <!-- SelectTests -->
        <test-method is-config="true" signature="screenShot(org.testng.ITestResult)[pri:0, instance:pivotalApplication.PivoFin2@70cf32e3]" started-at="2023-12-15T12:35:27 IST" name="screenShot" finished-at="2023-12-15T12:35:27 IST" duration-ms="0" status="SKIP">
          <reporter-output>
          </reporter-output>
        </test-method> <!-- screenShot -->
        <test-method signature="CreateRquisition()[pri:14, instance:pivotalApplication.PivoFin2@70cf32e3]" started-at="2023-12-15T12:35:27 IST" name="CreateRquisition" finished-at="2023-12-15T12:35:27 IST" duration-ms="2" status="SKIP">
          <exception class="io.appium.java_client.service.local.AppiumServerHasNotBeenStartedLocallyException">
            <message>
              <![CDATA[[The local appium server has not been started, Reason: Timed out waiting for [http://127.0.0.1:4723/status] to be available after 20021 ms, Consider increasing the server startup timeout value (currently 20000ms), Node.js executable path: C:\Program Files\nodejs\node.exe, Arguments: [C:\Users\Lenovo\AppData\Roaming\npm\node_modules\appium\build\lib\main.js, --port, 4723, --address, 0.0.0.0], Output: [35m[Appium][39m Welcome to Appium v2.2.2
[35m[Appium][39m Attempting to load driver uiautomator2...
[35m[Appium][39m Requiring driver at C:\Users\Lenovo\.appium\node_modules\appium-uiautomator2-driver
]]]>
            </message>
            <full-stacktrace>
              <![CDATA[io.appium.java_client.service.local.AppiumServerHasNotBeenStartedLocallyException: [The local appium server has not been started, Reason: Timed out waiting for [http://127.0.0.1:4723/status] to be available after 20021 ms, Consider increasing the server startup timeout value (currently 20000ms), Node.js executable path: C:\Program Files\nodejs\node.exe, Arguments: [C:\Users\Lenovo\AppData\Roaming\npm\node_modules\appium\build\lib\main.js, --port, 4723, --address, 0.0.0.0], Output: [35m[Appium][39m Welcome to Appium v2.2.2
[35m[Appium][39m Attempting to load driver uiautomator2...
[35m[Appium][39m Requiring driver at C:\Users\Lenovo\.appium\node_modules\appium-uiautomator2-driver
]
at io.appium.java_client.service.local.AppiumDriverLocalService.start(AppiumDriverLocalService.java:203)
at pivotalApplication.AppiumServerStart.BfSuite(AppiumServerStart.java:29)
at java.base/jdk.internal.reflect.NativeMethodAccessorImpl.invoke0(Native Method)
at java.base/jdk.internal.reflect.NativeMethodAccessorImpl.invoke(NativeMethodAccessorImpl.java:77)
at java.base/jdk.internal.reflect.DelegatingMethodAccessorImpl.invoke(DelegatingMethodAccessorImpl.java:43)
at java.base/java.lang.reflect.Method.invoke(Method.java:568)
at org.testng.internal.invokers.MethodInvocationHelper.invokeMethod(MethodInvocationHelper.java:139)
at org.testng.internal.invokers.MethodInvocationHelper.invokeMethodConsideringTimeout(MethodInvocationHelper.java:69)
at org.testng.internal.invokers.ConfigInvoker.invokeConfigurationMethod(ConfigInvoker.java:390)
at org.testng.internal.invokers.ConfigInvoker.invokeConfigurations(ConfigInvoker.java:325)
at org.testng.SuiteRunner.privateRun(SuiteRunner.java:382)
at org.testng.SuiteRunner.run(SuiteRunner.java:336)
at org.testng.SuiteRunnerWorker.runSuite(SuiteRunnerWorker.java:52)
at org.testng.SuiteRunnerWorker.run(SuiteRunnerWorker.java:95)
at org.testng.TestNG.runSuitesSequentially(TestNG.java:1280)
at org.testng.TestNG.runSuitesLocally(TestNG.java:1200)
at org.testng.TestNG.runSuites(TestNG.java:1114)
at org.testng.TestNG.run(TestNG.java:1082)
at org.testng.remote.AbstractRemoteTestNG.run(AbstractRemoteTestNG.java:115)
at org.testng.remote.RemoteTestNG.initAndRun(RemoteTestNG.java:251)
at org.testng.remote.RemoteTestNG.main(RemoteTestNG.java:77)
Caused by: org.openqa.selenium.net.UrlChecker$TimeoutException: Timed out waiting for [http://127.0.0.1:4723/status] to be available after 20021 ms
at org.openqa.selenium.net.UrlChecker.waitUntilAvailable(UrlChecker.java:94)
at io.appium.java_client.service.local.AppiumDriverLocalService.ping(AppiumDriverLocalService.java:157)
at io.appium.java_client.service.local.AppiumDriverLocalService.start(AppiumDriverLocalService.java:182)
... 20 more
Caused by: java.util.concurrent.TimeoutException
at java.base/java.util.concurrent.FutureTask.get(FutureTask.java:204)
at org.openqa.selenium.net.UrlChecker.waitUntilAvailable(UrlChecker.java:91)
... 22 more
]]>
            </full-stacktrace>
          </exception> <!-- io.appium.java_client.service.local.AppiumServerHasNotBeenStartedLocallyException -->
          <reporter-output>
          </reporter-output>
        </test-method> <!-- CreateRquisition -->
        <test-method is-config="true" signature="screenShot(org.testng.ITestResult)[pri:0, instance:pivotalApplication.PivoFin2@70cf32e3]" started-at="2023-12-15T12:35:27 IST" name="screenShot" finished-at="2023-12-15T12:35:27 IST" duration-ms="0" status="SKIP">
          <reporter-output>
          </reporter-output>
        </test-method> <!-- screenShot -->
        <test-method signature="RquisitionDownloadclose()[pri:15, instance:pivotalApplication.PivoFin2@70cf32e3]" started-at="2023-12-15T12:35:27 IST" name="RquisitionDownloadclose" finished-at="2023-12-15T12:35:27 IST" duration-ms="0" status="SKIP">
          <exception class="io.appium.java_client.service.local.AppiumServerHasNotBeenStartedLocallyException">
            <message>
              <![CDATA[[The local appium server has not been started, Reason: Timed out waiting for [http://127.0.0.1:4723/status] to be available after 20021 ms, Consider increasing the server startup timeout value (currently 20000ms), Node.js executable path: C:\Program Files\nodejs\node.exe, Arguments: [C:\Users\Lenovo\AppData\Roaming\npm\node_modules\appium\build\lib\main.js, --port, 4723, --address, 0.0.0.0], Output: [35m[Appium][39m Welcome to Appium v2.2.2
[35m[Appium][39m Attempting to load driver uiautomator2...
[35m[Appium][39m Requiring driver at C:\Users\Lenovo\.appium\node_modules\appium-uiautomator2-driver
]]]>
            </message>
            <full-stacktrace>
              <![CDATA[io.appium.java_client.service.local.AppiumServerHasNotBeenStartedLocallyException: [The local appium server has not been started, Reason: Timed out waiting for [http://127.0.0.1:4723/status] to be available after 20021 ms, Consider increasing the server startup timeout value (currently 20000ms), Node.js executable path: C:\Program Files\nodejs\node.exe, Arguments: [C:\Users\Lenovo\AppData\Roaming\npm\node_modules\appium\build\lib\main.js, --port, 4723, --address, 0.0.0.0], Output: [35m[Appium][39m Welcome to Appium v2.2.2
[35m[Appium][39m Attempting to load driver uiautomator2...
[35m[Appium][39m Requiring driver at C:\Users\Lenovo\.appium\node_modules\appium-uiautomator2-driver
]
at io.appium.java_client.service.local.AppiumDriverLocalService.start(AppiumDriverLocalService.java:203)
at pivotalApplication.AppiumServerStart.BfSuite(AppiumServerStart.java:29)
at java.base/jdk.internal.reflect.NativeMethodAccessorImpl.invoke0(Native Method)
at java.base/jdk.internal.reflect.NativeMethodAccessorImpl.invoke(NativeMethodAccessorImpl.java:77)
at java.base/jdk.internal.reflect.DelegatingMethodAccessorImpl.invoke(DelegatingMethodAccessorImpl.java:43)
at java.base/java.lang.reflect.Method.invoke(Method.java:568)
at org.testng.internal.invokers.MethodInvocationHelper.invokeMethod(MethodInvocationHelper.java:139)
at org.testng.internal.invokers.MethodInvocationHelper.invokeMethodConsideringTimeout(MethodInvocationHelper.java:69)
at org.testng.internal.invokers.ConfigInvoker.invokeConfigurationMethod(ConfigInvoker.java:390)
at org.testng.internal.invokers.ConfigInvoker.invokeConfigurations(ConfigInvoker.java:325)
at org.testng.SuiteRunner.privateRun(SuiteRunner.java:382)
at org.testng.SuiteRunner.run(SuiteRunner.java:336)
at org.testng.SuiteRunnerWorker.runSuite(SuiteRunnerWorker.java:52)
at org.testng.SuiteRunnerWorker.run(SuiteRunnerWorker.java:95)
at org.testng.TestNG.runSuitesSequentially(TestNG.java:1280)
at org.testng.TestNG.runSuitesLocally(TestNG.java:1200)
at org.testng.TestNG.runSuites(TestNG.java:1114)
at org.testng.TestNG.run(TestNG.java:1082)
at org.testng.remote.AbstractRemoteTestNG.run(AbstractRemoteTestNG.java:115)
at org.testng.remote.RemoteTestNG.initAndRun(RemoteTestNG.java:251)
at org.testng.remote.RemoteTestNG.main(RemoteTestNG.java:77)
Caused by: org.openqa.selenium.net.UrlChecker$TimeoutException: Timed out waiting for [http://127.0.0.1:4723/status] to be available after 20021 ms
at org.openqa.selenium.net.UrlChecker.waitUntilAvailable(UrlChecker.java:94)
at io.appium.java_client.service.local.AppiumDriverLocalService.ping(AppiumDriverLocalService.java:157)
at io.appium.java_client.service.local.AppiumDriverLocalService.start(AppiumDriverLocalService.java:182)
... 20 more
Caused by: java.util.concurrent.TimeoutException
at java.base/java.util.concurrent.FutureTask.get(FutureTask.java:204)
at org.openqa.selenium.net.UrlChecker.waitUntilAvailable(UrlChecker.java:91)
... 22 more
]]>
            </full-stacktrace>
          </exception> <!-- io.appium.java_client.service.local.AppiumServerHasNotBeenStartedLocallyException -->
          <reporter-output>
          </reporter-output>
        </test-method> <!-- RquisitionDownloadclose -->
        <test-method is-config="true" signature="screenShot(org.testng.ITestResult)[pri:0, instance:pivotalApplication.PivoFin2@70cf32e3]" started-at="2023-12-15T12:35:27 IST" name="screenShot" finished-at="2023-12-15T12:35:27 IST" duration-ms="0" status="SKIP">
          <reporter-output>
          </reporter-output>
        </test-method> <!-- screenShot -->
        <test-method signature="ReportClick()[pri:16, instance:pivotalApplication.PivoFin2@70cf32e3]" started-at="2023-12-15T12:35:27 IST" name="ReportClick" finished-at="2023-12-15T12:35:27 IST" duration-ms="0" status="SKIP">
          <exception class="io.appium.java_client.service.local.AppiumServerHasNotBeenStartedLocallyException">
            <message>
              <![CDATA[[The local appium server has not been started, Reason: Timed out waiting for [http://127.0.0.1:4723/status] to be available after 20021 ms, Consider increasing the server startup timeout value (currently 20000ms), Node.js executable path: C:\Program Files\nodejs\node.exe, Arguments: [C:\Users\Lenovo\AppData\Roaming\npm\node_modules\appium\build\lib\main.js, --port, 4723, --address, 0.0.0.0], Output: [35m[Appium][39m Welcome to Appium v2.2.2
[35m[Appium][39m Attempting to load driver uiautomator2...
[35m[Appium][39m Requiring driver at C:\Users\Lenovo\.appium\node_modules\appium-uiautomator2-driver
]]]>
            </message>
            <full-stacktrace>
              <![CDATA[io.appium.java_client.service.local.AppiumServerHasNotBeenStartedLocallyException: [The local appium server has not been started, Reason: Timed out waiting for [http://127.0.0.1:4723/status] to be available after 20021 ms, Consider increasing the server startup timeout value (currently 20000ms), Node.js executable path: C:\Program Files\nodejs\node.exe, Arguments: [C:\Users\Lenovo\AppData\Roaming\npm\node_modules\appium\build\lib\main.js, --port, 4723, --address, 0.0.0.0], Output: [35m[Appium][39m Welcome to Appium v2.2.2
[35m[Appium][39m Attempting to load driver uiautomator2...
[35m[Appium][39m Requiring driver at C:\Users\Lenovo\.appium\node_modules\appium-uiautomator2-driver
]
at io.appium.java_client.service.local.AppiumDriverLocalService.start(AppiumDriverLocalService.java:203)
at pivotalApplication.AppiumServerStart.BfSuite(AppiumServerStart.java:29)
at java.base/jdk.internal.reflect.NativeMethodAccessorImpl.invoke0(Native Method)
at java.base/jdk.internal.reflect.NativeMethodAccessorImpl.invoke(NativeMethodAccessorImpl.java:77)
at java.base/jdk.internal.reflect.DelegatingMethodAccessorImpl.invoke(DelegatingMethodAccessorImpl.java:43)
at java.base/java.lang.reflect.Method.invoke(Method.java:568)
at org.testng.internal.invokers.MethodInvocationHelper.invokeMethod(MethodInvocationHelper.java:139)
at org.testng.internal.invokers.MethodInvocationHelper.invokeMethodConsideringTimeout(MethodInvocationHelper.java:69)
at org.testng.internal.invokers.ConfigInvoker.invokeConfigurationMethod(ConfigInvoker.java:390)
at org.testng.internal.invokers.ConfigInvoker.invokeConfigurations(ConfigInvoker.java:325)
at org.testng.SuiteRunner.privateRun(SuiteRunner.java:382)
at org.testng.SuiteRunner.run(SuiteRunner.java:336)
at org.testng.SuiteRunnerWorker.runSuite(SuiteRunnerWorker.java:52)
at org.testng.SuiteRunnerWorker.run(SuiteRunnerWorker.java:95)
at org.testng.TestNG.runSuitesSequentially(TestNG.java:1280)
at org.testng.TestNG.runSuitesLocally(TestNG.java:1200)
at org.testng.TestNG.runSuites(TestNG.java:1114)
at org.testng.TestNG.run(TestNG.java:1082)
at org.testng.remote.AbstractRemoteTestNG.run(AbstractRemoteTestNG.java:115)
at org.testng.remote.RemoteTestNG.initAndRun(RemoteTestNG.java:251)
at org.testng.remote.RemoteTestNG.main(RemoteTestNG.java:77)
Caused by: org.openqa.selenium.net.UrlChecker$TimeoutException: Timed out waiting for [http://127.0.0.1:4723/status] to be available after 20021 ms
at org.openqa.selenium.net.UrlChecker.waitUntilAvailable(UrlChecker.java:94)
at io.appium.java_client.service.local.AppiumDriverLocalService.ping(AppiumDriverLocalService.java:157)
at io.appium.java_client.service.local.AppiumDriverLocalService.start(AppiumDriverLocalService.java:182)
... 20 more
Caused by: java.util.concurrent.TimeoutException
at java.base/java.util.concurrent.FutureTask.get(FutureTask.java:204)
at org.openqa.selenium.net.UrlChecker.waitUntilAvailable(UrlChecker.java:91)
... 22 more
]]>
            </full-stacktrace>
          </exception> <!-- io.appium.java_client.service.local.AppiumServerHasNotBeenStartedLocallyException -->
          <reporter-output>
          </reporter-output>
        </test-method> <!-- ReportClick -->
        <test-method is-config="true" signature="screenShot(org.testng.ITestResult)[pri:0, instance:pivotalApplication.PivoFin2@70cf32e3]" started-at="2023-12-15T12:35:27 IST" name="screenShot" finished-at="2023-12-15T12:35:27 IST" duration-ms="0" status="SKIP">
          <reporter-output>
          </reporter-output>
        </test-method> <!-- screenShot -->
        <test-method signature="UploadReport()[pri:17, instance:pivotalApplication.PivoFin2@70cf32e3]" started-at="2023-12-15T12:35:27 IST" name="UploadReport" finished-at="2023-12-15T12:35:27 IST" duration-ms="0" status="SKIP">
          <exception class="io.appium.java_client.service.local.AppiumServerHasNotBeenStartedLocallyException">
            <message>
              <![CDATA[[The local appium server has not been started, Reason: Timed out waiting for [http://127.0.0.1:4723/status] to be available after 20021 ms, Consider increasing the server startup timeout value (currently 20000ms), Node.js executable path: C:\Program Files\nodejs\node.exe, Arguments: [C:\Users\Lenovo\AppData\Roaming\npm\node_modules\appium\build\lib\main.js, --port, 4723, --address, 0.0.0.0], Output: [35m[Appium][39m Welcome to Appium v2.2.2
[35m[Appium][39m Attempting to load driver uiautomator2...
[...]
at io.appium.java_client.service.local.AppiumDriverLocalService.ping(AppiumDriverLocalService.java:157)
at io.appium.java_client.service.local.AppiumDriverLocalService.start(AppiumDriverLocalService.java:182)
... 20 more
Caused by: java.util.concurrent.TimeoutException
at java.base/java.util.concurrent.FutureTask.get(FutureTask.java:204)
at org.openqa.selenium.net.UrlChecker.waitUntilAvailable(UrlChecker.java:91)
... 22 more
]]>
            </full-stacktrace>
          </exception> <!-- io.appium.java_client.service.local.AppiumServerHasNotBeenStartedLocallyException -->
          <reporter-output>
          </reporter-output>
        </test-method> <!-- ViewReports -->
        <test-method is-config="true" signature="screenShot(org.testng.ITestResult)[pri:0, instance:pivotalApplication.PivoFin2@70cf32e3]" started-at="2023-12-15T12:35:28 IST" name="screenShot" finished-at="2023-12-15T12:35:28 IST" duration-ms="0" status="SKIP">
          <reporter-output>
          </reporter-output>
        </test-method> <!-- screenShot -->
        <test-method signature="MyNotes()[pri:106, instance:pivotalApplication.PivoFin2@70cf32e3]" started-at="2023-12-15T12:35:28 IST" name="MyNotes" finished-at="2023-12-15T12:35:28 IST" duration-ms="0" status="SKIP">
          <exception class="io.appium.java_client.service.local.AppiumServerHasNotBeenStartedLocallyException">
            <message>
              <![CDATA[[The local appium server has not been started, Reason: Timed out waiting for [http://127.0.0.1:4723/status] to be available after 20021 ms, Consider increasing the server startup timeout value (currently 20000ms), Node.js executable path: C:\Program Files\nodejs\node.exe, Arguments: [C:\Users\Lenovo\AppData\Roaming\npm\node_modules\appium\build\lib\main.js, --port, 4723, --address, 0.0.0.0], Output: [35m[Appium][39m Welcome to Appium v2.2.2
[35m[Appium][39m Attempting to load driver uiautomator2...
[35m[Appium][39m Requiring driver at C:\Users\Lenovo\.appium\node_modules\appium-uiautomator2-driver
]]]>
            </message>
            <full-stacktrace>
              <![CDATA[io.appium.java_client.service.local.AppiumServerHasNotBeenStartedLocallyException: [The local appium server has not been started, Reason: Timed out waiting for [http://127.0.0.1:4723/status] to be available after 20021 ms, Consider increasing the server startup timeout value (currently 20000ms), Node.js executable path: C:\Program Files\nodejs\node.exe, Arguments: [C:\Users\Lenovo\AppData\Roaming\npm\node_modules\appium\build\lib\main.js, --port, 4723, --address, 0.0.0.0], Output: [35m[Appium][39m Welcome to Appium v2.2.2
[35m[Appium][39m Attempting to load driver uiautomator2...
[35m[Appium][39m Requiring driver at C:\Users\Lenovo\.appium\node_modules\appium-uiautomator2-driver
]
at io.appium.java_client.service.local.AppiumDriverLocalService.start(AppiumDriverLocalService.java:203)
at pivotalApplication.AppiumServerStart.BfSuite(AppiumServerStart.java:29)
at java.base/jdk.internal.reflect.NativeMethodAccessorImpl.invoke0(Native Method)
at java.base/jdk.internal.reflect.NativeMethodAccessorImpl.invoke(NativeMethodAccessorImpl.java:77)
at java.base/jdk.internal.reflect.DelegatingMethodAccessorImpl.invoke(DelegatingMethodAccessorImpl.java:43)
at java.base/java.lang.reflect.Method.invoke(Method.java:568)
at org.testng.internal.invokers.MethodInvocationHelper.invokeMethod(MethodInvocationHelper.java:139)
at org.testng.internal.invokers.MethodInvocationHelper.invokeMethodConsideringTimeout(MethodInvocationHelper.java:69)
at org.testng.internal.invokers.ConfigInvoker.invokeConfigurationMethod(ConfigInvoker.java:390)
at org.testng.internal.invokers.ConfigInvoker.invokeConfigurations(ConfigInvoker.java:325)
at org.testng.SuiteRunner.privateRun(SuiteRunner.java:382)
at org.testng.SuiteRunner.run(SuiteRunner.java:336)
at org.testng.SuiteRunnerWorker.runSuite(SuiteRunnerWorker.java:52)
at org.testng.SuiteRunnerWorker.run(SuiteRunnerWorker.java:95)
at org.testng.TestNG.runSuitesSequentially(TestNG.java:1280)
at org.testng.TestNG.runSuitesLocally(TestNG.java:1200)
at org.testng.TestNG.runSuites(TestNG.java:1114)
at org.testng.TestNG.run(TestNG.java:1082)
at org.testng.remote.AbstractRemoteTestNG.run(AbstractRemoteTestNG.java:115)
at org.testng.remote.RemoteTestNG.initAndRun(RemoteTestNG.java:251)
at org.testng.remote.RemoteTestNG.main(RemoteTestNG.java:77)
Caused by: org.openqa.selenium.net.UrlChecker$TimeoutException: Timed out waiting for [http://127.0.0.1:4723/status] to be available after 20021 ms
at org.openqa.selenium.net.UrlChecker.waitUntilAvailable(UrlChecker.java:94)
at io.appium.java_client.service.local.AppiumDriverLocalService.ping(AppiumDriverLocalService.java:157)
at io.appium.java_client.service.local.AppiumDriverLocalService.start(AppiumDriverLocalService.java:182)
... 20 more
Caused by: java.util.concurrent.TimeoutException
at java.base/java.util.concurrent.FutureTask.get(FutureTask.java:204)
at org.openqa.selenium.net.UrlChecker.waitUntilAvailable(UrlChecker.java:91)
... 22 more
]]>
            </full-stacktrace>
          </exception> <!-- io.appium.java_client.service.local.AppiumServerHasNotBeenStartedLocallyException -->
          <reporter-output>
          </reporter-output>
        </test-method> <!-- MyNotes -->
        <test-method is-config="true" signature="screenShot(org.testng.ITestResult)[pri:0, instance:pivotalApplication.PivoFin2@70cf32e3]" started-at="2023-12-15T12:35:28 IST" name="screenShot" finished-at="2023-12-15T12:35:28 IST" duration-ms="0" status="SKIP">
          <reporter-output>
          </reporter-output>
        </test-method> <!-- screenShot -->
        <test-method signature="ShareHealth()[pri:107, instance:pivotalApplication.PivoFin2@70cf32e3]" started-at="2023-12-15T12:35:28 IST" name="ShareHealth" finished-at="2023-12-15T12:35:28 IST" duration-ms="0" status="SKIP">
          <exception class="io.appium.java_client.service.local.AppiumServerHasNotBeenStartedLocallyException">
            <message>
              <![CDATA[[The local appium server has not been started, Reason: Timed out waiting for [http://127.0.0.1:4723/status] to be available after 20021 ms, Consider increasing the server startup timeout value (currently 20000ms), Node.js executable path: C:\Program Files\nodejs\node.exe, Arguments: [C:\Users\Lenovo\AppData\Roaming\npm\node_modules\appium\build\lib\main.js, --port, 4723, --address, 0.0.0.0], Output: [35m[Appium][39m Welcome to Appium v2.2.2
[35m[Appium][39m Attempting to load driver uiautomator2...
[35m[Appium][39m Requiring driver at C:\Users\Lenovo\.appium\node_modules\appium-uiautomator2-driver
]]]>
            </message>
            <full-stacktrace>
              <![CDATA[io.appium.java_client.service.local.AppiumServerHasNotBeenStartedLocallyException: [The local appium server has not been started, Reason: Timed out waiting for [http://127.0.0.1:4723/status] to be available after 20021 ms, Consider increasing the server startup timeout value (currently 20000ms), Node.js executable path: C:\Program Files\nodejs\node.exe, Arguments: [C:\Users\Lenovo\AppData\Roaming\npm\node_modules\appium\build\lib\main.js, --port, 4723, --address, 0.0.0.0], Output: [35m[Appium][39m Welcome to Appium v2.2.2
[35m[Appium][39m Attempting to load driver uiautomator2...
[35m[Appium][39m Requiring driver at C:\Users\Lenovo\.appium\node_modules\appium-uiautomator2-driver
]
at io.appium.java_client.service.local.AppiumDriverLocalService.start(AppiumDriverLocalService.java:203)
at pivotalApplication.AppiumServerStart.BfSuite(AppiumServerStart.java:29)
at java.base/jdk.internal.reflect.NativeMethodAccessorImpl.invoke0(Native Method)
at java.base/jdk.internal.reflect.NativeMethodAccessorImpl.invoke(NativeMethodAccessorImpl.java:77)
at java.base/jdk.internal.reflect.DelegatingMethodAccessorImpl.invoke(DelegatingMethodAccessorImpl.java:43)
at java.base/java.lang.reflect.Method.invoke(Method.java:568)
at org.testng.internal.invokers.MethodInvocationHelper.invokeMethod(MethodInvocationHelper.java:139)
at org.testng.internal.invokers.MethodInvocationHelper.invokeMethodConsideringTimeout(MethodInvocationHelper.java:69)
at org.testng.internal.invokers.ConfigInvoker.invokeConfigurationMethod(ConfigInvoker.java:390)
at org.testng.internal.invokers.ConfigInvoker.invokeConfigurations(ConfigInvoker.java:325)
at org.testng.SuiteRunner.privateRun(SuiteRunner.java:382)
at org.testng.SuiteRunner.run(SuiteRunner.java:336)
at org.testng.SuiteRunnerWorker.runSuite(SuiteRunnerWorker.java:52)
at org.testng.SuiteRunnerWorker.run(SuiteRunnerWorker.java:95)
at org.testng.TestNG.runSuitesSequentially(TestNG.java:1280)
at org.testng.TestNG.runSuitesLocally(TestNG.java:1200)
at org.testng.TestNG.runSuites(TestNG.java:1114)
at org.testng.TestNG.run(TestNG.java:1082)
at org.testng.remote.AbstractRemoteTestNG.run(AbstractRemoteTestNG.java:115)
at org.testng.remote.RemoteTestNG.initAndRun(RemoteTestNG.java:251)
at org.testng.remote.RemoteTestNG.main(RemoteTestNG.java:77)
Caused by: org.openqa.selenium.net.UrlChecker$TimeoutException: Timed out waiting for [http://127.0.0.1:4723/status] to be available after 20021 ms
at org.openqa.selenium.net.UrlChecker.waitUntilAvailable(UrlChecker.java:94)
at io.appium.java_client.service.local.AppiumDriverLocalService.ping(AppiumDriverLocalService.java:157)
at io.appium.java_client.service.local.AppiumDriverLocalService.start(AppiumDriverLocalService.java:182)
... 20 more
Caused by: java.util.concurrent.TimeoutException
at java.base/java.util.concurrent.FutureTask.get(FutureTask.java:204)
at org.openqa.selenium.net.UrlChecker.waitUntilAvailable(UrlChecker.java:91)
... 22 more
]]>
            </full-stacktrace>
          </exception> <!-- io.appium.java_client.service.local.AppiumServerHasNotBeenStartedLocallyException -->
          <reporter-output>
          </reporter-output>
        </test-method> <!-- ShareHealth -->
        <test-method is-config="true" signature="screenShot(org.testng.ITestResult)[pri:0, instance:pivotalApplication.PivoFin2@70cf32e3]" started-at="2023-12-15T12:35:28 IST" name="screenShot" finished-at="2023-12-15T12:35:28 IST" duration-ms="0" status="SKIP">
          <reporter-output>
          </reporter-output>
        </test-method> <!-- screenShot -->
        <test-method signature="WhatsNew()[pri:108, instance:pivotalApplication.PivoFin2@70cf32e3]" started-at="2023-12-15T12:35:28 IST" name="WhatsNew" finished-at="2023-12-15T12:35:28 IST" duration-ms="0" status="SKIP">
          <exception class="io.appium.java_client.service.local.AppiumServerHasNotBeenStartedLocallyException">
            <message>
              <![CDATA[[The local appium server has not been started, Reason: Timed out waiting for [http://127.0.0.1:4723/status] to be available after 20021 ms, Consider increasing the server startup timeout value (currently 20000ms), Node.js executable path: C:\Program Files\nodejs\node.exe, Arguments: [C:\Users\Lenovo\AppData\Roaming\npm\node_modules\appium\build\lib\main.js, --port, 4723, --address, 0.0.0.0], Output: [35m[Appium][39m Welcome to Appium v2.2.2
[35m[Appium][39m Attempting to load driver uiautomator2...
[35m[Appium][39m Requiring driver at C:\Users\Lenovo\.appium\node_modules\appium-uiautomator2-driver
]]]>
            </message>
            <full-stacktrace>
              <![CDATA[io.appium.java_client.service.local.AppiumServerHasNotBeenStartedLocallyException: [The local appium server has not been started, Reason: Timed out waiting for [http://127.0.0.1:4723/status] to be available after 20021 ms, Consider increasing the server startup timeout value (currently 20000ms), Node.js executable path: C:\Program Files\nodejs\node.exe, Arguments: [C:\Users\Lenovo\AppData\Roaming\npm\node_modules\appium\build\lib\main.js, --port, 4723, --address, 0.0.0.0], Output: [35m[Appium][39m Welcome to Appium v2.2.2
[35m[Appium][39m Attempting to load driver uiautomator2...
[35m[Appium][39m Requiring driver at C:\Users\Lenovo\.appium\node_modules\appium-uiautomator2-driver
]
at io.appium.java_client.service.local.AppiumDriverLocalService.start(AppiumDriverLocalService.java:203)
at pivotalApplication.AppiumServerStart.BfSuite(AppiumServerStart.java:29)
at java.base/jdk.internal.reflect.NativeMethodAccessorImpl.invoke0(Native Method)
at java.base/jdk.internal.reflect.NativeMethodAccessorImpl.invoke(NativeMethodAccessorImpl.java:77)
at java.base/jdk.internal.reflect.DelegatingMethodAccessorImpl.invoke(DelegatingMethodAccessorImpl.java:43)
at java.base/java.lang.reflect.Method.invoke(Method.java:568)
at org.testng.internal.invokers.MethodInvocationHelper.invokeMethod(MethodInvocationHelper.java:139)
at org.testng.internal.invokers.MethodInvocationHelper.invokeMethodConsideringTimeout(MethodInvocationHelper.java:69)
at org.testng.internal.invokers.ConfigInvoker.invokeConfigurationMethod(ConfigInvoker.java:390)
at org.testng.internal.invokers.ConfigInvoker.invokeConfigurations(ConfigInvoker.java:325)
at org.testng.SuiteRunner.privateRun(SuiteRunner.java:382)
at org.testng.SuiteRunner.run(SuiteRunner.java:336)
at org.testng.SuiteRunnerWorker.runSuite(SuiteRunnerWorker.java:52)
at org.testng.SuiteRunnerWorker.run(SuiteRunnerWorker.java:95)
at org.testng.TestNG.runSuitesSequentially(TestNG.java:1280)
at org.testng.TestNG.runSuitesLocally(TestNG.java:1200)
at org.testng.TestNG.runSuites(TestNG.java:1114)
at org.testng.TestNG.run(TestNG.java:1082)
at org.testng.remote.AbstractRemoteTestNG.run(AbstractRemoteTestNG.java:115)
at org.testng.remote.RemoteTestNG.initAndRun(RemoteTestNG.java:251)
at org.testng.remote.RemoteTestNG.main(RemoteTestNG.java:77)
Caused by: org.openqa.selenium.net.UrlChecker$TimeoutException: Timed out waiting for [http://127.0.0.1:4723/status] to be available after 20021 ms
at org.openqa.selenium.net.UrlChecker.waitUntilAvailable(UrlChecker.java:94)
at io.appium.java_client.service.local.AppiumDriverLocalService.ping(AppiumDriverLocalService.java:157)
at io.appium.java_client.service.local.AppiumDriverLocalService.start(AppiumDriverLocalService.java:182)
... 20 more
Caused by: java.util.concurrent.TimeoutException
at java.base/java.util.concurrent.FutureTask.get(FutureTask.java:204)
at org.openqa.selenium.net.UrlChecker.waitUntilAvailable(UrlChecker.java:91)
... 22 more
]]>
            </full-stacktrace>
          </exception> <!-- io.appium.java_client.service.local.AppiumServerHasNotBeenStartedLocallyException -->
          <reporter-output>
          </reporter-output>
        </test-method> <!-- WhatsNew -->
        <test-method is-config="true" signature="screenShot(org.testng.ITestResult)[pri:0, instance:pivotalApplication.PivoFin2@70cf32e3]" started-at="2023-12-15T12:35:28 IST" name="screenShot" finished-at="2023-12-15T12:35:28 IST" duration-ms="0" status="SKIP">
          <reporter-output>
          </reporter-output>
        </test-method> <!-- screenShot -->
        <test-method signature="DashboardData()[pri:109, instance:pivotalApplication.PivoFin2@70cf32e3]" started-at="2023-12-15T12:35:28 IST" name="DashboardData" finished-at="2023-12-15T12:35:28 IST" duration-ms="0" status="SKIP">
          <exception class="io.appium.java_client.service.local.AppiumServerHasNotBeenStartedLocallyException">
            <message>
              <![CDATA[[The local appium server has not been started, Reason: Timed out waiting for [http://127.0.0.1:4723/status] to be available after 20021 ms, Consider increasing the server startup timeout value (currently 20000ms), Node.js executable path: C:\Program Files\nodejs\node.exe, Arguments: [C:\Users\Lenovo\AppData\Roaming\npm\node_modules\appium\build\lib\main.js, --port, 4723, --address, 0.0.0.0], Output: [35m[Appium][39m Welcome to Appium v2.2.2
[35m[Appium][39m Attempting to load driver uiautomator2...
[35m[Appium][39m Requiring driver at C:\Users\Lenovo\.appium\node_modules\appium-uiautomator2-driver
]]]>
            </message>
            <full-stacktrace>
              <![CDATA[io.appium.java_client.service.local.AppiumServerHasNotBeenStartedLocallyException: [The local appium server has not been started, Reason: Timed out waiting for [http://127.0.0.1:4723/status] to be available after 20021 ms, Consider increasing the server startup timeout value (currently 20000ms), Node.js executable path: C:\Program Files\nodejs\node.exe, Arguments: [C:\Users\Lenovo\AppData\Roaming\npm\node_modules\appium\build\lib\main.js, --port, 4723, --address, 0.0.0.0], Output: [35m[Appium][39m Welcome to Appium v2.2.2
[35m[Appium][39m Attempting to load driver uiautomator2...
[35m[Appium][39m Requiring driver at C:\Users\Lenovo\.appium\node_modules\appium-uiautomator2-driver
]
at io.appium.java_client.service.local.AppiumDriverLocalService.start(AppiumDriverLocalService.java:203)
at pivotalApplication.AppiumServerStart.BfSuite(AppiumServerStart.java:29)
at java.base/jdk.internal.reflect.NativeMethodAccessorImpl.invoke0(Native Method)
at java.base/jdk.internal.reflect.NativeMethodAccessorImpl.invoke(NativeMethodAccessorImpl.java:77)
at java.base/jdk.internal.reflect.DelegatingMethodAccessorImpl.invoke(DelegatingMethodAccessorImpl.java:43)
at java.base/java.lang.reflect.Method.invoke(Method.java:568)
at org.testng.internal.invokers.MethodInvocationHelper.invokeMethod(MethodInvocationHelper.java:139)
at org.testng.internal.invokers.MethodInvocationHelper.invokeMethodConsideringTimeout(MethodInvocationHelper.java:69)
at org.testng.internal.invokers.ConfigInvoker.invokeConfigurationMethod(ConfigInvoker.java:390)
at org.testng.internal.invokers.ConfigInvoker.invokeConfigurations(ConfigInvoker.java:325)
at org.testng.SuiteRunner.privateRun(SuiteRunner.java:382)
at org.testng.SuiteRunner.run(SuiteRunner.java:336)
at org.testng.SuiteRunnerWorker.runSuite(SuiteRunnerWorker.java:52)
at org.testng.SuiteRunnerWorker.run(SuiteRunnerWorker.java:95)
at org.testng.TestNG.runSuitesSequentially(TestNG.java:1280)
at org.testng.TestNG.runSuitesLocally(TestNG.java:1200)
at org.testng.TestNG.runSuites(TestNG.java:1114)
at org.testng.TestNG.run(TestNG.java:1082)
at org.testng.remote.AbstractRemoteTestNG.run(AbstractRemoteTestNG.java:115)
at org.testng.remote.RemoteTestNG.initAndRun(RemoteTestNG.java:251)
at org.testng.remote.RemoteTestNG.main(RemoteTestNG.java:77)
Caused by: org.openqa.selenium.net.UrlChecker$TimeoutException: Timed out waiting for [http://127.0.0.1:4723/status] to be available after 20021 ms
at org.openqa.selenium.net.UrlChecker.waitUntilAvailable(UrlChecker.java:94)
at io.appium.java_client.service.local.AppiumDriverLocalService.ping(AppiumDriverLocalService.java:157)
at io.appium.java_client.service.local.AppiumDriverLocalService.start(AppiumDriverLocalService.java:182)
... 20 more
Caused by: java.util.concurrent.TimeoutException
at java.base/java.util.concurrent.FutureTask.get(FutureTask.java:204)
at org.openqa.selenium.net.UrlChecker.waitUntilAvailable(UrlChecker.java:91)
... 22 more
]]>
            </full-stacktrace>
          </exception> <!-- io.appium.java_client.service.local.AppiumServerHasNotBeenStartedLocallyException -->
          <reporter-output>
          </reporter-output>
        </test-method> <!-- DashboardData -->
        <test-method is-config="true" signature="screenShot(org.testng.ITestResult)[pri:0, instance:pivotalApplication.PivoFin2@70cf32e3]" started-at="2023-12-15T12:35:28 IST" name="screenShot" finished-at="2023-12-15T12:35:28 IST" duration-ms="0" status="SKIP">
          <reporter-output>
          </reporter-output>
        </test-method> <!-- screenShot -->
        <test-method is-config="true" signature="AfterSuite()[pri:0, instance:pivotalApplication.PivoFin2@70cf32e3]" started-at="2023-12-15T12:35:29 IST" name="AfterSuite" finished-at="2023-12-15T12:35:29 IST" duration-ms="0" status="SKIP">
          <reporter-output>
          </reporter-output>
        </test-method> <!-- AfterSuite -->
      </class> <!-- pivotalApplication.PivoFin2 -->
    </test> <!-- Default test -->
  </suite> <!-- Default suite -->
</testng-results>
