<?xml version="1.0" encoding="UTF-8"?>
<testng-results ignored="0" total="28" passed="28" failed="0" skipped="0">
  <reporter-output>
  </reporter-output>
  <suite started-at="2024-01-03T12:10:29 IST" name="Default suite" finished-at="2024-01-03T12:13:48 IST" duration-ms="198354">
    <groups>
      <group name="Regression">
        <method signature="AddVitalWeb.numberField()[pri:1, instance:webAuto.AddVitalWeb@7ce026d3]" name="numberField" class="webAuto.AddVitalWeb"/>
        <method signature="AddVitalWeb.sendOTP()[pri:2, instance:webAuto.AddVitalWeb@7ce026d3]" name="sendOTP" class="webAuto.AddVitalWeb"/>
        <method signature="AddVitalWeb.createPatient()[pri:4, instance:webAuto.AddVitalWeb@7ce026d3]" name="createPatient" class="webAuto.AddVitalWeb"/>
        <method signature="AddVitalWeb.Number1()[pri:5, instance:webAuto.AddVitalWeb@7ce026d3]" name="Number1" class="webAuto.AddVitalWeb"/>
        <method signature="AddVitalWeb.confirm()[pri:6, instance:webAuto.AddVitalWeb@7ce026d3]" name="confirm" class="webAuto.AddVitalWeb"/>
        <method signature="AddVitalWeb.number2()[pri:7, instance:webAuto.AddVitalWeb@7ce026d3]" name="number2" class="webAuto.AddVitalWeb"/>
        <method signature="AddVitalWeb.firstName()[pri:8, instance:webAuto.AddVitalWeb@7ce026d3]" name="firstName" class="webAuto.AddVitalWeb"/>
        <method signature="AddVitalWeb.middleName()[pri:9, instance:webAuto.AddVitalWeb@7ce026d3]" name="middleName" class="webAuto.AddVitalWeb"/>
        <method signature="AddVitalWeb.lastName()[pri:10, instance:webAuto.AddVitalWeb@7ce026d3]" name="lastName" class="webAuto.AddVitalWeb"/>
        <method signature="AddVitalWeb.birthDate()[pri:11, instance:webAuto.AddVitalWeb@7ce026d3]" name="birthDate" class="webAuto.AddVitalWeb"/>
        <method signature="AddVitalWeb.genFemale()[pri:12, instance:webAuto.AddVitalWeb@7ce026d3]" name="genFemale" class="webAuto.AddVitalWeb"/>
        <method signature="AddVitalWeb.address()[pri:13, instance:webAuto.AddVitalWeb@7ce026d3]" name="address" class="webAuto.AddVitalWeb"/>
        <method signature="AddVitalWeb.locality()[pri:14, instance:webAuto.AddVitalWeb@7ce026d3]" name="locality" class="webAuto.AddVitalWeb"/>
        <method signature="AddVitalWeb.city()[pri:15, instance:webAuto.AddVitalWeb@7ce026d3]" name="city" class="webAuto.AddVitalWeb"/>
        <method signature="AddVitalWeb.pinCode()[pri:16, instance:webAuto.AddVitalWeb@7ce026d3]" name="pinCode" class="webAuto.AddVitalWeb"/>
        <method signature="AddVitalWeb.proceedWithSameRMN()[pri:17, instance:webAuto.AddVitalWeb@7ce026d3]" name="proceedWithSameRMN" class="webAuto.AddVitalWeb"/>
        <method signature="AddVitalWeb.nextButton()[pri:18, instance:webAuto.AddVitalWeb@7ce026d3]" name="nextButton" class="webAuto.AddVitalWeb"/>
        <method signature="AddVitalWeb.clickClose()[pri:19, instance:webAuto.AddVitalWeb@7ce026d3]" name="clickClose" class="webAuto.AddVitalWeb"/>
        <method signature="AddVitalWeb.searchBar2()[pri:24, instance:webAuto.AddVitalWeb@7ce026d3]" name="searchBar2" class="webAuto.AddVitalWeb"/>
      </group> <!-- Regression -->
    </groups>
    <test started-at="2024-01-03T12:10:29 IST" name="Default test" finished-at="2024-01-03T12:13:48 IST" duration-ms="198354">
      <class name="webAuto.AddVitalWeb">
        <test-method is-config="true" signature="setUp()[pri:0, instance:webAuto.AddVitalWeb@7ce026d3]" started-at="2024-01-03T12:10:29 IST" name="setUp" finished-at="2024-01-03T12:10:40 IST" duration-ms="10488" status="PASS">
          <reporter-output>
          </reporter-output>
        </test-method> <!-- setUp -->
        <test-method signature="numberField()[pri:1, instance:webAuto.AddVitalWeb@7ce026d3]" started-at="2024-01-03T12:10:40 IST" name="numberField" finished-at="2024-01-03T12:10:40 IST" duration-ms="360" status="PASS">
          <reporter-output>
          </reporter-output>
        </test-method> <!-- numberField -->
        <test-method signature="sendOTP()[pri:2, instance:webAuto.AddVitalWeb@7ce026d3]" started-at="2024-01-03T12:10:40 IST" name="sendOTP" finished-at="2024-01-03T12:10:52 IST" duration-ms="12224" status="PASS">
          <reporter-output>
          </reporter-output>
        </test-method> <!-- sendOTP -->
        <test-method signature="verifyButton()[pri:3, instance:webAuto.AddVitalWeb@7ce026d3]" started-at="2024-01-03T12:10:52 IST" name="verifyButton" finished-at="2024-01-03T12:11:03 IST" duration-ms="10171" status="PASS">
          <reporter-output>
          </reporter-output>
        </test-method> <!-- verifyButton -->
        <test-method signature="createPatient()[pri:4, instance:webAuto.AddVitalWeb@7ce026d3]" started-at="2024-01-03T12:11:03 IST" name="createPatient" finished-at="2024-01-03T12:11:08 IST" duration-ms="5801" status="PASS">
          <reporter-output>
          </reporter-output>
        </test-method> <!-- createPatient -->
        <test-method signature="Number1()[pri:5, instance:webAuto.AddVitalWeb@7ce026d3]" started-at="2024-01-03T12:11:08 IST" name="Number1" finished-at="2024-01-03T12:11:09 IST" duration-ms="906" status="PASS">
          <reporter-output>
          </reporter-output>
        </test-method> <!-- Number1 -->
        <test-method signature="confirm()[pri:6, instance:webAuto.AddVitalWeb@7ce026d3]" started-at="2024-01-03T12:11:09 IST" name="confirm" finished-at="2024-01-03T12:11:13 IST" duration-ms="3328" status="PASS">
          <reporter-output>
          </reporter-output>
        </test-method> <!-- confirm -->
        <test-method signature="number2()[pri:7, instance:webAuto.AddVitalWeb@7ce026d3]" started-at="2024-01-03T12:11:13 IST" name="number2" finished-at="2024-01-03T12:11:14 IST" duration-ms="871" status="PASS">
          <reporter-output>
          </reporter-output>
        </test-method> <!-- number2 -->
        <test-method signature="firstName()[pri:8, instance:webAuto.AddVitalWeb@7ce026d3]" started-at="2024-01-03T12:11:14 IST" name="firstName" finished-at="2024-01-03T12:11:14 IST" duration-ms="514" status="PASS">
          <reporter-output>
          </reporter-output>
        </test-method> <!-- firstName -->
        <test-method signature="middleName()[pri:9, instance:webAuto.AddVitalWeb@7ce026d3]" started-at="2024-01-03T12:11:14 IST" name="middleName" finished-at="2024-01-03T12:11:15 IST" duration-ms="380" status="PASS">
          <reporter-output>
          </reporter-output>
        </test-method> <!-- middleName -->
        <test-method signature="lastName()[pri:10, instance:webAuto.AddVitalWeb@7ce026d3]" started-at="2024-01-03T12:11:15 IST" name="lastName" finished-at="2024-01-03T12:11:15 IST" duration-ms="426" status="PASS">
          <reporter-output>
          </reporter-output>
        </test-method> <!-- lastName -->
        <test-method signature="birthDate()[pri:11, instance:webAuto.AddVitalWeb@7ce026d3]" started-at="2024-01-03T12:11:15 IST" name="birthDate" finished-at="2024-01-03T12:11:16 IST" duration-ms="665" status="PASS">
          <reporter-output>
          </reporter-output>
        </test-method> <!-- birthDate -->
        <test-method signature="genFemale()[pri:12, instance:webAuto.AddVitalWeb@7ce026d3]" started-at="2024-01-03T12:11:16 IST" name="genFemale" finished-at="2024-01-03T12:11:16 IST" duration-ms="260" status="PASS">
          <reporter-output>
          </reporter-output>
        </test-method> <!-- genFemale -->
        <test-method signature="address()[pri:13, instance:webAuto.AddVitalWeb@7ce026d3]" started-at="2024-01-03T12:11:16 IST" name="address" finished-at="2024-01-03T12:11:16 IST" duration-ms="543" status="PASS">
          <reporter-output>
          </reporter-output>
        </test-method> <!-- address -->
        <test-method signature="locality()[pri:14, instance:webAuto.AddVitalWeb@7ce026d3]" started-at="2024-01-03T12:11:16 IST" name="locality" finished-at="2024-01-03T12:11:17 IST" duration-ms="423" status="PASS">
          <reporter-output>
          </reporter-output>
        </test-method> <!-- locality -->
        <test-method signature="city()[pri:15, instance:webAuto.AddVitalWeb@7ce026d3]" started-at="2024-01-03T12:11:17 IST" name="city" finished-at="2024-01-03T12:11:17 IST" duration-ms="412" status="PASS">
          <reporter-output>
          </reporter-output>
        </test-method> <!-- city -->
        <test-method signature="pinCode()[pri:16, instance:webAuto.AddVitalWeb@7ce026d3]" started-at="2024-01-03T12:11:17 IST" name="pinCode" finished-at="2024-01-03T12:11:18 IST" duration-ms="469" status="PASS">
          <reporter-output>
          </reporter-output>
        </test-method> <!-- pinCode -->
        <test-method signature="proceedWithSameRMN()[pri:17, instance:webAuto.AddVitalWeb@7ce026d3]" started-at="2024-01-03T12:11:18 IST" name="proceedWithSameRMN" finished-at="2024-01-03T12:11:18 IST" duration-ms="394" status="PASS">
          <reporter-output>
          </reporter-output>
        </test-method> <!-- proceedWithSameRMN -->
        <test-method signature="nextButton()[pri:18, instance:webAuto.AddVitalWeb@7ce026d3]" started-at="2024-01-03T12:11:18 IST" name="nextButton" finished-at="2024-01-03T12:11:33 IST" duration-ms="15163" status="PASS">
          <reporter-output>
          </reporter-output>
        </test-method> <!-- nextButton -->
        <test-method signature="clickClose()[pri:19, instance:webAuto.AddVitalWeb@7ce026d3]" started-at="2024-01-03T12:11:33 IST" name="clickClose" finished-at="2024-01-03T12:11:34 IST" duration-ms="987" status="PASS">
          <reporter-output>
          </reporter-output>
        </test-method> <!-- clickClose -->
        <test-method signature="fillVitalForm()[pri:20, instance:webAuto.AddVitalWeb@7ce026d3]" started-at="2024-01-03T12:11:34 IST" name="fillVitalForm" finished-at="2024-01-03T12:11:53 IST" duration-ms="18138" status="PASS">
          <reporter-output>
          </reporter-output>
        </test-method> <!-- fillVitalForm -->
        <test-method signature="fillHealthProfile()[pri:21, instance:webAuto.AddVitalWeb@7ce026d3]" started-at="2024-01-03T12:11:53 IST" name="fillHealthProfile" finished-at="2024-01-03T12:12:06 IST" duration-ms="13578" status="PASS">
          <reporter-output>
          </reporter-output>
        </test-method> <!-- fillHealthProfile -->
        <test-method signature="fillFamilyProfile()[pri:22, instance:webAuto.AddVitalWeb@7ce026d3]" started-at="2024-01-03T12:12:06 IST" name="fillFamilyProfile" finished-at="2024-01-03T12:12:24 IST" duration-ms="18251" status="PASS">
          <reporter-output>
          </reporter-output>
        </test-method> <!-- fillFamilyProfile -->
        <test-method signature="GoHome()[pri:23, instance:webAuto.AddVitalWeb@7ce026d3]" started-at="2024-01-03T12:12:24 IST" name="GoHome" finished-at="2024-01-03T12:12:25 IST" duration-ms="642" status="PASS">
          <reporter-output>
          </reporter-output>
        </test-method> <!-- GoHome -->
        <test-method signature="searchBar2()[pri:24, instance:webAuto.AddVitalWeb@7ce026d3]" started-at="2024-01-03T12:12:25 IST" name="searchBar2" finished-at="2024-01-03T12:12:45 IST" duration-ms="19711" status="PASS">
          <reporter-output>
          </reporter-output>
        </test-method> <!-- searchBar2 -->
        <test-method signature="AdVitals()[pri:25, instance:webAuto.AddVitalWeb@7ce026d3]" started-at="2024-01-03T12:12:45 IST" name="AdVitals" finished-at="2024-01-03T12:12:57 IST" duration-ms="12185" status="PASS">
          <reporter-output>
          </reporter-output>
        </test-method> <!-- AdVitals -->
        <test-method signature="AdBpandHeartOption()[pri:26, instance:webAuto.AddVitalWeb@7ce026d3]" started-at="2024-01-03T12:12:57 IST" name="AdBpandHeartOption" finished-at="2024-01-03T12:13:14 IST" duration-ms="16600" status="PASS">
          <reporter-output>
          </reporter-output>
        </test-method> <!-- AdBpandHeartOption -->
        <test-method signature="AdBloodAndAnalysis()[pri:27, instance:webAuto.AddVitalWeb@7ce026d3]" started-at="2024-01-03T12:13:14 IST" name="AdBloodAndAnalysis" finished-at="2024-01-03T12:13:30 IST" duration-ms="16927" status="PASS">
          <reporter-output>
          </reporter-output>
        </test-method> <!-- AdBloodAndAnalysis -->
        <test-method signature="AdLipidProfile()[pri:28, instance:webAuto.AddVitalWeb@7ce026d3]" started-at="2024-01-03T12:13:30 IST" name="AdLipidProfile" finished-at="2024-01-03T12:13:48 IST" duration-ms="17110" status="PASS">
          <reporter-output>
          </reporter-output>
        </test-method> <!-- AdLipidProfile -->
      </class> <!-- webAuto.AddVitalWeb -->
    </test> <!-- Default test -->
  </suite> <!-- Default suite -->
</testng-results>
