<?xml version="1.0" encoding="UTF-8"?>
<testng-results ignored="0" total="83" passed="83" failed="0" skipped="0">
  <reporter-output>
  </reporter-output>
  <suite started-at="2024-09-18T14:03:52 IST" name="Default suite" finished-at="2024-09-18T14:16:18 IST" duration-ms="745970">
    <groups>
    </groups>
    <test started-at="2024-09-18T14:03:52 IST" name="Default test" finished-at="2024-09-18T14:16:18 IST" duration-ms="745970">
      <class name="healthApp.HealthEndToEndScript">
        <test-method is-config="true" signature="BfSuite()[pri:0, instance:healthApp.HealthEndToEndScript@117159c0]" started-at="2024-09-18T14:03:49 IST" name="BfSuite" finished-at="2024-09-18T14:03:52 IST" duration-ms="2574" status="PASS">
          <reporter-output>
          </reporter-output>
        </test-method> <!-- BfSuite -->
        <test-method is-config="true" signature="setup()[pri:0, instance:healthApp.HealthEndToEndScript@117159c0]" started-at="2024-09-18T14:03:52 IST" name="setup" finished-at="2024-09-18T14:04:07 IST" duration-ms="15117" status="PASS">
          <reporter-output>
          </reporter-output>
        </test-method> <!-- setup -->
        <test-method signature="BfSuite()[pri:0, instance:healthApp.HealthEndToEndScript@117159c0]" started-at="2024-09-18T14:04:07 IST" name="BfSuite" finished-at="2024-09-18T14:04:08 IST" duration-ms="688" status="PASS">
          <reporter-output>
          </reporter-output>
        </test-method> <!-- BfSuite -->
        <test-method is-config="true" signature="screenShot(org.testng.ITestResult)[pri:0, instance:healthApp.HealthEndToEndScript@117159c0]" started-at="2024-09-18T14:04:08 IST" name="screenShot" finished-at="2024-09-18T14:04:08 IST" duration-ms="1" status="PASS">
          <params>
            <param index="0">
              <value>
                <![CDATA[[TestResult name=BfSuite status=SUCCESS method=AppiumServerStart.BfSuite()[pri:0, instance:healthApp.HealthEndToEndScript@117159c0] output={null}]]]>
              </value>
            </param>
          </params>
          <reporter-output>
          </reporter-output>
        </test-method> <!-- screenShot -->
        <test-method signature="NumberField()[pri:0, instance:healthApp.HealthEndToEndScript@117159c0]" started-at="2024-09-18T14:04:08 IST" name="NumberField" finished-at="2024-09-18T14:04:24 IST" duration-ms="16724" status="PASS">
          <reporter-output>
          </reporter-output>
        </test-method> <!-- NumberField -->
        <test-method is-config="true" signature="screenShot(org.testng.ITestResult)[pri:0, instance:healthApp.HealthEndToEndScript@117159c0]" started-at="2024-09-18T14:04:24 IST" name="screenShot" finished-at="2024-09-18T14:04:24 IST" duration-ms="2" status="PASS">
          <params>
            <param index="0">
              <value>
                <![CDATA[[TestResult name=NumberField status=SUCCESS method=HealthEndToEndScript.NumberField()[pri:0, instance:healthApp.HealthEndToEndScript@117159c0] output={null}]]]>
              </value>
            </param>
          </params>
          <reporter-output>
          </reporter-output>
        </test-method> <!-- screenShot -->
        <test-method signature="IAgree()[pri:1, instance:healthApp.HealthEndToEndScript@117159c0]" started-at="2024-09-18T14:04:24 IST" name="IAgree" finished-at="2024-09-18T14:04:26 IST" duration-ms="1996" status="PASS">
          <reporter-output>
          </reporter-output>
        </test-method> <!-- IAgree -->
        <test-method is-config="true" signature="screenShot(org.testng.ITestResult)[pri:0, instance:healthApp.HealthEndToEndScript@117159c0]" started-at="2024-09-18T14:04:26 IST" name="screenShot" finished-at="2024-09-18T14:04:26 IST" duration-ms="0" status="PASS">
          <params>
            <param index="0">
              <value>
                <![CDATA[[TestResult name=IAgree status=SUCCESS method=HealthEndToEndScript.IAgree()[pri:1, instance:healthApp.HealthEndToEndScript@117159c0] output={null}]]]>
              </value>
            </param>
          </params>
          <reporter-output>
          </reporter-output>
        </test-method> <!-- screenShot -->
        <test-method signature="proceedButton()[pri:2, instance:healthApp.HealthEndToEndScript@117159c0]" started-at="2024-09-18T14:04:26 IST" name="proceedButton" finished-at="2024-09-18T14:04:32 IST" duration-ms="5249" status="PASS">
          <reporter-output>
          </reporter-output>
        </test-method> <!-- proceedButton -->
        <test-method is-config="true" signature="screenShot(org.testng.ITestResult)[pri:0, instance:healthApp.HealthEndToEndScript@117159c0]" started-at="2024-09-18T14:04:32 IST" name="screenShot" finished-at="2024-09-18T14:04:32 IST" duration-ms="1" status="PASS">
          <params>
            <param index="0">
              <value>
                <![CDATA[[TestResult name=proceedButton status=SUCCESS method=HealthEndToEndScript.proceedButton()[pri:2, instance:healthApp.HealthEndToEndScript@117159c0] output={null}]]]>
              </value>
            </param>
          </params>
          <reporter-output>
          </reporter-output>
        </test-method> <!-- screenShot -->
        <test-method signature="OTP()[pri:3, instance:healthApp.HealthEndToEndScript@117159c0]" started-at="2024-09-18T14:04:32 IST" name="OTP" finished-at="2024-09-18T14:04:46 IST" duration-ms="14267" status="PASS">
          <reporter-output>
          </reporter-output>
        </test-method> <!-- OTP -->
        <test-method is-config="true" signature="screenShot(org.testng.ITestResult)[pri:0, instance:healthApp.HealthEndToEndScript@117159c0]" started-at="2024-09-18T14:04:46 IST" name="screenShot" finished-at="2024-09-18T14:04:46 IST" duration-ms="0" status="PASS">
          <params>
            <param index="0">
              <value>
                <![CDATA[[TestResult name=OTP status=SUCCESS method=HealthEndToEndScript.OTP()[pri:3, instance:healthApp.HealthEndToEndScript@117159c0] output={null}]]]>
              </value>
            </param>
          </params>
          <reporter-output>
          </reporter-output>
        </test-method> <!-- screenShot -->
        <test-method signature="Verify()[pri:4, instance:healthApp.HealthEndToEndScript@117159c0]" started-at="2024-09-18T14:04:46 IST" name="Verify" finished-at="2024-09-18T14:05:01 IST" duration-ms="15430" status="PASS">
          <reporter-output>
          </reporter-output>
        </test-method> <!-- Verify -->
        <test-method is-config="true" signature="screenShot(org.testng.ITestResult)[pri:0, instance:healthApp.HealthEndToEndScript@117159c0]" started-at="2024-09-18T14:05:01 IST" name="screenShot" finished-at="2024-09-18T14:05:01 IST" duration-ms="0" status="PASS">
          <params>
            <param index="0">
              <value>
                <![CDATA[[TestResult name=Verify status=SUCCESS method=HealthEndToEndScript.Verify()[pri:4, instance:healthApp.HealthEndToEndScript@117159c0] output={null}]]]>
              </value>
            </param>
          </params>
          <reporter-output>
          </reporter-output>
        </test-method> <!-- screenShot -->
        <test-method signature="Family()[pri:5, instance:healthApp.HealthEndToEndScript@117159c0]" started-at="2024-09-18T14:05:01 IST" name="Family" finished-at="2024-09-18T14:05:07 IST" duration-ms="5873" status="PASS">
          <reporter-output>
          </reporter-output>
        </test-method> <!-- Family -->
        <test-method is-config="true" signature="screenShot(org.testng.ITestResult)[pri:0, instance:healthApp.HealthEndToEndScript@117159c0]" started-at="2024-09-18T14:05:07 IST" name="screenShot" finished-at="2024-09-18T14:05:07 IST" duration-ms="0" status="PASS">
          <params>
            <param index="0">
              <value>
                <![CDATA[[TestResult name=Family status=SUCCESS method=HealthEndToEndScript.Family()[pri:5, instance:healthApp.HealthEndToEndScript@117159c0] output={null}]]]>
              </value>
            </param>
          </params>
          <reporter-output>
          </reporter-output>
        </test-method> <!-- screenShot -->
        <test-method signature="AddFamilyMember()[pri:6, instance:healthApp.HealthEndToEndScript@117159c0]" started-at="2024-09-18T14:05:07 IST" name="AddFamilyMember" finished-at="2024-09-18T14:05:17 IST" duration-ms="9635" status="PASS">
          <reporter-output>
          </reporter-output>
        </test-method> <!-- AddFamilyMember -->
        <test-method is-config="true" signature="screenShot(org.testng.ITestResult)[pri:0, instance:healthApp.HealthEndToEndScript@117159c0]" started-at="2024-09-18T14:05:17 IST" name="screenShot" finished-at="2024-09-18T14:05:17 IST" duration-ms="0" status="PASS">
          <params>
            <param index="0">
              <value>
                <![CDATA[[TestResult name=AddFamilyMember status=SUCCESS method=HealthEndToEndScript.AddFamilyMember()[pri:6, instance:healthApp.HealthEndToEndScript@117159c0] output={null}]]]>
              </value>
            </param>
          </params>
          <reporter-output>
          </reporter-output>
        </test-method> <!-- screenShot -->
        <test-method signature="FirstName()[pri:7, instance:healthApp.HealthEndToEndScript@117159c0]" started-at="2024-09-18T14:05:17 IST" name="FirstName" finished-at="2024-09-18T14:05:23 IST" duration-ms="5879" status="PASS">
          <reporter-output>
          </reporter-output>
        </test-method> <!-- FirstName -->
        <test-method is-config="true" signature="screenShot(org.testng.ITestResult)[pri:0, instance:healthApp.HealthEndToEndScript@117159c0]" started-at="2024-09-18T14:05:23 IST" name="screenShot" finished-at="2024-09-18T14:05:23 IST" duration-ms="1" status="PASS">
          <params>
            <param index="0">
              <value>
                <![CDATA[[TestResult name=FirstName status=SUCCESS method=HealthEndToEndScript.FirstName()[pri:7, instance:healthApp.HealthEndToEndScript@117159c0] output={null}]]]>
              </value>
            </param>
          </params>
          <reporter-output>
          </reporter-output>
        </test-method> <!-- screenShot -->
        <test-method signature="MiddleName()[pri:8, instance:healthApp.HealthEndToEndScript@117159c0]" started-at="2024-09-18T14:05:23 IST" name="MiddleName" finished-at="2024-09-18T14:05:29 IST" duration-ms="5886" status="PASS">
          <reporter-output>
          </reporter-output>
        </test-method> <!-- MiddleName -->
        <test-method is-config="true" signature="screenShot(org.testng.ITestResult)[pri:0, instance:healthApp.HealthEndToEndScript@117159c0]" started-at="2024-09-18T14:05:29 IST" name="screenShot" finished-at="2024-09-18T14:05:29 IST" duration-ms="1" status="PASS">
          <params>
            <param index="0">
              <value>
                <![CDATA[[TestResult name=MiddleName status=SUCCESS method=HealthEndToEndScript.MiddleName()[pri:8, instance:healthApp.HealthEndToEndScript@117159c0] output={null}]]]>
              </value>
            </param>
          </params>
          <reporter-output>
          </reporter-output>
        </test-method> <!-- screenShot -->
        <test-method signature="Birthdate()[pri:9, instance:healthApp.HealthEndToEndScript@117159c0]" started-at="2024-09-18T14:05:29 IST" name="Birthdate" finished-at="2024-09-18T14:05:39 IST" duration-ms="10691" status="PASS">
          <reporter-output>
          </reporter-output>
        </test-method> <!-- Birthdate -->
        <test-method is-config="true" signature="screenShot(org.testng.ITestResult)[pri:0, instance:healthApp.HealthEndToEndScript@117159c0]" started-at="2024-09-18T14:05:39 IST" name="screenShot" finished-at="2024-09-18T14:05:39 IST" duration-ms="1" status="PASS">
          <params>
            <param index="0">
              <value>
                <![CDATA[[TestResult name=Birthdate status=SUCCESS method=HealthEndToEndScript.Birthdate()[pri:9, instance:healthApp.HealthEndToEndScript@117159c0] output={null}]]]>
              </value>
            </param>
          </params>
          <reporter-output>
          </reporter-output>
        </test-method> <!-- screenShot -->
        <test-method signature="Male()[pri:10, instance:healthApp.HealthEndToEndScript@117159c0]" started-at="2024-09-18T14:05:39 IST" name="Male" finished-at="2024-09-18T14:05:45 IST" duration-ms="5375" status="PASS">
          <reporter-output>
          </reporter-output>
        </test-method> <!-- Male -->
        <test-method is-config="true" signature="screenShot(org.testng.ITestResult)[pri:0, instance:healthApp.HealthEndToEndScript@117159c0]" started-at="2024-09-18T14:05:45 IST" name="screenShot" finished-at="2024-09-18T14:05:45 IST" duration-ms="1" status="PASS">
          <params>
            <param index="0">
              <value>
                <![CDATA[[TestResult name=Male status=SUCCESS method=HealthEndToEndScript.Male()[pri:10, instance:healthApp.HealthEndToEndScript@117159c0] output={null}]]]>
              </value>
            </param>
          </params>
          <reporter-output>
          </reporter-output>
        </test-method> <!-- screenShot -->
        <test-method signature="SaveAndNext()[pri:11, instance:healthApp.HealthEndToEndScript@117159c0]" started-at="2024-09-18T14:05:45 IST" name="SaveAndNext" finished-at="2024-09-18T14:05:56 IST" duration-ms="11329" status="PASS">
          <reporter-output>
          </reporter-output>
        </test-method> <!-- SaveAndNext -->
        <test-method is-config="true" signature="screenShot(org.testng.ITestResult)[pri:0, instance:healthApp.HealthEndToEndScript@117159c0]" started-at="2024-09-18T14:05:56 IST" name="screenShot" finished-at="2024-09-18T14:05:56 IST" duration-ms="1" status="PASS">
          <params>
            <param index="0">
              <value>
                <![CDATA[[TestResult name=SaveAndNext status=SUCCESS method=HealthEndToEndScript.SaveAndNext()[pri:11, instance:healthApp.HealthEndToEndScript@117159c0] output={null}]]]>
              </value>
            </param>
          </params>
          <reporter-output>
          </reporter-output>
        </test-method> <!-- screenShot -->
        <test-method signature="SelectClick()[pri:12, instance:healthApp.HealthEndToEndScript@117159c0]" started-at="2024-09-18T14:05:56 IST" name="SelectClick" finished-at="2024-09-18T14:06:05 IST" duration-ms="8647" status="PASS">
          <reporter-output>
          </reporter-output>
        </test-method> <!-- SelectClick -->
        <test-method is-config="true" signature="screenShot(org.testng.ITestResult)[pri:0, instance:healthApp.HealthEndToEndScript@117159c0]" started-at="2024-09-18T14:06:05 IST" name="screenShot" finished-at="2024-09-18T14:06:05 IST" duration-ms="0" status="PASS">
          <params>
            <param index="0">
              <value>
                <![CDATA[[TestResult name=SelectClick status=SUCCESS method=HealthEndToEndScript.SelectClick()[pri:12, instance:healthApp.HealthEndToEndScript@117159c0] output={null}]]]>
              </value>
            </param>
          </params>
          <reporter-output>
          </reporter-output>
        </test-method> <!-- screenShot -->
        <test-method signature="SelectOther()[pri:13, instance:healthApp.HealthEndToEndScript@117159c0]" started-at="2024-09-18T14:06:05 IST" name="SelectOther" finished-at="2024-09-18T14:06:10 IST" duration-ms="5330" status="PASS">
          <reporter-output>
          </reporter-output>
        </test-method> <!-- SelectOther -->
        <test-method is-config="true" signature="screenShot(org.testng.ITestResult)[pri:0, instance:healthApp.HealthEndToEndScript@117159c0]" started-at="2024-09-18T14:06:10 IST" name="screenShot" finished-at="2024-09-18T14:06:10 IST" duration-ms="0" status="PASS">
          <params>
            <param index="0">
              <value>
                <![CDATA[[TestResult name=SelectOther status=SUCCESS method=HealthEndToEndScript.SelectOther()[pri:13, instance:healthApp.HealthEndToEndScript@117159c0] output={null}]]]>
              </value>
            </param>
          </params>
          <reporter-output>
          </reporter-output>
        </test-method> <!-- screenShot -->
        <test-method signature="Next()[pri:14, instance:healthApp.HealthEndToEndScript@117159c0]" started-at="2024-09-18T14:06:10 IST" name="Next" finished-at="2024-09-18T14:06:19 IST" duration-ms="8712" status="PASS">
          <reporter-output>
          </reporter-output>
        </test-method> <!-- Next -->
        <test-method is-config="true" signature="screenShot(org.testng.ITestResult)[pri:0, instance:healthApp.HealthEndToEndScript@117159c0]" started-at="2024-09-18T14:06:19 IST" name="screenShot" finished-at="2024-09-18T14:06:19 IST" duration-ms="1" status="PASS">
          <params>
            <param index="0">
              <value>
                <![CDATA[[TestResult name=Next status=SUCCESS method=HealthEndToEndScript.Next()[pri:14, instance:healthApp.HealthEndToEndScript@117159c0] output={null}]]]>
              </value>
            </param>
          </params>
          <reporter-output>
          </reporter-output>
        </test-method> <!-- screenShot -->
        <test-method signature="LinkDr()[pri:15, instance:healthApp.HealthEndToEndScript@117159c0]" started-at="2024-09-18T14:06:19 IST" name="LinkDr" finished-at="2024-09-18T14:06:21 IST" duration-ms="2627" status="PASS">
          <reporter-output>
          </reporter-output>
        </test-method> <!-- LinkDr -->
        <test-method is-config="true" signature="screenShot(org.testng.ITestResult)[pri:0, instance:healthApp.HealthEndToEndScript@117159c0]" started-at="2024-09-18T14:06:21 IST" name="screenShot" finished-at="2024-09-18T14:06:21 IST" duration-ms="1" status="PASS">
          <params>
            <param index="0">
              <value>
                <![CDATA[[TestResult name=LinkDr status=SUCCESS method=HealthEndToEndScript.LinkDr()[pri:15, instance:healthApp.HealthEndToEndScript@117159c0] output={null}]]]>
              </value>
            </param>
          </params>
          <reporter-output>
          </reporter-output>
        </test-method> <!-- screenShot -->
        <test-method signature="AddtionalInformation()[pri:16, instance:healthApp.HealthEndToEndScript@117159c0]" started-at="2024-09-18T14:06:21 IST" name="AddtionalInformation" finished-at="2024-09-18T14:06:23 IST" duration-ms="1685" status="PASS">
          <reporter-output>
          </reporter-output>
        </test-method> <!-- AddtionalInformation -->
        <test-method is-config="true" signature="screenShot(org.testng.ITestResult)[pri:0, instance:healthApp.HealthEndToEndScript@117159c0]" started-at="2024-09-18T14:06:23 IST" name="screenShot" finished-at="2024-09-18T14:06:23 IST" duration-ms="0" status="PASS">
          <params>
            <param index="0">
              <value>
                <![CDATA[[TestResult name=AddtionalInformation status=SUCCESS method=HealthEndToEndScript.AddtionalInformation()[pri:16, instance:healthApp.HealthEndToEndScript@117159c0] output={null}]]]>
              </value>
            </param>
          </params>
          <reporter-output>
          </reporter-output>
        </test-method> <!-- screenShot -->
        <test-method signature="MedicalConditionAdd()[pri:17, instance:healthApp.HealthEndToEndScript@117159c0]" started-at="2024-09-18T14:06:23 IST" name="MedicalConditionAdd" finished-at="2024-09-18T14:06:27 IST" duration-ms="3643" status="PASS">
          <reporter-output>
          </reporter-output>
        </test-method> <!-- MedicalConditionAdd -->
        <test-method is-config="true" signature="screenShot(org.testng.ITestResult)[pri:0, instance:healthApp.HealthEndToEndScript@117159c0]" started-at="2024-09-18T14:06:27 IST" name="screenShot" finished-at="2024-09-18T14:06:27 IST" duration-ms="0" status="PASS">
          <params>
            <param index="0">
              <value>
                <![CDATA[[TestResult name=MedicalConditionAdd status=SUCCESS method=HealthEndToEndScript.MedicalConditionAdd()[pri:17, instance:healthApp.HealthEndToEndScript@117159c0] output={null}]]]>
              </value>
            </param>
          </params>
          <reporter-output>
          </reporter-output>
        </test-method> <!-- screenShot -->
        <test-method signature="MedicalConditionSelect()[pri:18, instance:healthApp.HealthEndToEndScript@117159c0]" started-at="2024-09-18T14:06:27 IST" name="MedicalConditionSelect" finished-at="2024-09-18T14:06:31 IST" duration-ms="3832" status="PASS">
          <reporter-output>
          </reporter-output>
        </test-method> <!-- MedicalConditionSelect -->
        <test-method is-config="true" signature="screenShot(org.testng.ITestResult)[pri:0, instance:healthApp.HealthEndToEndScript@117159c0]" started-at="2024-09-18T14:06:31 IST" name="screenShot" finished-at="2024-09-18T14:06:31 IST" duration-ms="0" status="PASS">
          <params>
            <param index="0">
              <value>
                <![CDATA[[TestResult name=MedicalConditionSelect status=SUCCESS method=HealthEndToEndScript.MedicalConditionSelect()[pri:18, instance:healthApp.HealthEndToEndScript@117159c0] output={null}]]]>
              </value>
            </param>
          </params>
          <reporter-output>
          </reporter-output>
        </test-method> <!-- screenShot -->
        <test-method signature="AddMedicalCondition()[pri:19, instance:healthApp.HealthEndToEndScript@117159c0]" started-at="2024-09-18T14:06:31 IST" name="AddMedicalCondition" finished-at="2024-09-18T14:06:33 IST" duration-ms="2462" status="PASS">
          <reporter-output>
          </reporter-output>
        </test-method> <!-- AddMedicalCondition -->
        <test-method is-config="true" signature="screenShot(org.testng.ITestResult)[pri:0, instance:healthApp.HealthEndToEndScript@117159c0]" started-at="2024-09-18T14:06:33 IST" name="screenShot" finished-at="2024-09-18T14:06:33 IST" duration-ms="1" status="PASS">
          <params>
            <param index="0">
              <value>
                <![CDATA[[TestResult name=AddMedicalCondition status=SUCCESS method=HealthEndToEndScript.AddMedicalCondition()[pri:19, instance:healthApp.HealthEndToEndScript@117159c0] output={null}]]]>
              </value>
            </param>
          </params>
          <reporter-output>
          </reporter-output>
        </test-method> <!-- screenShot -->
        <test-method signature="Allergies()[pri:20, instance:healthApp.HealthEndToEndScript@117159c0]" started-at="2024-09-18T14:06:33 IST" name="Allergies" finished-at="2024-09-18T14:06:35 IST" duration-ms="2284" status="PASS">
          <reporter-output>
          </reporter-output>
        </test-method> <!-- Allergies -->
        <test-method is-config="true" signature="screenShot(org.testng.ITestResult)[pri:0, instance:healthApp.HealthEndToEndScript@117159c0]" started-at="2024-09-18T14:06:35 IST" name="screenShot" finished-at="2024-09-18T14:06:35 IST" duration-ms="1" status="PASS">
          <params>
            <param index="0">
              <value>
                <![CDATA[[TestResult name=Allergies status=SUCCESS method=HealthEndToEndScript.Allergies()[pri:20, instance:healthApp.HealthEndToEndScript@117159c0] output={null}]]]>
              </value>
            </param>
          </params>
          <reporter-output>
          </reporter-output>
        </test-method> <!-- screenShot -->
        <test-method signature="Reactions()[pri:21, instance:healthApp.HealthEndToEndScript@117159c0]" started-at="2024-09-18T14:06:35 IST" name="Reactions" finished-at="2024-09-18T14:06:38 IST" duration-ms="2773" status="PASS">
          <reporter-output>
          </reporter-output>
        </test-method> <!-- Reactions -->
        <test-method is-config="true" signature="screenShot(org.testng.ITestResult)[pri:0, instance:healthApp.HealthEndToEndScript@117159c0]" started-at="2024-09-18T14:06:38 IST" name="screenShot" finished-at="2024-09-18T14:06:38 IST" duration-ms="0" status="PASS">
          <params>
            <param index="0">
              <value>
                <![CDATA[[TestResult name=Reactions status=SUCCESS method=HealthEndToEndScript.Reactions()[pri:21, instance:healthApp.HealthEndToEndScript@117159c0] output={null}]]]>
              </value>
            </param>
          </params>
          <reporter-output>
          </reporter-output>
        </test-method> <!-- screenShot -->
        <test-method signature="RecurringComplaints()[pri:22, instance:healthApp.HealthEndToEndScript@117159c0]" started-at="2024-09-18T14:06:38 IST" name="RecurringComplaints" finished-at="2024-09-18T14:06:40 IST" duration-ms="2275" status="PASS">
          <reporter-output>
          </reporter-output>
        </test-method> <!-- RecurringComplaints -->
        <test-method is-config="true" signature="screenShot(org.testng.ITestResult)[pri:0, instance:healthApp.HealthEndToEndScript@117159c0]" started-at="2024-09-18T14:06:40 IST" name="screenShot" finished-at="2024-09-18T14:06:40 IST" duration-ms="1" status="PASS">
          <params>
            <param index="0">
              <value>
                <![CDATA[[TestResult name=RecurringComplaints status=SUCCESS method=HealthEndToEndScript.RecurringComplaints()[pri:22, instance:healthApp.HealthEndToEndScript@117159c0] output={null}]]]>
              </value>
            </param>
          </params>
          <reporter-output>
          </reporter-output>
        </test-method> <!-- screenShot -->
        <test-method signature="HospitalizationHistory()[pri:23, instance:healthApp.HealthEndToEndScript@117159c0]" started-at="2024-09-18T14:06:40 IST" name="HospitalizationHistory" finished-at="2024-09-18T14:06:43 IST" duration-ms="2796" status="PASS">
          <reporter-output>
          </reporter-output>
        </test-method> <!-- HospitalizationHistory -->
        <test-method is-config="true" signature="screenShot(org.testng.ITestResult)[pri:0, instance:healthApp.HealthEndToEndScript@117159c0]" started-at="2024-09-18T14:06:43 IST" name="screenShot" finished-at="2024-09-18T14:06:43 IST" duration-ms="2" status="PASS">
          <params>
            <param index="0">
              <value>
                <![CDATA[[TestResult name=HospitalizationHistory status=SUCCESS method=HealthEndToEndScript.HospitalizationHistory()[pri:23, instance:healthApp.HealthEndToEndScript@117159c0] output={null}]]]>
              </value>
            </param>
          </params>
          <reporter-output>
          </reporter-output>
        </test-method> <!-- screenShot -->
        <test-method signature="HealthHistory()[pri:24, instance:healthApp.HealthEndToEndScript@117159c0]" started-at="2024-09-18T14:06:43 IST" name="HealthHistory" finished-at="2024-09-18T14:06:46 IST" duration-ms="2813" status="PASS">
          <reporter-output>
          </reporter-output>
        </test-method> <!-- HealthHistory -->
        <test-method is-config="true" signature="screenShot(org.testng.ITestResult)[pri:0, instance:healthApp.HealthEndToEndScript@117159c0]" started-at="2024-09-18T14:06:46 IST" name="screenShot" finished-at="2024-09-18T14:06:46 IST" duration-ms="0" status="PASS">
          <params>
            <param index="0">
              <value>
                <![CDATA[[TestResult name=HealthHistory status=SUCCESS method=HealthEndToEndScript.HealthHistory()[pri:24, instance:healthApp.HealthEndToEndScript@117159c0] output={null}]]]>
              </value>
            </param>
          </params>
          <reporter-output>
          </reporter-output>
        </test-method> <!-- screenShot -->
        <test-method signature="GeneticdisoredrAdd()[pri:25, instance:healthApp.HealthEndToEndScript@117159c0]" started-at="2024-09-18T14:06:46 IST" name="GeneticdisoredrAdd" finished-at="2024-09-18T14:06:50 IST" duration-ms="3853" status="PASS">
          <reporter-output>
          </reporter-output>
        </test-method> <!-- GeneticdisoredrAdd -->
        <test-method is-config="true" signature="screenShot(org.testng.ITestResult)[pri:0, instance:healthApp.HealthEndToEndScript@117159c0]" started-at="2024-09-18T14:06:50 IST" name="screenShot" finished-at="2024-09-18T14:06:50 IST" duration-ms="0" status="PASS">
          <params>
            <param index="0">
              <value>
                <![CDATA[[TestResult name=GeneticdisoredrAdd status=SUCCESS method=HealthEndToEndScript.GeneticdisoredrAdd()[pri:25, instance:healthApp.HealthEndToEndScript@117159c0] output={null}]]]>
              </value>
            </param>
          </params>
          <reporter-output>
          </reporter-output>
        </test-method> <!-- screenShot -->
        <test-method signature="GeneticdisoredrSelect()[pri:26, instance:healthApp.HealthEndToEndScript@117159c0]" started-at="2024-09-18T14:06:50 IST" name="GeneticdisoredrSelect" finished-at="2024-09-18T14:07:03 IST" duration-ms="13139" status="PASS">
          <reporter-output>
          </reporter-output>
        </test-method> <!-- GeneticdisoredrSelect -->
        <test-method is-config="true" signature="screenShot(org.testng.ITestResult)[pri:0, instance:healthApp.HealthEndToEndScript@117159c0]" started-at="2024-09-18T14:07:03 IST" name="screenShot" finished-at="2024-09-18T14:07:03 IST" duration-ms="0" status="PASS">
          <params>
            <param index="0">
              <value>
                <![CDATA[[TestResult name=GeneticdisoredrSelect status=SUCCESS method=HealthEndToEndScript.GeneticdisoredrSelect()[pri:26, instance:healthApp.HealthEndToEndScript@117159c0] output={null}]]]>
              </value>
            </param>
          </params>
          <reporter-output>
          </reporter-output>
        </test-method> <!-- screenShot -->
        <test-method signature="AddGeneticdisoredr()[pri:27, instance:healthApp.HealthEndToEndScript@117159c0]" started-at="2024-09-18T14:07:03 IST" name="AddGeneticdisoredr" finished-at="2024-09-18T14:07:06 IST" duration-ms="2521" status="PASS">
          <reporter-output>
          </reporter-output>
        </test-method> <!-- AddGeneticdisoredr -->
        <test-method is-config="true" signature="screenShot(org.testng.ITestResult)[pri:0, instance:healthApp.HealthEndToEndScript@117159c0]" started-at="2024-09-18T14:07:06 IST" name="screenShot" finished-at="2024-09-18T14:07:06 IST" duration-ms="1" status="PASS">
          <params>
            <param index="0">
              <value>
                <![CDATA[[TestResult name=AddGeneticdisoredr status=SUCCESS method=HealthEndToEndScript.AddGeneticdisoredr()[pri:27, instance:healthApp.HealthEndToEndScript@117159c0] output={null}]]]>
              </value>
            </param>
          </params>
          <reporter-output>
          </reporter-output>
        </test-method> <!-- screenShot -->
        <test-method signature="healthNext()[pri:29, instance:healthApp.HealthEndToEndScript@117159c0]" started-at="2024-09-18T14:07:06 IST" name="healthNext" finished-at="2024-09-18T14:07:08 IST" duration-ms="2311" status="PASS">
          <reporter-output>
          </reporter-output>
        </test-method> <!-- healthNext -->
        <test-method is-config="true" signature="screenShot(org.testng.ITestResult)[pri:0, instance:healthApp.HealthEndToEndScript@117159c0]" started-at="2024-09-18T14:07:08 IST" name="screenShot" finished-at="2024-09-18T14:07:08 IST" duration-ms="1" status="PASS">
          <params>
            <param index="0">
              <value>
                <![CDATA[[TestResult name=healthNext status=SUCCESS method=HealthEndToEndScript.healthNext()[pri:29, instance:healthApp.HealthEndToEndScript@117159c0] output={null}]]]>
              </value>
            </param>
          </params>
          <reporter-output>
          </reporter-output>
        </test-method> <!-- screenShot -->
        <test-method signature="FamailyNedicalHistory()[pri:30, instance:healthApp.HealthEndToEndScript@117159c0]" started-at="2024-09-18T14:07:08 IST" name="FamailyNedicalHistory" finished-at="2024-09-18T14:07:19 IST" duration-ms="11151" status="PASS">
          <reporter-output>
          </reporter-output>
        </test-method> <!-- FamailyNedicalHistory -->
        <test-method is-config="true" signature="screenShot(org.testng.ITestResult)[pri:0, instance:healthApp.HealthEndToEndScript@117159c0]" started-at="2024-09-18T14:07:19 IST" name="screenShot" finished-at="2024-09-18T14:07:19 IST" duration-ms="0" status="PASS">
          <params>
            <param index="0">
              <value>
                <![CDATA[[TestResult name=FamailyNedicalHistory status=SUCCESS method=HealthEndToEndScript.FamailyNedicalHistory()[pri:30, instance:healthApp.HealthEndToEndScript@117159c0] output={null}]]]>
              </value>
            </param>
          </params>
          <reporter-output>
          </reporter-output>
        </test-method> <!-- screenShot -->
        <test-method signature="EnterDisorders()[pri:31, instance:healthApp.HealthEndToEndScript@117159c0]" started-at="2024-09-18T14:07:19 IST" name="EnterDisorders" finished-at="2024-09-18T14:07:29 IST" duration-ms="10114" status="PASS">
          <reporter-output>
          </reporter-output>
        </test-method> <!-- EnterDisorders -->
        <test-method is-config="true" signature="screenShot(org.testng.ITestResult)[pri:0, instance:healthApp.HealthEndToEndScript@117159c0]" started-at="2024-09-18T14:07:29 IST" name="screenShot" finished-at="2024-09-18T14:07:29 IST" duration-ms="2" status="PASS">
          <params>
            <param index="0">
              <value>
                <![CDATA[[TestResult name=EnterDisorders status=SUCCESS method=HealthEndToEndScript.EnterDisorders()[pri:31, instance:healthApp.HealthEndToEndScript@117159c0] output={null}]]]>
              </value>
            </param>
          </params>
          <reporter-output>
          </reporter-output>
        </test-method> <!-- screenShot -->
        <test-method signature="FathersDetails()[pri:32, instance:healthApp.HealthEndToEndScript@117159c0]" started-at="2024-09-18T14:07:29 IST" name="FathersDetails" finished-at="2024-09-18T14:07:32 IST" duration-ms="3214" status="PASS">
          <reporter-output>
          </reporter-output>
        </test-method> <!-- FathersDetails -->
        <test-method is-config="true" signature="screenShot(org.testng.ITestResult)[pri:0, instance:healthApp.HealthEndToEndScript@117159c0]" started-at="2024-09-18T14:07:32 IST" name="screenShot" finished-at="2024-09-18T14:07:32 IST" duration-ms="0" status="PASS">
          <params>
            <param index="0">
              <value>
                <![CDATA[[TestResult name=FathersDetails status=SUCCESS method=HealthEndToEndScript.FathersDetails()[pri:32, instance:healthApp.HealthEndToEndScript@117159c0] output={null}]]]>
              </value>
            </param>
          </params>
          <reporter-output>
          </reporter-output>
        </test-method> <!-- screenShot -->
        <test-method signature="MothersDetails()[pri:33, instance:healthApp.HealthEndToEndScript@117159c0]" started-at="2024-09-18T14:07:32 IST" name="MothersDetails" finished-at="2024-09-18T14:07:52 IST" duration-ms="19608" status="PASS">
          <reporter-output>
          </reporter-output>
        </test-method> <!-- MothersDetails -->
        <test-method is-config="true" signature="screenShot(org.testng.ITestResult)[pri:0, instance:healthApp.HealthEndToEndScript@117159c0]" started-at="2024-09-18T14:07:52 IST" name="screenShot" finished-at="2024-09-18T14:07:52 IST" duration-ms="0" status="PASS">
          <params>
            <param index="0">
              <value>
                <![CDATA[[TestResult name=MothersDetails status=SUCCESS method=HealthEndToEndScript.MothersDetails()[pri:33, instance:healthApp.HealthEndToEndScript@117159c0] output={null}]]]>
              </value>
            </param>
          </params>
          <reporter-output>
          </reporter-output>
        </test-method> <!-- screenShot -->
        <test-method signature="BookAppointment()[pri:34, instance:healthApp.HealthEndToEndScript@117159c0]" started-at="2024-09-18T14:07:52 IST" name="BookAppointment" finished-at="2024-09-18T14:08:03 IST" duration-ms="11014" status="PASS">
          <reporter-output>
          </reporter-output>
        </test-method> <!-- BookAppointment -->
        <test-method is-config="true" signature="screenShot(org.testng.ITestResult)[pri:0, instance:healthApp.HealthEndToEndScript@117159c0]" started-at="2024-09-18T14:08:03 IST" name="screenShot" finished-at="2024-09-18T14:08:03 IST" duration-ms="0" status="PASS">
          <params>
            <param index="0">
              <value>
                <![CDATA[[TestResult name=BookAppointment status=SUCCESS method=HealthEndToEndScript.BookAppointment()[pri:34, instance:healthApp.HealthEndToEndScript@117159c0] output={null}]]]>
              </value>
            </param>
          </params>
          <reporter-output>
          </reporter-output>
        </test-method> <!-- screenShot -->
        <test-method signature="SelectFamilyMember()[pri:35, instance:healthApp.HealthEndToEndScript@117159c0]" started-at="2024-09-18T14:08:03 IST" name="SelectFamilyMember" finished-at="2024-09-18T14:08:10 IST" duration-ms="7301" status="PASS">
          <reporter-output>
          </reporter-output>
        </test-method> <!-- SelectFamilyMember -->
        <test-method is-config="true" signature="screenShot(org.testng.ITestResult)[pri:0, instance:healthApp.HealthEndToEndScript@117159c0]" started-at="2024-09-18T14:08:10 IST" name="screenShot" finished-at="2024-09-18T14:08:10 IST" duration-ms="0" status="PASS">
          <params>
            <param index="0">
              <value>
                <![CDATA[[TestResult name=SelectFamilyMember status=SUCCESS method=HealthEndToEndScript.SelectFamilyMember()[pri:35, instance:healthApp.HealthEndToEndScript@117159c0] output={null}]]]>
              </value>
            </param>
          </params>
          <reporter-output>
          </reporter-output>
        </test-method> <!-- screenShot -->
        <test-method signature="SelectDoctor()[pri:36, instance:healthApp.HealthEndToEndScript@117159c0]" started-at="2024-09-18T14:08:10 IST" name="SelectDoctor" finished-at="2024-09-18T14:08:16 IST" duration-ms="5329" status="PASS">
          <reporter-output>
          </reporter-output>
        </test-method> <!-- SelectDoctor -->
        <test-method is-config="true" signature="screenShot(org.testng.ITestResult)[pri:0, instance:healthApp.HealthEndToEndScript@117159c0]" started-at="2024-09-18T14:08:16 IST" name="screenShot" finished-at="2024-09-18T14:08:16 IST" duration-ms="0" status="PASS">
          <params>
            <param index="0">
              <value>
                <![CDATA[[TestResult name=SelectDoctor status=SUCCESS method=HealthEndToEndScript.SelectDoctor()[pri:36, instance:healthApp.HealthEndToEndScript@117159c0] output={null}]]]>
              </value>
            </param>
          </params>
          <reporter-output>
          </reporter-output>
        </test-method> <!-- screenShot -->
        <test-method signature="Doctor()[pri:37, instance:healthApp.HealthEndToEndScript@117159c0]" started-at="2024-09-18T14:08:16 IST" name="Doctor" finished-at="2024-09-18T14:08:21 IST" duration-ms="5289" status="PASS">
          <reporter-output>
          </reporter-output>
        </test-method> <!-- Doctor -->
        <test-method is-config="true" signature="screenShot(org.testng.ITestResult)[pri:0, instance:healthApp.HealthEndToEndScript@117159c0]" started-at="2024-09-18T14:08:21 IST" name="screenShot" finished-at="2024-09-18T14:08:21 IST" duration-ms="2" status="PASS">
          <params>
            <param index="0">
              <value>
                <![CDATA[[TestResult name=Doctor status=SUCCESS method=HealthEndToEndScript.Doctor()[pri:37, instance:healthApp.HealthEndToEndScript@117159c0] output={null}]]]>
              </value>
            </param>
          </params>
          <reporter-output>
          </reporter-output>
        </test-method> <!-- screenShot -->
        <test-method signature="DateClick()[pri:38, instance:healthApp.HealthEndToEndScript@117159c0]" started-at="2024-09-18T14:08:21 IST" name="DateClick" finished-at="2024-09-18T14:08:26 IST" duration-ms="5399" status="PASS">
          <reporter-output>
          </reporter-output>
        </test-method> <!-- DateClick -->
        <test-method is-config="true" signature="screenShot(org.testng.ITestResult)[pri:0, instance:healthApp.HealthEndToEndScript@117159c0]" started-at="2024-09-18T14:08:26 IST" name="screenShot" finished-at="2024-09-18T14:08:26 IST" duration-ms="0" status="PASS">
          <params>
            <param index="0">
              <value>
                <![CDATA[[TestResult name=DateClick status=SUCCESS method=HealthEndToEndScript.DateClick()[pri:38, instance:healthApp.HealthEndToEndScript@117159c0] output={null}]]]>
              </value>
            </param>
          </params>
          <reporter-output>
          </reporter-output>
        </test-method> <!-- screenShot -->
        <test-method signature="Time()[pri:39, instance:healthApp.HealthEndToEndScript@117159c0]" started-at="2024-09-18T14:08:26 IST" name="Time" finished-at="2024-09-18T14:08:32 IST" duration-ms="5648" status="PASS">
          <reporter-output>
          </reporter-output>
        </test-method> <!-- Time -->
        <test-method is-config="true" signature="screenShot(org.testng.ITestResult)[pri:0, instance:healthApp.HealthEndToEndScript@117159c0]" started-at="2024-09-18T14:08:32 IST" name="screenShot" finished-at="2024-09-18T14:08:32 IST" duration-ms="1" status="PASS">
          <params>
            <param index="0">
              <value>
                <![CDATA[[TestResult name=Time status=SUCCESS method=HealthEndToEndScript.Time()[pri:39, instance:healthApp.HealthEndToEndScript@117159c0] output={null}]]]>
              </value>
            </param>
          </params>
          <reporter-output>
          </reporter-output>
        </test-method> <!-- screenShot -->
        <test-method signature="PurposeVisit()[pri:40, instance:healthApp.HealthEndToEndScript@117159c0]" started-at="2024-09-18T14:08:32 IST" name="PurposeVisit" finished-at="2024-09-18T14:09:04 IST" duration-ms="32212" status="PASS">
          <reporter-output>
          </reporter-output>
        </test-method> <!-- PurposeVisit -->
        <test-method is-config="true" signature="screenShot(org.testng.ITestResult)[pri:0, instance:healthApp.HealthEndToEndScript@117159c0]" started-at="2024-09-18T14:09:04 IST" name="screenShot" finished-at="2024-09-18T14:09:04 IST" duration-ms="0" status="PASS">
          <params>
            <param index="0">
              <value>
                <![CDATA[[TestResult name=PurposeVisit status=SUCCESS method=HealthEndToEndScript.PurposeVisit()[pri:40, instance:healthApp.HealthEndToEndScript@117159c0] output={null}]]]>
              </value>
            </param>
          </params>
          <reporter-output>
          </reporter-output>
        </test-method> <!-- screenShot -->
        <test-method signature="CreateAppointment()[pri:41, instance:healthApp.HealthEndToEndScript@117159c0]" started-at="2024-09-18T14:09:04 IST" name="CreateAppointment" finished-at="2024-09-18T14:09:10 IST" duration-ms="5392" status="PASS">
          <reporter-output>
          </reporter-output>
        </test-method> <!-- CreateAppointment -->
        <test-method is-config="true" signature="screenShot(org.testng.ITestResult)[pri:0, instance:healthApp.HealthEndToEndScript@117159c0]" started-at="2024-09-18T14:09:10 IST" name="screenShot" finished-at="2024-09-18T14:09:10 IST" duration-ms="1" status="PASS">
          <params>
            <param index="0">
              <value>
                <![CDATA[[TestResult name=CreateAppointment status=SUCCESS method=HealthEndToEndScript.CreateAppointment()[pri:41, instance:healthApp.HealthEndToEndScript@117159c0] output={null}]]]>
              </value>
            </param>
          </params>
          <reporter-output>
          </reporter-output>
        </test-method> <!-- screenShot -->
        <test-method signature="Done()[pri:42, instance:healthApp.HealthEndToEndScript@117159c0]" started-at="2024-09-18T14:09:10 IST" name="Done" finished-at="2024-09-18T14:09:15 IST" duration-ms="5260" status="PASS">
          <reporter-output>
          </reporter-output>
        </test-method> <!-- Done -->
        <test-method is-config="true" signature="screenShot(org.testng.ITestResult)[pri:0, instance:healthApp.HealthEndToEndScript@117159c0]" started-at="2024-09-18T14:09:15 IST" name="screenShot" finished-at="2024-09-18T14:09:15 IST" duration-ms="2" status="PASS">
          <params>
            <param index="0">
              <value>
                <![CDATA[[TestResult name=Done status=SUCCESS method=HealthEndToEndScript.Done()[pri:42, instance:healthApp.HealthEndToEndScript@117159c0] output={null}]]]>
              </value>
            </param>
          </params>
          <reporter-output>
          </reporter-output>
        </test-method> <!-- screenShot -->
        <test-method signature="SelectFamilyMember2()[pri:43, instance:healthApp.HealthEndToEndScript@117159c0]" started-at="2024-09-18T14:09:15 IST" name="SelectFamilyMember2" finished-at="2024-09-18T14:09:21 IST" duration-ms="5593" status="PASS">
          <reporter-output>
          </reporter-output>
        </test-method> <!-- SelectFamilyMember2 -->
        <test-method is-config="true" signature="screenShot(org.testng.ITestResult)[pri:0, instance:healthApp.HealthEndToEndScript@117159c0]" started-at="2024-09-18T14:09:21 IST" name="screenShot" finished-at="2024-09-18T14:09:21 IST" duration-ms="0" status="PASS">
          <params>
            <param index="0">
              <value>
                <![CDATA[[TestResult name=SelectFamilyMember2 status=SUCCESS method=HealthEndToEndScript.SelectFamilyMember2()[pri:43, instance:healthApp.HealthEndToEndScript@117159c0] output={null}]]]>
              </value>
            </param>
          </params>
          <reporter-output>
          </reporter-output>
        </test-method> <!-- screenShot -->
        <test-method signature="AddButton1()[pri:44, instance:healthApp.HealthEndToEndScript@117159c0]" started-at="2024-09-18T14:09:21 IST" name="AddButton1" finished-at="2024-09-18T14:09:31 IST" duration-ms="10583" status="PASS">
          <reporter-output>
          </reporter-output>
        </test-method> <!-- AddButton1 -->
        <test-method is-config="true" signature="screenShot(org.testng.ITestResult)[pri:0, instance:healthApp.HealthEndToEndScript@117159c0]" started-at="2024-09-18T14:09:31 IST" name="screenShot" finished-at="2024-09-18T14:09:31 IST" duration-ms="0" status="PASS">
          <params>
            <param index="0">
              <value>
                <![CDATA[[TestResult name=AddButton1 status=SUCCESS method=HealthEndToEndScript.AddButton1()[pri:44, instance:healthApp.HealthEndToEndScript@117159c0] output={null}]]]>
              </value>
            </param>
          </params>
          <reporter-output>
          </reporter-output>
        </test-method> <!-- screenShot -->
        <test-method signature="GrowthRecord1()[pri:45, instance:healthApp.HealthEndToEndScript@117159c0]" started-at="2024-09-18T14:09:31 IST" name="GrowthRecord1" finished-at="2024-09-18T14:09:37 IST" duration-ms="5662" status="PASS">
          <reporter-output>
          </reporter-output>
        </test-method> <!-- GrowthRecord1 -->
        <test-method signature="Vital()[pri:46, instance:healthApp.HealthEndToEndScript@117159c0]" started-at="2024-09-18T14:09:37 IST" name="Vital" finished-at="2024-09-18T14:09:51 IST" duration-ms="13821" status="PASS">
          <reporter-output>
          </reporter-output>
        </test-method> <!-- Vital -->
        <test-method is-config="true" signature="screenShot(org.testng.ITestResult)[pri:0, instance:healthApp.HealthEndToEndScript@117159c0]" started-at="2024-09-18T14:09:37 IST" name="screenShot" finished-at="2024-09-18T14:09:37 IST" duration-ms="0" status="PASS">
          <params>
            <param index="0">
              <value>
                <![CDATA[[TestResult name=GrowthRecord1 status=SUCCESS method=HealthEndToEndScript.GrowthRecord1()[pri:45, instance:healthApp.HealthEndToEndScript@117159c0] output={null}]]]>
              </value>
            </param>
          </params>
          <reporter-output>
          </reporter-output>
        </test-method> <!-- screenShot -->
        <test-method signature="UploadDoc()[pri:52, instance:healthApp.HealthEndToEndScript@117159c0]" started-at="2024-09-18T14:09:51 IST" name="UploadDoc" finished-at="2024-09-18T14:10:07 IST" duration-ms="16130" status="PASS">
          <reporter-output>
          </reporter-output>
        </test-method> <!-- UploadDoc -->
        <test-method is-config="true" signature="screenShot(org.testng.ITestResult)[pri:0, instance:healthApp.HealthEndToEndScript@117159c0]" started-at="2024-09-18T14:09:51 IST" name="screenShot" finished-at="2024-09-18T14:09:51 IST" duration-ms="0" status="PASS">
          <params>
            <param index="0">
              <value>
                <![CDATA[[TestResult name=Vital status=SUCCESS method=HealthEndToEndScript.Vital()[pri:46, instance:healthApp.HealthEndToEndScript@117159c0] output={null}]]]>
              </value>
            </param>
          </params>
          <reporter-output>
          </reporter-output>
        </test-method> <!-- screenShot -->
        <test-method is-config="true" signature="screenShot(org.testng.ITestResult)[pri:0, instance:healthApp.HealthEndToEndScript@117159c0]" started-at="2024-09-18T14:10:07 IST" name="screenShot" finished-at="2024-09-18T14:10:07 IST" duration-ms="0" status="PASS">
          <params>
            <param index="0">
              <value>
                <![CDATA[[TestResult name=UploadDoc status=SUCCESS method=HealthEndToEndScript.UploadDoc()[pri:52, instance:healthApp.HealthEndToEndScript@117159c0] output={null}]]]>
              </value>
            </param>
          </params>
          <reporter-output>
          </reporter-output>
        </test-method> <!-- screenShot -->
        <test-method signature="DocumentsDropDown()[pri:53, instance:healthApp.HealthEndToEndScript@117159c0]" started-at="2024-09-18T14:10:07 IST" name="DocumentsDropDown" finished-at="2024-09-18T14:10:12 IST" duration-ms="5229" status="PASS">
          <reporter-output>
          </reporter-output>
        </test-method> <!-- DocumentsDropDown -->
        <test-method is-config="true" signature="screenShot(org.testng.ITestResult)[pri:0, instance:healthApp.HealthEndToEndScript@117159c0]" started-at="2024-09-18T14:10:12 IST" name="screenShot" finished-at="2024-09-18T14:10:12 IST" duration-ms="0" status="PASS">
          <params>
            <param index="0">
              <value>
                <![CDATA[[TestResult name=DocumentsDropDown status=SUCCESS method=HealthEndToEndScript.DocumentsDropDown()[pri:53, instance:healthApp.HealthEndToEndScript@117159c0] output={null}]]]>
              </value>
            </param>
          </params>
          <reporter-output>
          </reporter-output>
        </test-method> <!-- screenShot -->
        <test-method signature="DischargeSummary()[pri:54, instance:healthApp.HealthEndToEndScript@117159c0]" started-at="2024-09-18T14:10:12 IST" name="DischargeSummary" finished-at="2024-09-18T14:10:14 IST" duration-ms="2228" status="PASS">
          <reporter-output>
          </reporter-output>
        </test-method> <!-- DischargeSummary -->
        <test-method is-config="true" signature="screenShot(org.testng.ITestResult)[pri:0, instance:healthApp.HealthEndToEndScript@117159c0]" started-at="2024-09-18T14:10:14 IST" name="screenShot" finished-at="2024-09-18T14:10:14 IST" duration-ms="0" status="PASS">
          <params>
            <param index="0">
              <value>
                <![CDATA[[TestResult name=DischargeSummary status=SUCCESS method=HealthEndToEndScript.DischargeSummary()[pri:54, instance:healthApp.HealthEndToEndScript@117159c0] output={null}]]]>
              </value>
            </param>
          </params>
          <reporter-output>
          </reporter-output>
        </test-method> <!-- screenShot -->
        <test-method signature="CreatedBy()[pri:55, instance:healthApp.HealthEndToEndScript@117159c0]" started-at="2024-09-18T14:10:14 IST" name="CreatedBy" finished-at="2024-09-18T14:10:17 IST" duration-ms="2758" status="PASS">
          <reporter-output>
          </reporter-output>
        </test-method> <!-- CreatedBy -->
        <test-method is-config="true" signature="screenShot(org.testng.ITestResult)[pri:0, instance:healthApp.HealthEndToEndScript@117159c0]" started-at="2024-09-18T14:10:17 IST" name="screenShot" finished-at="2024-09-18T14:10:17 IST" duration-ms="0" status="PASS">
          <params>
            <param index="0">
              <value>
                <![CDATA[[TestResult name=CreatedBy status=SUCCESS method=HealthEndToEndScript.CreatedBy()[pri:55, instance:healthApp.HealthEndToEndScript@117159c0] output={null}]]]>
              </value>
            </param>
          </params>
          <reporter-output>
          </reporter-output>
        </test-method> <!-- screenShot -->
        <test-method signature="DocumentOn()[pri:56, instance:healthApp.HealthEndToEndScript@117159c0]" started-at="2024-09-18T14:10:17 IST" name="DocumentOn" finished-at="2024-09-18T14:10:19 IST" duration-ms="2203" status="PASS">
          <reporter-output>
          </reporter-output>
        </test-method> <!-- DocumentOn -->
        <test-method is-config="true" signature="screenShot(org.testng.ITestResult)[pri:0, instance:healthApp.HealthEndToEndScript@117159c0]" started-at="2024-09-18T14:10:19 IST" name="screenShot" finished-at="2024-09-18T14:10:19 IST" duration-ms="0" status="PASS">
          <params>
            <param index="0">
              <value>
                <![CDATA[[TestResult name=DocumentOn status=SUCCESS method=HealthEndToEndScript.DocumentOn()[pri:56, instance:healthApp.HealthEndToEndScript@117159c0] output={null}]]]>
              </value>
            </param>
          </params>
          <reporter-output>
          </reporter-output>
        </test-method> <!-- screenShot -->
        <test-method signature="popUpOk()[pri:57, instance:healthApp.HealthEndToEndScript@117159c0]" started-at="2024-09-18T14:10:19 IST" name="popUpOk" finished-at="2024-09-18T14:10:24 IST" duration-ms="4272" status="PASS">
          <reporter-output>
          </reporter-output>
        </test-method> <!-- popUpOk -->
        <test-method is-config="true" signature="screenShot(org.testng.ITestResult)[pri:0, instance:healthApp.HealthEndToEndScript@117159c0]" started-at="2024-09-18T14:10:24 IST" name="screenShot" finished-at="2024-09-18T14:10:24 IST" duration-ms="1" status="PASS">
          <params>
            <param index="0">
              <value>
                <![CDATA[[TestResult name=popUpOk status=SUCCESS method=HealthEndToEndScript.popUpOk()[pri:57, instance:healthApp.HealthEndToEndScript@117159c0] output={null}]]]>
              </value>
            </param>
          </params>
          <reporter-output>
          </reporter-output>
        </test-method> <!-- screenShot -->
        <test-method signature="Camera()[pri:58, instance:healthApp.HealthEndToEndScript@117159c0]" started-at="2024-09-18T14:10:24 IST" name="Camera" finished-at="2024-09-18T14:10:41 IST" duration-ms="17109" status="PASS">
          <reporter-output>
          </reporter-output>
        </test-method> <!-- Camera -->
        <test-method is-config="true" signature="screenShot(org.testng.ITestResult)[pri:0, instance:healthApp.HealthEndToEndScript@117159c0]" started-at="2024-09-18T14:10:41 IST" name="screenShot" finished-at="2024-09-18T14:10:41 IST" duration-ms="0" status="PASS">
          <params>
            <param index="0">
              <value>
                <![CDATA[[TestResult name=Camera status=SUCCESS method=HealthEndToEndScript.Camera()[pri:58, instance:healthApp.HealthEndToEndScript@117159c0] output={null}]]]>
              </value>
            </param>
          </params>
          <reporter-output>
          </reporter-output>
        </test-method> <!-- screenShot -->
        <test-method signature="UploadCam()[pri:59, instance:healthApp.HealthEndToEndScript@117159c0]" started-at="2024-09-18T14:10:41 IST" name="UploadCam" finished-at="2024-09-18T14:10:48 IST" duration-ms="7288" status="PASS">
          <reporter-output>
          </reporter-output>
        </test-method> <!-- UploadCam -->
        <test-method is-config="true" signature="screenShot(org.testng.ITestResult)[pri:0, instance:healthApp.HealthEndToEndScript@117159c0]" started-at="2024-09-18T14:10:48 IST" name="screenShot" finished-at="2024-09-18T14:10:48 IST" duration-ms="1" status="PASS">
          <params>
            <param index="0">
              <value>
                <![CDATA[[TestResult name=UploadCam status=SUCCESS method=HealthEndToEndScript.UploadCam()[pri:59, instance:healthApp.HealthEndToEndScript@117159c0] output={null}]]]>
              </value>
            </param>
          </params>
          <reporter-output>
          </reporter-output>
        </test-method> <!-- screenShot -->
        <test-method signature="UploadCamOk()[pri:60, instance:healthApp.HealthEndToEndScript@117159c0]" started-at="2024-09-18T14:10:48 IST" name="UploadCamOk" finished-at="2024-09-18T14:11:04 IST" duration-ms="15969" status="PASS">
          <reporter-output>
          </reporter-output>
        </test-method> <!-- UploadCamOk -->
        <test-method is-config="true" signature="screenShot(org.testng.ITestResult)[pri:0, instance:healthApp.HealthEndToEndScript@117159c0]" started-at="2024-09-18T14:11:04 IST" name="screenShot" finished-at="2024-09-18T14:11:04 IST" duration-ms="0" status="PASS">
          <params>
            <param index="0">
              <value>
                <![CDATA[[TestResult name=UploadCamOk status=SUCCESS method=HealthEndToEndScript.UploadCamOk()[pri:60, instance:healthApp.HealthEndToEndScript@117159c0] output={null}]]]>
              </value>
            </param>
          </params>
          <reporter-output>
          </reporter-output>
        </test-method> <!-- screenShot -->
        <test-method signature="UploadDocuments1()[pri:61, instance:healthApp.HealthEndToEndScript@117159c0]" started-at="2024-09-18T14:11:04 IST" name="UploadDocuments1" finished-at="2024-09-18T14:11:07 IST" duration-ms="3134" status="PASS">
          <reporter-output>
          </reporter-output>
        </test-method> <!-- UploadDocuments1 -->
        <test-method signature="DocumentsDropDown1()[pri:62, instance:healthApp.HealthEndToEndScript@117159c0]" started-at="2024-09-18T14:11:07 IST" name="DocumentsDropDown1" finished-at="2024-09-18T14:11:12 IST" duration-ms="5215" status="PASS">
          <reporter-output>
          </reporter-output>
        </test-method> <!-- DocumentsDropDown1 -->
        <test-method is-config="true" signature="screenShot(org.testng.ITestResult)[pri:0, instance:healthApp.HealthEndToEndScript@117159c0]" started-at="2024-09-18T14:11:07 IST" name="screenShot" finished-at="2024-09-18T14:11:07 IST" duration-ms="0" status="PASS">
          <params>
            <param index="0">
              <value>
                <![CDATA[[TestResult name=UploadDocuments1 status=SUCCESS method=HealthEndToEndScript.UploadDocuments1()[pri:61, instance:healthApp.HealthEndToEndScript@117159c0] output={null}]]]>
              </value>
            </param>
          </params>
          <reporter-output>
          </reporter-output>
        </test-method> <!-- screenShot -->
        <test-method is-config="true" signature="screenShot(org.testng.ITestResult)[pri:0, instance:healthApp.HealthEndToEndScript@117159c0]" started-at="2024-09-18T14:11:12 IST" name="screenShot" finished-at="2024-09-18T14:11:12 IST" duration-ms="0" status="PASS">
          <params>
            <param index="0">
              <value>
                <![CDATA[[TestResult name=DocumentsDropDown1 status=SUCCESS method=HealthEndToEndScript.DocumentsDropDown1()[pri:62, instance:healthApp.HealthEndToEndScript@117159c0] output={null}]]]>
              </value>
            </param>
          </params>
          <reporter-output>
          </reporter-output>
        </test-method> <!-- screenShot -->
        <test-method signature="DischargeSummary1()[pri:63, instance:healthApp.HealthEndToEndScript@117159c0]" started-at="2024-09-18T14:11:12 IST" name="DischargeSummary1" finished-at="2024-09-18T14:11:15 IST" duration-ms="2245" status="PASS">
          <reporter-output>
          </reporter-output>
        </test-method> <!-- DischargeSummary1 -->
        <test-method is-config="true" signature="screenShot(org.testng.ITestResult)[pri:0, instance:healthApp.HealthEndToEndScript@117159c0]" started-at="2024-09-18T14:11:15 IST" name="screenShot" finished-at="2024-09-18T14:11:15 IST" duration-ms="1" status="PASS">
          <params>
            <param index="0">
              <value>
                <![CDATA[[TestResult name=DischargeSummary1 status=SUCCESS method=HealthEndToEndScript.DischargeSummary1()[pri:63, instance:healthApp.HealthEndToEndScript@117159c0] output={null}]]]>
              </value>
            </param>
          </params>
          <reporter-output>
          </reporter-output>
        </test-method> <!-- screenShot -->
        <test-method signature="CreatedBy1()[pri:64, instance:healthApp.HealthEndToEndScript@117159c0]" started-at="2024-09-18T14:11:15 IST" name="CreatedBy1" finished-at="2024-09-18T14:11:17 IST" duration-ms="2746" status="PASS">
          <reporter-output>
          </reporter-output>
        </test-method> <!-- CreatedBy1 -->
        <test-method is-config="true" signature="screenShot(org.testng.ITestResult)[pri:0, instance:healthApp.HealthEndToEndScript@117159c0]" started-at="2024-09-18T14:11:17 IST" name="screenShot" finished-at="2024-09-18T14:11:17 IST" duration-ms="0" status="PASS">
          <params>
            <param index="0">
              <value>
                <![CDATA[[TestResult name=CreatedBy1 status=SUCCESS method=HealthEndToEndScript.CreatedBy1()[pri:64, instance:healthApp.HealthEndToEndScript@117159c0] output={null}]]]>
              </value>
            </param>
          </params>
          <reporter-output>
          </reporter-output>
        </test-method> <!-- screenShot -->
        <test-method signature="DocumentOn1()[pri:65, instance:healthApp.HealthEndToEndScript@117159c0]" started-at="2024-09-18T14:11:17 IST" name="DocumentOn1" finished-at="2024-09-18T14:11:20 IST" duration-ms="2240" status="PASS">
          <reporter-output>
          </reporter-output>
        </test-method> <!-- DocumentOn1 -->
        <test-method is-config="true" signature="screenShot(org.testng.ITestResult)[pri:0, instance:healthApp.HealthEndToEndScript@117159c0]" started-at="2024-09-18T14:11:20 IST" name="screenShot" finished-at="2024-09-18T14:11:20 IST" duration-ms="0" status="PASS">
          <params>
            <param index="0">
              <value>
                <![CDATA[[TestResult name=DocumentOn1 status=SUCCESS method=HealthEndToEndScript.DocumentOn1()[pri:65, instance:healthApp.HealthEndToEndScript@117159c0] output={null}]]]>
              </value>
            </param>
          </params>
          <reporter-output>
          </reporter-output>
        </test-method> <!-- screenShot -->
        <test-method signature="popUpOk1()[pri:66, instance:healthApp.HealthEndToEndScript@117159c0]" started-at="2024-09-18T14:11:20 IST" name="popUpOk1" finished-at="2024-09-18T14:11:22 IST" duration-ms="2270" status="PASS">
          <reporter-output>
          </reporter-output>
        </test-method> <!-- popUpOk1 -->
        <test-method is-config="true" signature="screenShot(org.testng.ITestResult)[pri:0, instance:healthApp.HealthEndToEndScript@117159c0]" started-at="2024-09-18T14:11:22 IST" name="screenShot" finished-at="2024-09-18T14:11:22 IST" duration-ms="8" status="PASS">
          <params>
            <param index="0">
              <value>
                <![CDATA[[TestResult name=popUpOk1 status=SUCCESS method=HealthEndToEndScript.popUpOk1()[pri:66, instance:healthApp.HealthEndToEndScript@117159c0] output={null}]]]>
              </value>
            </param>
          </params>
          <reporter-output>
          </reporter-output>
        </test-method> <!-- screenShot -->
        <test-method signature="Gallery()[pri:67, instance:healthApp.HealthEndToEndScript@117159c0]" started-at="2024-09-18T14:11:22 IST" name="Gallery" finished-at="2024-09-18T14:11:24 IST" duration-ms="2290" status="PASS">
          <reporter-output>
          </reporter-output>
        </test-method> <!-- Gallery -->
        <test-method is-config="true" signature="screenShot(org.testng.ITestResult)[pri:0, instance:healthApp.HealthEndToEndScript@117159c0]" started-at="2024-09-18T14:11:24 IST" name="screenShot" finished-at="2024-09-18T14:11:24 IST" duration-ms="1" status="PASS">
          <params>
            <param index="0">
              <value>
                <![CDATA[[TestResult name=Gallery status=SUCCESS method=HealthEndToEndScript.Gallery()[pri:67, instance:healthApp.HealthEndToEndScript@117159c0] output={null}]]]>
              </value>
            </param>
          </params>
          <reporter-output>
          </reporter-output>
        </test-method> <!-- screenShot -->
        <test-method signature="photo()[pri:68, instance:healthApp.HealthEndToEndScript@117159c0]" started-at="2024-09-18T14:11:24 IST" name="photo" finished-at="2024-09-18T14:11:34 IST" duration-ms="10299" status="PASS">
          <reporter-output>
          </reporter-output>
        </test-method> <!-- photo -->
        <test-method is-config="true" signature="screenShot(org.testng.ITestResult)[pri:0, instance:healthApp.HealthEndToEndScript@117159c0]" started-at="2024-09-18T14:11:34 IST" name="screenShot" finished-at="2024-09-18T14:11:34 IST" duration-ms="1" status="PASS">
          <params>
            <param index="0">
              <value>
                <![CDATA[[TestResult name=photo status=SUCCESS method=HealthEndToEndScript.photo()[pri:68, instance:healthApp.HealthEndToEndScript@117159c0] output={null}]]]>
              </value>
            </param>
          </params>
          <reporter-output>
          </reporter-output>
        </test-method> <!-- screenShot -->
        <test-method signature="Upload()[pri:69, instance:healthApp.HealthEndToEndScript@117159c0]" started-at="2024-09-18T14:11:34 IST" name="Upload" finished-at="2024-09-18T14:11:37 IST" duration-ms="2282" status="PASS">
          <reporter-output>
          </reporter-output>
        </test-method> <!-- Upload -->
        <test-method is-config="true" signature="screenShot(org.testng.ITestResult)[pri:0, instance:healthApp.HealthEndToEndScript@117159c0]" started-at="2024-09-18T14:11:37 IST" name="screenShot" finished-at="2024-09-18T14:11:37 IST" duration-ms="0" status="PASS">
          <params>
            <param index="0">
              <value>
                <![CDATA[[TestResult name=Upload status=SUCCESS method=HealthEndToEndScript.Upload()[pri:69, instance:healthApp.HealthEndToEndScript@117159c0] output={null}]]]>
              </value>
            </param>
          </params>
          <reporter-output>
          </reporter-output>
        </test-method> <!-- screenShot -->
        <test-method signature="UploadOk()[pri:70, instance:healthApp.HealthEndToEndScript@117159c0]" started-at="2024-09-18T14:11:37 IST" name="UploadOk" finished-at="2024-09-18T14:11:58 IST" duration-ms="20751" status="PASS">
          <reporter-output>
          </reporter-output>
        </test-method> <!-- UploadOk -->
        <test-method is-config="true" signature="screenShot(org.testng.ITestResult)[pri:0, instance:healthApp.HealthEndToEndScript@117159c0]" started-at="2024-09-18T14:11:58 IST" name="screenShot" finished-at="2024-09-18T14:11:58 IST" duration-ms="0" status="PASS">
          <params>
            <param index="0">
              <value>
                <![CDATA[[TestResult name=UploadOk status=SUCCESS method=HealthEndToEndScript.UploadOk()[pri:70, instance:healthApp.HealthEndToEndScript@117159c0] output={null}]]]>
              </value>
            </param>
          </params>
          <reporter-output>
          </reporter-output>
        </test-method> <!-- screenShot -->
        <test-method signature="AddButton4()[pri:71, instance:healthApp.HealthEndToEndScript@117159c0]" started-at="2024-09-18T14:11:58 IST" name="AddButton4" finished-at="2024-09-18T14:12:08 IST" duration-ms="10527" status="PASS">
          <reporter-output>
          </reporter-output>
        </test-method> <!-- AddButton4 -->
        <test-method is-config="true" signature="screenShot(org.testng.ITestResult)[pri:0, instance:healthApp.HealthEndToEndScript@117159c0]" started-at="2024-09-18T14:12:08 IST" name="screenShot" finished-at="2024-09-18T14:12:08 IST" duration-ms="0" status="PASS">
          <params>
            <param index="0">
              <value>
                <![CDATA[[TestResult name=AddButton4 status=SUCCESS method=HealthEndToEndScript.AddButton4()[pri:71, instance:healthApp.HealthEndToEndScript@117159c0] output={null}]]]>
              </value>
            </param>
          </params>
          <reporter-output>
          </reporter-output>
        </test-method> <!-- screenShot -->
        <test-method signature="BookLabTest11()[pri:72, instance:healthApp.HealthEndToEndScript@117159c0]" started-at="2024-09-18T14:12:08 IST" name="BookLabTest11" finished-at="2024-09-18T14:12:14 IST" duration-ms="5661" status="PASS">
          <reporter-output>
          </reporter-output>
        </test-method> <!-- BookLabTest11 -->
        <test-method is-config="true" signature="screenShot(org.testng.ITestResult)[pri:0, instance:healthApp.HealthEndToEndScript@117159c0]" started-at="2024-09-18T14:12:14 IST" name="screenShot" finished-at="2024-09-18T14:12:14 IST" duration-ms="1" status="PASS">
          <params>
            <param index="0">
              <value>
                <![CDATA[[TestResult name=BookLabTest11 status=SUCCESS method=HealthEndToEndScript.BookLabTest11()[pri:72, instance:healthApp.HealthEndToEndScript@117159c0] output={null}]]]>
              </value>
            </param>
          </params>
          <reporter-output>
          </reporter-output>
        </test-method> <!-- screenShot -->
        <test-method signature="SelectLab()[pri:73, instance:healthApp.HealthEndToEndScript@117159c0]" started-at="2024-09-18T14:12:14 IST" name="SelectLab" finished-at="2024-09-18T14:12:19 IST" duration-ms="5299" status="PASS">
          <reporter-output>
          </reporter-output>
        </test-method> <!-- SelectLab -->
        <test-method signature="ClickLab()[pri:74, instance:healthApp.HealthEndToEndScript@117159c0]" started-at="2024-09-18T14:12:19 IST" name="ClickLab" finished-at="2024-09-18T14:12:24 IST" duration-ms="5326" status="PASS">
          <reporter-output>
          </reporter-output>
        </test-method> <!-- ClickLab -->
        <test-method is-config="true" signature="screenShot(org.testng.ITestResult)[pri:0, instance:healthApp.HealthEndToEndScript@117159c0]" started-at="2024-09-18T14:12:19 IST" name="screenShot" finished-at="2024-09-18T14:12:19 IST" duration-ms="0" status="PASS">
          <params>
            <param index="0">
              <value>
                <![CDATA[[TestResult name=SelectLab status=SUCCESS method=HealthEndToEndScript.SelectLab()[pri:73, instance:healthApp.HealthEndToEndScript@117159c0] output={null}]]]>
              </value>
            </param>
          </params>
          <reporter-output>
          </reporter-output>
        </test-method> <!-- screenShot -->
        <test-method is-config="true" signature="screenShot(org.testng.ITestResult)[pri:0, instance:healthApp.HealthEndToEndScript@117159c0]" started-at="2024-09-18T14:12:24 IST" name="screenShot" finished-at="2024-09-18T14:12:24 IST" duration-ms="1" status="PASS">
          <params>
            <param index="0">
              <value>
                <![CDATA[[TestResult name=ClickLab status=SUCCESS method=HealthEndToEndScript.ClickLab()[pri:74, instance:healthApp.HealthEndToEndScript@117159c0] output={null}]]]>
              </value>
            </param>
          </params>
          <reporter-output>
          </reporter-output>
        </test-method> <!-- screenShot -->
        <test-method signature="Comments()[pri:75, instance:healthApp.HealthEndToEndScript@117159c0]" started-at="2024-09-18T14:12:24 IST" name="Comments" finished-at="2024-09-18T14:12:30 IST" duration-ms="5216" status="PASS">
          <reporter-output>
          </reporter-output>
        </test-method> <!-- Comments -->
        <test-method is-config="true" signature="screenShot(org.testng.ITestResult)[pri:0, instance:healthApp.HealthEndToEndScript@117159c0]" started-at="2024-09-18T14:12:30 IST" name="screenShot" finished-at="2024-09-18T14:12:30 IST" duration-ms="1" status="PASS">
          <params>
            <param index="0">
              <value>
                <![CDATA[[TestResult name=Comments status=SUCCESS method=HealthEndToEndScript.Comments()[pri:75, instance:healthApp.HealthEndToEndScript@117159c0] output={null}]]]>
              </value>
            </param>
          </params>
          <reporter-output>
          </reporter-output>
        </test-method> <!-- screenShot -->
        <test-method signature="VaccineLabel()[pri:76, instance:healthApp.HealthEndToEndScript@117159c0]" started-at="2024-09-18T14:12:30 IST" name="VaccineLabel" finished-at="2024-09-18T14:13:00 IST" duration-ms="30725" status="PASS">
          <reporter-output>
          </reporter-output>
        </test-method> <!-- VaccineLabel -->
        <test-method is-config="true" signature="screenShot(org.testng.ITestResult)[pri:0, instance:healthApp.HealthEndToEndScript@117159c0]" started-at="2024-09-18T14:13:00 IST" name="screenShot" finished-at="2024-09-18T14:13:00 IST" duration-ms="0" status="PASS">
          <params>
            <param index="0">
              <value>
                <![CDATA[[TestResult name=VaccineLabel status=SUCCESS method=HealthEndToEndScript.VaccineLabel()[pri:76, instance:healthApp.HealthEndToEndScript@117159c0] output={null}]]]>
              </value>
            </param>
          </params>
          <reporter-output>
          </reporter-output>
        </test-method> <!-- screenShot -->
        <test-method signature="BookLabTest1()[pri:77, instance:healthApp.HealthEndToEndScript@117159c0]" started-at="2024-09-18T14:13:00 IST" name="BookLabTest1" finished-at="2024-09-18T14:13:11 IST" duration-ms="10248" status="PASS">
          <reporter-output>
          </reporter-output>
        </test-method> <!-- BookLabTest1 -->
        <test-method is-config="true" signature="screenShot(org.testng.ITestResult)[pri:0, instance:healthApp.HealthEndToEndScript@117159c0]" started-at="2024-09-18T14:13:11 IST" name="screenShot" finished-at="2024-09-18T14:13:11 IST" duration-ms="1" status="PASS">
          <params>
            <param index="0">
              <value>
                <![CDATA[[TestResult name=BookLabTest1 status=SUCCESS method=HealthEndToEndScript.BookLabTest1()[pri:77, instance:healthApp.HealthEndToEndScript@117159c0] output={null}]]]>
              </value>
            </param>
          </params>
          <reporter-output>
          </reporter-output>
        </test-method> <!-- screenShot -->
        <test-method signature="Done2()[pri:78, instance:healthApp.HealthEndToEndScript@117159c0]" started-at="2024-09-18T14:13:11 IST" name="Done2" finished-at="2024-09-18T14:13:16 IST" duration-ms="5244" status="PASS">
          <reporter-output>
          </reporter-output>
        </test-method> <!-- Done2 -->
        <test-method is-config="true" signature="screenShot(org.testng.ITestResult)[pri:0, instance:healthApp.HealthEndToEndScript@117159c0]" started-at="2024-09-18T14:13:16 IST" name="screenShot" finished-at="2024-09-18T14:13:16 IST" duration-ms="1" status="PASS">
          <params>
            <param index="0">
              <value>
                <![CDATA[[TestResult name=Done2 status=SUCCESS method=HealthEndToEndScript.Done2()[pri:78, instance:healthApp.HealthEndToEndScript@117159c0] output={null}]]]>
              </value>
            </param>
          </params>
          <reporter-output>
          </reporter-output>
        </test-method> <!-- screenShot -->
        <test-method signature="SelectFamilyMember3()[pri:79, instance:healthApp.HealthEndToEndScript@117159c0]" started-at="2024-09-18T14:13:16 IST" name="SelectFamilyMember3" finished-at="2024-09-18T14:13:31 IST" duration-ms="15545" status="PASS">
          <reporter-output>
          </reporter-output>
        </test-method> <!-- SelectFamilyMember3 -->
        <test-method is-config="true" signature="screenShot(org.testng.ITestResult)[pri:0, instance:healthApp.HealthEndToEndScript@117159c0]" started-at="2024-09-18T14:13:31 IST" name="screenShot" finished-at="2024-09-18T14:13:31 IST" duration-ms="6" status="PASS">
          <params>
            <param index="0">
              <value>
                <![CDATA[[TestResult name=SelectFamilyMember3 status=SUCCESS method=HealthEndToEndScript.SelectFamilyMember3()[pri:79, instance:healthApp.HealthEndToEndScript@117159c0] output={null}]]]>
              </value>
            </param>
          </params>
          <reporter-output>
          </reporter-output>
        </test-method> <!-- screenShot -->
        <test-method signature="Immunization()[pri:80, instance:healthApp.HealthEndToEndScript@117159c0]" started-at="2024-09-18T14:13:31 IST" name="Immunization" finished-at="2024-09-18T14:13:37 IST" duration-ms="5583" status="PASS">
          <reporter-output>
          </reporter-output>
        </test-method> <!-- Immunization -->
        <test-method is-config="true" signature="screenShot(org.testng.ITestResult)[pri:0, instance:healthApp.HealthEndToEndScript@117159c0]" started-at="2024-09-18T14:13:37 IST" name="screenShot" finished-at="2024-09-18T14:13:37 IST" duration-ms="0" status="PASS">
          <params>
            <param index="0">
              <value>
                <![CDATA[[TestResult name=Immunization status=SUCCESS method=HealthEndToEndScript.Immunization()[pri:80, instance:healthApp.HealthEndToEndScript@117159c0] output={null}]]]>
              </value>
            </param>
          </params>
          <reporter-output>
          </reporter-output>
        </test-method> <!-- screenShot -->
        <test-method signature="Birth()[pri:81, instance:healthApp.HealthEndToEndScript@117159c0]" started-at="2024-09-18T14:13:37 IST" name="Birth" finished-at="2024-09-18T14:14:13 IST" duration-ms="36265" status="PASS">
          <reporter-output>
          </reporter-output>
        </test-method> <!-- Birth -->
        <test-method is-config="true" signature="screenShot(org.testng.ITestResult)[pri:0, instance:healthApp.HealthEndToEndScript@117159c0]" started-at="2024-09-18T14:14:13 IST" name="screenShot" finished-at="2024-09-18T14:14:13 IST" duration-ms="0" status="PASS">
          <params>
            <param index="0">
              <value>
                <![CDATA[[TestResult name=Birth status=SUCCESS method=HealthEndToEndScript.Birth()[pri:81, instance:healthApp.HealthEndToEndScript@117159c0] output={null}]]]>
              </value>
            </param>
          </params>
          <reporter-output>
          </reporter-output>
        </test-method> <!-- screenShot -->
        <test-method signature="PopUpOk()[pri:82, instance:healthApp.HealthEndToEndScript@117159c0]" started-at="2024-09-18T14:14:13 IST" name="PopUpOk" finished-at="2024-09-18T14:14:40 IST" duration-ms="26773" status="PASS">
          <reporter-output>
          </reporter-output>
        </test-method> <!-- PopUpOk -->
        <test-method is-config="true" signature="screenShot(org.testng.ITestResult)[pri:0, instance:healthApp.HealthEndToEndScript@117159c0]" started-at="2024-09-18T14:14:40 IST" name="screenShot" finished-at="2024-09-18T14:14:40 IST" duration-ms="8" status="PASS">
          <params>
            <param index="0">
              <value>
                <![CDATA[[TestResult name=PopUpOk status=SUCCESS method=HealthEndToEndScript.PopUpOk()[pri:82, instance:healthApp.HealthEndToEndScript@117159c0] output={null}]]]>
              </value>
            </param>
          </params>
          <reporter-output>
          </reporter-output>
        </test-method> <!-- screenShot -->
        <test-method signature="AddButton2()[pri:83, instance:healthApp.HealthEndToEndScript@117159c0]" started-at="2024-09-18T14:14:40 IST" name="AddButton2" finished-at="2024-09-18T14:15:02 IST" duration-ms="21566" status="PASS">
          <reporter-output>
          </reporter-output>
        </test-method> <!-- AddButton2 -->
        <test-method is-config="true" signature="screenShot(org.testng.ITestResult)[pri:0, instance:healthApp.HealthEndToEndScript@117159c0]" started-at="2024-09-18T14:15:02 IST" name="screenShot" finished-at="2024-09-18T14:15:02 IST" duration-ms="1" status="PASS">
          <params>
            <param index="0">
              <value>
                <![CDATA[[TestResult name=AddButton2 status=SUCCESS method=HealthEndToEndScript.AddButton2()[pri:83, instance:healthApp.HealthEndToEndScript@117159c0] output={null}]]]>
              </value>
            </param>
          </params>
          <reporter-output>
          </reporter-output>
        </test-method> <!-- screenShot -->
        <test-method signature="AllVisits()[pri:84, instance:healthApp.HealthEndToEndScript@117159c0]" started-at="2024-09-18T14:15:02 IST" name="AllVisits" finished-at="2024-09-18T14:15:07 IST" duration-ms="5623" status="PASS">
          <reporter-output>
          </reporter-output>
        </test-method> <!-- AllVisits -->
        <test-method is-config="true" signature="screenShot(org.testng.ITestResult)[pri:0, instance:healthApp.HealthEndToEndScript@117159c0]" started-at="2024-09-18T14:15:07 IST" name="screenShot" finished-at="2024-09-18T14:15:07 IST" duration-ms="0" status="PASS">
          <params>
            <param index="0">
              <value>
                <![CDATA[[TestResult name=AllVisits status=SUCCESS method=HealthEndToEndScript.AllVisits()[pri:84, instance:healthApp.HealthEndToEndScript@117159c0] output={null}]]]>
              </value>
            </param>
          </params>
          <reporter-output>
          </reporter-output>
        </test-method> <!-- screenShot -->
        <test-method signature="AddVitalsClick()[pri:85, instance:healthApp.HealthEndToEndScript@117159c0]" started-at="2024-09-18T14:15:07 IST" name="AddVitalsClick" finished-at="2024-09-18T14:15:13 IST" duration-ms="5326" status="PASS">
          <reporter-output>
          </reporter-output>
        </test-method> <!-- AddVitalsClick -->
        <test-method is-config="true" signature="screenShot(org.testng.ITestResult)[pri:0, instance:healthApp.HealthEndToEndScript@117159c0]" started-at="2024-09-18T14:15:13 IST" name="screenShot" finished-at="2024-09-18T14:15:13 IST" duration-ms="10" status="PASS">
          <params>
            <param index="0">
              <value>
                <![CDATA[[TestResult name=AddVitalsClick status=SUCCESS method=HealthEndToEndScript.AddVitalsClick()[pri:85, instance:healthApp.HealthEndToEndScript@117159c0] output={null}]]]>
              </value>
            </param>
          </params>
          <reporter-output>
          </reporter-output>
        </test-method> <!-- screenShot -->
        <test-method signature="AddVitals()[pri:86, instance:healthApp.HealthEndToEndScript@117159c0]" started-at="2024-09-18T14:15:13 IST" name="AddVitals" finished-at="2024-09-18T14:15:50 IST" duration-ms="37820" status="PASS">
          <reporter-output>
          </reporter-output>
        </test-method> <!-- AddVitals -->
        <test-method is-config="true" signature="screenShot(org.testng.ITestResult)[pri:0, instance:healthApp.HealthEndToEndScript@117159c0]" started-at="2024-09-18T14:15:50 IST" name="screenShot" finished-at="2024-09-18T14:15:50 IST" duration-ms="8" status="PASS">
          <params>
            <param index="0">
              <value>
                <![CDATA[[TestResult name=AddVitals status=SUCCESS method=HealthEndToEndScript.AddVitals()[pri:86, instance:healthApp.HealthEndToEndScript@117159c0] output={null}]]]>
              </value>
            </param>
          </params>
          <reporter-output>
          </reporter-output>
        </test-method> <!-- screenShot -->
        <test-method signature="LipidProfile()[pri:87, instance:healthApp.HealthEndToEndScript@117159c0]" started-at="2024-09-18T14:15:50 IST" name="LipidProfile" finished-at="2024-09-18T14:16:18 IST" duration-ms="27314" status="PASS">
          <reporter-output>
          </reporter-output>
        </test-method> <!-- LipidProfile -->
        <test-method is-config="true" signature="screenShot(org.testng.ITestResult)[pri:0, instance:healthApp.HealthEndToEndScript@117159c0]" started-at="2024-09-18T14:16:18 IST" name="screenShot" finished-at="2024-09-18T14:16:18 IST" duration-ms="3" status="PASS">
          <params>
            <param index="0">
              <value>
                <![CDATA[[TestResult name=LipidProfile status=SUCCESS method=HealthEndToEndScript.LipidProfile()[pri:87, instance:healthApp.HealthEndToEndScript@117159c0] output={null}]]]>
              </value>
            </param>
          </params>
          <reporter-output>
          </reporter-output>
        </test-method> <!-- screenShot -->
        <test-method is-config="true" signature="AfterSuite()[pri:0, instance:healthApp.HealthEndToEndScript@117159c0]" started-at="2024-09-18T14:16:18 IST" name="AfterSuite" finished-at="2024-09-18T14:16:18 IST" duration-ms="0" status="PASS">
          <reporter-output>
          </reporter-output>
        </test-method> <!-- AfterSuite -->
      </class> <!-- healthApp.HealthEndToEndScript -->
    </test> <!-- Default test -->
  </suite> <!-- Default suite -->
</testng-results>
