<?xml version="1.0" encoding="UTF-8"?>
<!-- Generated by org.testng.reporters.JUnitReportReporter -->
<testsuite hostname="DESKTOP-VQLLA2K" failures="0" tests="31" name="pivotalApplication.GovImmunization" time="99.378" errors="26" timestamp="2023-10-11T16:37:02 IST" skipped="0">
  <testcase classname="pivotalApplication.GovImmunization" name="NumberField" time="1.453"/>
  <testcase classname="pivotalApplication.GovImmunization" name="IAgree" time="2.239"/>
  <testcase classname="pivotalApplication.GovImmunization" name="proceedButton" time="2.545"/>
  <testcase classname="pivotalApplication.GovImmunization" name="OTP" time="11.158"/>
  <testcase classname="pivotalApplication.GovImmunization" name="submit" time="5.340"/>
  <testcase classname="pivotalApplication.GovImmunization" name="Search" time="6.344">
    <error message="An element could not be located on the page using the given search parameters.
For documentation on this error, please visit: https://selenium.dev/exceptions/#no_such_element
Build info: version: &#039;4.9.1&#039;, revision: &#039;eb2032df7f&#039;
System info: os.name: &#039;Windows 10&#039;, os.arch: &#039;amd64&#039;, os.version: &#039;10.0&#039;, java.version: &#039;17.0.5&#039;
Driver info: io.appium.java_client.AppiumDriver
Command: [b0c89eba-171c-4791-bae8-bc111c4695c4, findElement {using=xpath, value=//android.view.ViewGroup[@content-desc=&quot;search_icon&quot;]/android.widget.TextView}]
Capabilities {appium:app: D:\pivotalapp-20-june.apk, appium:appActivity: com.calculator_apps.MainAct..., appium:appPackage: com.calculator_apps, appium:automationName: UiAutomator2, appium:databaseEnabled: false, appium:desired: {app: D:\pivotalapp-20-june.apk, appActivity: com.calculator_apps.MainAct..., appPackage: com.calculator_apps, automationName: UiAutomator2, deviceName: samsung, platformName: ANDROID, platformVersion: 10}, appium:deviceApiLevel: 29, appium:deviceManufacturer: samsung, appium:deviceModel: SM-A305F, appium:deviceName: RZ8M5181Y3M, appium:deviceScreenDensity: 420, appium:deviceScreenSize: 1080x2340, appium:deviceUDID: RZ8M5181Y3M, appium:javascriptEnabled: true, appium:locationContextEnabled: false, appium:networkConnectionEnabled: true, appium:pixelRatio: 2.625, appium:platformVersion: 10, appium:statBarHeight: 83, appium:takesScreenshot: true, appium:viewportRect: {height: 2048, left: 0, top: 83, width: 1080}, appium:warnings: {}, appium:webStorageEnabled: false, platformName: ANDROID}
Session ID: b0c89eba-171c-4791-bae8-bc111c4695c4" type="org.openqa.selenium.NoSuchElementException">
      <![CDATA[org.openqa.selenium.NoSuchElementException: An element could not be located on the page using the given search parameters.
For documentation on this error, please visit: https://selenium.dev/exceptions/#no_such_element
Build info: version: '4.9.1', revision: 'eb2032df7f'
System info: os.name: 'Windows 10', os.arch: 'amd64', os.version: '10.0', java.version: '17.0.5'
Driver info: io.appium.java_client.AppiumDriver
Command: [b0c89eba-171c-4791-bae8-bc111c4695c4, findElement {using=xpath, value=//android.view.ViewGroup[@content-desc="search_icon"]/android.widget.TextView}]
Capabilities {appium:app: D:\pivotalapp-20-june.apk, appium:appActivity: com.calculator_apps.MainAct..., appium:appPackage: com.calculator_apps, appium:automationName: UiAutomator2, appium:databaseEnabled: false, appium:desired: {app: D:\pivotalapp-20-june.apk, appActivity: com.calculator_apps.MainAct..., appPackage: com.calculator_apps, automationName: UiAutomator2, deviceName: samsung, platformName: ANDROID, platformVersion: 10}, appium:deviceApiLevel: 29, appium:deviceManufacturer: samsung, appium:deviceModel: SM-A305F, appium:deviceName: RZ8M5181Y3M, appium:deviceScreenDensity: 420, appium:deviceScreenSize: 1080x2340, appium:deviceUDID: RZ8M5181Y3M, appium:javascriptEnabled: true, appium:locationContextEnabled: false, appium:networkConnectionEnabled: true, appium:pixelRatio: 2.625, appium:platformVersion: 10, appium:statBarHeight: 83, appium:takesScreenshot: true, appium:viewportRect: {height: 2048, left: 0, top: 83, width: 1080}, appium:warnings: {}, appium:webStorageEnabled: false, platformName: ANDROID}
Session ID: b0c89eba-171c-4791-bae8-bc111c4695c4
at java.base/jdk.internal.reflect.NativeConstructorAccessorImpl.newInstance0(Native Method)
at java.base/jdk.internal.reflect.NativeConstructorAccessorImpl.newInstance(NativeConstructorAccessorImpl.java:77)
at java.base/jdk.internal.reflect.DelegatingConstructorAccessorImpl.newInstance(DelegatingConstructorAccessorImpl.java:45)
at java.base/java.lang.reflect.Constructor.newInstanceWithCaller(Constructor.java:499)
at java.base/java.lang.reflect.Constructor.newInstance(Constructor.java:480)
at org.openqa.selenium.remote.codec.w3c.W3CHttpResponseCodec.createException(W3CHttpResponseCodec.java:200)
at org.openqa.selenium.remote.codec.w3c.W3CHttpResponseCodec.decode(W3CHttpResponseCodec.java:133)
at org.openqa.selenium.remote.codec.w3c.W3CHttpResponseCodec.decode(W3CHttpResponseCodec.java:53)
at org.openqa.selenium.remote.HttpCommandExecutor.execute(HttpCommandExecutor.java:193)
at io.appium.java_client.remote.AppiumCommandExecutor.execute(AppiumCommandExecutor.java:262)
at org.openqa.selenium.remote.RemoteWebDriver.execute(RemoteWebDriver.java:543)
at org.openqa.selenium.remote.ElementLocation$ElementFinder$2.findElement(ElementLocation.java:162)
at org.openqa.selenium.remote.ElementLocation.findElement(ElementLocation.java:60)
at org.openqa.selenium.remote.RemoteWebDriver.findElement(RemoteWebDriver.java:352)
at org.openqa.selenium.remote.RemoteWebDriver.findElement(RemoteWebDriver.java:344)
at pivotalApplication.GovImmunization.Search(GovImmunization.java:97)
at java.base/jdk.internal.reflect.NativeMethodAccessorImpl.invoke0(Native Method)
at java.base/jdk.internal.reflect.NativeMethodAccessorImpl.invoke(NativeMethodAccessorImpl.java:77)
at java.base/jdk.internal.reflect.DelegatingMethodAccessorImpl.invoke(DelegatingMethodAccessorImpl.java:43)
at java.base/java.lang.reflect.Method.invoke(Method.java:568)
at org.testng.internal.invokers.MethodInvocationHelper.invokeMethod(MethodInvocationHelper.java:139)
at org.testng.internal.invokers.TestInvoker.invokeMethod(TestInvoker.java:664)
at org.testng.internal.invokers.TestInvoker.invokeTestMethod(TestInvoker.java:227)
at org.testng.internal.invokers.MethodRunner.runInSequence(MethodRunner.java:50)
at org.testng.internal.invokers.TestInvoker$MethodInvocationAgent.invoke(TestInvoker.java:957)
at org.testng.internal.invokers.TestInvoker.invokeTestMethods(TestInvoker.java:200)
at org.testng.internal.invokers.TestMethodWorker.invokeTestMethods(TestMethodWorker.java:148)
at org.testng.internal.invokers.TestMethodWorker.run(TestMethodWorker.java:128)
at java.base/java.util.ArrayList.forEach(ArrayList.java:1511)
at org.testng.TestRunner.privateRun(TestRunner.java:848)
at org.testng.TestRunner.run(TestRunner.java:621)
at org.testng.SuiteRunner.runTest(SuiteRunner.java:443)
at org.testng.SuiteRunner.runSequentially(SuiteRunner.java:437)
at org.testng.SuiteRunner.privateRun(SuiteRunner.java:397)
at org.testng.SuiteRunner.run(SuiteRunner.java:336)
at org.testng.SuiteRunnerWorker.runSuite(SuiteRunnerWorker.java:52)
at org.testng.SuiteRunnerWorker.run(SuiteRunnerWorker.java:95)
at org.testng.TestNG.runSuitesSequentially(TestNG.java:1280)
at org.testng.TestNG.runSuitesLocally(TestNG.java:1200)
at org.testng.TestNG.runSuites(TestNG.java:1114)
at org.testng.TestNG.run(TestNG.java:1082)
at org.testng.remote.AbstractRemoteTestNG.run(AbstractRemoteTestNG.java:115)
at org.testng.remote.RemoteTestNG.initAndRun(RemoteTestNG.java:251)
at org.testng.remote.RemoteTestNG.main(RemoteTestNG.java:77)
]]>
    </error>
  </testcase> <!-- Search -->
  <testcase classname="pivotalApplication.GovImmunization" name="close" time="2.084">
    <error message="A session is either terminated or not started
Build info: version: &#039;4.9.1&#039;, revision: &#039;eb2032df7f&#039;
System info: os.name: &#039;Windows 10&#039;, os.arch: &#039;amd64&#039;, os.version: &#039;10.0&#039;, java.version: &#039;17.0.5&#039;
Driver info: io.appium.java_client.AppiumDriver
Command: [b0c89eba-171c-4791-bae8-bc111c4695c4, findElement {using=xpath, value=//android.view.ViewGroup[@content-desc=&quot;search_close&quot;]}]
Capabilities {appium:app: D:\pivotalapp-20-june.apk, appium:appActivity: com.calculator_apps.MainAct..., appium:appPackage: com.calculator_apps, appium:automationName: UiAutomator2, appium:databaseEnabled: false, appium:desired: {app: D:\pivotalapp-20-june.apk, appActivity: com.calculator_apps.MainAct..., appPackage: com.calculator_apps, automationName: UiAutomator2, deviceName: samsung, platformName: ANDROID, platformVersion: 10}, appium:deviceApiLevel: 29, appium:deviceManufacturer: samsung, appium:deviceModel: SM-A305F, appium:deviceName: RZ8M5181Y3M, appium:deviceScreenDensity: 420, appium:deviceScreenSize: 1080x2340, appium:deviceUDID: RZ8M5181Y3M, appium:javascriptEnabled: true, appium:locationContextEnabled: false, appium:networkConnectionEnabled: true, appium:pixelRatio: 2.625, appium:platformVersion: 10, appium:statBarHeight: 83, appium:takesScreenshot: true, appium:viewportRect: {height: 2048, left: 0, top: 83, width: 1080}, appium:warnings: {}, appium:webStorageEnabled: false, platformName: ANDROID}
Session ID: b0c89eba-171c-4791-bae8-bc111c4695c4" type="org.openqa.selenium.NoSuchSessionException">
      <![CDATA[org.openqa.selenium.NoSuchSessionException: A session is either terminated or not started
Build info: version: '4.9.1', revision: 'eb2032df7f'
System info: os.name: 'Windows 10', os.arch: 'amd64', os.version: '10.0', java.version: '17.0.5'
Driver info: io.appium.java_client.AppiumDriver
Command: [b0c89eba-171c-4791-bae8-bc111c4695c4, findElement {using=xpath, value=//android.view.ViewGroup[@content-desc="search_close"]}]
Capabilities {appium:app: D:\pivotalapp-20-june.apk, appium:appActivity: com.calculator_apps.MainAct..., appium:appPackage: com.calculator_apps, appium:automationName: UiAutomator2, appium:databaseEnabled: false, appium:desired: {app: D:\pivotalapp-20-june.apk, appActivity: com.calculator_apps.MainAct..., appPackage: com.calculator_apps, automationName: UiAutomator2, deviceName: samsung, platformName: ANDROID, platformVersion: 10}, appium:deviceApiLevel: 29, appium:deviceManufacturer: samsung, appium:deviceModel: SM-A305F, appium:deviceName: RZ8M5181Y3M, appium:deviceScreenDensity: 420, appium:deviceScreenSize: 1080x2340, appium:deviceUDID: RZ8M5181Y3M, appium:javascriptEnabled: true, appium:locationContextEnabled: false, appium:networkConnectionEnabled: true, appium:pixelRatio: 2.625, appium:platformVersion: 10, appium:statBarHeight: 83, appium:takesScreenshot: true, appium:viewportRect: {height: 2048, left: 0, top: 83, width: 1080}, appium:warnings: {}, appium:webStorageEnabled: false, platformName: ANDROID}
Session ID: b0c89eba-171c-4791-bae8-bc111c4695c4
at java.base/jdk.internal.reflect.NativeConstructorAccessorImpl.newInstance0(Native Method)
at java.base/jdk.internal.reflect.NativeConstructorAccessorImpl.newInstance(NativeConstructorAccessorImpl.java:77)
at java.base/jdk.internal.reflect.DelegatingConstructorAccessorImpl.newInstance(DelegatingConstructorAccessorImpl.java:45)
at java.base/java.lang.reflect.Constructor.newInstanceWithCaller(Constructor.java:499)
at java.base/java.lang.reflect.Constructor.newInstance(Constructor.java:480)
at org.openqa.selenium.remote.codec.w3c.W3CHttpResponseCodec.createException(W3CHttpResponseCodec.java:200)
at org.openqa.selenium.remote.codec.w3c.W3CHttpResponseCodec.decode(W3CHttpResponseCodec.java:133)
at org.openqa.selenium.remote.codec.w3c.W3CHttpResponseCodec.decode(W3CHttpResponseCodec.java:53)
at org.openqa.selenium.remote.HttpCommandExecutor.execute(HttpCommandExecutor.java:193)
at io.appium.java_client.remote.AppiumCommandExecutor.execute(AppiumCommandExecutor.java:262)
at org.openqa.selenium.remote.RemoteWebDriver.execute(RemoteWebDriver.java:543)
at org.openqa.selenium.remote.ElementLocation$ElementFinder$2.findElement(ElementLocation.java:162)
at org.openqa.selenium.remote.ElementLocation.findElement(ElementLocation.java:60)
at org.openqa.selenium.remote.RemoteWebDriver.findElement(RemoteWebDriver.java:352)
at org.openqa.selenium.remote.RemoteWebDriver.findElement(RemoteWebDriver.java:344)
at pivotalApplication.GovImmunization.close(GovImmunization.java:117)
at java.base/jdk.internal.reflect.NativeMethodAccessorImpl.invoke0(Native Method)
at java.base/jdk.internal.reflect.NativeMethodAccessorImpl.invoke(NativeMethodAccessorImpl.java:77)
at java.base/jdk.internal.reflect.DelegatingMethodAccessorImpl.invoke(DelegatingMethodAccessorImpl.java:43)
at java.base/java.lang.reflect.Method.invoke(Method.java:568)
at org.testng.internal.invokers.MethodInvocationHelper.invokeMethod(MethodInvocationHelper.java:139)
at org.testng.internal.invokers.TestInvoker.invokeMethod(TestInvoker.java:664)
at org.testng.internal.invokers.TestInvoker.invokeTestMethod(TestInvoker.java:227)
at org.testng.internal.invokers.MethodRunner.runInSequence(MethodRunner.java:50)
at org.testng.internal.invokers.TestInvoker$MethodInvocationAgent.invoke(TestInvoker.java:957)
at org.testng.internal.invokers.TestInvoker.invokeTestMethods(TestInvoker.java:200)
at org.testng.internal.invokers.TestMethodWorker.invokeTestMethods(TestMethodWorker.java:148)
at org.testng.internal.invokers.TestMethodWorker.run(TestMethodWorker.java:128)
at java.base/java.util.ArrayList.forEach(ArrayList.java:1511)
at org.testng.TestRunner.privateRun(TestRunner.java:848)
at org.testng.TestRunner.run(TestRunner.java:621)
at org.testng.SuiteRunner.runTest(SuiteRunner.java:443)
at org.testng.SuiteRunner.runSequentially(SuiteRunner.java:437)
at org.testng.SuiteRunner.privateRun(SuiteRunner.java:397)
at org.testng.SuiteRunner.run(SuiteRunner.java:336)
at org.testng.SuiteRunnerWorker.runSuite(SuiteRunnerWorker.java:52)
at org.testng.SuiteRunnerWorker.run(SuiteRunnerWorker.java:95)
at org.testng.TestNG.runSuitesSequentially(TestNG.java:1280)
at org.testng.TestNG.runSuitesLocally(TestNG.java:1200)
at org.testng.TestNG.runSuites(TestNG.java:1114)
at org.testng.TestNG.run(TestNG.java:1082)
at org.testng.remote.AbstractRemoteTestNG.run(AbstractRemoteTestNG.java:115)
at org.testng.remote.RemoteTestNG.initAndRun(RemoteTestNG.java:251)
at org.testng.remote.RemoteTestNG.main(RemoteTestNG.java:77)
]]>
    </error>
  </testcase> <!-- close -->
  <testcase classname="pivotalApplication.GovImmunization" name="ClickPatient" time="2.043">
    <error message="Connection refused: no further information
Build info: version: &#039;4.9.1&#039;, revision: &#039;eb2032df7f&#039;
System info: os.name: &#039;Windows 10&#039;, os.arch: &#039;amd64&#039;, os.version: &#039;10.0&#039;, java.version: &#039;17.0.5&#039;
Driver info: io.appium.java_client.AppiumDriver
Command: [b0c89eba-171c-4791-bae8-bc111c4695c4, findElements {using=class name, value=android.widget.TextView}]
Capabilities {appium:app: D:\pivotalapp-20-june.apk, appium:appActivity: com.calculator_apps.MainAct..., appium:appPackage: com.calculator_apps, appium:automationName: UiAutomator2, appium:databaseEnabled: false, appium:desired: {app: D:\pivotalapp-20-june.apk, appActivity: com.calculator_apps.MainAct..., appPackage: com.calculator_apps, automationName: UiAutomator2, deviceName: samsung, platformName: ANDROID, platformVersion: 10}, appium:deviceApiLevel: 29, appium:deviceManufacturer: samsung, appium:deviceModel: SM-A305F, appium:deviceName: RZ8M5181Y3M, appium:deviceScreenDensity: 420, appium:deviceScreenSize: 1080x2340, appium:deviceUDID: RZ8M5181Y3M, appium:javascriptEnabled: true, appium:locationContextEnabled: false, appium:networkConnectionEnabled: true, appium:pixelRatio: 2.625, appium:platformVersion: 10, appium:statBarHeight: 83, appium:takesScreenshot: true, appium:viewportRect: {height: 2048, left: 0, top: 83, width: 1080}, appium:warnings: {}, appium:webStorageEnabled: false, platformName: ANDROID}
Session ID: b0c89eba-171c-4791-bae8-bc111c4695c4" type="org.openqa.selenium.WebDriverException">
      <![CDATA[org.openqa.selenium.WebDriverException: Connection refused: no further information
Build info: version: '4.9.1', revision: 'eb2032df7f'
System info: os.name: 'Windows 10', os.arch: 'amd64', os.version: '10.0', java.version: '17.0.5'
Driver info: io.appium.java_client.AppiumDriver
Command: [b0c89eba-171c-4791-bae8-bc111c4695c4, findElements {using=class name, value=android.widget.TextView}]
Capabilities {appium:app: D:\pivotalapp-20-june.apk, appium:appActivity: com.calculator_apps.MainAct..., appium:appPackage: com.calculator_apps, appium:automationName: UiAutomator2, appium:databaseEnabled: false, appium:desired: {app: D:\pivotalapp-20-june.apk, appActivity: com.calculator_apps.MainAct..., appPackage: com.calculator_apps, automationName: UiAutomator2, deviceName: samsung, platformName: ANDROID, platformVersion: 10}, appium:deviceApiLevel: 29, appium:deviceManufacturer: samsung, appium:deviceModel: SM-A305F, appium:deviceName: RZ8M5181Y3M, appium:deviceScreenDensity: 420, appium:deviceScreenSize: 1080x2340, appium:deviceUDID: RZ8M5181Y3M, appium:javascriptEnabled: true, appium:locationContextEnabled: false, appium:networkConnectionEnabled: true, appium:pixelRatio: 2.625, appium:platformVersion: 10, appium:statBarHeight: 83, appium:takesScreenshot: true, appium:viewportRect: {height: 2048, left: 0, top: 83, width: 1080}, appium:warnings: {}, appium:webStorageEnabled: false, platformName: ANDROID}
Session ID: b0c89eba-171c-4791-bae8-bc111c4695c4
at io.appium.java_client.remote.AppiumCommandExecutor.lambda$execute$4(AppiumCommandExecutor.java:274)
at java.base/java.util.Optional.orElseGet(Optional.java:364)
at io.appium.java_client.remote.AppiumCommandExecutor.execute(AppiumCommandExecutor.java:273)
at org.openqa.selenium.remote.RemoteWebDriver.execute(RemoteWebDriver.java:543)
at org.openqa.selenium.remote.ElementLocation$ElementFinder$2.findElements(ElementLocation.java:179)
at org.openqa.selenium.remote.ElementLocation.findElements(ElementLocation.java:102)
at org.openqa.selenium.remote.RemoteWebDriver.findElements(RemoteWebDriver.java:367)
at org.openqa.selenium.remote.RemoteWebDriver.findElements(RemoteWebDriver.java:359)
at pivotalApplication.GovImmunization.ClickPatient(GovImmunization.java:127)
at java.base/jdk.internal.reflect.NativeMethodAccessorImpl.invoke0(Native Method)
at java.base/jdk.internal.reflect.NativeMethodAccessorImpl.invoke(NativeMethodAccessorImpl.java:77)
at java.base/jdk.internal.reflect.DelegatingMethodAccessorImpl.invoke(DelegatingMethodAccessorImpl.java:43)
at java.base/java.lang.reflect.Method.invoke(Method.java:568)
at org.testng.internal.invokers.MethodInvocationHelper.invokeMethod(MethodInvocationHelper.java:139)
at org.testng.internal.invokers.TestInvoker.invokeMethod(TestInvoker.java:664)
at org.testng.internal.invokers.TestInvoker.invokeTestMethod(TestInvoker.java:227)
at org.testng.internal.invokers.MethodRunner.runInSequence(MethodRunner.java:50)
at org.testng.internal.invokers.TestInvoker$MethodInvocationAgent.invoke(TestInvoker.java:957)
at org.testng.internal.invokers.TestInvoker.invokeTestMethods(TestInvoker.java:200)
at org.testng.internal.invokers.TestMethodWorker.invokeTestMethods(TestMethodWorker.java:148)
at org.testng.internal.invokers.TestMethodWorker.run(TestMethodWorker.java:128)
at java.base/java.util.ArrayList.forEach(ArrayList.java:1511)
at org.testng.TestRunner.privateRun(TestRunner.java:848)
at org.testng.TestRunner.run(TestRunner.java:621)
at org.testng.SuiteRunner.runTest(SuiteRunner.java:443)
at org.testng.SuiteRunner.runSequentially(SuiteRunner.java:437)
at org.testng.SuiteRunner.privateRun(SuiteRunner.java:397)
at org.testng.SuiteRunner.run(SuiteRunner.java:336)
at org.testng.SuiteRunnerWorker.runSuite(SuiteRunnerWorker.java:52)
at org.testng.SuiteRunnerWorker.run(SuiteRunnerWorker.java:95)
at org.testng.TestNG.runSuitesSequentially(TestNG.java:1280)
at org.testng.TestNG.runSuitesLocally(TestNG.java:1200)
at org.testng.TestNG.runSuites(TestNG.java:1114)
at org.testng.TestNG.run(TestNG.java:1082)
at org.testng.remote.AbstractRemoteTestNG.run(AbstractRemoteTestNG.java:115)
at org.testng.remote.RemoteTestNG.initAndRun(RemoteTestNG.java:251)
at org.testng.remote.RemoteTestNG.main(RemoteTestNG.java:77)
Caused by: java.net.ConnectException: Connection refused: no further information
at java.base/sun.nio.ch.Net.pollConnect(Native Method)
at java.base/sun.nio.ch.Net.pollConnectNow(Net.java:672)
at java.base/sun.nio.ch.SocketChannelImpl.finishConnect(SocketChannelImpl.java:946)
at io.netty.channel.socket.nio.NioSocketChannel.doFinishConnect(NioSocketChannel.java:337)
at io.netty.channel.nio.AbstractNioChannel$AbstractNioUnsafe.finishConnect(AbstractNioChannel.java:334)
at io.netty.channel.nio.NioEventLoop.processSelectedKey(NioEventLoop.java:776)
at io.netty.channel.nio.NioEventLoop.processSelectedKeysOptimized(NioEventLoop.java:724)
at io.netty.channel.nio.NioEventLoop.processSelectedKeys(NioEventLoop.java:650)
at io.netty.channel.nio.NioEventLoop.run(NioEventLoop.java:562)
at io.netty.util.concurrent.SingleThreadEventExecutor$4.run(SingleThreadEventExecutor.java:997)
at io.netty.util.internal.ThreadExecutorMap$2.run(ThreadExecutorMap.java:74)
at io.netty.util.concurrent.FastThreadLocalRunnable.run(FastThreadLocalRunnable.java:30)
at java.base/java.lang.Thread.run(Thread.java:833)
]]>
    </error>
  </testcase> <!-- ClickPatient -->
  <testcase classname="pivotalApplication.GovImmunization" name="ImmunizationGovClick" time="2.028">
    <error message="Connection refused: no further information
Build info: version: &#039;4.9.1&#039;, revision: &#039;eb2032df7f&#039;
System info: os.name: &#039;Windows 10&#039;, os.arch: &#039;amd64&#039;, os.version: &#039;10.0&#039;, java.version: &#039;17.0.5&#039;
Driver info: io.appium.java_client.AppiumDriver
Command: [b0c89eba-171c-4791-bae8-bc111c4695c4, findElement {using=xpath, value=//*[@text=&#039;Immunization - Govt&#039;]}]
Capabilities {appium:app: D:\pivotalapp-20-june.apk, appium:appActivity: com.calculator_apps.MainAct..., appium:appPackage: com.calculator_apps, appium:automationName: UiAutomator2, appium:databaseEnabled: false, appium:desired: {app: D:\pivotalapp-20-june.apk, appActivity: com.calculator_apps.MainAct..., appPackage: com.calculator_apps, automationName: UiAutomator2, deviceName: samsung, platformName: ANDROID, platformVersion: 10}, appium:deviceApiLevel: 29, appium:deviceManufacturer: samsung, appium:deviceModel: SM-A305F, appium:deviceName: RZ8M5181Y3M, appium:deviceScreenDensity: 420, appium:deviceScreenSize: 1080x2340, appium:deviceUDID: RZ8M5181Y3M, appium:javascriptEnabled: true, appium:locationContextEnabled: false, appium:networkConnectionEnabled: true, appium:pixelRatio: 2.625, appium:platformVersion: 10, appium:statBarHeight: 83, appium:takesScreenshot: true, appium:viewportRect: {height: 2048, left: 0, top: 83, width: 1080}, appium:warnings: {}, appium:webStorageEnabled: false, platformName: ANDROID}
Session ID: b0c89eba-171c-4791-bae8-bc111c4695c4" type="org.openqa.selenium.WebDriverException">
      <![CDATA[org.openqa.selenium.WebDriverException: Connection refused: no further information
Build info: version: '4.9.1', revision: 'eb2032df7f'
System info: os.name: 'Windows 10', os.arch: 'amd64', os.version: '10.0', java.version: '17.0.5'
Driver info: io.appium.java_client.AppiumDriver
Command: [b0c89eba-171c-4791-bae8-bc111c4695c4, findElement {using=xpath, value=//*[@text='Immunization - Govt']}]
Capabilities {appium:app: D:\pivotalapp-20-june.apk, appium:appActivity: com.calculator_apps.MainAct..., appium:appPackage: com.calculator_apps, appium:automationName: UiAutomator2, appium:databaseEnabled: false, appium:desired: {app: D:\pivotalapp-20-june.apk, appActivity: com.calculator_apps.MainAct..., appPackage: com.calculator_apps, automationName: UiAutomator2, deviceName: samsung, platformName: ANDROID, platformVersion: 10}, appium:deviceApiLevel: 29, appium:deviceManufacturer: samsung, appium:deviceModel: SM-A305F, appium:deviceName: RZ8M5181Y3M, appium:deviceScreenDensity: 420, appium:deviceScreenSize: 1080x2340, appium:deviceUDID: RZ8M5181Y3M, appium:javascriptEnabled: true, appium:locationContextEnabled: false, appium:networkConnectionEnabled: true, appium:pixelRatio: 2.625, appium:platformVersion: 10, appium:statBarHeight: 83, appium:takesScreenshot: true, appium:viewportRect: {height: 2048, left: 0, top: 83, width: 1080}, appium:warnings: {}, appium:webStorageEnabled: false, platformName: ANDROID}
Session ID: b0c89eba-171c-4791-bae8-bc111c4695c4
at io.appium.java_client.remote.AppiumCommandExecutor.lambda$execute$4(AppiumCommandExecutor.java:274)
at java.base/java.util.Optional.orElseGet(Optional.java:364)
at io.appium.java_client.remote.AppiumCommandExecutor.execute(AppiumCommandExecutor.java:273)
at org.openqa.selenium.remote.RemoteWebDriver.execute(RemoteWebDriver.java:543)
at org.openqa.selenium.remote.ElementLocation$ElementFinder$2.findElement(ElementLocation.java:162)
at org.openqa.selenium.remote.ElementLocation.findElement(ElementLocation.java:60)
at org.openqa.selenium.remote.RemoteWebDriver.findElement(RemoteWebDriver.java:352)
at org.openqa.selenium.remote.RemoteWebDriver.findElement(RemoteWebDriver.java:344)
at pivotalApplication.GovImmunization.ImmunizationGovClick(GovImmunization.java:135)
at java.base/jdk.internal.reflect.NativeMethodAccessorImpl.invoke0(Native Method)
at java.base/jdk.internal.reflect.NativeMethodAccessorImpl.invoke(NativeMethodAccessorImpl.java:77)
at java.base/jdk.internal.reflect.DelegatingMethodAccessorImpl.invoke(DelegatingMethodAccessorImpl.java:43)
at java.base/java.lang.reflect.Method.invoke(Method.java:568)
at org.testng.internal.invokers.MethodInvocationHelper.invokeMethod(MethodInvocationHelper.java:139)
at org.testng.internal.invokers.TestInvoker.invokeMethod(TestInvoker.java:664)
at org.testng.internal.invokers.TestInvoker.invokeTestMethod(TestInvoker.java:227)
at org.testng.internal.invokers.MethodRunner.runInSequence(MethodRunner.java:50)
at org.testng.internal.invokers.TestInvoker$MethodInvocationAgent.invoke(TestInvoker.java:957)
at org.testng.internal.invokers.TestInvoker.invokeTestMethods(TestInvoker.java:200)
at org.testng.internal.invokers.TestMethodWorker.invokeTestMethods(TestMethodWorker.java:148)
at org.testng.internal.invokers.TestMethodWorker.run(TestMethodWorker.java:128)
at java.base/java.util.ArrayList.forEach(ArrayList.java:1511)
at org.testng.TestRunner.privateRun(TestRunner.java:848)
at org.testng.TestRunner.run(TestRunner.java:621)
at org.testng.SuiteRunner.runTest(SuiteRunner.java:443)
at org.testng.SuiteRunner.runSequentially(SuiteRunner.java:437)
at org.testng.SuiteRunner.privateRun(SuiteRunner.java:397)
at org.testng.SuiteRunner.run(SuiteRunner.java:336)
at org.testng.SuiteRunnerWorker.runSuite(SuiteRunnerWorker.java:52)
at org.testng.SuiteRunnerWorker.run(SuiteRunnerWorker.java:95)
at org.testng.TestNG.runSuitesSequentially(TestNG.java:1280)
at org.testng.TestNG.runSuitesLocally(TestNG.java:1200)
at org.testng.TestNG.runSuites(TestNG.java:1114)
at org.testng.TestNG.run(TestNG.java:1082)
at org.testng.remote.AbstractRemoteTestNG.run(AbstractRemoteTestNG.java:115)
at org.testng.remote.RemoteTestNG.initAndRun(RemoteTestNG.java:251)
at org.testng.remote.RemoteTestNG.main(RemoteTestNG.java:77)
Caused by: java.net.ConnectException: Connection refused: no further information
at java.base/sun.nio.ch.Net.pollConnect(Native Method)
at java.base/sun.nio.ch.Net.pollConnectNow(Net.java:672)
at java.base/sun.nio.ch.SocketChannelImpl.finishConnect(SocketChannelImpl.java:946)
at io.netty.channel.socket.nio.NioSocketChannel.doFinishConnect(NioSocketChannel.java:337)
at io.netty.channel.nio.AbstractNioChannel$AbstractNioUnsafe.finishConnect(AbstractNioChannel.java:334)
at io.netty.channel.nio.NioEventLoop.processSelectedKey(NioEventLoop.java:776)
at io.netty.channel.nio.NioEventLoop.processSelectedKeysOptimized(NioEventLoop.java:724)
at io.netty.channel.nio.NioEventLoop.processSelectedKeys(NioEventLoop.java:650)
at io.netty.channel.nio.NioEventLoop.run(NioEventLoop.java:562)
at io.netty.util.concurrent.SingleThreadEventExecutor$4.run(SingleThreadEventExecutor.java:997)
at io.netty.util.internal.ThreadExecutorMap$2.run(ThreadExecutorMap.java:74)
at io.netty.util.concurrent.FastThreadLocalRunnable.run(FastThreadLocalRunnable.java:30)
at java.base/java.lang.Thread.run(Thread.java:833)
]]>
    </error>
  </testcase> <!-- ImmunizationGovClick -->
  <testcase classname="pivotalApplication.GovImmunization" name="BulkCancel" time="5.033">
    <error message="Connection refused: no further information
Build info: version: &#039;4.9.1&#039;, revision: &#039;eb2032df7f&#039;
System info: os.name: &#039;Windows 10&#039;, os.arch: &#039;amd64&#039;, os.version: &#039;10.0&#039;, java.version: &#039;17.0.5&#039;
Driver info: io.appium.java_client.AppiumDriver
Command: [b0c89eba-171c-4791-bae8-bc111c4695c4, findElement {using=xpath, value=//*[@text=&#039;Cancel&#039;]}]
Capabilities {appium:app: D:\pivotalapp-20-june.apk, appium:appActivity: com.calculator_apps.MainAct..., appium:appPackage: com.calculator_apps, appium:automationName: UiAutomator2, appium:databaseEnabled: false, appium:desired: {app: D:\pivotalapp-20-june.apk, appActivity: com.calculator_apps.MainAct..., appPackage: com.calculator_apps, automationName: UiAutomator2, deviceName: samsung, platformName: ANDROID, platformVersion: 10}, appium:deviceApiLevel: 29, appium:deviceManufacturer: samsung, appium:deviceModel: SM-A305F, appium:deviceName: RZ8M5181Y3M, appium:deviceScreenDensity: 420, appium:deviceScreenSize: 1080x2340, appium:deviceUDID: RZ8M5181Y3M, appium:javascriptEnabled: true, appium:locationContextEnabled: false, appium:networkConnectionEnabled: true, appium:pixelRatio: 2.625, appium:platformVersion: 10, appium:statBarHeight: 83, appium:takesScreenshot: true, appium:viewportRect: {height: 2048, left: 0, top: 83, width: 1080}, appium:warnings: {}, appium:webStorageEnabled: false, platformName: ANDROID}
Session ID: b0c89eba-171c-4791-bae8-bc111c4695c4" type="org.openqa.selenium.WebDriverException">
      <![CDATA[org.openqa.selenium.WebDriverException: Connection refused: no further information
Build info: version: '4.9.1', revision: 'eb2032df7f'
System info: os.name: 'Windows 10', os.arch: 'amd64', os.version: '10.0', java.version: '17.0.5'
Driver info: io.appium.java_client.AppiumDriver
Command: [b0c89eba-171c-4791-bae8-bc111c4695c4, findElement {using=xpath, value=//*[@text='Cancel']}]
Capabilities {appium:app: D:\pivotalapp-20-june.apk, appium:appActivity: com.calculator_apps.MainAct..., appium:appPackage: com.calculator_apps, appium:automationName: UiAutomator2, appium:databaseEnabled: false, appium:desired: {app: D:\pivotalapp-20-june.apk, appActivity: com.calculator_apps.MainAct..., appPackage: com.calculator_apps, automationName: UiAutomator2, deviceName: samsung, platformName: ANDROID, platformVersion: 10}, appium:deviceApiLevel: 29, appium:deviceManufacturer: samsung, appium:deviceModel: SM-A305F, appium:deviceName: RZ8M5181Y3M, appium:deviceScreenDensity: 420, appium:deviceScreenSize: 1080x2340, appium:deviceUDID: RZ8M5181Y3M, appium:javascriptEnabled: true, appium:locationContextEnabled: false, appium:networkConnectionEnabled: true, appium:pixelRatio: 2.625, appium:platformVersion: 10, appium:statBarHeight: 83, appium:takesScreenshot: true, appium:viewportRect: {height: 2048, left: 0, top: 83, width: 1080}, appium:warnings: {}, appium:webStorageEnabled: false, platformName: ANDROID}
Session ID: b0c89eba-171c-4791-bae8-bc111c4695c4
at io.appium.java_client.remote.AppiumCommandExecutor.lambda$execute$4(AppiumCommandExecutor.java:274)
at java.base/java.util.Optional.orElseGet(Optional.java:364)
at io.appium.java_client.remote.AppiumCommandExecutor.execute(AppiumCommandExecutor.java:273)
at org.openqa.selenium.remote.RemoteWebDriver.execute(RemoteWebDriver.java:543)
at org.openqa.selenium.remote.ElementLocation$ElementFinder$2.findElement(ElementLocation.java:162)
at org.openqa.selenium.remote.ElementLocation.findElement(ElementLocation.java:60)
at org.openqa.selenium.remote.RemoteWebDriver.findElement(RemoteWebDriver.java:352)
at org.openqa.selenium.remote.RemoteWebDriver.findElement(RemoteWebDriver.java:344)
at pivotalApplication.GovImmunization.BulkCancel(GovImmunization.java:147)
at java.base/jdk.internal.reflect.NativeMethodAccessorImpl.invoke0(Native Method)
at java.base/jdk.internal.reflect.NativeMethodAccessorImpl.invoke(NativeMethodAccessorImpl.java:77)
at java.base/jdk.internal.reflect.DelegatingMethodAccessorImpl.invoke(DelegatingMethodAccessorImpl.java:43)
at java.base/java.lang.reflect.Method.invoke(Method.java:568)
at org.testng.internal.invokers.MethodInvocationHelper.invokeMethod(MethodInvocationHelper.java:139)
at org.testng.internal.invokers.TestInvoker.invokeMethod(TestInvoker.java:664)
at org.testng.internal.invokers.TestInvoker.invokeTestMethod(TestInvoker.java:227)
at org.testng.internal.invokers.MethodRunner.runInSequence(MethodRunner.java:50)
at org.testng.internal.invokers.TestInvoker$MethodInvocationAgent.invoke(TestInvoker.java:957)
at org.testng.internal.invokers.TestInvoker.invokeTestMethods(TestInvoker.java:200)
at org.testng.internal.invokers.TestMethodWorker.invokeTestMethods(TestMethodWorker.java:148)
at org.testng.internal.invokers.TestMethodWorker.run(TestMethodWorker.java:128)
at java.base/java.util.ArrayList.forEach(ArrayList.java:1511)
at org.testng.TestRunner.privateRun(TestRunner.java:848)
at org.testng.TestRunner.run(TestRunner.java:621)
at org.testng.SuiteRunner.runTest(SuiteRunner.java:443)
at org.testng.SuiteRunner.runSequentially(SuiteRunner.java:437)
at org.testng.SuiteRunner.privateRun(SuiteRunner.java:397)
at org.testng.SuiteRunner.run(SuiteRunner.java:336)
at org.testng.SuiteRunnerWorker.runSuite(SuiteRunnerWorker.java:52)
at org.testng.SuiteRunnerWorker.run(SuiteRunnerWorker.java:95)
at org.testng.TestNG.runSuitesSequentially(TestNG.java:1280)
at org.testng.TestNG.runSuitesLocally(TestNG.java:1200)
at org.testng.TestNG.runSuites(TestNG.java:1114)
at org.testng.TestNG.run(TestNG.java:1082)
at org.testng.remote.AbstractRemoteTestNG.run(AbstractRemoteTestNG.java:115)
at org.testng.remote.RemoteTestNG.initAndRun(RemoteTestNG.java:251)
at org.testng.remote.RemoteTestNG.main(RemoteTestNG.java:77)
Caused by: java.net.ConnectException: Connection refused: no further information
at java.base/sun.nio.ch.Net.pollConnect(Native Method)
at java.base/sun.nio.ch.Net.pollConnectNow(Net.java:672)
at java.base/sun.nio.ch.SocketChannelImpl.finishConnect(SocketChannelImpl.java:946)
at io.netty.channel.socket.nio.NioSocketChannel.doFinishConnect(NioSocketChannel.java:337)
at io.netty.channel.nio.AbstractNioChannel$AbstractNioUnsafe.finishConnect(AbstractNioChannel.java:334)
at io.netty.channel.nio.NioEventLoop.processSelectedKey(NioEventLoop.java:776)
at io.netty.channel.nio.NioEventLoop.processSelectedKeysOptimized(NioEventLoop.java:724)
at io.netty.channel.nio.NioEventLoop.processSelectedKeys(NioEventLoop.java:650)
at io.netty.channel.nio.NioEventLoop.run(NioEventLoop.java:562)
at io.netty.util.concurrent.SingleThreadEventExecutor$4.run(SingleThreadEventExecutor.java:997)
at io.netty.util.internal.ThreadExecutorMap$2.run(ThreadExecutorMap.java:74)
at io.netty.util.concurrent.FastThreadLocalRunnable.run(FastThreadLocalRunnable.java:30)
at java.base/java.lang.Thread.run(Thread.java:833)
]]>
    </error>
  </testcase> <!-- BulkCancel -->
  <testcase classname="pivotalApplication.GovImmunization" name="opvO" time="2.076">
    <error message="Connection refused: no further information
Build info: version: &#039;4.9.1&#039;, revision: &#039;eb2032df7f&#039;
System info: os.name: &#039;Windows 10&#039;, os.arch: &#039;amd64&#039;, os.version: &#039;10.0&#039;, java.version: &#039;17.0.5&#039;
Driver info: io.appium.java_client.AppiumDriver
Command: [b0c89eba-171c-4791-bae8-bc111c4695c4, findElement {using=xpath, value=//*[@text=&#039;OPV-0&#039;]}]
Capabilities {appium:app: D:\pivotalapp-20-june.apk, appium:appActivity: com.calculator_apps.MainAct..., appium:appPackage: com.calculator_apps, appium:automationName: UiAutomator2, appium:databaseEnabled: false, appium:desired: {app: D:\pivotalapp-20-june.apk, appActivity: com.calculator_apps.MainAct..., appPackage: com.calculator_apps, automationName: UiAutomator2, deviceName: samsung, platformName: ANDROID, platformVersion: 10}, appium:deviceApiLevel: 29, appium:deviceManufacturer: samsung, appium:deviceModel: SM-A305F, appium:deviceName: RZ8M5181Y3M, appium:deviceScreenDensity: 420, appium:deviceScreenSize: 1080x2340, appium:deviceUDID: RZ8M5181Y3M, appium:javascriptEnabled: true, appium:locationContextEnabled: false, appium:networkConnectionEnabled: true, appium:pixelRatio: 2.625, appium:platformVersion: 10, appium:statBarHeight: 83, appium:takesScreenshot: true, appium:viewportRect: {height: 2048, left: 0, top: 83, width: 1080}, appium:warnings: {}, appium:webStorageEnabled: false, platformName: ANDROID}
Session ID: b0c89eba-171c-4791-bae8-bc111c4695c4" type="org.openqa.selenium.WebDriverException">
      <![CDATA[org.openqa.selenium.WebDriverException: Connection refused: no further information
Build info: version: '4.9.1', revision: 'eb2032df7f'
System info: os.name: 'Windows 10', os.arch: 'amd64', os.version: '10.0', java.version: '17.0.5'
Driver info: io.appium.java_client.AppiumDriver
Command: [b0c89eba-171c-4791-bae8-bc111c4695c4, findElement {using=xpath, value=//*[@text='OPV-0']}]
Capabilities {appium:app: D:\pivotalapp-20-june.apk, appium:appActivity: com.calculator_apps.MainAct..., appium:appPackage: com.calculator_apps, appium:automationName: UiAutomator2, appium:databaseEnabled: false, appium:desired: {app: D:\pivotalapp-20-june.apk, appActivity: com.calculator_apps.MainAct..., appPackage: com.calculator_apps, automationName: UiAutomator2, deviceName: samsung, platformName: ANDROID, platformVersion: 10}, appium:deviceApiLevel: 29, appium:deviceManufacturer: samsung, appium:deviceModel: SM-A305F, appium:deviceName: RZ8M5181Y3M, appium:deviceScreenDensity: 420, appium:deviceScreenSize: 1080x2340, appium:deviceUDID: RZ8M5181Y3M, appium:javascriptEnabled: true, appium:locationContextEnabled: false, appium:networkConnectionEnabled: true, appium:pixelRatio: 2.625, appium:platformVersion: 10, appium:statBarHeight: 83, appium:takesScreenshot: true, appium:viewportRect: {height: 2048, left: 0, top: 83, width: 1080}, appium:warnings: {}, appium:webStorageEnabled: false, platformName: ANDROID}
Session ID: b0c89eba-171c-4791-bae8-bc111c4695c4
at io.appium.java_client.remote.AppiumCommandExecutor.lambda$execute$4(AppiumCommandExecutor.java:274)
at java.base/java.util.Optional.orElseGet(Optional.java:364)
at io.appium.java_client.remote.AppiumCommandExecutor.execute(AppiumCommandExecutor.java:273)
at org.openqa.selenium.remote.RemoteWebDriver.execute(RemoteWebDriver.java:543)
at org.openqa.selenium.remote.ElementLocation$ElementFinder$2.findElement(ElementLocation.java:162)
at org.openqa.selenium.remote.ElementLocation.findElement(ElementLocation.java:60)
at org.openqa.selenium.remote.RemoteWebDriver.findElement(RemoteWebDriver.java:352)
at org.openqa.selenium.remote.RemoteWebDriver.findElement(RemoteWebDriver.java:344)
at pivotalApplication.GovImmunization.opvO(GovImmunization.java:175)
at java.base/jdk.internal.reflect.NativeMethodAccessorImpl.invoke0(Native Method)
at java.base/jdk.internal.reflect.NativeMethodAccessorImpl.invoke(NativeMethodAccessorImpl.java:77)
at java.base/jdk.internal.reflect.DelegatingMethodAccessorImpl.invoke(DelegatingMethodAccessorImpl.java:43)
at java.base/java.lang.reflect.Method.invoke(Method.java:568)
at org.testng.internal.invokers.MethodInvocationHelper.invokeMethod(MethodInvocationHelper.java:139)
at org.testng.internal.invokers.TestInvoker.invokeMethod(TestInvoker.java:664)
at org.testng.internal.invokers.TestInvoker.invokeTestMethod(TestInvoker.java:227)
at org.testng.internal.invokers.MethodRunner.runInSequence(MethodRunner.java:50)
at org.testng.internal.invokers.TestInvoker$MethodInvocationAgent.invoke(TestInvoker.java:957)
at org.testng.internal.invokers.TestInvoker.invokeTestMethods(TestInvoker.java:200)
at org.testng.internal.invokers.TestMethodWorker.invokeTestMethods(TestMethodWorker.java:148)
at org.testng.internal.invokers.TestMethodWorker.run(TestMethodWorker.java:128)
at java.base/java.util.ArrayList.forEach(ArrayList.java:1511)
at org.testng.TestRunner.privateRun(TestRunner.java:848)
at org.testng.TestRunner.run(TestRunner.java:621)
at org.testng.SuiteRunner.runTest(SuiteRunner.java:443)
at org.testng.SuiteRunner.runSequentially(SuiteRunner.java:437)
at org.testng.SuiteRunner.privateRun(SuiteRunner.java:397)
at org.testng.SuiteRunner.run(SuiteRunner.java:336)
at org.testng.SuiteRunnerWorker.runSuite(SuiteRunnerWorker.java:52)
at org.testng.SuiteRunnerWorker.run(SuiteRunnerWorker.java:95)
at org.testng.TestNG.runSuitesSequentially(TestNG.java:1280)
at org.testng.TestNG.runSuitesLocally(TestNG.java:1200)
at org.testng.TestNG.runSuites(TestNG.java:1114)
at org.testng.TestNG.run(TestNG.java:1082)
at org.testng.remote.AbstractRemoteTestNG.run(AbstractRemoteTestNG.java:115)
at org.testng.remote.RemoteTestNG.initAndRun(RemoteTestNG.java:251)
at org.testng.remote.RemoteTestNG.main(RemoteTestNG.java:77)
Caused by: java.net.ConnectException: Connection refused: no further information
at java.base/sun.nio.ch.Net.pollConnect(Native Method)
at java.base/sun.nio.ch.Net.pollConnectNow(Net.java:672)
at java.base/sun.nio.ch.SocketChannelImpl.finishConnect(SocketChannelImpl.java:946)
at io.netty.channel.socket.nio.NioSocketChannel.doFinishConnect(NioSocketChannel.java:337)
at io.netty.channel.nio.AbstractNioChannel$AbstractNioUnsafe.finishConnect(AbstractNioChannel.java:334)
at io.netty.channel.nio.NioEventLoop.processSelectedKey(NioEventLoop.java:776)
at io.netty.channel.nio.NioEventLoop.processSelectedKeysOptimized(NioEventLoop.java:724)
at io.netty.channel.nio.NioEventLoop.processSelectedKeys(NioEventLoop.java:650)
at io.netty.channel.nio.NioEventLoop.run(NioEventLoop.java:562)
at io.netty.util.concurrent.SingleThreadEventExecutor$4.run(SingleThreadEventExecutor.java:997)
at io.netty.util.internal.ThreadExecutorMap$2.run(ThreadExecutorMap.java:74)
at io.netty.util.concurrent.FastThreadLocalRunnable.run(FastThreadLocalRunnable.java:30)
at java.base/java.lang.Thread.run(Thread.java:833)
]]>
    </error>
  </testcase> <!-- opvO -->
  <testcase classname="pivotalApplication.GovImmunization" name="SaveVaccine" time="2.064">
    <error message="Connection refused: no further information
Build info: version: &#039;4.9.1&#039;, revision: &#039;eb2032df7f&#039;
System info: os.name: &#039;Windows 10&#039;, os.arch: &#039;amd64&#039;, os.version: &#039;10.0&#039;, java.version: &#039;17.0.5&#039;
Driver info: io.appium.java_client.AppiumDriver
Command: [b0c89eba-171c-4791-bae8-bc111c4695c4, findElement {using=xpath, value=//*[@text=&#039;SAVE VACCINE&#039;]}]
Capabilities {appium:app: D:\pivotalapp-20-june.apk, appium:appActivity: com.calculator_apps.MainAct..., appium:appPackage: com.calculator_apps, appium:automationName: UiAutomator2, appium:databaseEnabled: false, appium:desired: {app: D:\pivotalapp-20-june.apk, appActivity: com.calculator_apps.MainAct..., appPackage: com.calculator_apps, automationName: UiAutomator2, deviceName: samsung, platformName: ANDROID, platformVersion: 10}, appium:deviceApiLevel: 29, appium:deviceManufacturer: samsung, appium:deviceModel: SM-A305F, appium:deviceName: RZ8M5181Y3M, appium:deviceScreenDensity: 420, appium:deviceScreenSize: 1080x2340, appium:deviceUDID: RZ8M5181Y3M, appium:javascriptEnabled: true, appium:locationContextEnabled: false, appium:networkConnectionEnabled: true, appium:pixelRatio: 2.625, appium:platformVersion: 10, appium:statBarHeight: 83, appium:takesScreenshot: true, appium:viewportRect: {height: 2048, left: 0, top: 83, width: 1080}, appium:warnings: {}, appium:webStorageEnabled: false, platformName: ANDROID}
Session ID: b0c89eba-171c-4791-bae8-bc111c4695c4" type="org.openqa.selenium.WebDriverException">
      <![CDATA[org.openqa.selenium.WebDriverException: Connection refused: no further information
Build info: version: '4.9.1', revision: 'eb2032df7f'
System info: os.name: 'Windows 10', os.arch: 'amd64', os.version: '10.0', java.version: '17.0.5'
Driver info: io.appium.java_client.AppiumDriver
Command: [b0c89eba-171c-4791-bae8-bc111c4695c4, findElement {using=xpath, value=//*[@text='SAVE VACCINE']}]
Capabilities {appium:app: D:\pivotalapp-20-june.apk, appium:appActivity: com.calculator_apps.MainAct..., appium:appPackage: com.calculator_apps, appium:automationName: UiAutomator2, appium:databaseEnabled: false, appium:desired: {app: D:\pivotalapp-20-june.apk, appActivity: com.calculator_apps.MainAct..., appPackage: com.calculator_apps, automationName: UiAutomator2, deviceName: samsung, platformName: ANDROID, platformVersion: 10}, appium:deviceApiLevel: 29, appium:deviceManufacturer: samsung, appium:deviceModel: SM-A305F, appium:deviceName: RZ8M5181Y3M, appium:deviceScreenDensity: 420, appium:deviceScreenSize: 1080x2340, appium:deviceUDID: RZ8M5181Y3M, appium:javascriptEnabled: true, appium:locationContextEnabled: false, appium:networkConnectionEnabled: true, appium:pixelRatio: 2.625, appium:platformVersion: 10, appium:statBarHeight: 83, appium:takesScreenshot: true, appium:viewportRect: {height: 2048, left: 0, top: 83, width: 1080}, appium:warnings: {}, appium:webStorageEnabled: false, platformName: ANDROID}
Session ID: b0c89eba-171c-4791-bae8-bc111c4695c4
at io.appium.java_client.remote.AppiumCommandExecutor.lambda$execute$4(AppiumCommandExecutor.java:274)
at java.base/java.util.Optional.orElseGet(Optional.java:364)
at io.appium.java_client.remote.AppiumCommandExecutor.execute(AppiumCommandExecutor.java:273)
at org.openqa.selenium.remote.RemoteWebDriver.execute(RemoteWebDriver.java:543)
at org.openqa.selenium.remote.ElementLocation$ElementFinder$2.findElement(ElementLocation.java:162)
at org.openqa.selenium.remote.ElementLocation.findElement(ElementLocation.java:60)
at org.openqa.selenium.remote.RemoteWebDriver.findElement(RemoteWebDriver.java:352)
at org.openqa.selenium.remote.RemoteWebDriver.findElement(RemoteWebDriver.java:344)
at pivotalApplication.GovImmunization.SaveVaccine(GovImmunization.java:182)
at java.base/jdk.internal.reflect.NativeMethodAccessorImpl.invoke0(Native Method)
at java.base/jdk.internal.reflect.NativeMethodAccessorImpl.invoke(NativeMethodAccessorImpl.java:77)
at java.base/jdk.internal.reflect.DelegatingMethodAccessorImpl.invoke(DelegatingMethodAccessorImpl.java:43)
at java.base/java.lang.reflect.Method.invoke(Method.java:568)
at org.testng.internal.invokers.MethodInvocationHelper.invokeMethod(MethodInvocationHelper.java:139)
at org.testng.internal.invokers.TestInvoker.invokeMethod(TestInvoker.java:664)
at org.testng.internal.invokers.TestInvoker.invokeTestMethod(TestInvoker.java:227)
at org.testng.internal.invokers.MethodRunner.runInSequence(MethodRunner.java:50)
at org.testng.internal.invokers.TestInvoker$MethodInvocationAgent.invoke(TestInvoker.java:957)
at org.testng.internal.invokers.TestInvoker.invokeTestMethods(TestInvoker.java:200)
at org.testng.internal.invokers.TestMethodWorker.invokeTestMethods(TestMethodWorker.java:148)
at org.testng.internal.invokers.TestMethodWorker.run(TestMethodWorker.java:128)
at java.base/java.util.ArrayList.forEach(ArrayList.java:1511)
at org.testng.TestRunner.privateRun(TestRunner.java:848)
at org.testng.TestRunner.run(TestRunner.java:621)
at org.testng.SuiteRunner.runTest(SuiteRunner.java:443)
at org.testng.SuiteRunner.runSequentially(SuiteRunner.java:437)
at org.testng.SuiteRunner.privateRun(SuiteRunner.java:397)
at org.testng.SuiteRunner.run(SuiteRunner.java:336)
at org.testng.SuiteRunnerWorker.runSuite(SuiteRunnerWorker.java:52)
at org.testng.SuiteRunnerWorker.run(SuiteRunnerWorker.java:95)
at org.testng.TestNG.runSuitesSequentially(TestNG.java:1280)
at org.testng.TestNG.runSuitesLocally(TestNG.java:1200)
at org.testng.TestNG.runSuites(TestNG.java:1114)
at org.testng.TestNG.run(TestNG.java:1082)
at org.testng.remote.AbstractRemoteTestNG.run(AbstractRemoteTestNG.java:115)
at org.testng.remote.RemoteTestNG.initAndRun(RemoteTestNG.java:251)
at org.testng.remote.RemoteTestNG.main(RemoteTestNG.java:77)
Caused by: java.net.ConnectException: Connection refused: no further information
at java.base/sun.nio.ch.Net.pollConnect(Native Method)
at java.base/sun.nio.ch.Net.pollConnectNow(Net.java:672)
at java.base/sun.nio.ch.SocketChannelImpl.finishConnect(SocketChannelImpl.java:946)
at io.netty.channel.socket.nio.NioSocketChannel.doFinishConnect(NioSocketChannel.java:337)
at io.netty.channel.nio.AbstractNioChannel$AbstractNioUnsafe.finishConnect(AbstractNioChannel.java:334)
at io.netty.channel.nio.NioEventLoop.processSelectedKey(NioEventLoop.java:776)
at io.netty.channel.nio.NioEventLoop.processSelectedKeysOptimized(NioEventLoop.java:724)
at io.netty.channel.nio.NioEventLoop.processSelectedKeys(NioEventLoop.java:650)
at io.netty.channel.nio.NioEventLoop.run(NioEventLoop.java:562)
at io.netty.util.concurrent.SingleThreadEventExecutor$4.run(SingleThreadEventExecutor.java:997)
at io.netty.util.internal.ThreadExecutorMap$2.run(ThreadExecutorMap.java:74)
at io.netty.util.concurrent.FastThreadLocalRunnable.run(FastThreadLocalRunnable.java:30)
at java.base/java.lang.Thread.run(Thread.java:833)
]]>
    </error>
  </testcase> <!-- SaveVaccine -->
  <testcase classname="pivotalApplication.GovImmunization" name="IPV1" time="2.016">
    <error message="Connection refused: no further information
Build info: version: &#039;4.9.1&#039;, revision: &#039;eb2032df7f&#039;
System info: os.name: &#039;Windows 10&#039;, os.arch: &#039;amd64&#039;, os.version: &#039;10.0&#039;, java.version: &#039;17.0.5&#039;
Driver info: io.appium.java_client.AppiumDriver
Command: [b0c89eba-171c-4791-bae8-bc111c4695c4, findElement {using=xpath, value=//*[@text=&#039;IPV-1&#039;]}]
Capabilities {appium:app: D:\pivotalapp-20-june.apk, appium:appActivity: com.calculator_apps.MainAct..., appium:appPackage: com.calculator_apps, appium:automationName: UiAutomator2, appium:databaseEnabled: false, appium:desired: {app: D:\pivotalapp-20-june.apk, appActivity: com.calculator_apps.MainAct..., appPackage: com.calculator_apps, automationName: UiAutomator2, deviceName: samsung, platformName: ANDROID, platformVersion: 10}, appium:deviceApiLevel: 29, appium:deviceManufacturer: samsung, appium:deviceModel: SM-A305F, appium:deviceName: RZ8M5181Y3M, appium:deviceScreenDensity: 420, appium:deviceScreenSize: 1080x2340, appium:deviceUDID: RZ8M5181Y3M, appium:javascriptEnabled: true, appium:locationContextEnabled: false, appium:networkConnectionEnabled: true, appium:pixelRatio: 2.625, appium:platformVersion: 10, appium:statBarHeight: 83, appium:takesScreenshot: true, appium:viewportRect: {height: 2048, left: 0, top: 83, width: 1080}, appium:warnings: {}, appium:webStorageEnabled: false, platformName: ANDROID}
Session ID: b0c89eba-171c-4791-bae8-bc111c4695c4" type="org.openqa.selenium.WebDriverException">
      <![CDATA[org.openqa.selenium.WebDriverException: Connection refused: no further information
Build info: version: '4.9.1', revision: 'eb2032df7f'
System info: os.name: 'Windows 10', os.arch: 'amd64', os.version: '10.0', java.version: '17.0.5'
Driver info: io.appium.java_client.AppiumDriver
Command: [b0c89eba-171c-4791-bae8-bc111c4695c4, findElement {using=xpath, value=//*[@text='IPV-1']}]
Capabilities {appium:app: D:\pivotalapp-20-june.apk, appium:appActivity: com.calculator_apps.MainAct..., appium:appPackage: com.calculator_apps, appium:automationName: UiAutomator2, appium:databaseEnabled: false, appium:desired: {app: D:\pivotalapp-20-june.apk, appActivity: com.calculator_apps.MainAct..., appPackage: com.calculator_apps, automationName: UiAutomator2, deviceName: samsung, platformName: ANDROID, platformVersion: 10}, appium:deviceApiLevel: 29, appium:deviceManufacturer: samsung, appium:deviceModel: SM-A305F, appium:deviceName: RZ8M5181Y3M, appium:deviceScreenDensity: 420, appium:deviceScreenSize: 1080x2340, appium:deviceUDID: RZ8M5181Y3M, appium:javascriptEnabled: true, appium:locationContextEnabled: false, appium:networkConnectionEnabled: true, appium:pixelRatio: 2.625, appium:platformVersion: 10, appium:statBarHeight: 83, appium:takesScreenshot: true, appium:viewportRect: {height: 2048, left: 0, top: 83, width: 1080}, appium:warnings: {}, appium:webStorageEnabled: false, platformName: ANDROID}
Session ID: b0c89eba-171c-4791-bae8-bc111c4695c4
at io.appium.java_client.remote.AppiumCommandExecutor.lambda$execute$4(AppiumCommandExecutor.java:274)
at java.base/java.util.Optional.orElseGet(Optional.java:364)
at io.appium.java_client.remote.AppiumCommandExecutor.execute(AppiumCommandExecutor.java:273)
at org.openqa.selenium.remote.RemoteWebDriver.execute(RemoteWebDriver.java:543)
at org.openqa.selenium.remote.ElementLocation$ElementFinder$2.findElement(ElementLocation.java:162)
at org.openqa.selenium.remote.ElementLocation.findElement(ElementLocation.java:60)
at org.openqa.selenium.remote.RemoteWebDriver.findElement(RemoteWebDriver.java:352)
at org.openqa.selenium.remote.RemoteWebDriver.findElement(RemoteWebDriver.java:344)
at pivotalApplication.GovImmunization.IPV1(GovImmunization.java:189)
at java.base/jdk.internal.reflect.NativeMethodAccessorImpl.invoke0(Native Method)
at java.base/jdk.internal.reflect.NativeMethodAccessorImpl.invoke(NativeMethodAccessorImpl.java:77)
at java.base/jdk.internal.reflect.DelegatingMethodAccessorImpl.invoke(DelegatingMethodAccessorImpl.java:43)
at java.base/java.lang.reflect.Method.invoke(Method.java:568)
at org.testng.internal.invokers.MethodInvocationHelper.invokeMethod(MethodInvocationHelper.java:139)
at org.testng.internal.invokers.TestInvoker.invokeMethod(TestInvoker.java:664)
at org.testng.internal.invokers.TestInvoker.invokeTestMethod(TestInvoker.java:227)
at org.testng.internal.invokers.MethodRunner.runInSequence(MethodRunner.java:50)
at org.testng.internal.invokers.TestInvoker$MethodInvocationAgent.invoke(TestInvoker.java:957)
at org.testng.internal.invokers.TestInvoker.invokeTestMethods(TestInvoker.java:200)
at org.testng.internal.invokers.TestMethodWorker.invokeTestMethods(TestMethodWorker.java:148)
at org.testng.internal.invokers.TestMethodWorker.run(TestMethodWorker.java:128)
at java.base/java.util.ArrayList.forEach(ArrayList.java:1511)
at org.testng.TestRunner.privateRun(TestRunner.java:848)
at org.testng.TestRunner.run(TestRunner.java:621)
at org.testng.SuiteRunner.runTest(SuiteRunner.java:443)
at org.testng.SuiteRunner.runSequentially(SuiteRunner.java:437)
at org.testng.SuiteRunner.privateRun(SuiteRunner.java:397)
at org.testng.SuiteRunner.run(SuiteRunner.java:336)
at org.testng.SuiteRunnerWorker.runSuite(SuiteRunnerWorker.java:52)
at org.testng.SuiteRunnerWorker.run(SuiteRunnerWorker.java:95)
at org.testng.TestNG.runSuitesSequentially(TestNG.java:1280)
at org.testng.TestNG.runSuitesLocally(TestNG.java:1200)
at org.testng.TestNG.runSuites(TestNG.java:1114)
at org.testng.TestNG.run(TestNG.java:1082)
at org.testng.remote.AbstractRemoteTestNG.run(AbstractRemoteTestNG.java:115)
at org.testng.remote.RemoteTestNG.initAndRun(RemoteTestNG.java:251)
at org.testng.remote.RemoteTestNG.main(RemoteTestNG.java:77)
Caused by: java.net.ConnectException: Connection refused: no further information
at java.base/sun.nio.ch.Net.pollConnect(Native Method)
at java.base/sun.nio.ch.Net.pollConnectNow(Net.java:672)
at java.base/sun.nio.ch.SocketChannelImpl.finishConnect(SocketChannelImpl.java:946)
at io.netty.channel.socket.nio.NioSocketChannel.doFinishConnect(NioSocketChannel.java:337)
at io.netty.channel.nio.AbstractNioChannel$AbstractNioUnsafe.finishConnect(AbstractNioChannel.java:334)
at io.netty.channel.nio.NioEventLoop.processSelectedKey(NioEventLoop.java:776)
at io.netty.channel.nio.NioEventLoop.processSelectedKeysOptimized(NioEventLoop.java:724)
at io.netty.channel.nio.NioEventLoop.processSelectedKeys(NioEventLoop.java:650)
at io.netty.channel.nio.NioEventLoop.run(NioEventLoop.java:562)
at io.netty.util.concurrent.SingleThreadEventExecutor$4.run(SingleThreadEventExecutor.java:997)
at io.netty.util.internal.ThreadExecutorMap$2.run(ThreadExecutorMap.java:74)
at io.netty.util.concurrent.FastThreadLocalRunnable.run(FastThreadLocalRunnable.java:30)
at java.base/java.lang.Thread.run(Thread.java:833)
]]>
    </error>
  </testcase> <!-- IPV1 -->
  <testcase classname="pivotalApplication.GovImmunization" name="SaveVaccine1" time="2.051">
    <error message="Connection refused: no further information
Build info: version: &#039;4.9.1&#039;, revision: &#039;eb2032df7f&#039;
System info: os.name: &#039;Windows 10&#039;, os.arch: &#039;amd64&#039;, os.version: &#039;10.0&#039;, java.version: &#039;17.0.5&#039;
Driver info: io.appium.java_client.AppiumDriver
Command: [b0c89eba-171c-4791-bae8-bc111c4695c4, findElement {using=xpath, value=//*[@text=&#039;SAVE VACCINE&#039;]}]
Capabilities {appium:app: D:\pivotalapp-20-june.apk, appium:appActivity: com.calculator_apps.MainAct..., appium:appPackage: com.calculator_apps, appium:automationName: UiAutomator2, appium:databaseEnabled: false, appium:desired: {app: D:\pivotalapp-20-june.apk, appActivity: com.calculator_apps.MainAct..., appPackage: com.calculator_apps, automationName: UiAutomator2, deviceName: samsung, platformName: ANDROID, platformVersion: 10}, appium:deviceApiLevel: 29, appium:deviceManufacturer: samsung, appium:deviceModel: SM-A305F, appium:deviceName: RZ8M5181Y3M, appium:deviceScreenDensity: 420, appium:deviceScreenSize: 1080x2340, appium:deviceUDID: RZ8M5181Y3M, appium:javascriptEnabled: true, appium:locationContextEnabled: false, appium:networkConnectionEnabled: true, appium:pixelRatio: 2.625, appium:platformVersion: 10, appium:statBarHeight: 83, appium:takesScreenshot: true, appium:viewportRect: {height: 2048, left: 0, top: 83, width: 1080}, appium:warnings: {}, appium:webStorageEnabled: false, platformName: ANDROID}
Session ID: b0c89eba-171c-4791-bae8-bc111c4695c4" type="org.openqa.selenium.WebDriverException">
      <![CDATA[org.openqa.selenium.WebDriverException: Connection refused: no further information
Build info: version: '4.9.1', revision: 'eb2032df7f'
System info: os.name: 'Windows 10', os.arch: 'amd64', os.version: '10.0', java.version: '17.0.5'
Driver info: io.appium.java_client.AppiumDriver
Command: [b0c89eba-171c-4791-bae8-bc111c4695c4, findElement {using=xpath, value=//*[@text='SAVE VACCINE']}]
Capabilities {appium:app: D:\pivotalapp-20-june.apk, appium:appActivity: com.calculator_apps.MainAct..., appium:appPackage: com.calculator_apps, appium:automationName: UiAutomator2, appium:databaseEnabled: false, appium:desired: {app: D:\pivotalapp-20-june.apk, appActivity: com.calculator_apps.MainAct..., appPackage: com.calculator_apps, automationName: UiAutomator2, deviceName: samsung, platformName: ANDROID, platformVersion: 10}, appium:deviceApiLevel: 29, appium:deviceManufacturer: samsung, appium:deviceModel: SM-A305F, appium:deviceName: RZ8M5181Y3M, appium:deviceScreenDensity: 420, appium:deviceScreenSize: 1080x2340, appium:deviceUDID: RZ8M5181Y3M, appium:javascriptEnabled: true, appium:locationContextEnabled: false, appium:networkConnectionEnabled: true, appium:pixelRatio: 2.625, appium:platformVersion: 10, appium:statBarHeight: 83, appium:takesScreenshot: true, appium:viewportRect: {height: 2048, left: 0, top: 83, width: 1080}, appium:warnings: {}, appium:webStorageEnabled: false, platformName: ANDROID}
Session ID: b0c89eba-171c-4791-bae8-bc111c4695c4
at io.appium.java_client.remote.AppiumCommandExecutor.lambda$execute$4(AppiumCommandExecutor.java:274)
at java.base/java.util.Optional.orElseGet(Optional.java:364)
at io.appium.java_client.remote.AppiumCommandExecutor.execute(AppiumCommandExecutor.java:273)
at org.openqa.selenium.remote.RemoteWebDriver.execute(RemoteWebDriver.java:543)
at org.openqa.selenium.remote.ElementLocation$ElementFinder$2.findElement(ElementLocation.java:162)
at org.openqa.selenium.remote.ElementLocation.findElement(ElementLocation.java:60)
at org.openqa.selenium.remote.RemoteWebDriver.findElement(RemoteWebDriver.java:352)
at org.openqa.selenium.remote.RemoteWebDriver.findElement(RemoteWebDriver.java:344)
at pivotalApplication.GovImmunization.SaveVaccine1(GovImmunization.java:196)
at java.base/jdk.internal.reflect.NativeMethodAccessorImpl.invoke0(Native Method)
at java.base/jdk.internal.reflect.NativeMethodAccessorImpl.invoke(NativeMethodAccessorImpl.java:77)
at java.base/jdk.internal.reflect.DelegatingMethodAccessorImpl.invoke(DelegatingMethodAccessorImpl.java:43)
at java.base/java.lang.reflect.Method.invoke(Method.java:568)
at org.testng.internal.invokers.MethodInvocationHelper.invokeMethod(MethodInvocationHelper.java:139)
at org.testng.internal.invokers.TestInvoker.invokeMethod(TestInvoker.java:664)
at org.testng.internal.invokers.TestInvoker.invokeTestMethod(TestInvoker.java:227)
at org.testng.internal.invokers.MethodRunner.runInSequence(MethodRunner.java:50)
at org.testng.internal.invokers.TestInvoker$MethodInvocationAgent.invoke(TestInvoker.java:957)
at org.testng.internal.invokers.TestInvoker.invokeTestMethods(TestInvoker.java:200)
at org.testng.internal.invokers.TestMethodWorker.invokeTestMethods(TestMethodWorker.java:148)
at org.testng.internal.invokers.TestMethodWorker.run(TestMethodWorker.java:128)
at java.base/java.util.ArrayList.forEach(ArrayList.java:1511)
at org.testng.TestRunner.privateRun(TestRunner.java:848)
at org.testng.TestRunner.run(TestRunner.java:621)
at org.testng.SuiteRunner.runTest(SuiteRunner.java:443)
at org.testng.SuiteRunner.runSequentially(SuiteRunner.java:437)
at org.testng.SuiteRunner.privateRun(SuiteRunner.java:397)
at org.testng.SuiteRunner.run(SuiteRunner.java:336)
at org.testng.SuiteRunnerWorker.runSuite(SuiteRunnerWorker.java:52)
at org.testng.SuiteRunnerWorker.run(SuiteRunnerWorker.java:95)
at org.testng.TestNG.runSuitesSequentially(TestNG.java:1280)
at org.testng.TestNG.runSuitesLocally(TestNG.java:1200)
at org.testng.TestNG.runSuites(TestNG.java:1114)
at org.testng.TestNG.run(TestNG.java:1082)
at org.testng.remote.AbstractRemoteTestNG.run(AbstractRemoteTestNG.java:115)
at org.testng.remote.RemoteTestNG.initAndRun(RemoteTestNG.java:251)
at org.testng.remote.RemoteTestNG.main(RemoteTestNG.java:77)
Caused by: java.net.ConnectException: Connection refused: no further information
at java.base/sun.nio.ch.Net.pollConnect(Native Method)
at java.base/sun.nio.ch.Net.pollConnectNow(Net.java:672)
at java.base/sun.nio.ch.SocketChannelImpl.finishConnect(SocketChannelImpl.java:946)
at io.netty.channel.socket.nio.NioSocketChannel.doFinishConnect(NioSocketChannel.java:337)
at io.netty.channel.nio.AbstractNioChannel$AbstractNioUnsafe.finishConnect(AbstractNioChannel.java:334)
at io.netty.channel.nio.NioEventLoop.processSelectedKey(NioEventLoop.java:776)
at io.netty.channel.nio.NioEventLoop.processSelectedKeysOptimized(NioEventLoop.java:724)
at io.netty.channel.nio.NioEventLoop.processSelectedKeys(NioEventLoop.java:650)
at io.netty.channel.nio.NioEventLoop.run(NioEventLoop.java:562)
at io.netty.util.concurrent.SingleThreadEventExecutor$4.run(SingleThreadEventExecutor.java:997)
at io.netty.util.internal.ThreadExecutorMap$2.run(ThreadExecutorMap.java:74)
at io.netty.util.concurrent.FastThreadLocalRunnable.run(FastThreadLocalRunnable.java:30)
at java.base/java.lang.Thread.run(Thread.java:833)
]]>
    </error>
  </testcase> <!-- SaveVaccine1 -->
  <testcase classname="pivotalApplication.GovImmunization" name="HepB" time="2.069">
    <error message="Connection refused: no further information
Build info: version: &#039;4.9.1&#039;, revision: &#039;eb2032df7f&#039;
System info: os.name: &#039;Windows 10&#039;, os.arch: &#039;amd64&#039;, os.version: &#039;10.0&#039;, java.version: &#039;17.0.5&#039;
Driver info: io.appium.java_client.AppiumDriver
Command: [b0c89eba-171c-4791-bae8-bc111c4695c4, findElement {using=xpath, value=//*[@text=&#039;Hep-B&#039;]}]
Capabilities {appium:app: D:\pivotalapp-20-june.apk, appium:appActivity: com.calculator_apps.MainAct..., appium:appPackage: com.calculator_apps, appium:automationName: UiAutomator2, appium:databaseEnabled: false, appium:desired: {app: D:\pivotalapp-20-june.apk, appActivity: com.calculator_apps.MainAct..., appPackage: com.calculator_apps, automationName: UiAutomator2, deviceName: samsung, platformName: ANDROID, platformVersion: 10}, appium:deviceApiLevel: 29, appium:deviceManufacturer: samsung, appium:deviceModel: SM-A305F, appium:deviceName: RZ8M5181Y3M, appium:deviceScreenDensity: 420, appium:deviceScreenSize: 1080x2340, appium:deviceUDID: RZ8M5181Y3M, appium:javascriptEnabled: true, appium:locationContextEnabled: false, appium:networkConnectionEnabled: true, appium:pixelRatio: 2.625, appium:platformVersion: 10, appium:statBarHeight: 83, appium:takesScreenshot: true, appium:viewportRect: {height: 2048, left: 0, top: 83, width: 1080}, appium:warnings: {}, appium:webStorageEnabled: false, platformName: ANDROID}
Session ID: b0c89eba-171c-4791-bae8-bc111c4695c4" type="org.openqa.selenium.WebDriverException">
      <![CDATA[org.openqa.selenium.WebDriverException: Connection refused: no further information
Build info: version: '4.9.1', revision: 'eb2032df7f'
System info: os.name: 'Windows 10', os.arch: 'amd64', os.version: '10.0', java.version: '17.0.5'
Driver info: io.appium.java_client.AppiumDriver
Command: [b0c89eba-171c-4791-bae8-bc111c4695c4, findElement {using=xpath, value=//*[@text='Hep-B']}]
Capabilities {appium:app: D:\pivotalapp-20-june.apk, appium:appActivity: com.calculator_apps.MainAct..., appium:appPackage: com.calculator_apps, appium:automationName: UiAutomator2, appium:databaseEnabled: false, appium:desired: {app: D:\pivotalapp-20-june.apk, appActivity: com.calculator_apps.MainAct..., appPackage: com.calculator_apps, automationName: UiAutomator2, deviceName: samsung, platformName: ANDROID, platformVersion: 10}, appium:deviceApiLevel: 29, appium:deviceManufacturer: samsung, appium:deviceModel: SM-A305F, appium:deviceName: RZ8M5181Y3M, appium:deviceScreenDensity: 420, appium:deviceScreenSize: 1080x2340, appium:deviceUDID: RZ8M5181Y3M, appium:javascriptEnabled: true, appium:locationContextEnabled: false, appium:networkConnectionEnabled: true, appium:pixelRatio: 2.625, appium:platformVersion: 10, appium:statBarHeight: 83, appium:takesScreenshot: true, appium:viewportRect: {height: 2048, left: 0, top: 83, width: 1080}, appium:warnings: {}, appium:webStorageEnabled: false, platformName: ANDROID}
Session ID: b0c89eba-171c-4791-bae8-bc111c4695c4
at io.appium.java_client.remote.AppiumCommandExecutor.lambda$execute$4(AppiumCommandExecutor.java:274)
at java.base/java.util.Optional.orElseGet(Optional.java:364)
at io.appium.java_client.remote.AppiumCommandExecutor.execute(AppiumCommandExecutor.java:273)
at org.openqa.selenium.remote.RemoteWebDriver.execute(RemoteWebDriver.java:543)
at org.openqa.selenium.remote.ElementLocation$ElementFinder$2.findElement(ElementLocation.java:162)
at org.openqa.selenium.remote.ElementLocation.findElement(ElementLocation.java:60)
at org.openqa.selenium.remote.RemoteWebDriver.findElement(RemoteWebDriver.java:352)
at org.openqa.selenium.remote.RemoteWebDriver.findElement(RemoteWebDriver.java:344)
at pivotalApplication.GovImmunization.HepB(GovImmunization.java:203)
at java.base/jdk.internal.reflect.NativeMethodAccessorImpl.invoke0(Native Method)
at java.base/jdk.internal.reflect.NativeMethodAccessorImpl.invoke(NativeMethodAccessorImpl.java:77)
at java.base/jdk.internal.reflect.DelegatingMethodAccessorImpl.invoke(DelegatingMethodAccessorImpl.java:43)
at java.base/java.lang.reflect.Method.invoke(Method.java:568)
at org.testng.internal.invokers.MethodInvocationHelper.invokeMethod(MethodInvocationHelper.java:139)
at org.testng.internal.invokers.TestInvoker.invokeMethod(TestInvoker.java:664)
at org.testng.internal.invokers.TestInvoker.invokeTestMethod(TestInvoker.java:227)
at org.testng.internal.invokers.MethodRunner.runInSequence(MethodRunner.java:50)
at org.testng.internal.invokers.TestInvoker$MethodInvocationAgent.invoke(TestInvoker.java:957)
at org.testng.internal.invokers.TestInvoker.invokeTestMethods(TestInvoker.java:200)
at org.testng.internal.invokers.TestMethodWorker.invokeTestMethods(TestMethodWorker.java:148)
at org.testng.internal.invokers.TestMethodWorker.run(TestMethodWorker.java:128)
at java.base/java.util.ArrayList.forEach(ArrayList.java:1511)
at org.testng.TestRunner.privateRun(TestRunner.java:848)
at org.testng.TestRunner.run(TestRunner.java:621)
at org.testng.SuiteRunner.runTest(SuiteRunner.java:443)
at org.testng.SuiteRunner.runSequentially(SuiteRunner.java:437)
at org.testng.SuiteRunner.privateRun(SuiteRunner.java:397)
at org.testng.SuiteRunner.run(SuiteRunner.java:336)
at org.testng.SuiteRunnerWorker.runSuite(SuiteRunnerWorker.java:52)
at org.testng.SuiteRunnerWorker.run(SuiteRunnerWorker.java:95)
at org.testng.TestNG.runSuitesSequentially(TestNG.java:1280)
at org.testng.TestNG.runSuitesLocally(TestNG.java:1200)
at org.testng.TestNG.runSuites(TestNG.java:1114)
at org.testng.TestNG.run(TestNG.java:1082)
at org.testng.remote.AbstractRemoteTestNG.run(AbstractRemoteTestNG.java:115)
at org.testng.remote.RemoteTestNG.initAndRun(RemoteTestNG.java:251)
at org.testng.remote.RemoteTestNG.main(RemoteTestNG.java:77)
Caused by: java.net.ConnectException: Connection refused: no further information
at java.base/sun.nio.ch.Net.pollConnect(Native Method)
at java.base/sun.nio.ch.Net.pollConnectNow(Net.java:672)
at java.base/sun.nio.ch.SocketChannelImpl.finishConnect(SocketChannelImpl.java:946)
at io.netty.channel.socket.nio.NioSocketChannel.doFinishConnect(NioSocketChannel.java:337)
at io.netty.channel.nio.AbstractNioChannel$AbstractNioUnsafe.finishConnect(AbstractNioChannel.java:334)
at io.netty.channel.nio.NioEventLoop.processSelectedKey(NioEventLoop.java:776)
at io.netty.channel.nio.NioEventLoop.processSelectedKeysOptimized(NioEventLoop.java:724)
at io.netty.channel.nio.NioEventLoop.processSelectedKeys(NioEventLoop.java:650)
at io.netty.channel.nio.NioEventLoop.run(NioEventLoop.java:562)
at io.netty.util.concurrent.SingleThreadEventExecutor$4.run(SingleThreadEventExecutor.java:997)
at io.netty.util.internal.ThreadExecutorMap$2.run(ThreadExecutorMap.java:74)
at io.netty.util.concurrent.FastThreadLocalRunnable.run(FastThreadLocalRunnable.java:30)
at java.base/java.lang.Thread.run(Thread.java:833)
]]>
    </error>
  </testcase> <!-- HepB -->
  <testcase classname="pivotalApplication.GovImmunization" name="SaveVaccine2" time="2.042">
    <error message="Connection refused: no further information
Build info: version: &#039;4.9.1&#039;, revision: &#039;eb2032df7f&#039;
System info: os.name: &#039;Windows 10&#039;, os.arch: &#039;amd64&#039;, os.version: &#039;10.0&#039;, java.version: &#039;17.0.5&#039;
Driver info: io.appium.java_client.AppiumDriver
Command: [b0c89eba-171c-4791-bae8-bc111c4695c4, findElement {using=xpath, value=//*[@text=&#039;SAVE VACCINE&#039;]}]
Capabilities {appium:app: D:\pivotalapp-20-june.apk, appium:appActivity: com.calculator_apps.MainAct..., appium:appPackage: com.calculator_apps, appium:automationName: UiAutomator2, appium:databaseEnabled: false, appium:desired: {app: D:\pivotalapp-20-june.apk, appActivity: com.calculator_apps.MainAct..., appPackage: com.calculator_apps, automationName: UiAutomator2, deviceName: samsung, platformName: ANDROID, platformVersion: 10}, appium:deviceApiLevel: 29, appium:deviceManufacturer: samsung, appium:deviceModel: SM-A305F, appium:deviceName: RZ8M5181Y3M, appium:deviceScreenDensity: 420, appium:deviceScreenSize: 1080x2340, appium:deviceUDID: RZ8M5181Y3M, appium:javascriptEnabled: true, appium:locationContextEnabled: false, appium:networkConnectionEnabled: true, appium:pixelRatio: 2.625, appium:platformVersion: 10, appium:statBarHeight: 83, appium:takesScreenshot: true, appium:viewportRect: {height: 2048, left: 0, top: 83, width: 1080}, appium:warnings: {}, appium:webStorageEnabled: false, platformName: ANDROID}
Session ID: b0c89eba-171c-4791-bae8-bc111c4695c4" type="org.openqa.selenium.WebDriverException">
      <![CDATA[org.openqa.selenium.WebDriverException: Connection refused: no further information
Build info: version: '4.9.1', revision: 'eb2032df7f'
System info: os.name: 'Windows 10', os.arch: 'amd64', os.version: '10.0', java.version: '17.0.5'
Driver info: io.appium.java_client.AppiumDriver
Command: [b0c89eba-171c-4791-bae8-bc111c4695c4, findElement {using=xpath, value=//*[@text='SAVE VACCINE']}]
Capabilities {appium:app: D:\pivotalapp-20-june.apk, appium:appActivity: com.calculator_apps.MainAct..., appium:appPackage: com.calculator_apps, appium:automationName: UiAutomator2, appium:databaseEnabled: false, appium:desired: {app: D:\pivotalapp-20-june.apk, appActivity: com.calculator_apps.MainAct..., appPackage: com.calculator_apps, automationName: UiAutomator2, deviceName: samsung, platformName: ANDROID, platformVersion: 10}, appium:deviceApiLevel: 29, appium:deviceManufacturer: samsung, appium:deviceModel: SM-A305F, appium:deviceName: RZ8M5181Y3M, appium:deviceScreenDensity: 420, appium:deviceScreenSize: 1080x2340, appium:deviceUDID: RZ8M5181Y3M, appium:javascriptEnabled: true, appium:locationContextEnabled: false, appium:networkConnectionEnabled: true, appium:pixelRatio: 2.625, appium:platformVersion: 10, appium:statBarHeight: 83, appium:takesScreenshot: true, appium:viewportRect: {height: 2048, left: 0, top: 83, width: 1080}, appium:warnings: {}, appium:webStorageEnabled: false, platformName: ANDROID}
Session ID: b0c89eba-171c-4791-bae8-bc111c4695c4
at io.appium.java_client.remote.AppiumCommandExecutor.lambda$execute$4(AppiumCommandExecutor.java:274)
at java.base/java.util.Optional.orElseGet(Optional.java:364)
at io.appium.java_client.remote.AppiumCommandExecutor.execute(AppiumCommandExecutor.java:273)
at org.openqa.selenium.remote.RemoteWebDriver.execute(RemoteWebDriver.java:543)
at org.openqa.selenium.remote.ElementLocation$ElementFinder$2.findElement(ElementLocation.java:162)
at org.openqa.selenium.remote.ElementLocation.findElement(ElementLocation.java:60)
at org.openqa.selenium.remote.RemoteWebDriver.findElement(RemoteWebDriver.java:352)
at org.openqa.selenium.remote.RemoteWebDriver.findElement(RemoteWebDriver.java:344)
at pivotalApplication.GovImmunization.SaveVaccine2(GovImmunization.java:210)
at java.base/jdk.internal.reflect.NativeMethodAccessorImpl.invoke0(Native Method)
at java.base/jdk.internal.reflect.NativeMethodAccessorImpl.invoke(NativeMethodAccessorImpl.java:77)
at java.base/jdk.internal.reflect.DelegatingMethodAccessorImpl.invoke(DelegatingMethodAccessorImpl.java:43)
at java.base/java.lang.reflect.Method.invoke(Method.java:568)
at org.testng.internal.invokers.MethodInvocationHelper.invokeMethod(MethodInvocationHelper.java:139)
at org.testng.internal.invokers.TestInvoker.invokeMethod(TestInvoker.java:664)
at org.testng.internal.invokers.TestInvoker.invokeTestMethod(TestInvoker.java:227)
at org.testng.internal.invokers.MethodRunner.runInSequence(MethodRunner.java:50)
at org.testng.internal.invokers.TestInvoker$MethodInvocationAgent.invoke(TestInvoker.java:957)
at org.testng.internal.invokers.TestInvoker.invokeTestMethods(TestInvoker.java:200)
at org.testng.internal.invokers.TestMethodWorker.invokeTestMethods(TestMethodWorker.java:148)
at org.testng.internal.invokers.TestMethodWorker.run(TestMethodWorker.java:128)
at java.base/java.util.ArrayList.forEach(ArrayList.java:1511)
at org.testng.TestRunner.privateRun(TestRunner.java:848)
at org.testng.TestRunner.run(TestRunner.java:621)
at org.testng.SuiteRunner.runTest(SuiteRunner.java:443)
at org.testng.SuiteRunner.runSequentially(SuiteRunner.java:437)
at org.testng.SuiteRunner.privateRun(SuiteRunner.java:397)
at org.testng.SuiteRunner.run(SuiteRunner.java:336)
at org.testng.SuiteRunnerWorker.runSuite(SuiteRunnerWorker.java:52)
at org.testng.SuiteRunnerWorker.run(SuiteRunnerWorker.java:95)
at org.testng.TestNG.runSuitesSequentially(TestNG.java:1280)
at org.testng.TestNG.runSuitesLocally(TestNG.java:1200)
at org.testng.TestNG.runSuites(TestNG.java:1114)
at org.testng.TestNG.run(TestNG.java:1082)
at org.testng.remote.AbstractRemoteTestNG.run(AbstractRemoteTestNG.java:115)
at org.testng.remote.RemoteTestNG.initAndRun(RemoteTestNG.java:251)
at org.testng.remote.RemoteTestNG.main(RemoteTestNG.java:77)
Caused by: java.net.ConnectException: Connection refused: no further information
at java.base/sun.nio.ch.Net.pollConnect(Native Method)
at java.base/sun.nio.ch.Net.pollConnectNow(Net.java:672)
at java.base/sun.nio.ch.SocketChannelImpl.finishConnect(SocketChannelImpl.java:946)
at io.netty.channel.socket.nio.NioSocketChannel.doFinishConnect(NioSocketChannel.java:337)
at io.netty.channel.nio.AbstractNioChannel$AbstractNioUnsafe.finishConnect(AbstractNioChannel.java:334)
at io.netty.channel.nio.NioEventLoop.processSelectedKey(NioEventLoop.java:776)
at io.netty.channel.nio.NioEventLoop.processSelectedKeysOptimized(NioEventLoop.java:724)
at io.netty.channel.nio.NioEventLoop.processSelectedKeys(NioEventLoop.java:650)
at io.netty.channel.nio.NioEventLoop.run(NioEventLoop.java:562)
at io.netty.util.concurrent.SingleThreadEventExecutor$4.run(SingleThreadEventExecutor.java:997)
at io.netty.util.internal.ThreadExecutorMap$2.run(ThreadExecutorMap.java:74)
at io.netty.util.concurrent.FastThreadLocalRunnable.run(FastThreadLocalRunnable.java:30)
at java.base/java.lang.Thread.run(Thread.java:833)
]]>
    </error>
  </testcase> <!-- SaveVaccine2 -->
  <testcase classname="pivotalApplication.GovImmunization" name="Transscript" time="2.019">
    <error message="Connection refused: no further information
Build info: version: &#039;4.9.1&#039;, revision: &#039;eb2032df7f&#039;
System info: os.name: &#039;Windows 10&#039;, os.arch: &#039;amd64&#039;, os.version: &#039;10.0&#039;, java.version: &#039;17.0.5&#039;
Driver info: io.appium.java_client.AppiumDriver
Command: [b0c89eba-171c-4791-bae8-bc111c4695c4, findElement {using=xpath, value=//*[@text=&#039;+Transcript&#039;]}]
Capabilities {appium:app: D:\pivotalapp-20-june.apk, appium:appActivity: com.calculator_apps.MainAct..., appium:appPackage: com.calculator_apps, appium:automationName: UiAutomator2, appium:databaseEnabled: false, appium:desired: {app: D:\pivotalapp-20-june.apk, appActivity: com.calculator_apps.MainAct..., appPackage: com.calculator_apps, automationName: UiAutomator2, deviceName: samsung, platformName: ANDROID, platformVersion: 10}, appium:deviceApiLevel: 29, appium:deviceManufacturer: samsung, appium:deviceModel: SM-A305F, appium:deviceName: RZ8M5181Y3M, appium:deviceScreenDensity: 420, appium:deviceScreenSize: 1080x2340, appium:deviceUDID: RZ8M5181Y3M, appium:javascriptEnabled: true, appium:locationContextEnabled: false, appium:networkConnectionEnabled: true, appium:pixelRatio: 2.625, appium:platformVersion: 10, appium:statBarHeight: 83, appium:takesScreenshot: true, appium:viewportRect: {height: 2048, left: 0, top: 83, width: 1080}, appium:warnings: {}, appium:webStorageEnabled: false, platformName: ANDROID}
Session ID: b0c89eba-171c-4791-bae8-bc111c4695c4" type="org.openqa.selenium.WebDriverException">
      <![CDATA[org.openqa.selenium.WebDriverException: Connection refused: no further information
Build info: version: '4.9.1', revision: 'eb2032df7f'
System info: os.name: 'Windows 10', os.arch: 'amd64', os.version: '10.0', java.version: '17.0.5'
Driver info: io.appium.java_client.AppiumDriver
Command: [b0c89eba-171c-4791-bae8-bc111c4695c4, findElement {using=xpath, value=//*[@text='+Transcript']}]
[...]
at org.testng.remote.RemoteTestNG.initAndRun(RemoteTestNG.java:251)
at org.testng.remote.RemoteTestNG.main(RemoteTestNG.java:77)
]]>
    </error>
  </testcase> <!-- Gallery -->
  <testcase classname="pivotalApplication.GovImmunization" name="photo" time="10.053">
    <error message="A session is either terminated or not started
Build info: version: &#039;4.9.1&#039;, revision: &#039;eb2032df7f&#039;
System info: os.name: &#039;Windows 10&#039;, os.arch: &#039;amd64&#039;, os.version: &#039;10.0&#039;, java.version: &#039;17.0.5&#039;
Driver info: io.appium.java_client.AppiumDriver
Command: [b0c89eba-171c-4791-bae8-bc111c4695c4, findElement {using=xpath, value=//android.widget.LinearLayout[@content-desc=&quot;Screenshot_20230921-114316_Gallery.jpg, 704 kB, 21 Sep&quot;]}]
Capabilities {appium:app: D:\pivotalapp-20-june.apk, appium:appActivity: com.calculator_apps.MainAct..., appium:appPackage: com.calculator_apps, appium:automationName: UiAutomator2, appium:databaseEnabled: false, appium:desired: {app: D:\pivotalapp-20-june.apk, appActivity: com.calculator_apps.MainAct..., appPackage: com.calculator_apps, automationName: UiAutomator2, deviceName: samsung, platformName: ANDROID, platformVersion: 10}, appium:deviceApiLevel: 29, appium:deviceManufacturer: samsung, appium:deviceModel: SM-A305F, appium:deviceName: RZ8M5181Y3M, appium:deviceScreenDensity: 420, appium:deviceScreenSize: 1080x2340, appium:deviceUDID: RZ8M5181Y3M, appium:javascriptEnabled: true, appium:locationContextEnabled: false, appium:networkConnectionEnabled: true, appium:pixelRatio: 2.625, appium:platformVersion: 10, appium:statBarHeight: 83, appium:takesScreenshot: true, appium:viewportRect: {height: 2048, left: 0, top: 83, width: 1080}, appium:warnings: {}, appium:webStorageEnabled: false, platformName: ANDROID}
Session ID: b0c89eba-171c-4791-bae8-bc111c4695c4" type="org.openqa.selenium.NoSuchSessionException">
      <![CDATA[org.openqa.selenium.NoSuchSessionException: A session is either terminated or not started
Build info: version: '4.9.1', revision: 'eb2032df7f'
System info: os.name: 'Windows 10', os.arch: 'amd64', os.version: '10.0', java.version: '17.0.5'
Driver info: io.appium.java_client.AppiumDriver
Command: [b0c89eba-171c-4791-bae8-bc111c4695c4, findElement {using=xpath, value=//android.widget.LinearLayout[@content-desc="Screenshot_20230921-114316_Gallery.jpg, 704 kB, 21 Sep"]}]
Capabilities {appium:app: D:\pivotalapp-20-june.apk, appium:appActivity: com.calculator_apps.MainAct..., appium:appPackage: com.calculator_apps, appium:automationName: UiAutomator2, appium:databaseEnabled: false, appium:desired: {app: D:\pivotalapp-20-june.apk, appActivity: com.calculator_apps.MainAct..., appPackage: com.calculator_apps, automationName: UiAutomator2, deviceName: samsung, platformName: ANDROID, platformVersion: 10}, appium:deviceApiLevel: 29, appium:deviceManufacturer: samsung, appium:deviceModel: SM-A305F, appium:deviceName: RZ8M5181Y3M, appium:deviceScreenDensity: 420, appium:deviceScreenSize: 1080x2340, appium:deviceUDID: RZ8M5181Y3M, appium:javascriptEnabled: true, appium:locationContextEnabled: false, appium:networkConnectionEnabled: true, appium:pixelRatio: 2.625, appium:platformVersion: 10, appium:statBarHeight: 83, appium:takesScreenshot: true, appium:viewportRect: {height: 2048, left: 0, top: 83, width: 1080}, appium:warnings: {}, appium:webStorageEnabled: false, platformName: ANDROID}
Session ID: b0c89eba-171c-4791-bae8-bc111c4695c4
at jdk.internal.reflect.GeneratedConstructorAccessor12.newInstance(Unknown Source)
at java.base/jdk.internal.reflect.DelegatingConstructorAccessorImpl.newInstance(DelegatingConstructorAccessorImpl.java:45)
at java.base/java.lang.reflect.Constructor.newInstanceWithCaller(Constructor.java:499)
at java.base/java.lang.reflect.Constructor.newInstance(Constructor.java:480)
at org.openqa.selenium.remote.codec.w3c.W3CHttpResponseCodec.createException(W3CHttpResponseCodec.java:200)
at org.openqa.selenium.remote.codec.w3c.W3CHttpResponseCodec.decode(W3CHttpResponseCodec.java:133)
at org.openqa.selenium.remote.codec.w3c.W3CHttpResponseCodec.decode(W3CHttpResponseCodec.java:53)
at org.openqa.selenium.remote.HttpCommandExecutor.execute(HttpCommandExecutor.java:193)
at io.appium.java_client.remote.AppiumCommandExecutor.execute(AppiumCommandExecutor.java:262)
at org.openqa.selenium.remote.RemoteWebDriver.execute(RemoteWebDriver.java:543)
at org.openqa.selenium.remote.ElementLocation$ElementFinder$2.findElement(ElementLocation.java:162)
at org.openqa.selenium.remote.ElementLocation.findElement(ElementLocation.java:60)
at org.openqa.selenium.remote.RemoteWebDriver.findElement(RemoteWebDriver.java:352)
at org.openqa.selenium.remote.RemoteWebDriver.findElement(RemoteWebDriver.java:344)
at pivotalApplication.GovImmunization.photo(GovImmunization.java:363)
at java.base/jdk.internal.reflect.NativeMethodAccessorImpl.invoke0(Native Method)
at java.base/jdk.internal.reflect.NativeMethodAccessorImpl.invoke(NativeMethodAccessorImpl.java:77)
at java.base/jdk.internal.reflect.DelegatingMethodAccessorImpl.invoke(DelegatingMethodAccessorImpl.java:43)
at java.base/java.lang.reflect.Method.invoke(Method.java:568)
at org.testng.internal.invokers.MethodInvocationHelper.invokeMethod(MethodInvocationHelper.java:139)
at org.testng.internal.invokers.TestInvoker.invokeMethod(TestInvoker.java:664)
at org.testng.internal.invokers.TestInvoker.invokeTestMethod(TestInvoker.java:227)
at org.testng.internal.invokers.MethodRunner.runInSequence(MethodRunner.java:50)
at org.testng.internal.invokers.TestInvoker$MethodInvocationAgent.invoke(TestInvoker.java:957)
at org.testng.internal.invokers.TestInvoker.invokeTestMethods(TestInvoker.java:200)
at org.testng.internal.invokers.TestMethodWorker.invokeTestMethods(TestMethodWorker.java:148)
at org.testng.internal.invokers.TestMethodWorker.run(TestMethodWorker.java:128)
at java.base/java.util.ArrayList.forEach(ArrayList.java:1511)
at org.testng.TestRunner.privateRun(TestRunner.java:848)
at org.testng.TestRunner.run(TestRunner.java:621)
at org.testng.SuiteRunner.runTest(SuiteRunner.java:443)
at org.testng.SuiteRunner.runSequentially(SuiteRunner.java:437)
at org.testng.SuiteRunner.privateRun(SuiteRunner.java:397)
at org.testng.SuiteRunner.run(SuiteRunner.java:336)
at org.testng.SuiteRunnerWorker.runSuite(SuiteRunnerWorker.java:52)
at org.testng.SuiteRunnerWorker.run(SuiteRunnerWorker.java:95)
at org.testng.TestNG.runSuitesSequentially(TestNG.java:1280)
at org.testng.TestNG.runSuitesLocally(TestNG.java:1200)
at org.testng.TestNG.runSuites(TestNG.java:1114)
at org.testng.TestNG.run(TestNG.java:1082)
at org.testng.remote.AbstractRemoteTestNG.run(AbstractRemoteTestNG.java:115)
at org.testng.remote.RemoteTestNG.initAndRun(RemoteTestNG.java:251)
at org.testng.remote.RemoteTestNG.main(RemoteTestNG.java:77)
]]>
    </error>
  </testcase> <!-- photo -->
  <testcase classname="pivotalApplication.GovImmunization" name="Upload" time="2.039">
    <error message="A session is either terminated or not started
Build info: version: &#039;4.9.1&#039;, revision: &#039;eb2032df7f&#039;
System info: os.name: &#039;Windows 10&#039;, os.arch: &#039;amd64&#039;, os.version: &#039;10.0&#039;, java.version: &#039;17.0.5&#039;
Driver info: io.appium.java_client.AppiumDriver
Command: [b0c89eba-171c-4791-bae8-bc111c4695c4, findElement {using=xpath, value=//*[@text=&#039;Upload&#039;]}]
Capabilities {appium:app: D:\pivotalapp-20-june.apk, appium:appActivity: com.calculator_apps.MainAct..., appium:appPackage: com.calculator_apps, appium:automationName: UiAutomator2, appium:databaseEnabled: false, appium:desired: {app: D:\pivotalapp-20-june.apk, appActivity: com.calculator_apps.MainAct..., appPackage: com.calculator_apps, automationName: UiAutomator2, deviceName: samsung, platformName: ANDROID, platformVersion: 10}, appium:deviceApiLevel: 29, appium:deviceManufacturer: samsung, appium:deviceModel: SM-A305F, appium:deviceName: RZ8M5181Y3M, appium:deviceScreenDensity: 420, appium:deviceScreenSize: 1080x2340, appium:deviceUDID: RZ8M5181Y3M, appium:javascriptEnabled: true, appium:locationContextEnabled: false, appium:networkConnectionEnabled: true, appium:pixelRatio: 2.625, appium:platformVersion: 10, appium:statBarHeight: 83, appium:takesScreenshot: true, appium:viewportRect: {height: 2048, left: 0, top: 83, width: 1080}, appium:warnings: {}, appium:webStorageEnabled: false, platformName: ANDROID}
Session ID: b0c89eba-171c-4791-bae8-bc111c4695c4" type="org.openqa.selenium.NoSuchSessionException">
      <![CDATA[org.openqa.selenium.NoSuchSessionException: A session is either terminated or not started
Build info: version: '4.9.1', revision: 'eb2032df7f'
System info: os.name: 'Windows 10', os.arch: 'amd64', os.version: '10.0', java.version: '17.0.5'
Driver info: io.appium.java_client.AppiumDriver
Command: [b0c89eba-171c-4791-bae8-bc111c4695c4, findElement {using=xpath, value=//*[@text='Upload']}]
Capabilities {appium:app: D:\pivotalapp-20-june.apk, appium:appActivity: com.calculator_apps.MainAct..., appium:appPackage: com.calculator_apps, appium:automationName: UiAutomator2, appium:databaseEnabled: false, appium:desired: {app: D:\pivotalapp-20-june.apk, appActivity: com.calculator_apps.MainAct..., appPackage: com.calculator_apps, automationName: UiAutomator2, deviceName: samsung, platformName: ANDROID, platformVersion: 10}, appium:deviceApiLevel: 29, appium:deviceManufacturer: samsung, appium:deviceModel: SM-A305F, appium:deviceName: RZ8M5181Y3M, appium:deviceScreenDensity: 420, appium:deviceScreenSize: 1080x2340, appium:deviceUDID: RZ8M5181Y3M, appium:javascriptEnabled: true, appium:locationContextEnabled: false, appium:networkConnectionEnabled: true, appium:pixelRatio: 2.625, appium:platformVersion: 10, appium:statBarHeight: 83, appium:takesScreenshot: true, appium:viewportRect: {height: 2048, left: 0, top: 83, width: 1080}, appium:warnings: {}, appium:webStorageEnabled: false, platformName: ANDROID}
Session ID: b0c89eba-171c-4791-bae8-bc111c4695c4
at jdk.internal.reflect.GeneratedConstructorAccessor12.newInstance(Unknown Source)
at java.base/jdk.internal.reflect.DelegatingConstructorAccessorImpl.newInstance(DelegatingConstructorAccessorImpl.java:45)
at java.base/java.lang.reflect.Constructor.newInstanceWithCaller(Constructor.java:499)
at java.base/java.lang.reflect.Constructor.newInstance(Constructor.java:480)
at org.openqa.selenium.remote.codec.w3c.W3CHttpResponseCodec.createException(W3CHttpResponseCodec.java:200)
at org.openqa.selenium.remote.codec.w3c.W3CHttpResponseCodec.decode(W3CHttpResponseCodec.java:133)
at org.openqa.selenium.remote.codec.w3c.W3CHttpResponseCodec.decode(W3CHttpResponseCodec.java:53)
at org.openqa.selenium.remote.HttpCommandExecutor.execute(HttpCommandExecutor.java:193)
at io.appium.java_client.remote.AppiumCommandExecutor.execute(AppiumCommandExecutor.java:262)
at org.openqa.selenium.remote.RemoteWebDriver.execute(RemoteWebDriver.java:543)
at org.openqa.selenium.remote.ElementLocation$ElementFinder$2.findElement(ElementLocation.java:162)
at org.openqa.selenium.remote.ElementLocation.findElement(ElementLocation.java:60)
at org.openqa.selenium.remote.RemoteWebDriver.findElement(RemoteWebDriver.java:352)
at org.openqa.selenium.remote.RemoteWebDriver.findElement(RemoteWebDriver.java:344)
at pivotalApplication.GovImmunization.Upload(GovImmunization.java:372)
at java.base/jdk.internal.reflect.NativeMethodAccessorImpl.invoke0(Native Method)
at java.base/jdk.internal.reflect.NativeMethodAccessorImpl.invoke(NativeMethodAccessorImpl.java:77)
at java.base/jdk.internal.reflect.DelegatingMethodAccessorImpl.invoke(DelegatingMethodAccessorImpl.java:43)
at java.base/java.lang.reflect.Method.invoke(Method.java:568)
at org.testng.internal.invokers.MethodInvocationHelper.invokeMethod(MethodInvocationHelper.java:139)
at org.testng.internal.invokers.TestInvoker.invokeMethod(TestInvoker.java:664)
at org.testng.internal.invokers.TestInvoker.invokeTestMethod(TestInvoker.java:227)
at org.testng.internal.invokers.MethodRunner.runInSequence(MethodRunner.java:50)
at org.testng.internal.invokers.TestInvoker$MethodInvocationAgent.invoke(TestInvoker.java:957)
at org.testng.internal.invokers.TestInvoker.invokeTestMethods(TestInvoker.java:200)
at org.testng.internal.invokers.TestMethodWorker.invokeTestMethods(TestMethodWorker.java:148)
at org.testng.internal.invokers.TestMethodWorker.run(TestMethodWorker.java:128)
at java.base/java.util.ArrayList.forEach(ArrayList.java:1511)
at org.testng.TestRunner.privateRun(TestRunner.java:848)
at org.testng.TestRunner.run(TestRunner.java:621)
at org.testng.SuiteRunner.runTest(SuiteRunner.java:443)
at org.testng.SuiteRunner.runSequentially(SuiteRunner.java:437)
at org.testng.SuiteRunner.privateRun(SuiteRunner.java:397)
at org.testng.SuiteRunner.run(SuiteRunner.java:336)
at org.testng.SuiteRunnerWorker.runSuite(SuiteRunnerWorker.java:52)
at org.testng.SuiteRunnerWorker.run(SuiteRunnerWorker.java:95)
at org.testng.TestNG.runSuitesSequentially(TestNG.java:1280)
at org.testng.TestNG.runSuitesLocally(TestNG.java:1200)
at org.testng.TestNG.runSuites(TestNG.java:1114)
at org.testng.TestNG.run(TestNG.java:1082)
at org.testng.remote.AbstractRemoteTestNG.run(AbstractRemoteTestNG.java:115)
at org.testng.remote.RemoteTestNG.initAndRun(RemoteTestNG.java:251)
at org.testng.remote.RemoteTestNG.main(RemoteTestNG.java:77)
]]>
    </error>
  </testcase> <!-- Upload -->
  <testcase classname="pivotalApplication.GovImmunization" name="UploadOk" time="2.081">
    <error message="A session is either terminated or not started
Build info: version: &#039;4.9.1&#039;, revision: &#039;eb2032df7f&#039;
System info: os.name: &#039;Windows 10&#039;, os.arch: &#039;amd64&#039;, os.version: &#039;10.0&#039;, java.version: &#039;17.0.5&#039;
Driver info: io.appium.java_client.AppiumDriver
Command: [b0c89eba-171c-4791-bae8-bc111c4695c4, findElement {using=xpath, value=//*[@text=&#039;OK&#039;]}]
Capabilities {appium:app: D:\pivotalapp-20-june.apk, appium:appActivity: com.calculator_apps.MainAct..., appium:appPackage: com.calculator_apps, appium:automationName: UiAutomator2, appium:databaseEnabled: false, appium:desired: {app: D:\pivotalapp-20-june.apk, appActivity: com.calculator_apps.MainAct..., appPackage: com.calculator_apps, automationName: UiAutomator2, deviceName: samsung, platformName: ANDROID, platformVersion: 10}, appium:deviceApiLevel: 29, appium:deviceManufacturer: samsung, appium:deviceModel: SM-A305F, appium:deviceName: RZ8M5181Y3M, appium:deviceScreenDensity: 420, appium:deviceScreenSize: 1080x2340, appium:deviceUDID: RZ8M5181Y3M, appium:javascriptEnabled: true, appium:locationContextEnabled: false, appium:networkConnectionEnabled: true, appium:pixelRatio: 2.625, appium:platformVersion: 10, appium:statBarHeight: 83, appium:takesScreenshot: true, appium:viewportRect: {height: 2048, left: 0, top: 83, width: 1080}, appium:warnings: {}, appium:webStorageEnabled: false, platformName: ANDROID}
Session ID: b0c89eba-171c-4791-bae8-bc111c4695c4" type="org.openqa.selenium.NoSuchSessionException">
      <![CDATA[org.openqa.selenium.NoSuchSessionException: A session is either terminated or not started
Build info: version: '4.9.1', revision: 'eb2032df7f'
System info: os.name: 'Windows 10', os.arch: 'amd64', os.version: '10.0', java.version: '17.0.5'
Driver info: io.appium.java_client.AppiumDriver
Command: [b0c89eba-171c-4791-bae8-bc111c4695c4, findElement {using=xpath, value=//*[@text='OK']}]
Capabilities {appium:app: D:\pivotalapp-20-june.apk, appium:appActivity: com.calculator_apps.MainAct..., appium:appPackage: com.calculator_apps, appium:automationName: UiAutomator2, appium:databaseEnabled: false, appium:desired: {app: D:\pivotalapp-20-june.apk, appActivity: com.calculator_apps.MainAct..., appPackage: com.calculator_apps, automationName: UiAutomator2, deviceName: samsung, platformName: ANDROID, platformVersion: 10}, appium:deviceApiLevel: 29, appium:deviceManufacturer: samsung, appium:deviceModel: SM-A305F, appium:deviceName: RZ8M5181Y3M, appium:deviceScreenDensity: 420, appium:deviceScreenSize: 1080x2340, appium:deviceUDID: RZ8M5181Y3M, appium:javascriptEnabled: true, appium:locationContextEnabled: false, appium:networkConnectionEnabled: true, appium:pixelRatio: 2.625, appium:platformVersion: 10, appium:statBarHeight: 83, appium:takesScreenshot: true, appium:viewportRect: {height: 2048, left: 0, top: 83, width: 1080}, appium:warnings: {}, appium:webStorageEnabled: false, platformName: ANDROID}
Session ID: b0c89eba-171c-4791-bae8-bc111c4695c4
at jdk.internal.reflect.GeneratedConstructorAccessor12.newInstance(Unknown Source)
at java.base/jdk.internal.reflect.DelegatingConstructorAccessorImpl.newInstance(DelegatingConstructorAccessorImpl.java:45)
at java.base/java.lang.reflect.Constructor.newInstanceWithCaller(Constructor.java:499)
at java.base/java.lang.reflect.Constructor.newInstance(Constructor.java:480)
at org.openqa.selenium.remote.codec.w3c.W3CHttpResponseCodec.createException(W3CHttpResponseCodec.java:200)
at org.openqa.selenium.remote.codec.w3c.W3CHttpResponseCodec.decode(W3CHttpResponseCodec.java:133)
at org.openqa.selenium.remote.codec.w3c.W3CHttpResponseCodec.decode(W3CHttpResponseCodec.java:53)
at org.openqa.selenium.remote.HttpCommandExecutor.execute(HttpCommandExecutor.java:193)
at io.appium.java_client.remote.AppiumCommandExecutor.execute(AppiumCommandExecutor.java:262)
at org.openqa.selenium.remote.RemoteWebDriver.execute(RemoteWebDriver.java:543)
at org.openqa.selenium.remote.ElementLocation$ElementFinder$2.findElement(ElementLocation.java:162)
at org.openqa.selenium.remote.ElementLocation.findElement(ElementLocation.java:60)
at org.openqa.selenium.remote.RemoteWebDriver.findElement(RemoteWebDriver.java:352)
at org.openqa.selenium.remote.RemoteWebDriver.findElement(RemoteWebDriver.java:344)
at pivotalApplication.GovImmunization.UploadOk(GovImmunization.java:382)
at java.base/jdk.internal.reflect.NativeMethodAccessorImpl.invoke0(Native Method)
at java.base/jdk.internal.reflect.NativeMethodAccessorImpl.invoke(NativeMethodAccessorImpl.java:77)
at java.base/jdk.internal.reflect.DelegatingMethodAccessorImpl.invoke(DelegatingMethodAccessorImpl.java:43)
at java.base/java.lang.reflect.Method.invoke(Method.java:568)
at org.testng.internal.invokers.MethodInvocationHelper.invokeMethod(MethodInvocationHelper.java:139)
at org.testng.internal.invokers.TestInvoker.invokeMethod(TestInvoker.java:664)
at org.testng.internal.invokers.TestInvoker.invokeTestMethod(TestInvoker.java:227)
at org.testng.internal.invokers.MethodRunner.runInSequence(MethodRunner.java:50)
at org.testng.internal.invokers.TestInvoker$MethodInvocationAgent.invoke(TestInvoker.java:957)
at org.testng.internal.invokers.TestInvoker.invokeTestMethods(TestInvoker.java:200)
at org.testng.internal.invokers.TestMethodWorker.invokeTestMethods(TestMethodWorker.java:148)
at org.testng.internal.invokers.TestMethodWorker.run(TestMethodWorker.java:128)
at java.base/java.util.ArrayList.forEach(ArrayList.java:1511)
at org.testng.TestRunner.privateRun(TestRunner.java:848)
at org.testng.TestRunner.run(TestRunner.java:621)
at org.testng.SuiteRunner.runTest(SuiteRunner.java:443)
at org.testng.SuiteRunner.runSequentially(SuiteRunner.java:437)
at org.testng.SuiteRunner.privateRun(SuiteRunner.java:397)
at org.testng.SuiteRunner.run(SuiteRunner.java:336)
at org.testng.SuiteRunnerWorker.runSuite(SuiteRunnerWorker.java:52)
at org.testng.SuiteRunnerWorker.run(SuiteRunnerWorker.java:95)
at org.testng.TestNG.runSuitesSequentially(TestNG.java:1280)
at org.testng.TestNG.runSuitesLocally(TestNG.java:1200)
at org.testng.TestNG.runSuites(TestNG.java:1114)
at org.testng.TestNG.run(TestNG.java:1082)
at org.testng.remote.AbstractRemoteTestNG.run(AbstractRemoteTestNG.java:115)
at org.testng.remote.RemoteTestNG.initAndRun(RemoteTestNG.java:251)
at org.testng.remote.RemoteTestNG.main(RemoteTestNG.java:77)
]]>
    </error>
  </testcase> <!-- UploadOk -->
</testsuite> <!-- pivotalApplication.GovImmunization -->
